[2.434s] Invoking command in '/mnt/Storage/Documents/MIT/Books/Robotics-2_Lab/Mini_Project/src/ur5': PYTHONPATH=/mnt/Storage/Documents/MIT/Books/Robotics-2_Lab/Mini_Project/build/ur5/prefix_override:/usr/lib/python3/dist-packages/colcon_core/task/python/colcon_distutils_commands:/mnt/Storage/Documents/MIT/Books/Robotics-2_Lab/Mini_Project/install/ur5/lib/python3.10/site-packages:${PYTHONPATH} /usr/bin/python3 -W ignore:setup.py install is deprecated setup.py egg_info --egg-base ../../build/ur5 build --build-base /mnt/Storage/Documents/MIT/Books/Robotics-2_Lab/Mini_Project/build/ur5/build install --record /mnt/Storage/Documents/MIT/Books/Robotics-2_Lab/Mini_Project/build/ur5/install.log --single-version-externally-managed install_data
[3.317s] running egg_info
[3.381s] writing ../../build/ur5/ur5.egg-info/PKG-INFO
[3.382s] writing dependency_links to ../../build/ur5/ur5.egg-info/dependency_links.txt
[3.382s] writing entry points to ../../build/ur5/ur5.egg-info/entry_points.txt
[3.382s] writing requirements to ../../build/ur5/ur5.egg-info/requires.txt
[3.383s] writing top-level names to ../../build/ur5/ur5.egg-info/top_level.txt
[3.505s] reading manifest file '../../build/ur5/ur5.egg-info/SOURCES.txt'
[3.510s] writing manifest file '../../build/ur5/ur5.egg-info/SOURCES.txt'
[3.511s] running build
[3.512s] running build_py
[3.512s] copying ur5/controller_fk.py -> /mnt/Storage/Documents/MIT/Books/Robotics-2_Lab/Mini_Project/build/ur5/build/lib/ur5
[3.513s] copying ur5/seq.py -> /mnt/Storage/Documents/MIT/Books/Robotics-2_Lab/Mini_Project/build/ur5/build/lib/ur5
[3.513s] copying ur5/pose_publisher.py -> /mnt/Storage/Documents/MIT/Books/Robotics-2_Lab/Mini_Project/build/ur5/build/lib/ur5
[3.514s] copying ur5/capture_image.py -> /mnt/Storage/Documents/MIT/Books/Robotics-2_Lab/Mini_Project/build/ur5/build/lib/ur5
[3.514s] copying ur5/vacuum_gripper_controller.py -> /mnt/Storage/Documents/MIT/Books/Robotics-2_Lab/Mini_Project/build/ur5/build/lib/ur5
[3.515s] copying ur5/controller_ik.py -> /mnt/Storage/Documents/MIT/Books/Robotics-2_Lab/Mini_Project/build/ur5/build/lib/ur5
[3.515s] copying ur5/__init__.py -> /mnt/Storage/Documents/MIT/Books/Robotics-2_Lab/Mini_Project/build/ur5/build/lib/ur5
[3.516s] running install
[3.534s] running install_lib
[3.602s] running install_data
[3.605s] copying launch/ur5_rviz.launch.py -> /mnt/Storage/Documents/MIT/Books/Robotics-2_Lab/Mini_Project/install/ur5/share/ur5
[3.606s] copying launch/ur5_control.launch.py -> /mnt/Storage/Documents/MIT/Books/Robotics-2_Lab/Mini_Project/install/ur5/share/ur5
[3.607s] copying launch/ur5_world.launch.py -> /mnt/Storage/Documents/MIT/Books/Robotics-2_Lab/Mini_Project/install/ur5/share/ur5
[3.607s] copying launch/ur5_gazebo.launch.py -> /mnt/Storage/Documents/MIT/Books/Robotics-2_Lab/Mini_Project/install/ur5/share/ur5
[3.608s] copying urdf/ur5_bot.urdf -> /mnt/Storage/Documents/MIT/Books/Robotics-2_Lab/Mini_Project/install/ur5/share/ur5
[3.609s] copying urdf/ur5_rviz_bot.urdf -> /mnt/Storage/Documents/MIT/Books/Robotics-2_Lab/Mini_Project/install/ur5/share/ur5
[3.609s] copying config/ur5_control.yaml -> /mnt/Storage/Documents/MIT/Books/Robotics-2_Lab/Mini_Project/install/ur5/share/ur5
[3.609s] running install_egg_info
[3.671s] removing '/mnt/Storage/Documents/MIT/Books/Robotics-2_Lab/Mini_Project/install/ur5/lib/python3.10/site-packages/ur5-0.0.0-py3.10.egg-info' (and everything under it)
[3.673s] Copying ../../build/ur5/ur5.egg-info to /mnt/Storage/Documents/MIT/Books/Robotics-2_Lab/Mini_Project/install/ur5/lib/python3.10/site-packages/ur5-0.0.0-py3.10.egg-info
[3.675s] running install_scripts
[4.193s] Installing cap script to /mnt/Storage/Documents/MIT/Books/Robotics-2_Lab/Mini_Project/install/ur5/lib/ur5
[4.194s] Installing grip script to /mnt/Storage/Documents/MIT/Books/Robotics-2_Lab/Mini_Project/install/ur5/lib/ur5
[4.194s] Installing gz script to /mnt/Storage/Documents/MIT/Books/Robotics-2_Lab/Mini_Project/install/ur5/lib/ur5
[4.195s] Installing gz_ik script to /mnt/Storage/Documents/MIT/Books/Robotics-2_Lab/Mini_Project/install/ur5/lib/ur5
[4.195s] Installing pose script to /mnt/Storage/Documents/MIT/Books/Robotics-2_Lab/Mini_Project/install/ur5/lib/ur5
[4.241s] Installing rviz script to /mnt/Storage/Documents/MIT/Books/Robotics-2_Lab/Mini_Project/install/ur5/lib/ur5
[4.241s] Installing rviz_ik script to /mnt/Storage/Documents/MIT/Books/Robotics-2_Lab/Mini_Project/install/ur5/lib/ur5
[4.242s] writing list of installed files to '/mnt/Storage/Documents/MIT/Books/Robotics-2_Lab/Mini_Project/build/ur5/install.log'
[4.301s] Invoked command in '/mnt/Storage/Documents/MIT/Books/Robotics-2_Lab/Mini_Project/src/ur5' returned '0': PYTHONPATH=/mnt/Storage/Documents/MIT/Books/Robotics-2_Lab/Mini_Project/build/ur5/prefix_override:/usr/lib/python3/dist-packages/colcon_core/task/python/colcon_distutils_commands:/mnt/Storage/Documents/MIT/Books/Robotics-2_Lab/Mini_Project/install/ur5/lib/python3.10/site-packages:${PYTHONPATH} /usr/bin/python3 -W ignore:setup.py install is deprecated setup.py egg_info --egg-base ../../build/ur5 build --build-base /mnt/Storage/Documents/MIT/Books/Robotics-2_Lab/Mini_Project/build/ur5/build install --record /mnt/Storage/Documents/MIT/Books/Robotics-2_Lab/Mini_Project/build/ur5/install.log --single-version-externally-managed install_data
