[1.118s] Invoking command in '/mnt/Storage/Documents/MIT/Books/Robotics-2_Lab/Mini_Project/src/ur5': PYTHONPATH=/mnt/Storage/Documents/MIT/Books/Robotics-2_Lab/Mini_Project/build/ur5/prefix_override:/usr/lib/python3/dist-packages/colcon_core/task/python/colcon_distutils_commands:/mnt/Storage/Documents/MIT/Books/Robotics-2_Lab/Mini_Project/install/ur5/lib/python3.10/site-packages:${PYTHONPATH} /usr/bin/python3 -W ignore:setup.py install is deprecated setup.py egg_info --egg-base ../../build/ur5 build --build-base /mnt/Storage/Documents/MIT/Books/Robotics-2_Lab/Mini_Project/build/ur5/build install --record /mnt/Storage/Documents/MIT/Books/Robotics-2_Lab/Mini_Project/build/ur5/install.log --single-version-externally-managed install_data
[1.447s] running egg_info
[1.471s] writing ../../build/ur5/ur5.egg-info/PKG-INFO
[1.471s] writing dependency_links to ../../build/ur5/ur5.egg-info/dependency_links.txt
[1.471s] writing entry points to ../../build/ur5/ur5.egg-info/entry_points.txt
[1.471s] writing requirements to ../../build/ur5/ur5.egg-info/requires.txt
[1.472s] writing top-level names to ../../build/ur5/ur5.egg-info/top_level.txt
[1.519s] reading manifest file '../../build/ur5/ur5.egg-info/SOURCES.txt'
[1.521s] writing manifest file '../../build/ur5/ur5.egg-info/SOURCES.txt'
[1.521s] running build
[1.521s] running build_py
[1.521s] copying ur5/controller_fk.py -> /mnt/Storage/Documents/MIT/Books/Robotics-2_Lab/Mini_Project/build/ur5/build/lib/ur5
[1.522s] copying ur5/pose_publisher.py -> /mnt/Storage/Documents/MIT/Books/Robotics-2_Lab/Mini_Project/build/ur5/build/lib/ur5
[1.522s] copying ur5/capture_image.py -> /mnt/Storage/Documents/MIT/Books/Robotics-2_Lab/Mini_Project/build/ur5/build/lib/ur5
[1.522s] copying ur5/vacuum_gripper_controller.py -> /mnt/Storage/Documents/MIT/Books/Robotics-2_Lab/Mini_Project/build/ur5/build/lib/ur5
[1.522s] copying ur5/controller_ik.py -> /mnt/Storage/Documents/MIT/Books/Robotics-2_Lab/Mini_Project/build/ur5/build/lib/ur5
[1.523s] running install
[1.528s] running install_lib
[1.552s] running install_data
[1.552s] copying launch/ur5_rviz.launch.py -> /mnt/Storage/Documents/MIT/Books/Robotics-2_Lab/Mini_Project/install/ur5/share/ur5
[1.552s] copying launch/ur5_control.launch.py -> /mnt/Storage/Documents/MIT/Books/Robotics-2_Lab/Mini_Project/install/ur5/share/ur5
[1.553s] copying launch/ur5_world.launch.py -> /mnt/Storage/Documents/MIT/Books/Robotics-2_Lab/Mini_Project/install/ur5/share/ur5
[1.553s] copying launch/ur5_gazebo.launch.py -> /mnt/Storage/Documents/MIT/Books/Robotics-2_Lab/Mini_Project/install/ur5/share/ur5
[1.553s] copying urdf/ur5_bot.urdf -> /mnt/Storage/Documents/MIT/Books/Robotics-2_Lab/Mini_Project/install/ur5/share/ur5
[1.553s] copying urdf/ur5_rviz_bot.urdf -> /mnt/Storage/Documents/MIT/Books/Robotics-2_Lab/Mini_Project/install/ur5/share/ur5
[1.553s] copying config/ur5_control.yaml -> /mnt/Storage/Documents/MIT/Books/Robotics-2_Lab/Mini_Project/install/ur5/share/ur5
[1.554s] running install_egg_info
[1.577s] removing '/mnt/Storage/Documents/MIT/Books/Robotics-2_Lab/Mini_Project/install/ur5/lib/python3.10/site-packages/ur5-0.0.0-py3.10.egg-info' (and everything under it)
[1.577s] Copying ../../build/ur5/ur5.egg-info to /mnt/Storage/Documents/MIT/Books/Robotics-2_Lab/Mini_Project/install/ur5/lib/python3.10/site-packages/ur5-0.0.0-py3.10.egg-info
[1.578s] running install_scripts
[1.756s] Installing cap script to /mnt/Storage/Documents/MIT/Books/Robotics-2_Lab/Mini_Project/install/ur5/lib/ur5
[1.756s] Installing grip script to /mnt/Storage/Documents/MIT/Books/Robotics-2_Lab/Mini_Project/install/ur5/lib/ur5
[1.756s] Installing gz script to /mnt/Storage/Documents/MIT/Books/Robotics-2_Lab/Mini_Project/install/ur5/lib/ur5
[1.756s] Installing gz_ik script to /mnt/Storage/Documents/MIT/Books/Robotics-2_Lab/Mini_Project/install/ur5/lib/ur5
[1.757s] Installing pose script to /mnt/Storage/Documents/MIT/Books/Robotics-2_Lab/Mini_Project/install/ur5/lib/ur5
[1.757s] Installing rviz script to /mnt/Storage/Documents/MIT/Books/Robotics-2_Lab/Mini_Project/install/ur5/lib/ur5
[1.757s] Installing rviz_ik script to /mnt/Storage/Documents/MIT/Books/Robotics-2_Lab/Mini_Project/install/ur5/lib/ur5
[1.757s] writing list of installed files to '/mnt/Storage/Documents/MIT/Books/Robotics-2_Lab/Mini_Project/build/ur5/install.log'
[1.787s] Invoked command in '/mnt/Storage/Documents/MIT/Books/Robotics-2_Lab/Mini_Project/src/ur5' returned '0': PYTHONPATH=/mnt/Storage/Documents/MIT/Books/Robotics-2_Lab/Mini_Project/build/ur5/prefix_override:/usr/lib/python3/dist-packages/colcon_core/task/python/colcon_distutils_commands:/mnt/Storage/Documents/MIT/Books/Robotics-2_Lab/Mini_Project/install/ur5/lib/python3.10/site-packages:${PYTHONPATH} /usr/bin/python3 -W ignore:setup.py install is deprecated setup.py egg_info --egg-base ../../build/ur5 build --build-base /mnt/Storage/Documents/MIT/Books/Robotics-2_Lab/Mini_Project/build/ur5/build install --record /mnt/Storage/Documents/MIT/Books/Robotics-2_Lab/Mini_Project/build/ur5/install.log --single-version-externally-managed install_data
