[0.037s] Invoking command in '/mnt/Storage/Documents/MIT/Books/Robotics-2_Lab/Mini_Project/build/conveyorbelt_msgs': CMAKE_PREFIX_PATH=${CMAKE_PREFIX_PATH}:/mnt/Storage/Documents/MIT/Books/Robotics-2_Lab/Mini_Project/install/ur5:/home/srikar/ws_moveit2/install/moveit_configs_utils:/home/srikar/ws_moveit2/install/launch_param_builder:/opt/ros/humble /usr/bin/cmake /mnt/Storage/Documents/MIT/Books/Robotics-2_Lab/Mini_Project/src/conveyorbelt_msgs -DCMAKE_INSTALL_PREFIX=/mnt/Storage/Documents/MIT/Books/Robotics-2_Lab/Mini_Project/install/conveyorbelt_msgs
[2.182s] -- The C compiler identification is GNU 11.4.0
[2.312s] -- The CXX compiler identification is GNU 11.4.0
[2.334s] -- Detecting C compiler ABI info
[2.440s] -- Detecting C compiler ABI info - done
[2.453s] -- Check for working C compiler: /usr/bin/cc - skipped
[2.454s] -- Detecting C compile features
[2.455s] -- Detecting C compile features - done
[2.462s] -- Detecting CXX compiler ABI info
[2.587s] -- Detecting CXX compiler ABI info - done
[2.607s] -- Check for working CXX compiler: /usr/bin/c++ - skipped
[2.607s] -- Detecting CXX compile features
[2.608s] -- Detecting CXX compile features - done
[2.619s] -- Found ament_cmake: 1.3.10 (/opt/ros/humble/share/ament_cmake/cmake)
[3.208s] -- Found Python3: /usr/bin/python3 (found version "3.10.12") found components: Interpreter 
[3.485s] -- Found ament_lint_auto: 0.12.11 (/opt/ros/humble/share/ament_lint_auto/cmake)
[3.681s] -- Found rosidl_default_generators: 1.2.0 (/opt/ros/humble/share/rosidl_default_generators/cmake)
[3.717s] -- Using all available rosidl_typesupport_c: rosidl_typesupport_fastrtps_c;rosidl_typesupport_introspection_c
[3.759s] -- Found rosidl_adapter: 3.1.5 (/opt/ros/humble/share/rosidl_adapter/cmake)
[3.973s] -- Using all available rosidl_typesupport_cpp: rosidl_typesupport_fastrtps_cpp;rosidl_typesupport_introspection_cpp
[4.227s] -- Found ament_cmake_ros: 0.10.0 (/opt/ros/humble/share/ament_cmake_ros/cmake)
[4.387s] -- Using all available rosidl_typesupport_c: rosidl_typesupport_fastrtps_c;rosidl_typesupport_introspection_c
[4.567s] -- Using all available rosidl_typesupport_cpp: rosidl_typesupport_fastrtps_cpp;rosidl_typesupport_introspection_cpp
[4.608s] -- Found PythonInterp: /usr/bin/python3 (found suitable version "3.10.12", minimum required is "3.6") 
[4.615s] -- Found python_cmake_module: 0.10.0 (/opt/ros/humble/share/python_cmake_module/cmake)
[4.667s] -- Found PythonLibs: /usr/lib/x86_64-linux-gnu/libpython3.10.so (found suitable version "3.10.12", minimum required is "3.5") 
[4.667s] -- Using PYTHON_EXECUTABLE: /usr/bin/python3
[4.667s] -- Using PYTHON_INCLUDE_DIRS: /usr/include/python3.10
[4.667s] -- Using PYTHON_LIBRARIES: /usr/lib/x86_64-linux-gnu/libpython3.10.so
[4.710s] -- Found PythonExtra: .so  
[4.826s] -- Added test 'copyright' to check source files copyright and LICENSE
[4.828s] -- Added test 'lint_cmake' to check CMake code style
[4.833s] -- Added test 'xmllint' to check XML markup files
[4.845s] -- Configuring done
[4.891s] -- Generating done
[4.894s] -- Build files have been written to: /mnt/Storage/Documents/MIT/Books/Robotics-2_Lab/Mini_Project/build/conveyorbelt_msgs
