[0.008s] Invoking command in '/mnt/Storage/Documents/MIT/Books/Robotics-2_Lab/Mini_Project/build/ros2_conveyorbelt': CMAKE_PREFIX_PATH=/mnt/Storage/Documents/MIT/Books/Robotics-2_Lab/Mini_Project/install/conveyorbelt_msgs:/mnt/Storage/Documents/MIT/Books/Robotics-2_Lab/Mini_Project/install/ros2_conveyorbelt:/mnt/Storage/Documents/MIT/Books/Robotics-2_Lab/Mini_Project/install/conveyorbelt_gazebo:/mnt/Storage/Documents/MIT/Books/Robotics-2_Lab/Mini_Project/install/ur5:/opt/ros/humble LD_LIBRARY_PATH=/mnt/Storage/Documents/MIT/Books/Robotics-2_Lab/Mini_Project/install/conveyorbelt_msgs/lib:/mnt/Storage/Documents/MIT/Books/Robotics-2_Lab/Mini_Project/install/ros2_conveyorbelt/lib:/usr/lib/x86_64-linux-gnu/gazebo-11/plugins:/opt/ros/humble/opt/rviz_ogre_vendor/lib:/opt/ros/humble/lib/x86_64-linux-gnu:/opt/ros/humble/lib:/usr/lib/x86_64-linux-gnu/gazebo-11/plugins:/opt/ros/humble/lib/ /usr/bin/cmake /mnt/Storage/Documents/MIT/Books/Robotics-2_Lab/Mini_Project/src/ros2_conveyorbelt -DCMAKE_INSTALL_PREFIX=/mnt/Storage/Documents/MIT/Books/Robotics-2_Lab/Mini_Project/install/ros2_conveyorbelt
[0.054s] -- The C compiler identification is GNU 11.4.0
[0.121s] -- The CXX compiler identification is GNU 11.4.0
[0.133s] -- Detecting C compiler ABI info
[0.183s] -- Detecting C compiler ABI info - done
[0.191s] -- Check for working C compiler: /usr/bin/cc - skipped
[0.191s] -- Detecting C compile features
[0.191s] -- Detecting C compile features - done
[0.195s] -- Detecting CXX compiler ABI info
[0.254s] -- Detecting CXX compiler ABI info - done
[0.263s] -- Check for working CXX compiler: /usr/bin/c++ - skipped
[0.263s] -- Detecting CXX compile features
[0.264s] -- Detecting CXX compile features - done
[0.267s] -- Found ament_cmake: 1.3.10 (/opt/ros/humble/share/ament_cmake/cmake)
[0.648s] -- Found Python3: /usr/bin/python3 (found version "3.10.12") found components: Interpreter 
[0.740s] -- Found ament_lint_auto: 0.12.11 (/opt/ros/humble/share/ament_lint_auto/cmake)
[0.826s] -- Found gazebo_ros: 3.7.0 (/opt/ros/humble/share/gazebo_ros/cmake)
[0.880s] -- Found rosidl_generator_c: 3.1.5 (/opt/ros/humble/share/rosidl_generator_c/cmake)
[0.886s] -- Found rosidl_adapter: 3.1.5 (/opt/ros/humble/share/rosidl_adapter/cmake)
[0.896s] -- Found rosidl_generator_cpp: 3.1.5 (/opt/ros/humble/share/rosidl_generator_cpp/cmake)
[0.912s] -- Using all available rosidl_typesupport_c: rosidl_typesupport_fastrtps_c;rosidl_typesupport_introspection_c
[0.932s] -- Using all available rosidl_typesupport_cpp: rosidl_typesupport_fastrtps_cpp;rosidl_typesupport_introspection_cpp
[0.989s] -- Found rmw_implementation_cmake: 6.1.2 (/opt/ros/humble/share/rmw_implementation_cmake/cmake)
[0.992s] -- Found rmw_cyclonedds_cpp: 1.3.4 (/opt/ros/humble/share/rmw_cyclonedds_cpp/cmake)
[1.017s] -- Using RMW implementation 'rmw_cyclonedds_cpp' as default
[1.026s] -- Performing Test CMAKE_HAVE_LIBC_PTHREAD
[1.083s] -- Performing Test CMAKE_HAVE_LIBC_PTHREAD - Success
[1.084s] -- Found Threads: TRUE  
[1.153s] -- Found PkgConfig: /usr/bin/pkg-config (found version "0.29.2") 
[1.155s] -- Checking for module 'bullet>=2.82'
[1.167s] --   Found bullet, version 3.05
[1.263s] -- Found fcl: /usr/include (found suitable version "0.7.0", minimum required is "0.5.0") 
[1.304s] -- Found assimp: /usr/include (found version "5.2.0") 
[1.333s] -- Found DART: /usr/include (Required is at least version "6.6") found components: dart 
[1.381s] -- Found Boost: /usr/lib/x86_64-linux-gnu/cmake/Boost-1.74.0/BoostConfig.cmake (found suitable version "1.74.0", minimum required is "1.40.0") found components: thread system filesystem program_options regex iostreams date_time 
[1.399s] -- Found Protobuf: /usr/lib/x86_64-linux-gnu/libprotobuf.so (found version "3.12.4") 
[1.405s] -- Looking for ignition-math6 -- found version 6.15.1
[1.411s] -- Searching for dependencies of ignition-math6
[1.412s] -- Looking for OGRE...
[1.412s] -- OGRE_PREFIX_WATCH changed.
[1.417s] -- Checking for module 'OGRE'
[1.426s] --   Found OGRE, version 1.9.0
[1.449s] -- Found Ogre Ghadamon (1.9.0)
[1.463s] -- Found OGRE: optimized;/usr/lib/x86_64-linux-gnu/libOgreMain.so;debug;/usr/lib/x86_64-linux-gnu/libOgreMain.so
[1.474s] -- Looking for OGRE_Paging...
[1.484s] -- Found OGRE_Paging: optimized;/usr/lib/x86_64-linux-gnu/libOgrePaging.so;debug;/usr/lib/x86_64-linux-gnu/libOgrePaging.so
[1.484s] -- Looking for OGRE_Terrain...
[1.495s] -- Found OGRE_Terrain: optimized;/usr/lib/x86_64-linux-gnu/libOgreTerrain.so;debug;/usr/lib/x86_64-linux-gnu/libOgreTerrain.so
[1.495s] -- Looking for OGRE_Property...
[1.503s] -- Found OGRE_Property: optimized;/usr/lib/x86_64-linux-gnu/libOgreProperty.so;debug;/usr/lib/x86_64-linux-gnu/libOgreProperty.so
[1.503s] -- Looking for OGRE_RTShaderSystem...
[1.512s] -- Found OGRE_RTShaderSystem: optimized;/usr/lib/x86_64-linux-gnu/libOgreRTShaderSystem.so;debug;/usr/lib/x86_64-linux-gnu/libOgreRTShaderSystem.so
[1.512s] -- Looking for OGRE_Volume...
[1.521s] -- Found OGRE_Volume: optimized;/usr/lib/x86_64-linux-gnu/libOgreVolume.so;debug;/usr/lib/x86_64-linux-gnu/libOgreVolume.so
[1.521s] -- Looking for OGRE_Overlay...
[1.529s] -- Found OGRE_Overlay: optimized;/usr/lib/x86_64-linux-gnu/libOgreOverlay.so;debug;/usr/lib/x86_64-linux-gnu/libOgreOverlay.so
[1.740s] -- Looking for ignition-math6 -- found version 6.15.1
[1.743s] -- Looking for ignition-transport8 -- found version 8.2.1
[1.743s] -- Searching for dependencies of ignition-transport8
[1.762s] -- Found Protobuf: /usr/lib/x86_64-linux-gnu/libprotobuf.so (found suitable version "3.12.4", minimum required is "3") 
[1.774s] -- Config-file not installed for ZeroMQ -- checking for pkg-config
[1.779s] -- Checking for module 'libzmq >= 4'
[1.789s] --   Found libzmq , version 4.3.4
[1.816s] -- Found ZeroMQ: TRUE (Required is at least version "4") 
[1.821s] -- Checking for module 'uuid'
[1.830s] --   Found uuid, version 2.37.2
[1.853s] -- Found UUID: TRUE  
[1.856s] -- Looking for ignition-msgs5 -- found version 5.8.1
[1.856s] -- Searching for dependencies of ignition-msgs5
[1.877s] -- Looking for ignition-math6 -- found version 6.15.1
[1.882s] -- Checking for module 'tinyxml2'
[1.892s] --   Found tinyxml2, version 9.0.0
[1.915s] -- Looking for ignition-msgs5 -- found version 5.8.1
[1.918s] -- Looking for ignition-common3 -- found version 3.14.0
[1.919s] -- Searching for dependencies of ignition-common3
[1.919s] -- Looking for dlfcn.h - found
[1.920s] -- Looking for libdl - found
[1.922s] -- Found DL: TRUE  
[1.934s] -- Found tinyobjloader: /usr/lib/x86_64-linux-gnu/cmake/tinyobjloader/tinyobjloader-config.cmake (found version "2.0.0") 
[1.934s] -- Searching for <ignition-common3> component [graphics]
[1.937s] -- Looking for ignition-common3-graphics -- found version 3.14.0
[1.938s] -- Searching for dependencies of ignition-common3-graphics
[1.938s] -- Looking for ignition-math6 -- found version 6.15.1
[1.941s] -- Looking for ignition-fuel_tools4 -- found version 4.4.0
[1.942s] -- Searching for dependencies of ignition-fuel_tools4
[2.009s] -- Found CURL: /usr/lib/x86_64-linux-gnu/libcurl.so (found version "7.81.0")  
[2.018s] -- Checking for module 'jsoncpp'
[2.027s] --   Found jsoncpp, version 1.9.5
[2.051s] -- Found JSONCPP: TRUE  
[2.056s] -- Checking for module 'libzip'
[2.065s] --   Found libzip, version 1.7.3
[2.092s] -- Found ZIP: TRUE  
[2.093s] -- Looking for ignition-common3 -- found version 3.14.0
[2.093s] -- Looking for ignition-math6 -- found version 6.15.1
[2.094s] -- Looking for ignition-msgs5 -- found version 5.8.1
[2.097s] -- Gazebo version: 11.10
[2.097s] -- Checking for module 'tbb'
[2.107s] --   Found tbb, version 2021.5.0
[2.132s] -- Found gazebo_msgs: 3.7.0 (/opt/ros/humble/share/gazebo_msgs/cmake)
[2.190s] -- Found conveyorbelt_msgs: 0.0.0 (/mnt/Storage/Documents/MIT/Books/Robotics-2_Lab/Mini_Project/install/conveyorbelt_msgs/share/conveyorbelt_msgs/cmake)
[2.209s] -- Added test 'copyright' to check source files copyright and LICENSE
[2.210s] -- Added test 'cppcheck' to perform static code analysis on C / C++ code
[2.211s] -- Configured cppcheck include dirs: /mnt/Storage/Documents/MIT/Books/Robotics-2_Lab/Mini_Project/src/ros2_conveyorbelt/include
[2.211s] -- Configured cppcheck exclude dirs and/or files: 
[2.213s] -- Added test 'cpplint' to check C / C++ code against the Google style
[2.213s] -- Configured cpplint exclude dirs and/or files: 
[2.214s] -- Added test 'flake8' to check Python code syntax and style conventions
[2.215s] -- Added test 'lint_cmake' to check CMake code style
[2.216s] -- Added test 'pep257' to check Python code against some of the docstring style conventions in PEP 257
[2.217s] -- Added test 'uncrustify' to check C / C++ code style
[2.217s] -- Configured uncrustify additional arguments: 
[2.217s] -- Added test 'xmllint' to check XML markup files
[2.220s] -- Configuring done
[2.262s] -- Generating done
[2.266s] -- Build files have been written to: /mnt/Storage/Documents/MIT/Books/Robotics-2_Lab/Mini_Project/build/ros2_conveyorbelt
[2.290s] Invoked command in '/mnt/Storage/Documents/MIT/Books/Robotics-2_Lab/Mini_Project/build/ros2_conveyorbelt' returned '0': CMAKE_PREFIX_PATH=/mnt/Storage/Documents/MIT/Books/Robotics-2_Lab/Mini_Project/install/conveyorbelt_msgs:/mnt/Storage/Documents/MIT/Books/Robotics-2_Lab/Mini_Project/install/ros2_conveyorbelt:/mnt/Storage/Documents/MIT/Books/Robotics-2_Lab/Mini_Project/install/conveyorbelt_gazebo:/mnt/Storage/Documents/MIT/Books/Robotics-2_Lab/Mini_Project/install/ur5:/opt/ros/humble LD_LIBRARY_PATH=/mnt/Storage/Documents/MIT/Books/Robotics-2_Lab/Mini_Project/install/conveyorbelt_msgs/lib:/mnt/Storage/Documents/MIT/Books/Robotics-2_Lab/Mini_Project/install/ros2_conveyorbelt/lib:/usr/lib/x86_64-linux-gnu/gazebo-11/plugins:/opt/ros/humble/opt/rviz_ogre_vendor/lib:/opt/ros/humble/lib/x86_64-linux-gnu:/opt/ros/humble/lib:/usr/lib/x86_64-linux-gnu/gazebo-11/plugins:/opt/ros/humble/lib/ /usr/bin/cmake /mnt/Storage/Documents/MIT/Books/Robotics-2_Lab/Mini_Project/src/ros2_conveyorbelt -DCMAKE_INSTALL_PREFIX=/mnt/Storage/Documents/MIT/Books/Robotics-2_Lab/Mini_Project/install/ros2_conveyorbelt
[2.292s] Invoking command in '/mnt/Storage/Documents/MIT/Books/Robotics-2_Lab/Mini_Project/build/ros2_conveyorbelt': CMAKE_PREFIX_PATH=/mnt/Storage/Documents/MIT/Books/Robotics-2_Lab/Mini_Project/install/conveyorbelt_msgs:/mnt/Storage/Documents/MIT/Books/Robotics-2_Lab/Mini_Project/install/ros2_conveyorbelt:/mnt/Storage/Documents/MIT/Books/Robotics-2_Lab/Mini_Project/install/conveyorbelt_gazebo:/mnt/Storage/Documents/MIT/Books/Robotics-2_Lab/Mini_Project/install/ur5:/opt/ros/humble LD_LIBRARY_PATH=/mnt/Storage/Documents/MIT/Books/Robotics-2_Lab/Mini_Project/install/conveyorbelt_msgs/lib:/mnt/Storage/Documents/MIT/Books/Robotics-2_Lab/Mini_Project/install/ros2_conveyorbelt/lib:/usr/lib/x86_64-linux-gnu/gazebo-11/plugins:/opt/ros/humble/opt/rviz_ogre_vendor/lib:/opt/ros/humble/lib/x86_64-linux-gnu:/opt/ros/humble/lib:/usr/lib/x86_64-linux-gnu/gazebo-11/plugins:/opt/ros/humble/lib/ /usr/bin/cmake --build /mnt/Storage/Documents/MIT/Books/Robotics-2_Lab/Mini_Project/build/ros2_conveyorbelt -- -j8 -l8
[2.320s] [ 50%] [32mBuilding CXX object CMakeFiles/ros2_conveyorbelt_plugin.dir/src/ros2_conveyorbelt_plugin.cpp.o[0m
[15.731s] [100%] [32m[1mLinking CXX shared library libros2_conveyorbelt_plugin.so[0m
[16.454s] [100%] Built target ros2_conveyorbelt_plugin
[16.459s] Invoked command in '/mnt/Storage/Documents/MIT/Books/Robotics-2_Lab/Mini_Project/build/ros2_conveyorbelt' returned '0': CMAKE_PREFIX_PATH=/mnt/Storage/Documents/MIT/Books/Robotics-2_Lab/Mini_Project/install/conveyorbelt_msgs:/mnt/Storage/Documents/MIT/Books/Robotics-2_Lab/Mini_Project/install/ros2_conveyorbelt:/mnt/Storage/Documents/MIT/Books/Robotics-2_Lab/Mini_Project/install/conveyorbelt_gazebo:/mnt/Storage/Documents/MIT/Books/Robotics-2_Lab/Mini_Project/install/ur5:/opt/ros/humble LD_LIBRARY_PATH=/mnt/Storage/Documents/MIT/Books/Robotics-2_Lab/Mini_Project/install/conveyorbelt_msgs/lib:/mnt/Storage/Documents/MIT/Books/Robotics-2_Lab/Mini_Project/install/ros2_conveyorbelt/lib:/usr/lib/x86_64-linux-gnu/gazebo-11/plugins:/opt/ros/humble/opt/rviz_ogre_vendor/lib:/opt/ros/humble/lib/x86_64-linux-gnu:/opt/ros/humble/lib:/usr/lib/x86_64-linux-gnu/gazebo-11/plugins:/opt/ros/humble/lib/ /usr/bin/cmake --build /mnt/Storage/Documents/MIT/Books/Robotics-2_Lab/Mini_Project/build/ros2_conveyorbelt -- -j8 -l8
[16.477s] Invoking command in '/mnt/Storage/Documents/MIT/Books/Robotics-2_Lab/Mini_Project/build/ros2_conveyorbelt': CMAKE_PREFIX_PATH=/mnt/Storage/Documents/MIT/Books/Robotics-2_Lab/Mini_Project/install/conveyorbelt_msgs:/mnt/Storage/Documents/MIT/Books/Robotics-2_Lab/Mini_Project/install/ros2_conveyorbelt:/mnt/Storage/Documents/MIT/Books/Robotics-2_Lab/Mini_Project/install/conveyorbelt_gazebo:/mnt/Storage/Documents/MIT/Books/Robotics-2_Lab/Mini_Project/install/ur5:/opt/ros/humble LD_LIBRARY_PATH=/mnt/Storage/Documents/MIT/Books/Robotics-2_Lab/Mini_Project/install/conveyorbelt_msgs/lib:/mnt/Storage/Documents/MIT/Books/Robotics-2_Lab/Mini_Project/install/ros2_conveyorbelt/lib:/usr/lib/x86_64-linux-gnu/gazebo-11/plugins:/opt/ros/humble/opt/rviz_ogre_vendor/lib:/opt/ros/humble/lib/x86_64-linux-gnu:/opt/ros/humble/lib:/usr/lib/x86_64-linux-gnu/gazebo-11/plugins:/opt/ros/humble/lib/ /usr/bin/cmake --install /mnt/Storage/Documents/MIT/Books/Robotics-2_Lab/Mini_Project/build/ros2_conveyorbelt
[16.479s] -- Install configuration: ""
[16.480s] -- Installing: /mnt/Storage/Documents/MIT/Books/Robotics-2_Lab/Mini_Project/install/ros2_conveyorbelt/share/ros2_conveyorbelt/environment/library_path.sh
[16.480s] -- Installing: /mnt/Storage/Documents/MIT/Books/Robotics-2_Lab/Mini_Project/install/ros2_conveyorbelt/share/ros2_conveyorbelt/environment/library_path.dsv
[16.480s] -- Installing: /mnt/Storage/Documents/MIT/Books/Robotics-2_Lab/Mini_Project/install/ros2_conveyorbelt/lib/libros2_conveyorbelt_plugin.so
[16.483s] -- Set runtime path of "/mnt/Storage/Documents/MIT/Books/Robotics-2_Lab/Mini_Project/install/ros2_conveyorbelt/lib/libros2_conveyorbelt_plugin.so" to ""
[16.483s] -- Installing: /mnt/Storage/Documents/MIT/Books/Robotics-2_Lab/Mini_Project/install/ros2_conveyorbelt/share/ros2_conveyorbelt/python
[16.483s] -- Installing: /mnt/Storage/Documents/MIT/Books/Robotics-2_Lab/Mini_Project/install/ros2_conveyorbelt/share/ros2_conveyorbelt/python/SpawnObject.py
[16.483s] -- Installing: /mnt/Storage/Documents/MIT/Books/Robotics-2_Lab/Mini_Project/install/ros2_conveyorbelt/lib/ros2_conveyorbelt/SpawnObject.py
[16.483s] -- Installing: /mnt/Storage/Documents/MIT/Books/Robotics-2_Lab/Mini_Project/install/ros2_conveyorbelt/share/ament_index/resource_index/package_run_dependencies/ros2_conveyorbelt
[16.483s] -- Installing: /mnt/Storage/Documents/MIT/Books/Robotics-2_Lab/Mini_Project/install/ros2_conveyorbelt/share/ament_index/resource_index/parent_prefix_path/ros2_conveyorbelt
[16.484s] -- Installing: /mnt/Storage/Documents/MIT/Books/Robotics-2_Lab/Mini_Project/install/ros2_conveyorbelt/share/ros2_conveyorbelt/environment/ament_prefix_path.sh
[16.484s] -- Installing: /mnt/Storage/Documents/MIT/Books/Robotics-2_Lab/Mini_Project/install/ros2_conveyorbelt/share/ros2_conveyorbelt/environment/ament_prefix_path.dsv
[16.484s] -- Installing: /mnt/Storage/Documents/MIT/Books/Robotics-2_Lab/Mini_Project/install/ros2_conveyorbelt/share/ros2_conveyorbelt/environment/path.sh
[16.484s] -- Installing: /mnt/Storage/Documents/MIT/Books/Robotics-2_Lab/Mini_Project/install/ros2_conveyorbelt/share/ros2_conveyorbelt/environment/path.dsv
[16.484s] -- Installing: /mnt/Storage/Documents/MIT/Books/Robotics-2_Lab/Mini_Project/install/ros2_conveyorbelt/share/ros2_conveyorbelt/local_setup.bash
[16.484s] -- Installing: /mnt/Storage/Documents/MIT/Books/Robotics-2_Lab/Mini_Project/install/ros2_conveyorbelt/share/ros2_conveyorbelt/local_setup.sh
[16.484s] -- Installing: /mnt/Storage/Documents/MIT/Books/Robotics-2_Lab/Mini_Project/install/ros2_conveyorbelt/share/ros2_conveyorbelt/local_setup.zsh
[16.484s] -- Installing: /mnt/Storage/Documents/MIT/Books/Robotics-2_Lab/Mini_Project/install/ros2_conveyorbelt/share/ros2_conveyorbelt/local_setup.dsv
[16.484s] -- Installing: /mnt/Storage/Documents/MIT/Books/Robotics-2_Lab/Mini_Project/install/ros2_conveyorbelt/share/ros2_conveyorbelt/package.dsv
[16.485s] -- Installing: /mnt/Storage/Documents/MIT/Books/Robotics-2_Lab/Mini_Project/install/ros2_conveyorbelt/share/ament_index/resource_index/packages/ros2_conveyorbelt
[16.485s] -- Installing: /mnt/Storage/Documents/MIT/Books/Robotics-2_Lab/Mini_Project/install/ros2_conveyorbelt/share/ros2_conveyorbelt/cmake/ament_cmake_export_libraries-extras.cmake
[16.485s] -- Installing: /mnt/Storage/Documents/MIT/Books/Robotics-2_Lab/Mini_Project/install/ros2_conveyorbelt/share/ros2_conveyorbelt/cmake/ros2_conveyorbeltConfig.cmake
[16.485s] -- Installing: /mnt/Storage/Documents/MIT/Books/Robotics-2_Lab/Mini_Project/install/ros2_conveyorbelt/share/ros2_conveyorbelt/cmake/ros2_conveyorbeltConfig-version.cmake
[16.485s] -- Installing: /mnt/Storage/Documents/MIT/Books/Robotics-2_Lab/Mini_Project/install/ros2_conveyorbelt/share/ros2_conveyorbelt/package.xml
[16.487s] Invoked command in '/mnt/Storage/Documents/MIT/Books/Robotics-2_Lab/Mini_Project/build/ros2_conveyorbelt' returned '0': CMAKE_PREFIX_PATH=/mnt/Storage/Documents/MIT/Books/Robotics-2_Lab/Mini_Project/install/conveyorbelt_msgs:/mnt/Storage/Documents/MIT/Books/Robotics-2_Lab/Mini_Project/install/ros2_conveyorbelt:/mnt/Storage/Documents/MIT/Books/Robotics-2_Lab/Mini_Project/install/conveyorbelt_gazebo:/mnt/Storage/Documents/MIT/Books/Robotics-2_Lab/Mini_Project/install/ur5:/opt/ros/humble LD_LIBRARY_PATH=/mnt/Storage/Documents/MIT/Books/Robotics-2_Lab/Mini_Project/install/conveyorbelt_msgs/lib:/mnt/Storage/Documents/MIT/Books/Robotics-2_Lab/Mini_Project/install/ros2_conveyorbelt/lib:/usr/lib/x86_64-linux-gnu/gazebo-11/plugins:/opt/ros/humble/opt/rviz_ogre_vendor/lib:/opt/ros/humble/lib/x86_64-linux-gnu:/opt/ros/humble/lib:/usr/lib/x86_64-linux-gnu/gazebo-11/plugins:/opt/ros/humble/lib/ /usr/bin/cmake --install /mnt/Storage/Documents/MIT/Books/Robotics-2_Lab/Mini_Project/build/ros2_conveyorbelt
