[0.088s] Invoking command in '/mnt/Storage/Documents/MIT/Books/Robotics-2_Lab/Mini_Project/build/ros2_conveyorbelt': CMAKE_PREFIX_PATH=${CMAKE_PREFIX_PATH}:/mnt/Storage/Documents/MIT/Books/Robotics-2_Lab/Mini_Project/install/ur5:/opt/ros/humble /usr/bin/cmake --build /mnt/Storage/Documents/MIT/Books/Robotics-2_Lab/Mini_Project/build/ros2_conveyorbelt -- -j8 -l8
[0.256s] [100%] Built target ros2_conveyorbelt_plugin
[1.137s] Invoked command in '/mnt/Storage/Documents/MIT/Books/Robotics-2_Lab/Mini_Project/build/ros2_conveyorbelt' returned '0': CMAKE_PREFIX_PATH=${CMAKE_PREFIX_PATH}:/mnt/Storage/Documents/MIT/Books/Robotics-2_Lab/Mini_Project/install/ur5:/opt/ros/humble /usr/bin/cmake --build /mnt/Storage/Documents/MIT/Books/Robotics-2_Lab/Mini_Project/build/ros2_conveyorbelt -- -j8 -l8
[1.208s] Invoking command in '/mnt/Storage/Documents/MIT/Books/Robotics-2_Lab/Mini_Project/build/ros2_conveyorbelt': CMAKE_PREFIX_PATH=${CMAKE_PREFIX_PATH}:/mnt/Storage/Documents/MIT/Books/Robotics-2_Lab/Mini_Project/install/ur5:/opt/ros/humble /usr/bin/cmake --install /mnt/Storage/Documents/MIT/Books/Robotics-2_Lab/Mini_Project/build/ros2_conveyorbelt
[1.245s] -- Install configuration: ""
[1.246s] -- Up-to-date: /mnt/Storage/Documents/MIT/Books/Robotics-2_Lab/Mini_Project/install/ros2_conveyorbelt/share/ros2_conveyorbelt/environment/library_path.sh
[1.246s] -- Up-to-date: /mnt/Storage/Documents/MIT/Books/Robotics-2_Lab/Mini_Project/install/ros2_conveyorbelt/share/ros2_conveyorbelt/environment/library_path.dsv
[1.247s] -- Up-to-date: /mnt/Storage/Documents/MIT/Books/Robotics-2_Lab/Mini_Project/install/ros2_conveyorbelt/lib/libros2_conveyorbelt_plugin.so
[1.247s] -- Up-to-date: /mnt/Storage/Documents/MIT/Books/Robotics-2_Lab/Mini_Project/install/ros2_conveyorbelt/share/ros2_conveyorbelt/python
[1.248s] -- Up-to-date: /mnt/Storage/Documents/MIT/Books/Robotics-2_Lab/Mini_Project/install/ros2_conveyorbelt/share/ros2_conveyorbelt/python/SpawnObject.py
[1.248s] -- Up-to-date: /mnt/Storage/Documents/MIT/Books/Robotics-2_Lab/Mini_Project/install/ros2_conveyorbelt/lib/ros2_conveyorbelt/SpawnObject.py
[1.249s] -- Up-to-date: /mnt/Storage/Documents/MIT/Books/Robotics-2_Lab/Mini_Project/install/ros2_conveyorbelt/share/ament_index/resource_index/package_run_dependencies/ros2_conveyorbelt
[1.249s] -- Up-to-date: /mnt/Storage/Documents/MIT/Books/Robotics-2_Lab/Mini_Project/install/ros2_conveyorbelt/share/ament_index/resource_index/parent_prefix_path/ros2_conveyorbelt
[1.249s] -- Up-to-date: /mnt/Storage/Documents/MIT/Books/Robotics-2_Lab/Mini_Project/install/ros2_conveyorbelt/share/ros2_conveyorbelt/environment/ament_prefix_path.sh
[1.250s] -- Up-to-date: /mnt/Storage/Documents/MIT/Books/Robotics-2_Lab/Mini_Project/install/ros2_conveyorbelt/share/ros2_conveyorbelt/environment/ament_prefix_path.dsv
[1.252s] -- Up-to-date: /mnt/Storage/Documents/MIT/Books/Robotics-2_Lab/Mini_Project/install/ros2_conveyorbelt/share/ros2_conveyorbelt/environment/path.sh
[1.255s] -- Up-to-date: /mnt/Storage/Documents/MIT/Books/Robotics-2_Lab/Mini_Project/install/ros2_conveyorbelt/share/ros2_conveyorbelt/environment/path.dsv
[1.257s] -- Up-to-date: /mnt/Storage/Documents/MIT/Books/Robotics-2_Lab/Mini_Project/install/ros2_conveyorbelt/share/ros2_conveyorbelt/local_setup.bash
[1.257s] -- Up-to-date: /mnt/Storage/Documents/MIT/Books/Robotics-2_Lab/Mini_Project/install/ros2_conveyorbelt/share/ros2_conveyorbelt/local_setup.sh
[1.257s] -- Up-to-date: /mnt/Storage/Documents/MIT/Books/Robotics-2_Lab/Mini_Project/install/ros2_conveyorbelt/share/ros2_conveyorbelt/local_setup.zsh
[1.258s] -- Up-to-date: /mnt/Storage/Documents/MIT/Books/Robotics-2_Lab/Mini_Project/install/ros2_conveyorbelt/share/ros2_conveyorbelt/local_setup.dsv
[1.258s] -- Installing: /mnt/Storage/Documents/MIT/Books/Robotics-2_Lab/Mini_Project/install/ros2_conveyorbelt/share/ros2_conveyorbelt/package.dsv
[1.260s] -- Up-to-date: /mnt/Storage/Documents/MIT/Books/Robotics-2_Lab/Mini_Project/install/ros2_conveyorbelt/share/ament_index/resource_index/packages/ros2_conveyorbelt
[1.262s] -- Up-to-date: /mnt/Storage/Documents/MIT/Books/Robotics-2_Lab/Mini_Project/install/ros2_conveyorbelt/share/ros2_conveyorbelt/cmake/ament_cmake_export_libraries-extras.cmake
[1.263s] -- Up-to-date: /mnt/Storage/Documents/MIT/Books/Robotics-2_Lab/Mini_Project/install/ros2_conveyorbelt/share/ros2_conveyorbelt/cmake/ros2_conveyorbeltConfig.cmake
[1.263s] -- Up-to-date: /mnt/Storage/Documents/MIT/Books/Robotics-2_Lab/Mini_Project/install/ros2_conveyorbelt/share/ros2_conveyorbelt/cmake/ros2_conveyorbeltConfig-version.cmake
[1.263s] -- Up-to-date: /mnt/Storage/Documents/MIT/Books/Robotics-2_Lab/Mini_Project/install/ros2_conveyorbelt/share/ros2_conveyorbelt/package.xml
[1.298s] Invoked command in '/mnt/Storage/Documents/MIT/Books/Robotics-2_Lab/Mini_Project/build/ros2_conveyorbelt' returned '0': CMAKE_PREFIX_PATH=${CMAKE_PREFIX_PATH}:/mnt/Storage/Documents/MIT/Books/Robotics-2_Lab/Mini_Project/install/ur5:/opt/ros/humble /usr/bin/cmake --install /mnt/Storage/Documents/MIT/Books/Robotics-2_Lab/Mini_Project/build/ros2_conveyorbelt
