[0.395s] [34mcolcon[0m [1;30mDEBUG[0m [32mCommand line arguments: ['/usr/bin/colcon', 'build'][0m
[0.395s] [34mcolcon[0m [1;30mDEBUG[0m [32mParsed command line arguments: Namespace(log_base=None, log_level=None, verb_name='build', build_base='build', install_base='install', merge_install=False, symlink_install=False, test_result_base=None, continue_on_error=False, executor='parallel', parallel_workers=8, event_handlers=None, ignore_user_meta=False, metas=['./colcon.meta'], base_paths=['.'], packages_ignore=None, packages_ignore_regex=None, paths=None, packages_up_to=None, packages_up_to_regex=None, packages_above=None, packages_above_and_dependencies=None, packages_above_depth=None, packages_select_by_dep=None, packages_skip_by_dep=None, packages_skip_up_to=None, packages_select_build_failed=False, packages_skip_build_finished=False, packages_select_test_failures=False, packages_skip_test_passed=False, packages_select=None, packages_skip=None, packages_select_regex=None, packages_skip_regex=None, packages_start=None, packages_end=None, allow_overriding=[], cmake_args=None, cmake_target=None, cmake_target_skip_unavailable=False, cmake_clean_cache=False, cmake_clean_first=False, cmake_force_configure=False, ament_cmake_args=None, catkin_cmake_args=None, catkin_skip_building_tests=False, mixin_files=None, mixin=None, verb_parser=<colcon_mixin.mixin.mixin_argument.MixinArgumentDecorator object at 0x780238e0ca00>, verb_extension=<colcon_core.verb.build.BuildVerb object at 0x780238e0c1c0>, main=<bound method BuildVerb.main of <colcon_core.verb.build.BuildVerb object at 0x780238e0c1c0>>, mixin_verb=('build',))[0m
[0.548s] [34mcolcon.colcon_core.package_discovery[0m [1;30mLevel 1[0m discover_packages(colcon_meta) check parameters
[0.548s] [34mcolcon.colcon_core.package_discovery[0m [1;30mLevel 1[0m discover_packages(recursive) check parameters
[0.548s] [34mcolcon.colcon_core.package_discovery[0m [1;30mLevel 1[0m discover_packages(ignore) check parameters
[0.548s] [34mcolcon.colcon_core.package_discovery[0m [1;30mLevel 1[0m discover_packages(path) check parameters
[0.548s] [34mcolcon.colcon_core.package_discovery[0m [1;30mLevel 1[0m discover_packages(colcon_meta) discover
[0.549s] [34mcolcon.colcon_core.package_discovery[0m [1;30mLevel 1[0m discover_packages(recursive) discover
[0.549s] [34mcolcon.colcon_core.package_discovery[0m [1;30mINFO[0m Crawling recursively for packages in '/mnt/Storage/Documents/MIT/Books/Robotics-2_Lab/Mini_Project'
[0.549s] [34mcolcon.colcon_core.package_identification[0m [1;30mLevel 1[0m _identify(.) by extensions ['ignore', 'ignore_ament_install']
[0.549s] [34mcolcon.colcon_core.package_identification[0m [1;30mLevel 1[0m _identify(.) by extension 'ignore'
[0.549s] [34mcolcon.colcon_core.package_identification[0m [1;30mLevel 1[0m _identify(.) by extension 'ignore_ament_install'
[0.549s] [34mcolcon.colcon_core.package_identification[0m [1;30mLevel 1[0m _identify(.) by extensions ['colcon_pkg']
[0.549s] [34mcolcon.colcon_core.package_identification[0m [1;30mLevel 1[0m _identify(.) by extension 'colcon_pkg'
[0.550s] [34mcolcon.colcon_core.package_identification[0m [1;30mLevel 1[0m _identify(.) by extensions ['colcon_meta']
[0.550s] [34mcolcon.colcon_core.package_identification[0m [1;30mLevel 1[0m _identify(.) by extension 'colcon_meta'
[0.550s] [34mcolcon.colcon_core.package_identification[0m [1;30mLevel 1[0m _identify(.) by extensions ['ros']
[0.550s] [34mcolcon.colcon_core.package_identification[0m [1;30mLevel 1[0m _identify(.) by extension 'ros'
[0.598s] [34mcolcon.colcon_core.package_identification[0m [1;30mLevel 1[0m _identify(.) by extensions ['cmake', 'python']
[0.599s] [34mcolcon.colcon_core.package_identification[0m [1;30mLevel 1[0m _identify(.) by extension 'cmake'
[0.599s] [34mcolcon.colcon_core.package_identification[0m [1;30mLevel 1[0m _identify(.) by extension 'python'
[0.599s] [34mcolcon.colcon_core.package_identification[0m [1;30mLevel 1[0m _identify(.) by extensions ['python_setup_py']
[0.599s] [34mcolcon.colcon_core.package_identification[0m [1;30mLevel 1[0m _identify(.) by extension 'python_setup_py'
[0.599s] [34mcolcon.colcon_core.package_identification[0m [1;30mLevel 1[0m _identify(build) by extensions ['ignore', 'ignore_ament_install']
[0.600s] [34mcolcon.colcon_core.package_identification[0m [1;30mLevel 1[0m _identify(build) by extension 'ignore'
[0.600s] [34mcolcon.colcon_core.package_identification[0m [1;30mLevel 1[0m _identify(build) ignored
[0.600s] [34mcolcon.colcon_core.package_identification[0m [1;30mLevel 1[0m _identify(install) by extensions ['ignore', 'ignore_ament_install']
[0.600s] [34mcolcon.colcon_core.package_identification[0m [1;30mLevel 1[0m _identify(install) by extension 'ignore'
[0.600s] [34mcolcon.colcon_core.package_identification[0m [1;30mLevel 1[0m _identify(install) ignored
[0.601s] [34mcolcon.colcon_core.package_identification[0m [1;30mLevel 1[0m _identify(log) by extensions ['ignore', 'ignore_ament_install']
[0.601s] [34mcolcon.colcon_core.package_identification[0m [1;30mLevel 1[0m _identify(log) by extension 'ignore'
[0.601s] [34mcolcon.colcon_core.package_identification[0m [1;30mLevel 1[0m _identify(log) ignored
[0.601s] [34mcolcon.colcon_core.package_identification[0m [1;30mLevel 1[0m _identify(src) by extensions ['ignore', 'ignore_ament_install']
[0.601s] [34mcolcon.colcon_core.package_identification[0m [1;30mLevel 1[0m _identify(src) by extension 'ignore'
[0.601s] [34mcolcon.colcon_core.package_identification[0m [1;30mLevel 1[0m _identify(src) by extension 'ignore_ament_install'
[0.601s] [34mcolcon.colcon_core.package_identification[0m [1;30mLevel 1[0m _identify(src) by extensions ['colcon_pkg']
[0.601s] [34mcolcon.colcon_core.package_identification[0m [1;30mLevel 1[0m _identify(src) by extension 'colcon_pkg'
[0.602s] [34mcolcon.colcon_core.package_identification[0m [1;30mLevel 1[0m _identify(src) by extensions ['colcon_meta']
[0.602s] [34mcolcon.colcon_core.package_identification[0m [1;30mLevel 1[0m _identify(src) by extension 'colcon_meta'
[0.602s] [34mcolcon.colcon_core.package_identification[0m [1;30mLevel 1[0m _identify(src) by extensions ['ros']
[0.602s] [34mcolcon.colcon_core.package_identification[0m [1;30mLevel 1[0m _identify(src) by extension 'ros'
[0.602s] [34mcolcon.colcon_core.package_identification[0m [1;30mLevel 1[0m _identify(src) by extensions ['cmake', 'python']
[0.602s] [34mcolcon.colcon_core.package_identification[0m [1;30mLevel 1[0m _identify(src) by extension 'cmake'
[0.602s] [34mcolcon.colcon_core.package_identification[0m [1;30mLevel 1[0m _identify(src) by extension 'python'
[0.602s] [34mcolcon.colcon_core.package_identification[0m [1;30mLevel 1[0m _identify(src) by extensions ['python_setup_py']
[0.602s] [34mcolcon.colcon_core.package_identification[0m [1;30mLevel 1[0m _identify(src) by extension 'python_setup_py'
[0.602s] [34mcolcon.colcon_core.package_identification[0m [1;30mLevel 1[0m _identify(src/conveyorbelt_gazebo) by extensions ['ignore', 'ignore_ament_install']
[0.602s] [34mcolcon.colcon_core.package_identification[0m [1;30mLevel 1[0m _identify(src/conveyorbelt_gazebo) by extension 'ignore'
[0.603s] [34mcolcon.colcon_core.package_identification[0m [1;30mLevel 1[0m _identify(src/conveyorbelt_gazebo) by extension 'ignore_ament_install'
[0.603s] [34mcolcon.colcon_core.package_identification[0m [1;30mLevel 1[0m _identify(src/conveyorbelt_gazebo) by extensions ['colcon_pkg']
[0.603s] [34mcolcon.colcon_core.package_identification[0m [1;30mLevel 1[0m _identify(src/conveyorbelt_gazebo) by extension 'colcon_pkg'
[0.603s] [34mcolcon.colcon_core.package_identification[0m [1;30mLevel 1[0m _identify(src/conveyorbelt_gazebo) by extensions ['colcon_meta']
[0.603s] [34mcolcon.colcon_core.package_identification[0m [1;30mLevel 1[0m _identify(src/conveyorbelt_gazebo) by extension 'colcon_meta'
[0.603s] [34mcolcon.colcon_core.package_identification[0m [1;30mLevel 1[0m _identify(src/conveyorbelt_gazebo) by extensions ['ros']
[0.603s] [34mcolcon.colcon_core.package_identification[0m [1;30mLevel 1[0m _identify(src/conveyorbelt_gazebo) by extension 'ros'
[0.632s] [34mcolcon.colcon_core.package_identification[0m [1;30mDEBUG[0m [32mPackage 'src/conveyorbelt_gazebo' with type 'ros.ament_cmake' and name 'conveyorbelt_gazebo'[0m
[0.633s] [34mcolcon.colcon_core.package_identification[0m [1;30mLevel 1[0m _identify(src/conveyorbelt_msgs) by extensions ['ignore', 'ignore_ament_install']
[0.633s] [34mcolcon.colcon_core.package_identification[0m [1;30mLevel 1[0m _identify(src/conveyorbelt_msgs) by extension 'ignore'
[0.633s] [34mcolcon.colcon_core.package_identification[0m [1;30mLevel 1[0m _identify(src/conveyorbelt_msgs) by extension 'ignore_ament_install'
[0.633s] [34mcolcon.colcon_core.package_identification[0m [1;30mLevel 1[0m _identify(src/conveyorbelt_msgs) by extensions ['colcon_pkg']
[0.633s] [34mcolcon.colcon_core.package_identification[0m [1;30mLevel 1[0m _identify(src/conveyorbelt_msgs) by extension 'colcon_pkg'
[0.633s] [34mcolcon.colcon_core.package_identification[0m [1;30mLevel 1[0m _identify(src/conveyorbelt_msgs) by extensions ['colcon_meta']
[0.633s] [34mcolcon.colcon_core.package_identification[0m [1;30mLevel 1[0m _identify(src/conveyorbelt_msgs) by extension 'colcon_meta'
[0.633s] [34mcolcon.colcon_core.package_identification[0m [1;30mLevel 1[0m _identify(src/conveyorbelt_msgs) by extensions ['ros']
[0.633s] [34mcolcon.colcon_core.package_identification[0m [1;30mLevel 1[0m _identify(src/conveyorbelt_msgs) by extension 'ros'
[0.639s] [34mcolcon.colcon_core.package_identification[0m [1;30mDEBUG[0m [32mPackage 'src/conveyorbelt_msgs' with type 'ros.ament_cmake' and name 'conveyorbelt_msgs'[0m
[0.639s] [34mcolcon.colcon_core.package_identification[0m [1;30mLevel 1[0m _identify(src/ros2_conveyorbelt) by extensions ['ignore', 'ignore_ament_install']
[0.640s] [34mcolcon.colcon_core.package_identification[0m [1;30mLevel 1[0m _identify(src/ros2_conveyorbelt) by extension 'ignore'
[0.640s] [34mcolcon.colcon_core.package_identification[0m [1;30mLevel 1[0m _identify(src/ros2_conveyorbelt) by extension 'ignore_ament_install'
[0.640s] [34mcolcon.colcon_core.package_identification[0m [1;30mLevel 1[0m _identify(src/ros2_conveyorbelt) by extensions ['colcon_pkg']
[0.640s] [34mcolcon.colcon_core.package_identification[0m [1;30mLevel 1[0m _identify(src/ros2_conveyorbelt) by extension 'colcon_pkg'
[0.640s] [34mcolcon.colcon_core.package_identification[0m [1;30mLevel 1[0m _identify(src/ros2_conveyorbelt) by extensions ['colcon_meta']
[0.640s] [34mcolcon.colcon_core.package_identification[0m [1;30mLevel 1[0m _identify(src/ros2_conveyorbelt) by extension 'colcon_meta'
[0.640s] [34mcolcon.colcon_core.package_identification[0m [1;30mLevel 1[0m _identify(src/ros2_conveyorbelt) by extensions ['ros']
[0.640s] [34mcolcon.colcon_core.package_identification[0m [1;30mLevel 1[0m _identify(src/ros2_conveyorbelt) by extension 'ros'
[0.642s] [34mcolcon.colcon_core.package_identification[0m [1;30mDEBUG[0m [32mPackage 'src/ros2_conveyorbelt' with type 'ros.ament_cmake' and name 'ros2_conveyorbelt'[0m
[0.642s] [34mcolcon.colcon_core.package_identification[0m [1;30mLevel 1[0m _identify(src/ur5) by extensions ['ignore', 'ignore_ament_install']
[0.643s] [34mcolcon.colcon_core.package_identification[0m [1;30mLevel 1[0m _identify(src/ur5) by extension 'ignore'
[0.643s] [34mcolcon.colcon_core.package_identification[0m [1;30mLevel 1[0m _identify(src/ur5) by extension 'ignore_ament_install'
[0.643s] [34mcolcon.colcon_core.package_identification[0m [1;30mLevel 1[0m _identify(src/ur5) by extensions ['colcon_pkg']
[0.643s] [34mcolcon.colcon_core.package_identification[0m [1;30mLevel 1[0m _identify(src/ur5) by extension 'colcon_pkg'
[0.643s] [34mcolcon.colcon_core.package_identification[0m [1;30mLevel 1[0m _identify(src/ur5) by extensions ['colcon_meta']
[0.643s] [34mcolcon.colcon_core.package_identification[0m [1;30mLevel 1[0m _identify(src/ur5) by extension 'colcon_meta'
[0.643s] [34mcolcon.colcon_core.package_identification[0m [1;30mLevel 1[0m _identify(src/ur5) by extensions ['ros']
[0.643s] [34mcolcon.colcon_core.package_identification[0m [1;30mLevel 1[0m _identify(src/ur5) by extension 'ros'
[0.662s] [34mcolcon.colcon_core.package_identification[0m [1;30mDEBUG[0m [32mPackage 'src/ur5' with type 'ros.ament_python' and name 'ur5'[0m
[0.662s] [34mcolcon.colcon_core.package_discovery[0m [1;30mLevel 1[0m discover_packages(recursive) using defaults
[0.663s] [34mcolcon.colcon_core.package_discovery[0m [1;30mLevel 1[0m discover_packages(ignore) discover
[0.663s] [34mcolcon.colcon_core.package_discovery[0m [1;30mLevel 1[0m discover_packages(ignore) using defaults
[0.663s] [34mcolcon.colcon_core.package_discovery[0m [1;30mLevel 1[0m discover_packages(path) discover
[0.663s] [34mcolcon.colcon_core.package_discovery[0m [1;30mLevel 1[0m discover_packages(path) using defaults
[0.713s] [34mcolcon.colcon_core.package_discovery[0m [1;30mLevel 1[0m discover_packages(prefix_path) check parameters
[0.713s] [34mcolcon.colcon_core.package_discovery[0m [1;30mLevel 1[0m discover_packages(prefix_path) discover
[0.722s] [34mcolcon.colcon_installed_package_information.package_discovery[0m [1;30mDEBUG[0m [32mFound 4 installed packages in /mnt/Storage/Documents/MIT/Books/Robotics-2_Lab/Mini_Project/install[0m
[0.727s] [34mcolcon.colcon_installed_package_information.package_discovery[0m [1;30mDEBUG[0m [32mFound 55 installed packages in /home/srikar/ws_moveit2/install[0m
[0.733s] [34mcolcon.colcon_installed_package_information.package_discovery[0m [1;30mDEBUG[0m [32mFound 439 installed packages in /opt/ros/humble[0m
[0.741s] [34mcolcon.colcon_core.package_discovery[0m [1;30mLevel 1[0m discover_packages(prefix_path) using defaults
[0.959s] [34mcolcon.colcon_core.verb[0m [1;30mLevel 5[0m set package 'conveyorbelt_gazebo' build argument 'cmake_args' from command line to 'None'
[0.959s] [34mcolcon.colcon_core.verb[0m [1;30mLevel 5[0m set package 'conveyorbelt_gazebo' build argument 'cmake_target' from command line to 'None'
[0.959s] [34mcolcon.colcon_core.verb[0m [1;30mLevel 5[0m set package 'conveyorbelt_gazebo' build argument 'cmake_target_skip_unavailable' from command line to 'False'
[0.959s] [34mcolcon.colcon_core.verb[0m [1;30mLevel 5[0m set package 'conveyorbelt_gazebo' build argument 'cmake_clean_cache' from command line to 'False'
[0.959s] [34mcolcon.colcon_core.verb[0m [1;30mLevel 5[0m set package 'conveyorbelt_gazebo' build argument 'cmake_clean_first' from command line to 'False'
[0.959s] [34mcolcon.colcon_core.verb[0m [1;30mLevel 5[0m set package 'conveyorbelt_gazebo' build argument 'cmake_force_configure' from command line to 'False'
[0.959s] [34mcolcon.colcon_core.verb[0m [1;30mLevel 5[0m set package 'conveyorbelt_gazebo' build argument 'ament_cmake_args' from command line to 'None'
[0.959s] [34mcolcon.colcon_core.verb[0m [1;30mLevel 5[0m set package 'conveyorbelt_gazebo' build argument 'catkin_cmake_args' from command line to 'None'
[0.959s] [34mcolcon.colcon_core.verb[0m [1;30mLevel 5[0m set package 'conveyorbelt_gazebo' build argument 'catkin_skip_building_tests' from command line to 'False'
[0.959s] [34mcolcon.colcon_core.verb[0m [1;30mDEBUG[0m [32mBuilding package 'conveyorbelt_gazebo' with the following arguments: {'ament_cmake_args': None, 'build_base': '/mnt/Storage/Documents/MIT/Books/Robotics-2_Lab/Mini_Project/build/conveyorbelt_gazebo', 'catkin_cmake_args': None, 'catkin_skip_building_tests': False, 'cmake_args': None, 'cmake_clean_cache': False, 'cmake_clean_first': False, 'cmake_force_configure': False, 'cmake_target': None, 'cmake_target_skip_unavailable': False, 'install_base': '/mnt/Storage/Documents/MIT/Books/Robotics-2_Lab/Mini_Project/install/conveyorbelt_gazebo', 'merge_install': False, 'path': '/mnt/Storage/Documents/MIT/Books/Robotics-2_Lab/Mini_Project/src/conveyorbelt_gazebo', 'symlink_install': False, 'test_result_base': None}[0m
[0.961s] [34mcolcon.colcon_core.verb[0m [1;30mLevel 5[0m set package 'conveyorbelt_msgs' build argument 'cmake_args' from command line to 'None'
[0.961s] [34mcolcon.colcon_core.verb[0m [1;30mLevel 5[0m set package 'conveyorbelt_msgs' build argument 'cmake_target' from command line to 'None'
[0.961s] [34mcolcon.colcon_core.verb[0m [1;30mLevel 5[0m set package 'conveyorbelt_msgs' build argument 'cmake_target_skip_unavailable' from command line to 'False'
[0.961s] [34mcolcon.colcon_core.verb[0m [1;30mLevel 5[0m set package 'conveyorbelt_msgs' build argument 'cmake_clean_cache' from command line to 'False'
[0.961s] [34mcolcon.colcon_core.verb[0m [1;30mLevel 5[0m set package 'conveyorbelt_msgs' build argument 'cmake_clean_first' from command line to 'False'
[0.961s] [34mcolcon.colcon_core.verb[0m [1;30mLevel 5[0m set package 'conveyorbelt_msgs' build argument 'cmake_force_configure' from command line to 'False'
[0.961s] [34mcolcon.colcon_core.verb[0m [1;30mLevel 5[0m set package 'conveyorbelt_msgs' build argument 'ament_cmake_args' from command line to 'None'
[0.961s] [34mcolcon.colcon_core.verb[0m [1;30mLevel 5[0m set package 'conveyorbelt_msgs' build argument 'catkin_cmake_args' from command line to 'None'
[0.961s] [34mcolcon.colcon_core.verb[0m [1;30mLevel 5[0m set package 'conveyorbelt_msgs' build argument 'catkin_skip_building_tests' from command line to 'False'
[0.961s] [34mcolcon.colcon_core.verb[0m [1;30mDEBUG[0m [32mBuilding package 'conveyorbelt_msgs' with the following arguments: {'ament_cmake_args': None, 'build_base': '/mnt/Storage/Documents/MIT/Books/Robotics-2_Lab/Mini_Project/build/conveyorbelt_msgs', 'catkin_cmake_args': None, 'catkin_skip_building_tests': False, 'cmake_args': None, 'cmake_clean_cache': False, 'cmake_clean_first': False, 'cmake_force_configure': False, 'cmake_target': None, 'cmake_target_skip_unavailable': False, 'install_base': '/mnt/Storage/Documents/MIT/Books/Robotics-2_Lab/Mini_Project/install/conveyorbelt_msgs', 'merge_install': False, 'path': '/mnt/Storage/Documents/MIT/Books/Robotics-2_Lab/Mini_Project/src/conveyorbelt_msgs', 'symlink_install': False, 'test_result_base': None}[0m
[0.962s] [34mcolcon.colcon_core.verb[0m [1;30mLevel 5[0m set package 'ur5' build argument 'cmake_args' from command line to 'None'
[0.962s] [34mcolcon.colcon_core.verb[0m [1;30mLevel 5[0m set package 'ur5' build argument 'cmake_target' from command line to 'None'
[0.962s] [34mcolcon.colcon_core.verb[0m [1;30mLevel 5[0m set package 'ur5' build argument 'cmake_target_skip_unavailable' from command line to 'False'
[0.962s] [34mcolcon.colcon_core.verb[0m [1;30mLevel 5[0m set package 'ur5' build argument 'cmake_clean_cache' from command line to 'False'
[0.962s] [34mcolcon.colcon_core.verb[0m [1;30mLevel 5[0m set package 'ur5' build argument 'cmake_clean_first' from command line to 'False'
[0.962s] [34mcolcon.colcon_core.verb[0m [1;30mLevel 5[0m set package 'ur5' build argument 'cmake_force_configure' from command line to 'False'
[0.963s] [34mcolcon.colcon_core.verb[0m [1;30mLevel 5[0m set package 'ur5' build argument 'ament_cmake_args' from command line to 'None'
[0.963s] [34mcolcon.colcon_core.verb[0m [1;30mLevel 5[0m set package 'ur5' build argument 'catkin_cmake_args' from command line to 'None'
[0.963s] [34mcolcon.colcon_core.verb[0m [1;30mLevel 5[0m set package 'ur5' build argument 'catkin_skip_building_tests' from command line to 'False'
[0.963s] [34mcolcon.colcon_core.verb[0m [1;30mDEBUG[0m [32mBuilding package 'ur5' with the following arguments: {'ament_cmake_args': None, 'build_base': '/mnt/Storage/Documents/MIT/Books/Robotics-2_Lab/Mini_Project/build/ur5', 'catkin_cmake_args': None, 'catkin_skip_building_tests': False, 'cmake_args': None, 'cmake_clean_cache': False, 'cmake_clean_first': False, 'cmake_force_configure': False, 'cmake_target': None, 'cmake_target_skip_unavailable': False, 'install_base': '/mnt/Storage/Documents/MIT/Books/Robotics-2_Lab/Mini_Project/install/ur5', 'merge_install': False, 'path': '/mnt/Storage/Documents/MIT/Books/Robotics-2_Lab/Mini_Project/src/ur5', 'symlink_install': False, 'test_result_base': None}[0m
[0.964s] [34mcolcon.colcon_core.verb[0m [1;30mLevel 5[0m set package 'ros2_conveyorbelt' build argument 'cmake_args' from command line to 'None'
[0.964s] [34mcolcon.colcon_core.verb[0m [1;30mLevel 5[0m set package 'ros2_conveyorbelt' build argument 'cmake_target' from command line to 'None'
[0.964s] [34mcolcon.colcon_core.verb[0m [1;30mLevel 5[0m set package 'ros2_conveyorbelt' build argument 'cmake_target_skip_unavailable' from command line to 'False'
[0.964s] [34mcolcon.colcon_core.verb[0m [1;30mLevel 5[0m set package 'ros2_conveyorbelt' build argument 'cmake_clean_cache' from command line to 'False'
[0.964s] [34mcolcon.colcon_core.verb[0m [1;30mLevel 5[0m set package 'ros2_conveyorbelt' build argument 'cmake_clean_first' from command line to 'False'
[0.964s] [34mcolcon.colcon_core.verb[0m [1;30mLevel 5[0m set package 'ros2_conveyorbelt' build argument 'cmake_force_configure' from command line to 'False'
[0.964s] [34mcolcon.colcon_core.verb[0m [1;30mLevel 5[0m set package 'ros2_conveyorbelt' build argument 'ament_cmake_args' from command line to 'None'
[0.964s] [34mcolcon.colcon_core.verb[0m [1;30mLevel 5[0m set package 'ros2_conveyorbelt' build argument 'catkin_cmake_args' from command line to 'None'
[0.964s] [34mcolcon.colcon_core.verb[0m [1;30mLevel 5[0m set package 'ros2_conveyorbelt' build argument 'catkin_skip_building_tests' from command line to 'False'
[0.964s] [34mcolcon.colcon_core.verb[0m [1;30mDEBUG[0m [32mBuilding package 'ros2_conveyorbelt' with the following arguments: {'ament_cmake_args': None, 'build_base': '/mnt/Storage/Documents/MIT/Books/Robotics-2_Lab/Mini_Project/build/ros2_conveyorbelt', 'catkin_cmake_args': None, 'catkin_skip_building_tests': False, 'cmake_args': None, 'cmake_clean_cache': False, 'cmake_clean_first': False, 'cmake_force_configure': False, 'cmake_target': None, 'cmake_target_skip_unavailable': False, 'install_base': '/mnt/Storage/Documents/MIT/Books/Robotics-2_Lab/Mini_Project/install/ros2_conveyorbelt', 'merge_install': False, 'path': '/mnt/Storage/Documents/MIT/Books/Robotics-2_Lab/Mini_Project/src/ros2_conveyorbelt', 'symlink_install': False, 'test_result_base': None}[0m
[0.965s] [34mcolcon.colcon_core.executor[0m [1;30mINFO[0m Executing jobs using 'parallel' executor
[0.967s] [34mcolcon.colcon_parallel_executor.executor.parallel[0m [1;30mDEBUG[0m [32mrun_until_complete[0m
[0.967s] [34mcolcon.colcon_ros.task.ament_cmake.build[0m [1;30mINFO[0m Building ROS package in '/mnt/Storage/Documents/MIT/Books/Robotics-2_Lab/Mini_Project/src/conveyorbelt_msgs' with build type 'ament_cmake'
[0.967s] [34mcolcon.colcon_cmake.task.cmake.build[0m [1;30mINFO[0m Building CMake package in '/mnt/Storage/Documents/MIT/Books/Robotics-2_Lab/Mini_Project/src/conveyorbelt_msgs'
[0.978s] [34mcolcon.colcon_core.plugin_system[0m [1;30mINFO[0m Skipping extension 'colcon_core.shell.bat': Not used on non-Windows systems
[0.978s] [34mcolcon.colcon_core.shell[0m [1;30mINFO[0m Skip shell extension 'powershell' for command environment: Not usable outside of PowerShell
[0.979s] [34mcolcon.colcon_core.shell[0m [1;30mDEBUG[0m [32mSkip shell extension 'dsv' for command environment[0m
[0.990s] [34mcolcon.colcon_ros.task.ament_cmake.build[0m [1;30mINFO[0m Building ROS package in '/mnt/Storage/Documents/MIT/Books/Robotics-2_Lab/Mini_Project/src/conveyorbelt_gazebo' with build type 'ament_cmake'
[0.990s] [34mcolcon.colcon_cmake.task.cmake.build[0m [1;30mINFO[0m Building CMake package in '/mnt/Storage/Documents/MIT/Books/Robotics-2_Lab/Mini_Project/src/conveyorbelt_gazebo'
[0.991s] [34mcolcon.colcon_core.shell[0m [1;30mINFO[0m Skip shell extension 'powershell' for command environment: Not usable outside of PowerShell
[0.991s] [34mcolcon.colcon_core.shell[0m [1;30mDEBUG[0m [32mSkip shell extension 'dsv' for command environment[0m
[1.007s] [34mcolcon.colcon_ros.task.ament_python.build[0m [1;30mINFO[0m Building ROS package in '/mnt/Storage/Documents/MIT/Books/Robotics-2_Lab/Mini_Project/src/ur5' with build type 'ament_python'
[1.007s] [34mcolcon.colcon_core.shell[0m [1;30mLevel 1[0m create_environment_hook('ur5', 'ament_prefix_path')
[1.008s] [34mcolcon.colcon_core.shell[0m [1;30mINFO[0m Creating environment hook '/mnt/Storage/Documents/MIT/Books/Robotics-2_Lab/Mini_Project/install/ur5/share/ur5/hook/ament_prefix_path.ps1'
[1.010s] [34mcolcon.colcon_core.shell[0m [1;30mINFO[0m Creating environment descriptor '/mnt/Storage/Documents/MIT/Books/Robotics-2_Lab/Mini_Project/install/ur5/share/ur5/hook/ament_prefix_path.dsv'
[1.011s] [34mcolcon.colcon_core.shell[0m [1;30mINFO[0m Creating environment hook '/mnt/Storage/Documents/MIT/Books/Robotics-2_Lab/Mini_Project/install/ur5/share/ur5/hook/ament_prefix_path.sh'
[1.013s] [34mcolcon.colcon_core.shell[0m [1;30mINFO[0m Skip shell extension 'powershell' for command environment: Not usable outside of PowerShell
[1.013s] [34mcolcon.colcon_core.shell[0m [1;30mDEBUG[0m [32mSkip shell extension 'dsv' for command environment[0m
[1.055s] [34mcolcon.colcon_core.event_handler.log_command[0m [1;30mDEBUG[0m [32mInvoking command in '/mnt/Storage/Documents/MIT/Books/Robotics-2_Lab/Mini_Project/build/conveyorbelt_msgs': CMAKE_PREFIX_PATH=${CMAKE_PREFIX_PATH}:/mnt/Storage/Documents/MIT/Books/Robotics-2_Lab/Mini_Project/install/ur5:/home/srikar/ws_moveit2/install/moveit_configs_utils:/home/srikar/ws_moveit2/install/launch_param_builder:/opt/ros/humble /usr/bin/cmake --build /mnt/Storage/Documents/MIT/Books/Robotics-2_Lab/Mini_Project/build/conveyorbelt_msgs -- -j8 -l8[0m
[1.076s] [34mcolcon.colcon_core.event_handler.log_command[0m [1;30mDEBUG[0m [32mInvoking command in '/mnt/Storage/Documents/MIT/Books/Robotics-2_Lab/Mini_Project/build/conveyorbelt_gazebo': CMAKE_PREFIX_PATH=${CMAKE_PREFIX_PATH}:/mnt/Storage/Documents/MIT/Books/Robotics-2_Lab/Mini_Project/install/ur5:/home/srikar/ws_moveit2/install/moveit_configs_utils:/home/srikar/ws_moveit2/install/launch_param_builder:/opt/ros/humble /usr/bin/cmake --build /mnt/Storage/Documents/MIT/Books/Robotics-2_Lab/Mini_Project/build/conveyorbelt_gazebo -- -j8 -l8[0m
[1.634s] [34mcolcon.colcon_core.task.python.build[0m [1;30mINFO[0m Building Python package in '/mnt/Storage/Documents/MIT/Books/Robotics-2_Lab/Mini_Project/src/ur5'
[1.634s] [34mcolcon.colcon_core.shell[0m [1;30mINFO[0m Skip shell extension 'powershell' for command environment: Not usable outside of PowerShell
[1.634s] [34mcolcon.colcon_core.shell[0m [1;30mDEBUG[0m [32mSkip shell extension 'dsv' for command environment[0m
[1.651s] [34mcolcon.colcon_core.event_handler.log_command[0m [1;30mDEBUG[0m [32mInvoked command in '/mnt/Storage/Documents/MIT/Books/Robotics-2_Lab/Mini_Project/build/conveyorbelt_gazebo' returned '0': CMAKE_PREFIX_PATH=${CMAKE_PREFIX_PATH}:/mnt/Storage/Documents/MIT/Books/Robotics-2_Lab/Mini_Project/install/ur5:/home/srikar/ws_moveit2/install/moveit_configs_utils:/home/srikar/ws_moveit2/install/launch_param_builder:/opt/ros/humble /usr/bin/cmake --build /mnt/Storage/Documents/MIT/Books/Robotics-2_Lab/Mini_Project/build/conveyorbelt_gazebo -- -j8 -l8[0m
[1.736s] [34mcolcon.colcon_core.event_handler.log_command[0m [1;30mDEBUG[0m [32mInvoking command in '/mnt/Storage/Documents/MIT/Books/Robotics-2_Lab/Mini_Project/build/conveyorbelt_gazebo': CMAKE_PREFIX_PATH=${CMAKE_PREFIX_PATH}:/mnt/Storage/Documents/MIT/Books/Robotics-2_Lab/Mini_Project/install/ur5:/home/srikar/ws_moveit2/install/moveit_configs_utils:/home/srikar/ws_moveit2/install/launch_param_builder:/opt/ros/humble /usr/bin/cmake --install /mnt/Storage/Documents/MIT/Books/Robotics-2_Lab/Mini_Project/build/conveyorbelt_gazebo[0m
[1.763s] [34mcolcon.colcon_core.environment[0m [1;30mLevel 1[0m create_environment_scripts_only(conveyorbelt_gazebo)
[1.766s] [34mcolcon.colcon_core.event_handler.log_command[0m [1;30mDEBUG[0m [32mInvoked command in '/mnt/Storage/Documents/MIT/Books/Robotics-2_Lab/Mini_Project/build/conveyorbelt_gazebo' returned '0': CMAKE_PREFIX_PATH=${CMAKE_PREFIX_PATH}:/mnt/Storage/Documents/MIT/Books/Robotics-2_Lab/Mini_Project/install/ur5:/home/srikar/ws_moveit2/install/moveit_configs_utils:/home/srikar/ws_moveit2/install/launch_param_builder:/opt/ros/humble /usr/bin/cmake --install /mnt/Storage/Documents/MIT/Books/Robotics-2_Lab/Mini_Project/build/conveyorbelt_gazebo[0m
[1.782s] [34mcolcon.colcon_core.environment[0m [1;30mLevel 1[0m checking '/mnt/Storage/Documents/MIT/Books/Robotics-2_Lab/Mini_Project/install/conveyorbelt_gazebo' for CMake module files
[1.783s] [34mcolcon.colcon_core.environment[0m [1;30mLevel 1[0m checking '/mnt/Storage/Documents/MIT/Books/Robotics-2_Lab/Mini_Project/install/conveyorbelt_gazebo' for CMake config files
[1.784s] [34mcolcon.colcon_core.shell[0m [1;30mLevel 1[0m create_environment_hook('conveyorbelt_gazebo', 'cmake_prefix_path')
[1.787s] [34mcolcon.colcon_core.shell[0m [1;30mINFO[0m Creating environment hook '/mnt/Storage/Documents/MIT/Books/Robotics-2_Lab/Mini_Project/install/conveyorbelt_gazebo/share/conveyorbelt_gazebo/hook/cmake_prefix_path.ps1'
[1.788s] [34mcolcon.colcon_core.shell[0m [1;30mINFO[0m Creating environment descriptor '/mnt/Storage/Documents/MIT/Books/Robotics-2_Lab/Mini_Project/install/conveyorbelt_gazebo/share/conveyorbelt_gazebo/hook/cmake_prefix_path.dsv'
[1.790s] [34mcolcon.colcon_core.shell[0m [1;30mINFO[0m Creating environment hook '/mnt/Storage/Documents/MIT/Books/Robotics-2_Lab/Mini_Project/install/conveyorbelt_gazebo/share/conveyorbelt_gazebo/hook/cmake_prefix_path.sh'
[1.791s] [34mcolcon.colcon_core.environment[0m [1;30mLevel 1[0m checking '/mnt/Storage/Documents/MIT/Books/Robotics-2_Lab/Mini_Project/install/conveyorbelt_gazebo/bin'
[1.792s] [34mcolcon.colcon_core.environment[0m [1;30mLevel 1[0m checking '/mnt/Storage/Documents/MIT/Books/Robotics-2_Lab/Mini_Project/install/conveyorbelt_gazebo/lib/pkgconfig/conveyorbelt_gazebo.pc'
[1.792s] [34mcolcon.colcon_core.environment[0m [1;30mLevel 1[0m checking '/mnt/Storage/Documents/MIT/Books/Robotics-2_Lab/Mini_Project/install/conveyorbelt_gazebo/lib/python3.10/site-packages'
[1.793s] [34mcolcon.colcon_core.environment[0m [1;30mLevel 1[0m checking '/mnt/Storage/Documents/MIT/Books/Robotics-2_Lab/Mini_Project/install/conveyorbelt_gazebo/bin'
[1.799s] [34mcolcon.colcon_core.shell[0m [1;30mINFO[0m Creating package script '/mnt/Storage/Documents/MIT/Books/Robotics-2_Lab/Mini_Project/install/conveyorbelt_gazebo/share/conveyorbelt_gazebo/package.ps1'
[1.803s] [34mcolcon.colcon_core.shell[0m [1;30mINFO[0m Creating package descriptor '/mnt/Storage/Documents/MIT/Books/Robotics-2_Lab/Mini_Project/install/conveyorbelt_gazebo/share/conveyorbelt_gazebo/package.dsv'
[1.806s] [34mcolcon.colcon_core.shell[0m [1;30mINFO[0m Creating package script '/mnt/Storage/Documents/MIT/Books/Robotics-2_Lab/Mini_Project/install/conveyorbelt_gazebo/share/conveyorbelt_gazebo/package.sh'
[1.808s] [34mcolcon.colcon_core.shell[0m [1;30mINFO[0m Creating package script '/mnt/Storage/Documents/MIT/Books/Robotics-2_Lab/Mini_Project/install/conveyorbelt_gazebo/share/conveyorbelt_gazebo/package.bash'
[1.810s] [34mcolcon.colcon_core.shell[0m [1;30mINFO[0m Creating package script '/mnt/Storage/Documents/MIT/Books/Robotics-2_Lab/Mini_Project/install/conveyorbelt_gazebo/share/conveyorbelt_gazebo/package.zsh'
[1.812s] [34mcolcon.colcon_core.environment[0m [1;30mLevel 1[0m create_file_with_runtime_dependencies(/mnt/Storage/Documents/MIT/Books/Robotics-2_Lab/Mini_Project/install/conveyorbelt_gazebo/share/colcon-core/packages/conveyorbelt_gazebo)
[1.877s] [34mcolcon.colcon_core.environment[0m [1;30mLevel 1[0m create_environment_scripts_only(conveyorbelt_gazebo)
[1.880s] [34mcolcon.colcon_core.environment[0m [1;30mLevel 1[0m checking '/mnt/Storage/Documents/MIT/Books/Robotics-2_Lab/Mini_Project/install/conveyorbelt_gazebo' for CMake module files
[1.881s] [34mcolcon.colcon_core.environment[0m [1;30mLevel 1[0m checking '/mnt/Storage/Documents/MIT/Books/Robotics-2_Lab/Mini_Project/install/conveyorbelt_gazebo' for CMake config files
[1.885s] [34mcolcon.colcon_core.shell[0m [1;30mLevel 1[0m create_environment_hook('conveyorbelt_gazebo', 'cmake_prefix_path')
[1.886s] [34mcolcon.colcon_core.shell[0m [1;30mINFO[0m Creating environment hook '/mnt/Storage/Documents/MIT/Books/Robotics-2_Lab/Mini_Project/install/conveyorbelt_gazebo/share/conveyorbelt_gazebo/hook/cmake_prefix_path.ps1'
[1.887s] [34mcolcon.colcon_core.shell[0m [1;30mINFO[0m Creating environment descriptor '/mnt/Storage/Documents/MIT/Books/Robotics-2_Lab/Mini_Project/install/conveyorbelt_gazebo/share/conveyorbelt_gazebo/hook/cmake_prefix_path.dsv'
[1.888s] [34mcolcon.colcon_core.shell[0m [1;30mINFO[0m Creating environment hook '/mnt/Storage/Documents/MIT/Books/Robotics-2_Lab/Mini_Project/install/conveyorbelt_gazebo/share/conveyorbelt_gazebo/hook/cmake_prefix_path.sh'
[1.890s] [34mcolcon.colcon_core.environment[0m [1;30mLevel 1[0m checking '/mnt/Storage/Documents/MIT/Books/Robotics-2_Lab/Mini_Project/install/conveyorbelt_gazebo/bin'
[1.890s] [34mcolcon.colcon_core.environment[0m [1;30mLevel 1[0m checking '/mnt/Storage/Documents/MIT/Books/Robotics-2_Lab/Mini_Project/install/conveyorbelt_gazebo/lib/pkgconfig/conveyorbelt_gazebo.pc'
[1.891s] [34mcolcon.colcon_core.environment[0m [1;30mLevel 1[0m checking '/mnt/Storage/Documents/MIT/Books/Robotics-2_Lab/Mini_Project/install/conveyorbelt_gazebo/lib/python3.10/site-packages'
[1.895s] [34mcolcon.colcon_core.environment[0m [1;30mLevel 1[0m checking '/mnt/Storage/Documents/MIT/Books/Robotics-2_Lab/Mini_Project/install/conveyorbelt_gazebo/bin'
[1.896s] [34mcolcon.colcon_core.shell[0m [1;30mINFO[0m Creating package script '/mnt/Storage/Documents/MIT/Books/Robotics-2_Lab/Mini_Project/install/conveyorbelt_gazebo/share/conveyorbelt_gazebo/package.ps1'
[1.897s] [34mcolcon.colcon_core.shell[0m [1;30mINFO[0m Creating package descriptor '/mnt/Storage/Documents/MIT/Books/Robotics-2_Lab/Mini_Project/install/conveyorbelt_gazebo/share/conveyorbelt_gazebo/package.dsv'
[1.898s] [34mcolcon.colcon_core.shell[0m [1;30mINFO[0m Creating package script '/mnt/Storage/Documents/MIT/Books/Robotics-2_Lab/Mini_Project/install/conveyorbelt_gazebo/share/conveyorbelt_gazebo/package.sh'
[1.901s] [34mcolcon.colcon_core.shell[0m [1;30mINFO[0m Creating package script '/mnt/Storage/Documents/MIT/Books/Robotics-2_Lab/Mini_Project/install/conveyorbelt_gazebo/share/conveyorbelt_gazebo/package.bash'
[1.905s] [34mcolcon.colcon_core.shell[0m [1;30mINFO[0m Creating package script '/mnt/Storage/Documents/MIT/Books/Robotics-2_Lab/Mini_Project/install/conveyorbelt_gazebo/share/conveyorbelt_gazebo/package.zsh'
[1.906s] [34mcolcon.colcon_core.environment[0m [1;30mLevel 1[0m create_file_with_runtime_dependencies(/mnt/Storage/Documents/MIT/Books/Robotics-2_Lab/Mini_Project/install/conveyorbelt_gazebo/share/colcon-core/packages/conveyorbelt_gazebo)
[2.408s] [34mcolcon.colcon_core.event_handler.log_command[0m [1;30mDEBUG[0m [32mInvoked command in '/mnt/Storage/Documents/MIT/Books/Robotics-2_Lab/Mini_Project/build/conveyorbelt_msgs' returned '0': CMAKE_PREFIX_PATH=${CMAKE_PREFIX_PATH}:/mnt/Storage/Documents/MIT/Books/Robotics-2_Lab/Mini_Project/install/ur5:/home/srikar/ws_moveit2/install/moveit_configs_utils:/home/srikar/ws_moveit2/install/launch_param_builder:/opt/ros/humble /usr/bin/cmake --build /mnt/Storage/Documents/MIT/Books/Robotics-2_Lab/Mini_Project/build/conveyorbelt_msgs -- -j8 -l8[0m
[2.685s] [34mcolcon.colcon_core.event_handler.log_command[0m [1;30mDEBUG[0m [32mInvoking command in '/mnt/Storage/Documents/MIT/Books/Robotics-2_Lab/Mini_Project/build/conveyorbelt_msgs': CMAKE_PREFIX_PATH=${CMAKE_PREFIX_PATH}:/mnt/Storage/Documents/MIT/Books/Robotics-2_Lab/Mini_Project/install/ur5:/home/srikar/ws_moveit2/install/moveit_configs_utils:/home/srikar/ws_moveit2/install/launch_param_builder:/opt/ros/humble /usr/bin/cmake --install /mnt/Storage/Documents/MIT/Books/Robotics-2_Lab/Mini_Project/build/conveyorbelt_msgs[0m
[2.909s] [34mcolcon.colcon_core.environment[0m [1;30mLevel 1[0m create_environment_scripts_only(conveyorbelt_msgs)
[2.910s] [34mcolcon.colcon_core.environment[0m [1;30mLevel 1[0m checking '/mnt/Storage/Documents/MIT/Books/Robotics-2_Lab/Mini_Project/install/conveyorbelt_msgs' for CMake module files
[2.911s] [34mcolcon.colcon_core.environment[0m [1;30mLevel 1[0m checking '/mnt/Storage/Documents/MIT/Books/Robotics-2_Lab/Mini_Project/install/conveyorbelt_msgs' for CMake config files
[2.912s] [34mcolcon.colcon_core.event_handler.log_command[0m [1;30mDEBUG[0m [32mInvoked command in '/mnt/Storage/Documents/MIT/Books/Robotics-2_Lab/Mini_Project/build/conveyorbelt_msgs' returned '0': CMAKE_PREFIX_PATH=${CMAKE_PREFIX_PATH}:/mnt/Storage/Documents/MIT/Books/Robotics-2_Lab/Mini_Project/install/ur5:/home/srikar/ws_moveit2/install/moveit_configs_utils:/home/srikar/ws_moveit2/install/launch_param_builder:/opt/ros/humble /usr/bin/cmake --install /mnt/Storage/Documents/MIT/Books/Robotics-2_Lab/Mini_Project/build/conveyorbelt_msgs[0m
[2.913s] [34mcolcon.colcon_core.shell[0m [1;30mLevel 1[0m create_environment_hook('conveyorbelt_msgs', 'cmake_prefix_path')
[2.914s] [34mcolcon.colcon_core.shell[0m [1;30mINFO[0m Creating environment hook '/mnt/Storage/Documents/MIT/Books/Robotics-2_Lab/Mini_Project/install/conveyorbelt_msgs/share/conveyorbelt_msgs/hook/cmake_prefix_path.ps1'
[2.915s] [34mcolcon.colcon_core.shell[0m [1;30mINFO[0m Creating environment descriptor '/mnt/Storage/Documents/MIT/Books/Robotics-2_Lab/Mini_Project/install/conveyorbelt_msgs/share/conveyorbelt_msgs/hook/cmake_prefix_path.dsv'
[2.916s] [34mcolcon.colcon_core.shell[0m [1;30mINFO[0m Creating environment hook '/mnt/Storage/Documents/MIT/Books/Robotics-2_Lab/Mini_Project/install/conveyorbelt_msgs/share/conveyorbelt_msgs/hook/cmake_prefix_path.sh'
[2.918s] [34mcolcon.colcon_core.environment[0m [1;30mLevel 1[0m checking '/mnt/Storage/Documents/MIT/Books/Robotics-2_Lab/Mini_Project/install/conveyorbelt_msgs/lib'
[2.919s] [34mcolcon.colcon_core.shell[0m [1;30mLevel 1[0m create_environment_hook('conveyorbelt_msgs', 'ld_library_path_lib')
[2.919s] [34mcolcon.colcon_core.shell[0m [1;30mINFO[0m Creating environment hook '/mnt/Storage/Documents/MIT/Books/Robotics-2_Lab/Mini_Project/install/conveyorbelt_msgs/share/conveyorbelt_msgs/hook/ld_library_path_lib.ps1'
[2.920s] [34mcolcon.colcon_core.shell[0m [1;30mINFO[0m Creating environment descriptor '/mnt/Storage/Documents/MIT/Books/Robotics-2_Lab/Mini_Project/install/conveyorbelt_msgs/share/conveyorbelt_msgs/hook/ld_library_path_lib.dsv'
[2.921s] [34mcolcon.colcon_core.shell[0m [1;30mINFO[0m Creating environment hook '/mnt/Storage/Documents/MIT/Books/Robotics-2_Lab/Mini_Project/install/conveyorbelt_msgs/share/conveyorbelt_msgs/hook/ld_library_path_lib.sh'
[2.922s] [34mcolcon.colcon_core.environment[0m [1;30mLevel 1[0m checking '/mnt/Storage/Documents/MIT/Books/Robotics-2_Lab/Mini_Project/install/conveyorbelt_msgs/bin'
[2.923s] [34mcolcon.colcon_core.environment[0m [1;30mLevel 1[0m checking '/mnt/Storage/Documents/MIT/Books/Robotics-2_Lab/Mini_Project/install/conveyorbelt_msgs/lib/pkgconfig/conveyorbelt_msgs.pc'
[2.923s] [34mcolcon.colcon_core.environment[0m [1;30mLevel 1[0m checking '/mnt/Storage/Documents/MIT/Books/Robotics-2_Lab/Mini_Project/install/conveyorbelt_msgs/lib/python3.10/site-packages'
[2.924s] [34mcolcon.colcon_core.environment[0m [1;30mLevel 1[0m checking '/mnt/Storage/Documents/MIT/Books/Robotics-2_Lab/Mini_Project/install/conveyorbelt_msgs/bin'
[2.925s] [34mcolcon.colcon_core.shell[0m [1;30mINFO[0m Creating package script '/mnt/Storage/Documents/MIT/Books/Robotics-2_Lab/Mini_Project/install/conveyorbelt_msgs/share/conveyorbelt_msgs/package.ps1'
[2.926s] [34mcolcon.colcon_core.shell[0m [1;30mINFO[0m Creating package descriptor '/mnt/Storage/Documents/MIT/Books/Robotics-2_Lab/Mini_Project/install/conveyorbelt_msgs/share/conveyorbelt_msgs/package.dsv'
[2.928s] [34mcolcon.colcon_core.shell[0m [1;30mINFO[0m Creating package script '/mnt/Storage/Documents/MIT/Books/Robotics-2_Lab/Mini_Project/install/conveyorbelt_msgs/share/conveyorbelt_msgs/package.sh'
[2.930s] [34mcolcon.colcon_core.shell[0m [1;30mINFO[0m Creating package script '/mnt/Storage/Documents/MIT/Books/Robotics-2_Lab/Mini_Project/install/conveyorbelt_msgs/share/conveyorbelt_msgs/package.bash'
[2.933s] [34mcolcon.colcon_core.shell[0m [1;30mINFO[0m Creating package script '/mnt/Storage/Documents/MIT/Books/Robotics-2_Lab/Mini_Project/install/conveyorbelt_msgs/share/conveyorbelt_msgs/package.zsh'
[2.935s] [34mcolcon.colcon_core.environment[0m [1;30mLevel 1[0m create_file_with_runtime_dependencies(/mnt/Storage/Documents/MIT/Books/Robotics-2_Lab/Mini_Project/install/conveyorbelt_msgs/share/colcon-core/packages/conveyorbelt_msgs)
[3.253s] [34mcolcon.colcon_core.environment[0m [1;30mLevel 1[0m create_environment_scripts_only(conveyorbelt_msgs)
[3.254s] [34mcolcon.colcon_core.environment[0m [1;30mLevel 1[0m checking '/mnt/Storage/Documents/MIT/Books/Robotics-2_Lab/Mini_Project/install/conveyorbelt_msgs' for CMake module files
[3.255s] [34mcolcon.colcon_core.environment[0m [1;30mLevel 1[0m checking '/mnt/Storage/Documents/MIT/Books/Robotics-2_Lab/Mini_Project/install/conveyorbelt_msgs' for CMake config files
[3.256s] [34mcolcon.colcon_core.shell[0m [1;30mLevel 1[0m create_environment_hook('conveyorbelt_msgs', 'cmake_prefix_path')
[3.257s] [34mcolcon.colcon_core.shell[0m [1;30mINFO[0m Creating environment hook '/mnt/Storage/Documents/MIT/Books/Robotics-2_Lab/Mini_Project/install/conveyorbelt_msgs/share/conveyorbelt_msgs/hook/cmake_prefix_path.ps1'
[3.257s] [34mcolcon.colcon_core.shell[0m [1;30mINFO[0m Creating environment descriptor '/mnt/Storage/Documents/MIT/Books/Robotics-2_Lab/Mini_Project/install/conveyorbelt_msgs/share/conveyorbelt_msgs/hook/cmake_prefix_path.dsv'
[3.258s] [34mcolcon.colcon_core.shell[0m [1;30mINFO[0m Creating environment hook '/mnt/Storage/Documents/MIT/Books/Robotics-2_Lab/Mini_Project/install/conveyorbelt_msgs/share/conveyorbelt_msgs/hook/cmake_prefix_path.sh'
[3.259s] [34mcolcon.colcon_core.environment[0m [1;30mLevel 1[0m checking '/mnt/Storage/Documents/MIT/Books/Robotics-2_Lab/Mini_Project/install/conveyorbelt_msgs/lib'
[3.259s] [34mcolcon.colcon_core.shell[0m [1;30mLevel 1[0m create_environment_hook('conveyorbelt_msgs', 'ld_library_path_lib')
[3.260s] [34mcolcon.colcon_core.shell[0m [1;30mINFO[0m Creating environment hook '/mnt/Storage/Documents/MIT/Books/Robotics-2_Lab/Mini_Project/install/conveyorbelt_msgs/share/conveyorbelt_msgs/hook/ld_library_path_lib.ps1'
[3.261s] [34mcolcon.colcon_core.shell[0m [1;30mINFO[0m Creating environment descriptor '/mnt/Storage/Documents/MIT/Books/Robotics-2_Lab/Mini_Project/install/conveyorbelt_msgs/share/conveyorbelt_msgs/hook/ld_library_path_lib.dsv'
[3.263s] [34mcolcon.colcon_core.shell[0m [1;30mINFO[0m Creating environment hook '/mnt/Storage/Documents/MIT/Books/Robotics-2_Lab/Mini_Project/install/conveyorbelt_msgs/share/conveyorbelt_msgs/hook/ld_library_path_lib.sh'
[3.264s] [34mcolcon.colcon_core.environment[0m [1;30mLevel 1[0m checking '/mnt/Storage/Documents/MIT/Books/Robotics-2_Lab/Mini_Project/install/conveyorbelt_msgs/bin'
[3.264s] [34mcolcon.colcon_core.environment[0m [1;30mLevel 1[0m checking '/mnt/Storage/Documents/MIT/Books/Robotics-2_Lab/Mini_Project/install/conveyorbelt_msgs/lib/pkgconfig/conveyorbelt_msgs.pc'
[3.265s] [34mcolcon.colcon_core.environment[0m [1;30mLevel 1[0m checking '/mnt/Storage/Documents/MIT/Books/Robotics-2_Lab/Mini_Project/install/conveyorbelt_msgs/lib/python3.10/site-packages'
[3.265s] [34mcolcon.colcon_core.environment[0m [1;30mLevel 1[0m checking '/mnt/Storage/Documents/MIT/Books/Robotics-2_Lab/Mini_Project/install/conveyorbelt_msgs/bin'
[3.266s] [34mcolcon.colcon_core.shell[0m [1;30mINFO[0m Creating package script '/mnt/Storage/Documents/MIT/Books/Robotics-2_Lab/Mini_Project/install/conveyorbelt_msgs/share/conveyorbelt_msgs/package.ps1'
[3.268s] [34mcolcon.colcon_core.shell[0m [1;30mINFO[0m Creating package descriptor '/mnt/Storage/Documents/MIT/Books/Robotics-2_Lab/Mini_Project/install/conveyorbelt_msgs/share/conveyorbelt_msgs/package.dsv'
[3.270s] [34mcolcon.colcon_core.shell[0m [1;30mINFO[0m Creating package script '/mnt/Storage/Documents/MIT/Books/Robotics-2_Lab/Mini_Project/install/conveyorbelt_msgs/share/conveyorbelt_msgs/package.sh'
[3.271s] [34mcolcon.colcon_core.shell[0m [1;30mINFO[0m Creating package script '/mnt/Storage/Documents/MIT/Books/Robotics-2_Lab/Mini_Project/install/conveyorbelt_msgs/share/conveyorbelt_msgs/package.bash'
[3.273s] [34mcolcon.colcon_core.shell[0m [1;30mINFO[0m Creating package script '/mnt/Storage/Documents/MIT/Books/Robotics-2_Lab/Mini_Project/install/conveyorbelt_msgs/share/conveyorbelt_msgs/package.zsh'
[3.274s] [34mcolcon.colcon_core.environment[0m [1;30mLevel 1[0m create_file_with_runtime_dependencies(/mnt/Storage/Documents/MIT/Books/Robotics-2_Lab/Mini_Project/install/conveyorbelt_msgs/share/colcon-core/packages/conveyorbelt_msgs)
[3.274s] [34mcolcon.colcon_ros.task.ament_cmake.build[0m [1;30mINFO[0m Building ROS package in '/mnt/Storage/Documents/MIT/Books/Robotics-2_Lab/Mini_Project/src/ros2_conveyorbelt' with build type 'ament_cmake'
[3.275s] [34mcolcon.colcon_cmake.task.cmake.build[0m [1;30mINFO[0m Building CMake package in '/mnt/Storage/Documents/MIT/Books/Robotics-2_Lab/Mini_Project/src/ros2_conveyorbelt'
[3.275s] [34mcolcon.colcon_core.shell[0m [1;30mINFO[0m Skip shell extension 'powershell' for command environment: Not usable outside of PowerShell
[3.275s] [34mcolcon.colcon_core.shell[0m [1;30mDEBUG[0m [32mSkip shell extension 'dsv' for command environment[0m
[3.347s] [34mcolcon.colcon_core.event_handler.log_command[0m [1;30mDEBUG[0m [32mInvoking command in '/mnt/Storage/Documents/MIT/Books/Robotics-2_Lab/Mini_Project/build/ros2_conveyorbelt': CMAKE_PREFIX_PATH=/mnt/Storage/Documents/MIT/Books/Robotics-2_Lab/Mini_Project/install/conveyorbelt_msgs:/mnt/Storage/Documents/MIT/Books/Robotics-2_Lab/Mini_Project/install/ros2_conveyorbelt:/mnt/Storage/Documents/MIT/Books/Robotics-2_Lab/Mini_Project/install/conveyorbelt_gazebo:/home/srikar/ws_moveit2/install/pilz_industrial_motion_planner_testutils:/home/srikar/ws_moveit2/install/moveit_runtime:/home/srikar/ws_moveit2/install/moveit2_tutorials:/home/srikar/ws_moveit2/install/moveit:/home/srikar/ws_moveit2/install/moveit_planners:/home/srikar/ws_moveit2/install/pilz_industrial_motion_planner:/home/srikar/ws_moveit2/install/moveit_visual_tools:/home/srikar/ws_moveit2/install/moveit_task_constructor_visualization:/home/srikar/ws_moveit2/install/moveit_task_constructor_demo:/home/srikar/ws_moveit2/install/moveit_task_constructor_capabilities:/home/srikar/ws_moveit2/install/moveit_task_constructor_core:/home/srikar/ws_moveit2/install/moveit_ros_control_interface:/home/srikar/ws_moveit2/install/moveit_plugins:/home/srikar/ws_moveit2/install/moveit_simple_controller_manager:/home/srikar/ws_moveit2/install/moveit_setup_assistant:/home/srikar/ws_moveit2/install/moveit_setup_srdf_plugins:/home/srikar/ws_moveit2/install/moveit_setup_core_plugins:/home/srikar/ws_moveit2/install/moveit_setup_controllers:/home/srikar/ws_moveit2/install/moveit_setup_app_plugins:/home/srikar/ws_moveit2/install/moveit_setup_framework:/home/srikar/ws_moveit2/install/moveit_servo:/home/srikar/ws_moveit2/install/moveit_ros:/home/srikar/ws_moveit2/install/moveit_ros_visualization:/home/srikar/ws_moveit2/install/moveit_hybrid_planning:/home/srikar/ws_moveit2/install/moveit_ros_planning_interface:/home/srikar/ws_moveit2/install/moveit_ros_benchmarks:/home/srikar/ws_moveit2/install/moveit_ros_warehouse:/home/srikar/ws_moveit2/install/moveit_ros_robot_interaction:/home/srikar/ws_moveit2/install/moveit_ros_perception:/home/srikar/ws_moveit2/install/moveit_resources_prbt_pg70_support:/home/srikar/ws_moveit2/install/moveit_resources_prbt_moveit_config:/home/srikar/ws_moveit2/install/moveit_ros_move_group:/home/srikar/ws_moveit2/install/moveit_planners_ompl:/home/srikar/ws_moveit2/install/moveit_ros_planning:/home/srikar/ws_moveit2/install/moveit_ros_occupancy_map_monitor:/home/srikar/ws_moveit2/install/moveit_resources_prbt_ikfast_manipulator_plugin:/home/srikar/ws_moveit2/install/moveit_planners_chomp:/home/srikar/ws_moveit2/install/moveit_kinematics:/home/srikar/ws_moveit2/install/moveit_chomp_optimizer_adapter:/home/srikar/ws_moveit2/install/chomp_motion_planner:/home/srikar/ws_moveit2/install/moveit_core:/home/srikar/ws_moveit2/install/srdfdom:/home/srikar/ws_moveit2/install/rviz_marker_tools:/home/srikar/ws_moveit2/install/rosparam_shortcuts:/home/srikar/ws_moveit2/install/moveit_task_constructor_msgs:/home/srikar/ws_moveit2/install/moveit_resources_prbt_support:/home/srikar/ws_moveit2/install/moveit_resources:/home/srikar/ws_moveit2/install/moveit_resources_pr2_description:/home/srikar/ws_moveit2/install/moveit_resources_panda_moveit_config:/home/srikar/ws_moveit2/install/moveit_resources_panda_description:/home/srikar/ws_moveit2/install/moveit_resources_fanuc_moveit_config:/home/srikar/ws_moveit2/install/moveit_resources_fanuc_description:/home/srikar/ws_moveit2/install/moveit_common:/mnt/Storage/Documents/MIT/Books/Robotics-2_Lab/Mini_Project/install/ur5:/home/srikar/ws_moveit2/install/moveit_configs_utils:/home/srikar/ws_moveit2/install/launch_param_builder:/opt/ros/humble LD_LIBRARY_PATH=/mnt/Storage/Documents/MIT/Books/Robotics-2_Lab/Mini_Project/install/conveyorbelt_msgs/lib:/mnt/Storage/Documents/MIT/Books/Robotics-2_Lab/Mini_Project/install/ros2_conveyorbelt/lib:/home/srikar/ws_moveit2/install/pilz_industrial_motion_planner_testutils/lib:/home/srikar/ws_moveit2/install/pilz_industrial_motion_planner/lib:/home/srikar/ws_moveit2/install/moveit_visual_tools/lib:/home/srikar/ws_moveit2/install/moveit_task_constructor_visualization/lib:/home/srikar/ws_moveit2/install/moveit_task_constructor_demo/lib:/home/srikar/ws_moveit2/install/moveit_task_constructor_capabilities/lib:/home/srikar/ws_moveit2/install/moveit_task_constructor_core/lib:/home/srikar/ws_moveit2/install/moveit_ros_control_interface/lib:/home/srikar/ws_moveit2/install/moveit_simple_controller_manager/lib:/home/srikar/ws_moveit2/install/moveit_setup_assistant/lib:/home/srikar/ws_moveit2/install/moveit_setup_srdf_plugins/lib:/home/srikar/ws_moveit2/install/moveit_setup_core_plugins/lib:/home/srikar/ws_moveit2/install/moveit_setup_controllers/lib:/home/srikar/ws_moveit2/install/moveit_setup_app_plugins/lib:/home/srikar/ws_moveit2/install/moveit_setup_framework/lib:/home/srikar/ws_moveit2/install/moveit_servo/lib:/home/srikar/ws_moveit2/install/moveit_ros_visualization/lib:/home/srikar/ws_moveit2/install/moveit_hybrid_planning/lib:/home/srikar/ws_moveit2/install/moveit_ros_planning_interface/lib:/home/srikar/ws_moveit2/install/moveit_ros_benchmarks/lib:/home/srikar/ws_moveit2/install/moveit_ros_warehouse/lib:/home/srikar/ws_moveit2/install/moveit_ros_robot_interaction/lib:/home/srikar/ws_moveit2/install/moveit_ros_perception/lib:/home/srikar/ws_moveit2/install/moveit_ros_move_group/lib:/home/srikar/ws_moveit2/install/moveit_planners_ompl/lib:/home/srikar/ws_moveit2/install/moveit_ros_planning/lib:/home/srikar/ws_moveit2/install/moveit_ros_occupancy_map_monitor/lib:/home/srikar/ws_moveit2/install/moveit_resources_prbt_ikfast_manipulator_plugin/lib:/home/srikar/ws_moveit2/install/moveit_planners_chomp/lib:/home/srikar/ws_moveit2/install/moveit_kinematics/lib:/home/srikar/ws_moveit2/install/moveit_chomp_optimizer_adapter/lib:/home/srikar/ws_moveit2/install/chomp_motion_planner/lib:/home/srikar/ws_moveit2/install/moveit_core/lib:/home/srikar/ws_moveit2/install/srdfdom/lib:/home/srikar/ws_moveit2/install/rviz_marker_tools/lib:/home/srikar/ws_moveit2/install/rosparam_shortcuts/lib:/home/srikar/ws_moveit2/install/moveit_task_constructor_msgs/lib:/usr/lib/x86_64-linux-gnu/gazebo-11/plugins:/opt/ros/humble/opt/rviz_ogre_vendor/lib:/opt/ros/humble/lib/x86_64-linux-gnu:/opt/ros/humble/lib:/usr/lib/x86_64-linux-gnu/gazebo-11/plugins:/opt/ros/humble/lib/ /usr/bin/cmake --build /mnt/Storage/Documents/MIT/Books/Robotics-2_Lab/Mini_Project/build/ros2_conveyorbelt -- -j8 -l8[0m
[3.559s] [34mcolcon.colcon_core.event_handler.log_command[0m [1;30mDEBUG[0m [32mInvoked command in '/mnt/Storage/Documents/MIT/Books/Robotics-2_Lab/Mini_Project/build/ros2_conveyorbelt' returned '0': CMAKE_PREFIX_PATH=/mnt/Storage/Documents/MIT/Books/Robotics-2_Lab/Mini_Project/install/conveyorbelt_msgs:/mnt/Storage/Documents/MIT/Books/Robotics-2_Lab/Mini_Project/install/ros2_conveyorbelt:/mnt/Storage/Documents/MIT/Books/Robotics-2_Lab/Mini_Project/install/conveyorbelt_gazebo:/home/srikar/ws_moveit2/install/pilz_industrial_motion_planner_testutils:/home/srikar/ws_moveit2/install/moveit_runtime:/home/srikar/ws_moveit2/install/moveit2_tutorials:/home/srikar/ws_moveit2/install/moveit:/home/srikar/ws_moveit2/install/moveit_planners:/home/srikar/ws_moveit2/install/pilz_industrial_motion_planner:/home/srikar/ws_moveit2/install/moveit_visual_tools:/home/srikar/ws_moveit2/install/moveit_task_constructor_visualization:/home/srikar/ws_moveit2/install/moveit_task_constructor_demo:/home/srikar/ws_moveit2/install/moveit_task_constructor_capabilities:/home/srikar/ws_moveit2/install/moveit_task_constructor_core:/home/srikar/ws_moveit2/install/moveit_ros_control_interface:/home/srikar/ws_moveit2/install/moveit_plugins:/home/srikar/ws_moveit2/install/moveit_simple_controller_manager:/home/srikar/ws_moveit2/install/moveit_setup_assistant:/home/srikar/ws_moveit2/install/moveit_setup_srdf_plugins:/home/srikar/ws_moveit2/install/moveit_setup_core_plugins:/home/srikar/ws_moveit2/install/moveit_setup_controllers:/home/srikar/ws_moveit2/install/moveit_setup_app_plugins:/home/srikar/ws_moveit2/install/moveit_setup_framework:/home/srikar/ws_moveit2/install/moveit_servo:/home/srikar/ws_moveit2/install/moveit_ros:/home/srikar/ws_moveit2/install/moveit_ros_visualization:/home/srikar/ws_moveit2/install/moveit_hybrid_planning:/home/srikar/ws_moveit2/install/moveit_ros_planning_interface:/home/srikar/ws_moveit2/install/moveit_ros_benchmarks:/home/srikar/ws_moveit2/install/moveit_ros_warehouse:/home/srikar/ws_moveit2/install/moveit_ros_robot_interaction:/home/srikar/ws_moveit2/install/moveit_ros_perception:/home/srikar/ws_moveit2/install/moveit_resources_prbt_pg70_support:/home/srikar/ws_moveit2/install/moveit_resources_prbt_moveit_config:/home/srikar/ws_moveit2/install/moveit_ros_move_group:/home/srikar/ws_moveit2/install/moveit_planners_ompl:/home/srikar/ws_moveit2/install/moveit_ros_planning:/home/srikar/ws_moveit2/install/moveit_ros_occupancy_map_monitor:/home/srikar/ws_moveit2/install/moveit_resources_prbt_ikfast_manipulator_plugin:/home/srikar/ws_moveit2/install/moveit_planners_chomp:/home/srikar/ws_moveit2/install/moveit_kinematics:/home/srikar/ws_moveit2/install/moveit_chomp_optimizer_adapter:/home/srikar/ws_moveit2/install/chomp_motion_planner:/home/srikar/ws_moveit2/install/moveit_core:/home/srikar/ws_moveit2/install/srdfdom:/home/srikar/ws_moveit2/install/rviz_marker_tools:/home/srikar/ws_moveit2/install/rosparam_shortcuts:/home/srikar/ws_moveit2/install/moveit_task_constructor_msgs:/home/srikar/ws_moveit2/install/moveit_resources_prbt_support:/home/srikar/ws_moveit2/install/moveit_resources:/home/srikar/ws_moveit2/install/moveit_resources_pr2_description:/home/srikar/ws_moveit2/install/moveit_resources_panda_moveit_config:/home/srikar/ws_moveit2/install/moveit_resources_panda_description:/home/srikar/ws_moveit2/install/moveit_resources_fanuc_moveit_config:/home/srikar/ws_moveit2/install/moveit_resources_fanuc_description:/home/srikar/ws_moveit2/install/moveit_common:/mnt/Storage/Documents/MIT/Books/Robotics-2_Lab/Mini_Project/install/ur5:/home/srikar/ws_moveit2/install/moveit_configs_utils:/home/srikar/ws_moveit2/install/launch_param_builder:/opt/ros/humble LD_LIBRARY_PATH=/mnt/Storage/Documents/MIT/Books/Robotics-2_Lab/Mini_Project/install/conveyorbelt_msgs/lib:/mnt/Storage/Documents/MIT/Books/Robotics-2_Lab/Mini_Project/install/ros2_conveyorbelt/lib:/home/srikar/ws_moveit2/install/pilz_industrial_motion_planner_testutils/lib:/home/srikar/ws_moveit2/install/pilz_industrial_motion_planner/lib:/home/srikar/ws_moveit2/install/moveit_visual_tools/lib:/home/srikar/ws_moveit2/install/moveit_task_constructor_visualization/lib:/home/srikar/ws_moveit2/install/moveit_task_constructor_demo/lib:/home/srikar/ws_moveit2/install/moveit_task_constructor_capabilities/lib:/home/srikar/ws_moveit2/install/moveit_task_constructor_core/lib:/home/srikar/ws_moveit2/install/moveit_ros_control_interface/lib:/home/srikar/ws_moveit2/install/moveit_simple_controller_manager/lib:/home/srikar/ws_moveit2/install/moveit_setup_assistant/lib:/home/srikar/ws_moveit2/install/moveit_setup_srdf_plugins/lib:/home/srikar/ws_moveit2/install/moveit_setup_core_plugins/lib:/home/srikar/ws_moveit2/install/moveit_setup_controllers/lib:/home/srikar/ws_moveit2/install/moveit_setup_app_plugins/lib:/home/srikar/ws_moveit2/install/moveit_setup_framework/lib:/home/srikar/ws_moveit2/install/moveit_servo/lib:/home/srikar/ws_moveit2/install/moveit_ros_visualization/lib:/home/srikar/ws_moveit2/install/moveit_hybrid_planning/lib:/home/srikar/ws_moveit2/install/moveit_ros_planning_interface/lib:/home/srikar/ws_moveit2/install/moveit_ros_benchmarks/lib:/home/srikar/ws_moveit2/install/moveit_ros_warehouse/lib:/home/srikar/ws_moveit2/install/moveit_ros_robot_interaction/lib:/home/srikar/ws_moveit2/install/moveit_ros_perception/lib:/home/srikar/ws_moveit2/install/moveit_ros_move_group/lib:/home/srikar/ws_moveit2/install/moveit_planners_ompl/lib:/home/srikar/ws_moveit2/install/moveit_ros_planning/lib:/home/srikar/ws_moveit2/install/moveit_ros_occupancy_map_monitor/lib:/home/srikar/ws_moveit2/install/moveit_resources_prbt_ikfast_manipulator_plugin/lib:/home/srikar/ws_moveit2/install/moveit_planners_chomp/lib:/home/srikar/ws_moveit2/install/moveit_kinematics/lib:/home/srikar/ws_moveit2/install/moveit_chomp_optimizer_adapter/lib:/home/srikar/ws_moveit2/install/chomp_motion_planner/lib:/home/srikar/ws_moveit2/install/moveit_core/lib:/home/srikar/ws_moveit2/install/srdfdom/lib:/home/srikar/ws_moveit2/install/rviz_marker_tools/lib:/home/srikar/ws_moveit2/install/rosparam_shortcuts/lib:/home/srikar/ws_moveit2/install/moveit_task_constructor_msgs/lib:/usr/lib/x86_64-linux-gnu/gazebo-11/plugins:/opt/ros/humble/opt/rviz_ogre_vendor/lib:/opt/ros/humble/lib/x86_64-linux-gnu:/opt/ros/humble/lib:/usr/lib/x86_64-linux-gnu/gazebo-11/plugins:/opt/ros/humble/lib/ /usr/bin/cmake --build /mnt/Storage/Documents/MIT/Books/Robotics-2_Lab/Mini_Project/build/ros2_conveyorbelt -- -j8 -l8[0m
[3.639s] [34mcolcon.colcon_core.event_handler.log_command[0m [1;30mDEBUG[0m [32mInvoking command in '/mnt/Storage/Documents/MIT/Books/Robotics-2_Lab/Mini_Project/build/ros2_conveyorbelt': CMAKE_PREFIX_PATH=/mnt/Storage/Documents/MIT/Books/Robotics-2_Lab/Mini_Project/install/conveyorbelt_msgs:/mnt/Storage/Documents/MIT/Books/Robotics-2_Lab/Mini_Project/install/ros2_conveyorbelt:/mnt/Storage/Documents/MIT/Books/Robotics-2_Lab/Mini_Project/install/conveyorbelt_gazebo:/home/srikar/ws_moveit2/install/pilz_industrial_motion_planner_testutils:/home/srikar/ws_moveit2/install/moveit_runtime:/home/srikar/ws_moveit2/install/moveit2_tutorials:/home/srikar/ws_moveit2/install/moveit:/home/srikar/ws_moveit2/install/moveit_planners:/home/srikar/ws_moveit2/install/pilz_industrial_motion_planner:/home/srikar/ws_moveit2/install/moveit_visual_tools:/home/srikar/ws_moveit2/install/moveit_task_constructor_visualization:/home/srikar/ws_moveit2/install/moveit_task_constructor_demo:/home/srikar/ws_moveit2/install/moveit_task_constructor_capabilities:/home/srikar/ws_moveit2/install/moveit_task_constructor_core:/home/srikar/ws_moveit2/install/moveit_ros_control_interface:/home/srikar/ws_moveit2/install/moveit_plugins:/home/srikar/ws_moveit2/install/moveit_simple_controller_manager:/home/srikar/ws_moveit2/install/moveit_setup_assistant:/home/srikar/ws_moveit2/install/moveit_setup_srdf_plugins:/home/srikar/ws_moveit2/install/moveit_setup_core_plugins:/home/srikar/ws_moveit2/install/moveit_setup_controllers:/home/srikar/ws_moveit2/install/moveit_setup_app_plugins:/home/srikar/ws_moveit2/install/moveit_setup_framework:/home/srikar/ws_moveit2/install/moveit_servo:/home/srikar/ws_moveit2/install/moveit_ros:/home/srikar/ws_moveit2/install/moveit_ros_visualization:/home/srikar/ws_moveit2/install/moveit_hybrid_planning:/home/srikar/ws_moveit2/install/moveit_ros_planning_interface:/home/srikar/ws_moveit2/install/moveit_ros_benchmarks:/home/srikar/ws_moveit2/install/moveit_ros_warehouse:/home/srikar/ws_moveit2/install/moveit_ros_robot_interaction:/home/srikar/ws_moveit2/install/moveit_ros_perception:/home/srikar/ws_moveit2/install/moveit_resources_prbt_pg70_support:/home/srikar/ws_moveit2/install/moveit_resources_prbt_moveit_config:/home/srikar/ws_moveit2/install/moveit_ros_move_group:/home/srikar/ws_moveit2/install/moveit_planners_ompl:/home/srikar/ws_moveit2/install/moveit_ros_planning:/home/srikar/ws_moveit2/install/moveit_ros_occupancy_map_monitor:/home/srikar/ws_moveit2/install/moveit_resources_prbt_ikfast_manipulator_plugin:/home/srikar/ws_moveit2/install/moveit_planners_chomp:/home/srikar/ws_moveit2/install/moveit_kinematics:/home/srikar/ws_moveit2/install/moveit_chomp_optimizer_adapter:/home/srikar/ws_moveit2/install/chomp_motion_planner:/home/srikar/ws_moveit2/install/moveit_core:/home/srikar/ws_moveit2/install/srdfdom:/home/srikar/ws_moveit2/install/rviz_marker_tools:/home/srikar/ws_moveit2/install/rosparam_shortcuts:/home/srikar/ws_moveit2/install/moveit_task_constructor_msgs:/home/srikar/ws_moveit2/install/moveit_resources_prbt_support:/home/srikar/ws_moveit2/install/moveit_resources:/home/srikar/ws_moveit2/install/moveit_resources_pr2_description:/home/srikar/ws_moveit2/install/moveit_resources_panda_moveit_config:/home/srikar/ws_moveit2/install/moveit_resources_panda_description:/home/srikar/ws_moveit2/install/moveit_resources_fanuc_moveit_config:/home/srikar/ws_moveit2/install/moveit_resources_fanuc_description:/home/srikar/ws_moveit2/install/moveit_common:/mnt/Storage/Documents/MIT/Books/Robotics-2_Lab/Mini_Project/install/ur5:/home/srikar/ws_moveit2/install/moveit_configs_utils:/home/srikar/ws_moveit2/install/launch_param_builder:/opt/ros/humble LD_LIBRARY_PATH=/mnt/Storage/Documents/MIT/Books/Robotics-2_Lab/Mini_Project/install/conveyorbelt_msgs/lib:/mnt/Storage/Documents/MIT/Books/Robotics-2_Lab/Mini_Project/install/ros2_conveyorbelt/lib:/home/srikar/ws_moveit2/install/pilz_industrial_motion_planner_testutils/lib:/home/srikar/ws_moveit2/install/pilz_industrial_motion_planner/lib:/home/srikar/ws_moveit2/install/moveit_visual_tools/lib:/home/srikar/ws_moveit2/install/moveit_task_constructor_visualization/lib:/home/srikar/ws_moveit2/install/moveit_task_constructor_demo/lib:/home/srikar/ws_moveit2/install/moveit_task_constructor_capabilities/lib:/home/srikar/ws_moveit2/install/moveit_task_constructor_core/lib:/home/srikar/ws_moveit2/install/moveit_ros_control_interface/lib:/home/srikar/ws_moveit2/install/moveit_simple_controller_manager/lib:/home/srikar/ws_moveit2/install/moveit_setup_assistant/lib:/home/srikar/ws_moveit2/install/moveit_setup_srdf_plugins/lib:/home/srikar/ws_moveit2/install/moveit_setup_core_plugins/lib:/home/srikar/ws_moveit2/install/moveit_setup_controllers/lib:/home/srikar/ws_moveit2/install/moveit_setup_app_plugins/lib:/home/srikar/ws_moveit2/install/moveit_setup_framework/lib:/home/srikar/ws_moveit2/install/moveit_servo/lib:/home/srikar/ws_moveit2/install/moveit_ros_visualization/lib:/home/srikar/ws_moveit2/install/moveit_hybrid_planning/lib:/home/srikar/ws_moveit2/install/moveit_ros_planning_interface/lib:/home/srikar/ws_moveit2/install/moveit_ros_benchmarks/lib:/home/srikar/ws_moveit2/install/moveit_ros_warehouse/lib:/home/srikar/ws_moveit2/install/moveit_ros_robot_interaction/lib:/home/srikar/ws_moveit2/install/moveit_ros_perception/lib:/home/srikar/ws_moveit2/install/moveit_ros_move_group/lib:/home/srikar/ws_moveit2/install/moveit_planners_ompl/lib:/home/srikar/ws_moveit2/install/moveit_ros_planning/lib:/home/srikar/ws_moveit2/install/moveit_ros_occupancy_map_monitor/lib:/home/srikar/ws_moveit2/install/moveit_resources_prbt_ikfast_manipulator_plugin/lib:/home/srikar/ws_moveit2/install/moveit_planners_chomp/lib:/home/srikar/ws_moveit2/install/moveit_kinematics/lib:/home/srikar/ws_moveit2/install/moveit_chomp_optimizer_adapter/lib:/home/srikar/ws_moveit2/install/chomp_motion_planner/lib:/home/srikar/ws_moveit2/install/moveit_core/lib:/home/srikar/ws_moveit2/install/srdfdom/lib:/home/srikar/ws_moveit2/install/rviz_marker_tools/lib:/home/srikar/ws_moveit2/install/rosparam_shortcuts/lib:/home/srikar/ws_moveit2/install/moveit_task_constructor_msgs/lib:/usr/lib/x86_64-linux-gnu/gazebo-11/plugins:/opt/ros/humble/opt/rviz_ogre_vendor/lib:/opt/ros/humble/lib/x86_64-linux-gnu:/opt/ros/humble/lib:/usr/lib/x86_64-linux-gnu/gazebo-11/plugins:/opt/ros/humble/lib/ /usr/bin/cmake --install /mnt/Storage/Documents/MIT/Books/Robotics-2_Lab/Mini_Project/build/ros2_conveyorbelt[0m
[3.685s] [34mcolcon.colcon_core.environment[0m [1;30mLevel 1[0m create_environment_scripts_only(ros2_conveyorbelt)
[3.686s] [34mcolcon.colcon_core.environment[0m [1;30mLevel 1[0m checking '/mnt/Storage/Documents/MIT/Books/Robotics-2_Lab/Mini_Project/install/ros2_conveyorbelt' for CMake module files
[3.688s] [34mcolcon.colcon_core.event_handler.log_command[0m [1;30mDEBUG[0m [32mInvoked command in '/mnt/Storage/Documents/MIT/Books/Robotics-2_Lab/Mini_Project/build/ros2_conveyorbelt' returned '0': CMAKE_PREFIX_PATH=/mnt/Storage/Documents/MIT/Books/Robotics-2_Lab/Mini_Project/install/conveyorbelt_msgs:/mnt/Storage/Documents/MIT/Books/Robotics-2_Lab/Mini_Project/install/ros2_conveyorbelt:/mnt/Storage/Documents/MIT/Books/Robotics-2_Lab/Mini_Project/install/conveyorbelt_gazebo:/home/srikar/ws_moveit2/install/pilz_industrial_motion_planner_testutils:/home/srikar/ws_moveit2/install/moveit_runtime:/home/srikar/ws_moveit2/install/moveit2_tutorials:/home/srikar/ws_moveit2/install/moveit:/home/srikar/ws_moveit2/install/moveit_planners:/home/srikar/ws_moveit2/install/pilz_industrial_motion_planner:/home/srikar/ws_moveit2/install/moveit_visual_tools:/home/srikar/ws_moveit2/install/moveit_task_constructor_visualization:/home/srikar/ws_moveit2/install/moveit_task_constructor_demo:/home/srikar/ws_moveit2/install/moveit_task_constructor_capabilities:/home/srikar/ws_moveit2/install/moveit_task_constructor_core:/home/srikar/ws_moveit2/install/moveit_ros_control_interface:/home/srikar/ws_moveit2/install/moveit_plugins:/home/srikar/ws_moveit2/install/moveit_simple_controller_manager:/home/srikar/ws_moveit2/install/moveit_setup_assistant:/home/srikar/ws_moveit2/install/moveit_setup_srdf_plugins:/home/srikar/ws_moveit2/install/moveit_setup_core_plugins:/home/srikar/ws_moveit2/install/moveit_setup_controllers:/home/srikar/ws_moveit2/install/moveit_setup_app_plugins:/home/srikar/ws_moveit2/install/moveit_setup_framework:/home/srikar/ws_moveit2/install/moveit_servo:/home/srikar/ws_moveit2/install/moveit_ros:/home/srikar/ws_moveit2/install/moveit_ros_visualization:/home/srikar/ws_moveit2/install/moveit_hybrid_planning:/home/srikar/ws_moveit2/install/moveit_ros_planning_interface:/home/srikar/ws_moveit2/install/moveit_ros_benchmarks:/home/srikar/ws_moveit2/install/moveit_ros_warehouse:/home/srikar/ws_moveit2/install/moveit_ros_robot_interaction:/home/srikar/ws_moveit2/install/moveit_ros_perception:/home/srikar/ws_moveit2/install/moveit_resources_prbt_pg70_support:/home/srikar/ws_moveit2/install/moveit_resources_prbt_moveit_config:/home/srikar/ws_moveit2/install/moveit_ros_move_group:/home/srikar/ws_moveit2/install/moveit_planners_ompl:/home/srikar/ws_moveit2/install/moveit_ros_planning:/home/srikar/ws_moveit2/install/moveit_ros_occupancy_map_monitor:/home/srikar/ws_moveit2/install/moveit_resources_prbt_ikfast_manipulator_plugin:/home/srikar/ws_moveit2/install/moveit_planners_chomp:/home/srikar/ws_moveit2/install/moveit_kinematics:/home/srikar/ws_moveit2/install/moveit_chomp_optimizer_adapter:/home/srikar/ws_moveit2/install/chomp_motion_planner:/home/srikar/ws_moveit2/install/moveit_core:/home/srikar/ws_moveit2/install/srdfdom:/home/srikar/ws_moveit2/install/rviz_marker_tools:/home/srikar/ws_moveit2/install/rosparam_shortcuts:/home/srikar/ws_moveit2/install/moveit_task_constructor_msgs:/home/srikar/ws_moveit2/install/moveit_resources_prbt_support:/home/srikar/ws_moveit2/install/moveit_resources:/home/srikar/ws_moveit2/install/moveit_resources_pr2_description:/home/srikar/ws_moveit2/install/moveit_resources_panda_moveit_config:/home/srikar/ws_moveit2/install/moveit_resources_panda_description:/home/srikar/ws_moveit2/install/moveit_resources_fanuc_moveit_config:/home/srikar/ws_moveit2/install/moveit_resources_fanuc_description:/home/srikar/ws_moveit2/install/moveit_common:/mnt/Storage/Documents/MIT/Books/Robotics-2_Lab/Mini_Project/install/ur5:/home/srikar/ws_moveit2/install/moveit_configs_utils:/home/srikar/ws_moveit2/install/launch_param_builder:/opt/ros/humble LD_LIBRARY_PATH=/mnt/Storage/Documents/MIT/Books/Robotics-2_Lab/Mini_Project/install/conveyorbelt_msgs/lib:/mnt/Storage/Documents/MIT/Books/Robotics-2_Lab/Mini_Project/install/ros2_conveyorbelt/lib:/home/srikar/ws_moveit2/install/pilz_industrial_motion_planner_testutils/lib:/home/srikar/ws_moveit2/install/pilz_industrial_motion_planner/lib:/home/srikar/ws_moveit2/install/moveit_visual_tools/lib:/home/srikar/ws_moveit2/install/moveit_task_constructor_visualization/lib:/home/srikar/ws_moveit2/install/moveit_task_constructor_demo/lib:/home/srikar/ws_moveit2/install/moveit_task_constructor_capabilities/lib:/home/srikar/ws_moveit2/install/moveit_task_constructor_core/lib:/home/srikar/ws_moveit2/install/moveit_ros_control_interface/lib:/home/srikar/ws_moveit2/install/moveit_simple_controller_manager/lib:/home/srikar/ws_moveit2/install/moveit_setup_assistant/lib:/home/srikar/ws_moveit2/install/moveit_setup_srdf_plugins/lib:/home/srikar/ws_moveit2/install/moveit_setup_core_plugins/lib:/home/srikar/ws_moveit2/install/moveit_setup_controllers/lib:/home/srikar/ws_moveit2/install/moveit_setup_app_plugins/lib:/home/srikar/ws_moveit2/install/moveit_setup_framework/lib:/home/srikar/ws_moveit2/install/moveit_servo/lib:/home/srikar/ws_moveit2/install/moveit_ros_visualization/lib:/home/srikar/ws_moveit2/install/moveit_hybrid_planning/lib:/home/srikar/ws_moveit2/install/moveit_ros_planning_interface/lib:/home/srikar/ws_moveit2/install/moveit_ros_benchmarks/lib:/home/srikar/ws_moveit2/install/moveit_ros_warehouse/lib:/home/srikar/ws_moveit2/install/moveit_ros_robot_interaction/lib:/home/srikar/ws_moveit2/install/moveit_ros_perception/lib:/home/srikar/ws_moveit2/install/moveit_ros_move_group/lib:/home/srikar/ws_moveit2/install/moveit_planners_ompl/lib:/home/srikar/ws_moveit2/install/moveit_ros_planning/lib:/home/srikar/ws_moveit2/install/moveit_ros_occupancy_map_monitor/lib:/home/srikar/ws_moveit2/install/moveit_resources_prbt_ikfast_manipulator_plugin/lib:/home/srikar/ws_moveit2/install/moveit_planners_chomp/lib:/home/srikar/ws_moveit2/install/moveit_kinematics/lib:/home/srikar/ws_moveit2/install/moveit_chomp_optimizer_adapter/lib:/home/srikar/ws_moveit2/install/chomp_motion_planner/lib:/home/srikar/ws_moveit2/install/moveit_core/lib:/home/srikar/ws_moveit2/install/srdfdom/lib:/home/srikar/ws_moveit2/install/rviz_marker_tools/lib:/home/srikar/ws_moveit2/install/rosparam_shortcuts/lib:/home/srikar/ws_moveit2/install/moveit_task_constructor_msgs/lib:/usr/lib/x86_64-linux-gnu/gazebo-11/plugins:/opt/ros/humble/opt/rviz_ogre_vendor/lib:/opt/ros/humble/lib/x86_64-linux-gnu:/opt/ros/humble/lib:/usr/lib/x86_64-linux-gnu/gazebo-11/plugins:/opt/ros/humble/lib/ /usr/bin/cmake --install /mnt/Storage/Documents/MIT/Books/Robotics-2_Lab/Mini_Project/build/ros2_conveyorbelt[0m
[3.689s] [34mcolcon.colcon_core.environment[0m [1;30mLevel 1[0m checking '/mnt/Storage/Documents/MIT/Books/Robotics-2_Lab/Mini_Project/install/ros2_conveyorbelt' for CMake config files
[3.690s] [34mcolcon.colcon_core.shell[0m [1;30mLevel 1[0m create_environment_hook('ros2_conveyorbelt', 'cmake_prefix_path')
[3.690s] [34mcolcon.colcon_core.shell[0m [1;30mINFO[0m Creating environment hook '/mnt/Storage/Documents/MIT/Books/Robotics-2_Lab/Mini_Project/install/ros2_conveyorbelt/share/ros2_conveyorbelt/hook/cmake_prefix_path.ps1'
[3.696s] [34mcolcon.colcon_core.shell[0m [1;30mINFO[0m Creating environment descriptor '/mnt/Storage/Documents/MIT/Books/Robotics-2_Lab/Mini_Project/install/ros2_conveyorbelt/share/ros2_conveyorbelt/hook/cmake_prefix_path.dsv'
[3.697s] [34mcolcon.colcon_core.shell[0m [1;30mINFO[0m Creating environment hook '/mnt/Storage/Documents/MIT/Books/Robotics-2_Lab/Mini_Project/install/ros2_conveyorbelt/share/ros2_conveyorbelt/hook/cmake_prefix_path.sh'
[3.699s] [34mcolcon.colcon_core.environment[0m [1;30mLevel 1[0m checking '/mnt/Storage/Documents/MIT/Books/Robotics-2_Lab/Mini_Project/install/ros2_conveyorbelt/lib'
[3.699s] [34mcolcon.colcon_core.shell[0m [1;30mLevel 1[0m create_environment_hook('ros2_conveyorbelt', 'ld_library_path_lib')
[3.700s] [34mcolcon.colcon_core.shell[0m [1;30mINFO[0m Creating environment hook '/mnt/Storage/Documents/MIT/Books/Robotics-2_Lab/Mini_Project/install/ros2_conveyorbelt/share/ros2_conveyorbelt/hook/ld_library_path_lib.ps1'
[3.700s] [34mcolcon.colcon_core.shell[0m [1;30mINFO[0m Creating environment descriptor '/mnt/Storage/Documents/MIT/Books/Robotics-2_Lab/Mini_Project/install/ros2_conveyorbelt/share/ros2_conveyorbelt/hook/ld_library_path_lib.dsv'
[3.701s] [34mcolcon.colcon_core.shell[0m [1;30mINFO[0m Creating environment hook '/mnt/Storage/Documents/MIT/Books/Robotics-2_Lab/Mini_Project/install/ros2_conveyorbelt/share/ros2_conveyorbelt/hook/ld_library_path_lib.sh'
[3.702s] [34mcolcon.colcon_core.environment[0m [1;30mLevel 1[0m checking '/mnt/Storage/Documents/MIT/Books/Robotics-2_Lab/Mini_Project/install/ros2_conveyorbelt/bin'
[3.702s] [34mcolcon.colcon_core.environment[0m [1;30mLevel 1[0m checking '/mnt/Storage/Documents/MIT/Books/Robotics-2_Lab/Mini_Project/install/ros2_conveyorbelt/lib/pkgconfig/ros2_conveyorbelt.pc'
[3.703s] [34mcolcon.colcon_core.environment[0m [1;30mLevel 1[0m checking '/mnt/Storage/Documents/MIT/Books/Robotics-2_Lab/Mini_Project/install/ros2_conveyorbelt/lib/python3.10/site-packages'
[3.703s] [34mcolcon.colcon_core.environment[0m [1;30mLevel 1[0m checking '/mnt/Storage/Documents/MIT/Books/Robotics-2_Lab/Mini_Project/install/ros2_conveyorbelt/bin'
[3.709s] [34mcolcon.colcon_core.shell[0m [1;30mINFO[0m Creating package script '/mnt/Storage/Documents/MIT/Books/Robotics-2_Lab/Mini_Project/install/ros2_conveyorbelt/share/ros2_conveyorbelt/package.ps1'
[3.710s] [34mcolcon.colcon_core.shell[0m [1;30mINFO[0m Creating package descriptor '/mnt/Storage/Documents/MIT/Books/Robotics-2_Lab/Mini_Project/install/ros2_conveyorbelt/share/ros2_conveyorbelt/package.dsv'
[3.712s] [34mcolcon.colcon_core.shell[0m [1;30mINFO[0m Creating package script '/mnt/Storage/Documents/MIT/Books/Robotics-2_Lab/Mini_Project/install/ros2_conveyorbelt/share/ros2_conveyorbelt/package.sh'
[3.714s] [34mcolcon.colcon_core.shell[0m [1;30mINFO[0m Creating package script '/mnt/Storage/Documents/MIT/Books/Robotics-2_Lab/Mini_Project/install/ros2_conveyorbelt/share/ros2_conveyorbelt/package.bash'
[3.715s] [34mcolcon.colcon_core.shell[0m [1;30mINFO[0m Creating package script '/mnt/Storage/Documents/MIT/Books/Robotics-2_Lab/Mini_Project/install/ros2_conveyorbelt/share/ros2_conveyorbelt/package.zsh'
[3.718s] [34mcolcon.colcon_core.environment[0m [1;30mLevel 1[0m create_file_with_runtime_dependencies(/mnt/Storage/Documents/MIT/Books/Robotics-2_Lab/Mini_Project/install/ros2_conveyorbelt/share/colcon-core/packages/ros2_conveyorbelt)
[3.812s] [34mcolcon.colcon_core.environment[0m [1;30mLevel 1[0m create_environment_scripts_only(ros2_conveyorbelt)
[3.814s] [34mcolcon.colcon_core.environment[0m [1;30mLevel 1[0m checking '/mnt/Storage/Documents/MIT/Books/Robotics-2_Lab/Mini_Project/install/ros2_conveyorbelt' for CMake module files
[3.815s] [34mcolcon.colcon_core.environment[0m [1;30mLevel 1[0m checking '/mnt/Storage/Documents/MIT/Books/Robotics-2_Lab/Mini_Project/install/ros2_conveyorbelt' for CMake config files
[3.815s] [34mcolcon.colcon_core.shell[0m [1;30mLevel 1[0m create_environment_hook('ros2_conveyorbelt', 'cmake_prefix_path')
[3.816s] [34mcolcon.colcon_core.shell[0m [1;30mINFO[0m Creating environment hook '/mnt/Storage/Documents/MIT/Books/Robotics-2_Lab/Mini_Project/install/ros2_conveyorbelt/share/ros2_conveyorbelt/hook/cmake_prefix_path.ps1'
[3.818s] [34mcolcon.colcon_core.shell[0m [1;30mINFO[0m Creating environment descriptor '/mnt/Storage/Documents/MIT/Books/Robotics-2_Lab/Mini_Project/install/ros2_conveyorbelt/share/ros2_conveyorbelt/hook/cmake_prefix_path.dsv'
[3.819s] [34mcolcon.colcon_core.shell[0m [1;30mINFO[0m Creating environment hook '/mnt/Storage/Documents/MIT/Books/Robotics-2_Lab/Mini_Project/install/ros2_conveyorbelt/share/ros2_conveyorbelt/hook/cmake_prefix_path.sh'
[3.821s] [34mcolcon.colcon_core.environment[0m [1;30mLevel 1[0m checking '/mnt/Storage/Documents/MIT/Books/Robotics-2_Lab/Mini_Project/install/ros2_conveyorbelt/lib'
[3.821s] [34mcolcon.colcon_core.shell[0m [1;30mLevel 1[0m create_environment_hook('ros2_conveyorbelt', 'ld_library_path_lib')
[3.822s] [34mcolcon.colcon_core.shell[0m [1;30mINFO[0m Creating environment hook '/mnt/Storage/Documents/MIT/Books/Robotics-2_Lab/Mini_Project/install/ros2_conveyorbelt/share/ros2_conveyorbelt/hook/ld_library_path_lib.ps1'
[3.823s] [34mcolcon.colcon_core.shell[0m [1;30mINFO[0m Creating environment descriptor '/mnt/Storage/Documents/MIT/Books/Robotics-2_Lab/Mini_Project/install/ros2_conveyorbelt/share/ros2_conveyorbelt/hook/ld_library_path_lib.dsv'
[3.824s] [34mcolcon.colcon_core.shell[0m [1;30mINFO[0m Creating environment hook '/mnt/Storage/Documents/MIT/Books/Robotics-2_Lab/Mini_Project/install/ros2_conveyorbelt/share/ros2_conveyorbelt/hook/ld_library_path_lib.sh'
[3.825s] [34mcolcon.colcon_core.environment[0m [1;30mLevel 1[0m checking '/mnt/Storage/Documents/MIT/Books/Robotics-2_Lab/Mini_Project/install/ros2_conveyorbelt/bin'
[3.825s] [34mcolcon.colcon_core.environment[0m [1;30mLevel 1[0m checking '/mnt/Storage/Documents/MIT/Books/Robotics-2_Lab/Mini_Project/install/ros2_conveyorbelt/lib/pkgconfig/ros2_conveyorbelt.pc'
[3.825s] [34mcolcon.colcon_core.environment[0m [1;30mLevel 1[0m checking '/mnt/Storage/Documents/MIT/Books/Robotics-2_Lab/Mini_Project/install/ros2_conveyorbelt/lib/python3.10/site-packages'
[3.826s] [34mcolcon.colcon_core.environment[0m [1;30mLevel 1[0m checking '/mnt/Storage/Documents/MIT/Books/Robotics-2_Lab/Mini_Project/install/ros2_conveyorbelt/bin'
[3.826s] [34mcolcon.colcon_core.shell[0m [1;30mINFO[0m Creating package script '/mnt/Storage/Documents/MIT/Books/Robotics-2_Lab/Mini_Project/install/ros2_conveyorbelt/share/ros2_conveyorbelt/package.ps1'
[3.828s] [34mcolcon.colcon_core.shell[0m [1;30mINFO[0m Creating package descriptor '/mnt/Storage/Documents/MIT/Books/Robotics-2_Lab/Mini_Project/install/ros2_conveyorbelt/share/ros2_conveyorbelt/package.dsv'
[3.829s] [34mcolcon.colcon_core.shell[0m [1;30mINFO[0m Creating package script '/mnt/Storage/Documents/MIT/Books/Robotics-2_Lab/Mini_Project/install/ros2_conveyorbelt/share/ros2_conveyorbelt/package.sh'
[3.830s] [34mcolcon.colcon_core.shell[0m [1;30mINFO[0m Creating package script '/mnt/Storage/Documents/MIT/Books/Robotics-2_Lab/Mini_Project/install/ros2_conveyorbelt/share/ros2_conveyorbelt/package.bash'
[3.831s] [34mcolcon.colcon_core.shell[0m [1;30mINFO[0m Creating package script '/mnt/Storage/Documents/MIT/Books/Robotics-2_Lab/Mini_Project/install/ros2_conveyorbelt/share/ros2_conveyorbelt/package.zsh'
[3.833s] [34mcolcon.colcon_core.environment[0m [1;30mLevel 1[0m create_file_with_runtime_dependencies(/mnt/Storage/Documents/MIT/Books/Robotics-2_Lab/Mini_Project/install/ros2_conveyorbelt/share/colcon-core/packages/ros2_conveyorbelt)
[4.025s] [34mcolcon.colcon_core.event_handler.log_command[0m [1;30mDEBUG[0m [32mInvoking command in '/mnt/Storage/Documents/MIT/Books/Robotics-2_Lab/Mini_Project/src/ur5': PYTHONPATH=/mnt/Storage/Documents/MIT/Books/Robotics-2_Lab/Mini_Project/build/ur5/prefix_override:/usr/lib/python3/dist-packages/colcon_core/task/python/colcon_distutils_commands:/mnt/Storage/Documents/MIT/Books/Robotics-2_Lab/Mini_Project/install/ur5/lib/python3.10/site-packages:${PYTHONPATH} /usr/bin/python3 -W ignore:setup.py install is deprecated setup.py egg_info --egg-base ../../build/ur5 build --build-base /mnt/Storage/Documents/MIT/Books/Robotics-2_Lab/Mini_Project/build/ur5/build install --record /mnt/Storage/Documents/MIT/Books/Robotics-2_Lab/Mini_Project/build/ur5/install.log --single-version-externally-managed install_data[0m
[5.944s] [34mcolcon.colcon_core.environment[0m [1;30mLevel 1[0m checking '/mnt/Storage/Documents/MIT/Books/Robotics-2_Lab/Mini_Project/install/ur5' for CMake module files
[5.946s] [34mcolcon.colcon_core.event_handler.log_command[0m [1;30mDEBUG[0m [32mInvoked command in '/mnt/Storage/Documents/MIT/Books/Robotics-2_Lab/Mini_Project/src/ur5' returned '0': PYTHONPATH=/mnt/Storage/Documents/MIT/Books/Robotics-2_Lab/Mini_Project/build/ur5/prefix_override:/usr/lib/python3/dist-packages/colcon_core/task/python/colcon_distutils_commands:/mnt/Storage/Documents/MIT/Books/Robotics-2_Lab/Mini_Project/install/ur5/lib/python3.10/site-packages:${PYTHONPATH} /usr/bin/python3 -W ignore:setup.py install is deprecated setup.py egg_info --egg-base ../../build/ur5 build --build-base /mnt/Storage/Documents/MIT/Books/Robotics-2_Lab/Mini_Project/build/ur5/build install --record /mnt/Storage/Documents/MIT/Books/Robotics-2_Lab/Mini_Project/build/ur5/install.log --single-version-externally-managed install_data[0m
[5.947s] [34mcolcon.colcon_core.environment[0m [1;30mLevel 1[0m checking '/mnt/Storage/Documents/MIT/Books/Robotics-2_Lab/Mini_Project/install/ur5' for CMake config files
[5.963s] [34mcolcon.colcon_core.environment[0m [1;30mLevel 1[0m checking '/mnt/Storage/Documents/MIT/Books/Robotics-2_Lab/Mini_Project/install/ur5/lib'
[5.963s] [34mcolcon.colcon_core.environment[0m [1;30mLevel 1[0m checking '/mnt/Storage/Documents/MIT/Books/Robotics-2_Lab/Mini_Project/install/ur5/bin'
[5.964s] [34mcolcon.colcon_core.environment[0m [1;30mLevel 1[0m checking '/mnt/Storage/Documents/MIT/Books/Robotics-2_Lab/Mini_Project/install/ur5/lib/pkgconfig/ur5.pc'
[5.964s] [34mcolcon.colcon_core.environment[0m [1;30mLevel 1[0m checking '/mnt/Storage/Documents/MIT/Books/Robotics-2_Lab/Mini_Project/install/ur5/lib/python3.10/site-packages'
[5.964s] [34mcolcon.colcon_core.shell[0m [1;30mLevel 1[0m create_environment_hook('ur5', 'pythonpath')
[5.965s] [34mcolcon.colcon_core.shell[0m [1;30mINFO[0m Creating environment hook '/mnt/Storage/Documents/MIT/Books/Robotics-2_Lab/Mini_Project/install/ur5/share/ur5/hook/pythonpath.ps1'
[5.967s] [34mcolcon.colcon_core.shell[0m [1;30mINFO[0m Creating environment descriptor '/mnt/Storage/Documents/MIT/Books/Robotics-2_Lab/Mini_Project/install/ur5/share/ur5/hook/pythonpath.dsv'
[5.968s] [34mcolcon.colcon_core.shell[0m [1;30mINFO[0m Creating environment hook '/mnt/Storage/Documents/MIT/Books/Robotics-2_Lab/Mini_Project/install/ur5/share/ur5/hook/pythonpath.sh'
[5.969s] [34mcolcon.colcon_core.environment[0m [1;30mLevel 1[0m checking '/mnt/Storage/Documents/MIT/Books/Robotics-2_Lab/Mini_Project/install/ur5/bin'
[5.970s] [34mcolcon.colcon_core.environment[0m [1;30mLevel 1[0m create_environment_scripts_only(ur5)
[5.972s] [34mcolcon.colcon_core.shell[0m [1;30mINFO[0m Creating package script '/mnt/Storage/Documents/MIT/Books/Robotics-2_Lab/Mini_Project/install/ur5/share/ur5/package.ps1'
[5.973s] [34mcolcon.colcon_core.shell[0m [1;30mINFO[0m Creating package descriptor '/mnt/Storage/Documents/MIT/Books/Robotics-2_Lab/Mini_Project/install/ur5/share/ur5/package.dsv'
[5.974s] [34mcolcon.colcon_core.shell[0m [1;30mINFO[0m Creating package script '/mnt/Storage/Documents/MIT/Books/Robotics-2_Lab/Mini_Project/install/ur5/share/ur5/package.sh'
[5.977s] [34mcolcon.colcon_core.shell[0m [1;30mINFO[0m Creating package script '/mnt/Storage/Documents/MIT/Books/Robotics-2_Lab/Mini_Project/install/ur5/share/ur5/package.bash'
[5.979s] [34mcolcon.colcon_core.shell[0m [1;30mINFO[0m Creating package script '/mnt/Storage/Documents/MIT/Books/Robotics-2_Lab/Mini_Project/install/ur5/share/ur5/package.zsh'
[5.980s] [34mcolcon.colcon_core.environment[0m [1;30mLevel 1[0m create_file_with_runtime_dependencies(/mnt/Storage/Documents/MIT/Books/Robotics-2_Lab/Mini_Project/install/ur5/share/colcon-core/packages/ur5)
[5.981s] [34mcolcon.colcon_parallel_executor.executor.parallel[0m [1;30mDEBUG[0m [32mclosing loop[0m
[5.984s] [34mcolcon.colcon_parallel_executor.executor.parallel[0m [1;30mDEBUG[0m [32mloop closed[0m
[5.985s] [34mcolcon.colcon_parallel_executor.executor.parallel[0m [1;30mDEBUG[0m [32mrun_until_complete finished with '0'[0m
[5.985s] [34mcolcon.colcon_core.event_reactor[0m [1;30mDEBUG[0m [32mjoining thread[0m
[6.012s] [34mcolcon.colcon_core.plugin_system[0m [1;30mINFO[0m Skipping extension 'colcon_notification.desktop_notification.terminal_notifier': Not used on non-Darwin systems
[6.012s] [34mcolcon.colcon_core.plugin_system[0m [1;30mINFO[0m Skipping extension 'colcon_notification.desktop_notification.win32': Not used on non-Windows systems
[6.013s] [34mcolcon.colcon_notification.desktop_notification[0m [1;30mINFO[0m Sending desktop notification using 'notify2'
[6.058s] [34mcolcon.colcon_core.event_reactor[0m [1;30mDEBUG[0m [32mjoined thread[0m
[6.059s] [34mcolcon.colcon_core.shell[0m [1;30mINFO[0m Creating prefix script '/mnt/Storage/Documents/MIT/Books/Robotics-2_Lab/Mini_Project/install/local_setup.ps1'
[6.063s] [34mcolcon.colcon_core.shell[0m [1;30mINFO[0m Creating prefix util module '/mnt/Storage/Documents/MIT/Books/Robotics-2_Lab/Mini_Project/install/_local_setup_util_ps1.py'
[6.068s] [34mcolcon.colcon_core.shell[0m [1;30mINFO[0m Creating prefix chain script '/mnt/Storage/Documents/MIT/Books/Robotics-2_Lab/Mini_Project/install/setup.ps1'
[6.074s] [34mcolcon.colcon_core.shell[0m [1;30mINFO[0m Creating prefix script '/mnt/Storage/Documents/MIT/Books/Robotics-2_Lab/Mini_Project/install/local_setup.sh'
[6.077s] [34mcolcon.colcon_core.shell[0m [1;30mINFO[0m Creating prefix util module '/mnt/Storage/Documents/MIT/Books/Robotics-2_Lab/Mini_Project/install/_local_setup_util_sh.py'
[6.080s] [34mcolcon.colcon_core.shell[0m [1;30mINFO[0m Creating prefix chain script '/mnt/Storage/Documents/MIT/Books/Robotics-2_Lab/Mini_Project/install/setup.sh'
[6.088s] [34mcolcon.colcon_core.shell[0m [1;30mINFO[0m Creating prefix script '/mnt/Storage/Documents/MIT/Books/Robotics-2_Lab/Mini_Project/install/local_setup.bash'
[6.090s] [34mcolcon.colcon_core.shell[0m [1;30mINFO[0m Creating prefix chain script '/mnt/Storage/Documents/MIT/Books/Robotics-2_Lab/Mini_Project/install/setup.bash'
[6.099s] [34mcolcon.colcon_core.shell[0m [1;30mINFO[0m Creating prefix script '/mnt/Storage/Documents/MIT/Books/Robotics-2_Lab/Mini_Project/install/local_setup.zsh'
[6.103s] [34mcolcon.colcon_core.shell[0m [1;30mINFO[0m Creating prefix chain script '/mnt/Storage/Documents/MIT/Books/Robotics-2_Lab/Mini_Project/install/setup.zsh'
