[0.053s] Invoking command in '/mnt/Storage/Documents/MIT/Books/Robotics-2_Lab/Mini_Project/build/conveyorbelt_msgs': CMAKE_PREFIX_PATH=${CMAKE_PREFIX_PATH}:/home/srikar/ws_moveit2/install/moveit_configs_utils:/home/srikar/ws_moveit2/install/launch_param_builder:/opt/ros/humble /usr/bin/cmake --build /mnt/Storage/Documents/MIT/Books/Robotics-2_Lab/Mini_Project/build/conveyorbelt_msgs -- -j8 -l8
[0.125s] [  2%] Built target conveyorbelt_msgs__cpp
[0.148s] [  2%] Built target ament_cmake_python_copy_conveyorbelt_msgs
[0.167s] [ 12%] Built target conveyorbelt_msgs__rosidl_typesupport_introspection_cpp
[0.484s] running egg_info
[0.509s] writing conveyorbelt_msgs.egg-info/PKG-INFO
[0.510s] writing dependency_links to conveyorbelt_msgs.egg-info/dependency_links.txt
[0.510s] writing top-level names to conveyorbelt_msgs.egg-info/top_level.txt
[0.581s] reading manifest file 'conveyorbelt_msgs.egg-info/SOURCES.txt'
[0.582s] writing manifest file 'conveyorbelt_msgs.egg-info/SOURCES.txt'
[0.611s] [ 12%] Built target ament_cmake_python_build_conveyorbelt_msgs_egg
[0.629s] [ 23%] Built target conveyorbelt_msgs__rosidl_typesupport_fastrtps_cpp
[0.647s] [ 33%] Built target conveyorbelt_msgs__rosidl_typesupport_cpp
[0.663s] [ 43%] Built target conveyorbelt_msgs__rosidl_generator_c
[0.682s] [ 53%] Built target conveyorbelt_msgs__rosidl_typesupport_fastrtps_c
[0.697s] [ 64%] Built target conveyorbelt_msgs__rosidl_typesupport_c
[0.713s] [ 74%] Built target conveyorbelt_msgs__rosidl_typesupport_introspection_c
[0.729s] [ 74%] Built target conveyorbelt_msgs
[0.745s] [ 76%] Built target conveyorbelt_msgs__py
[0.762s] [ 84%] Built target conveyorbelt_msgs__rosidl_generator_py
[0.779s] [ 89%] Built target conveyorbelt_msgs__rosidl_typesupport_fastrtps_c__pyext
[0.797s] [ 94%] Built target conveyorbelt_msgs__rosidl_typesupport_c__pyext
[0.813s] [100%] Built target conveyorbelt_msgs__rosidl_typesupport_introspection_c__pyext
[0.820s] Invoked command in '/mnt/Storage/Documents/MIT/Books/Robotics-2_Lab/Mini_Project/build/conveyorbelt_msgs' returned '0': CMAKE_PREFIX_PATH=${CMAKE_PREFIX_PATH}:/home/srikar/ws_moveit2/install/moveit_configs_utils:/home/srikar/ws_moveit2/install/launch_param_builder:/opt/ros/humble /usr/bin/cmake --build /mnt/Storage/Documents/MIT/Books/Robotics-2_Lab/Mini_Project/build/conveyorbelt_msgs -- -j8 -l8
[0.965s] Invoking command in '/mnt/Storage/Documents/MIT/Books/Robotics-2_Lab/Mini_Project/build/conveyorbelt_msgs': CMAKE_PREFIX_PATH=${CMAKE_PREFIX_PATH}:/home/srikar/ws_moveit2/install/moveit_configs_utils:/home/srikar/ws_moveit2/install/launch_param_builder:/opt/ros/humble /usr/bin/cmake --install /mnt/Storage/Documents/MIT/Books/Robotics-2_Lab/Mini_Project/build/conveyorbelt_msgs
[0.969s] -- Install configuration: ""
[0.969s] -- Up-to-date: /mnt/Storage/Documents/MIT/Books/Robotics-2_Lab/Mini_Project/install/conveyorbelt_msgs/share/conveyorbelt_msgs/msg
[0.969s] -- Up-to-date: /mnt/Storage/Documents/MIT/Books/Robotics-2_Lab/Mini_Project/install/conveyorbelt_msgs/share/conveyorbelt_msgs/msg/ConveyorBeltState.msg
[0.970s] -- Up-to-date: /mnt/Storage/Documents/MIT/Books/Robotics-2_Lab/Mini_Project/install/conveyorbelt_msgs/share/conveyorbelt_msgs/srv
[0.970s] -- Up-to-date: /mnt/Storage/Documents/MIT/Books/Robotics-2_Lab/Mini_Project/install/conveyorbelt_msgs/share/conveyorbelt_msgs/srv/ConveyorBeltControl.srv
[0.970s] -- Up-to-date: /mnt/Storage/Documents/MIT/Books/Robotics-2_Lab/Mini_Project/install/conveyorbelt_msgs/share/ament_index/resource_index/rosidl_interfaces/conveyorbelt_msgs
[0.970s] -- Up-to-date: /mnt/Storage/Documents/MIT/Books/Robotics-2_Lab/Mini_Project/install/conveyorbelt_msgs/include/conveyorbelt_msgs/conveyorbelt_msgs
[0.970s] -- Up-to-date: /mnt/Storage/Documents/MIT/Books/Robotics-2_Lab/Mini_Project/install/conveyorbelt_msgs/include/conveyorbelt_msgs/conveyorbelt_msgs/srv
[0.970s] -- Up-to-date: /mnt/Storage/Documents/MIT/Books/Robotics-2_Lab/Mini_Project/install/conveyorbelt_msgs/include/conveyorbelt_msgs/conveyorbelt_msgs/srv/conveyor_belt_control.h
[0.971s] -- Up-to-date: /mnt/Storage/Documents/MIT/Books/Robotics-2_Lab/Mini_Project/install/conveyorbelt_msgs/include/conveyorbelt_msgs/conveyorbelt_msgs/srv/detail
[0.971s] -- Up-to-date: /mnt/Storage/Documents/MIT/Books/Robotics-2_Lab/Mini_Project/install/conveyorbelt_msgs/include/conveyorbelt_msgs/conveyorbelt_msgs/srv/detail/conveyor_belt_control__struct.h
[0.971s] -- Up-to-date: /mnt/Storage/Documents/MIT/Books/Robotics-2_Lab/Mini_Project/install/conveyorbelt_msgs/include/conveyorbelt_msgs/conveyorbelt_msgs/srv/detail/conveyor_belt_control__type_support.h
[0.971s] -- Up-to-date: /mnt/Storage/Documents/MIT/Books/Robotics-2_Lab/Mini_Project/install/conveyorbelt_msgs/include/conveyorbelt_msgs/conveyorbelt_msgs/srv/detail/conveyor_belt_control__functions.h
[0.971s] -- Up-to-date: /mnt/Storage/Documents/MIT/Books/Robotics-2_Lab/Mini_Project/install/conveyorbelt_msgs/include/conveyorbelt_msgs/conveyorbelt_msgs/srv/detail/conveyor_belt_control__functions.c
[0.971s] -- Up-to-date: /mnt/Storage/Documents/MIT/Books/Robotics-2_Lab/Mini_Project/install/conveyorbelt_msgs/include/conveyorbelt_msgs/conveyorbelt_msgs/msg
[0.971s] -- Up-to-date: /mnt/Storage/Documents/MIT/Books/Robotics-2_Lab/Mini_Project/install/conveyorbelt_msgs/include/conveyorbelt_msgs/conveyorbelt_msgs/msg/conveyor_belt_state.h
[0.971s] -- Up-to-date: /mnt/Storage/Documents/MIT/Books/Robotics-2_Lab/Mini_Project/install/conveyorbelt_msgs/include/conveyorbelt_msgs/conveyorbelt_msgs/msg/detail
[0.972s] -- Up-to-date: /mnt/Storage/Documents/MIT/Books/Robotics-2_Lab/Mini_Project/install/conveyorbelt_msgs/include/conveyorbelt_msgs/conveyorbelt_msgs/msg/detail/conveyor_belt_state__type_support.h
[0.972s] -- Up-to-date: /mnt/Storage/Documents/MIT/Books/Robotics-2_Lab/Mini_Project/install/conveyorbelt_msgs/include/conveyorbelt_msgs/conveyorbelt_msgs/msg/detail/conveyor_belt_state__functions.c
[0.972s] -- Up-to-date: /mnt/Storage/Documents/MIT/Books/Robotics-2_Lab/Mini_Project/install/conveyorbelt_msgs/include/conveyorbelt_msgs/conveyorbelt_msgs/msg/detail/conveyor_belt_state__functions.h
[0.972s] -- Up-to-date: /mnt/Storage/Documents/MIT/Books/Robotics-2_Lab/Mini_Project/install/conveyorbelt_msgs/include/conveyorbelt_msgs/conveyorbelt_msgs/msg/detail/conveyor_belt_state__struct.h
[0.972s] -- Up-to-date: /mnt/Storage/Documents/MIT/Books/Robotics-2_Lab/Mini_Project/install/conveyorbelt_msgs/include/conveyorbelt_msgs/conveyorbelt_msgs/msg/rosidl_generator_c__visibility_control.h
[0.972s] -- Up-to-date: /mnt/Storage/Documents/MIT/Books/Robotics-2_Lab/Mini_Project/install/conveyorbelt_msgs/share/conveyorbelt_msgs/environment/library_path.sh
[0.972s] -- Up-to-date: /mnt/Storage/Documents/MIT/Books/Robotics-2_Lab/Mini_Project/install/conveyorbelt_msgs/share/conveyorbelt_msgs/environment/library_path.dsv
[0.973s] -- Up-to-date: /mnt/Storage/Documents/MIT/Books/Robotics-2_Lab/Mini_Project/install/conveyorbelt_msgs/lib/libconveyorbelt_msgs__rosidl_generator_c.so
[0.973s] -- Up-to-date: /mnt/Storage/Documents/MIT/Books/Robotics-2_Lab/Mini_Project/install/conveyorbelt_msgs/include/conveyorbelt_msgs/conveyorbelt_msgs
[0.973s] -- Up-to-date: /mnt/Storage/Documents/MIT/Books/Robotics-2_Lab/Mini_Project/install/conveyorbelt_msgs/include/conveyorbelt_msgs/conveyorbelt_msgs/srv
[0.973s] -- Up-to-date: /mnt/Storage/Documents/MIT/Books/Robotics-2_Lab/Mini_Project/install/conveyorbelt_msgs/include/conveyorbelt_msgs/conveyorbelt_msgs/srv/detail
[0.973s] -- Up-to-date: /mnt/Storage/Documents/MIT/Books/Robotics-2_Lab/Mini_Project/install/conveyorbelt_msgs/include/conveyorbelt_msgs/conveyorbelt_msgs/srv/detail/conveyor_belt_control__rosidl_typesupport_fastrtps_c.h
[0.974s] -- Up-to-date: /mnt/Storage/Documents/MIT/Books/Robotics-2_Lab/Mini_Project/install/conveyorbelt_msgs/include/conveyorbelt_msgs/conveyorbelt_msgs/msg
[0.974s] -- Up-to-date: /mnt/Storage/Documents/MIT/Books/Robotics-2_Lab/Mini_Project/install/conveyorbelt_msgs/include/conveyorbelt_msgs/conveyorbelt_msgs/msg/rosidl_typesupport_fastrtps_c__visibility_control.h
[0.974s] -- Up-to-date: /mnt/Storage/Documents/MIT/Books/Robotics-2_Lab/Mini_Project/install/conveyorbelt_msgs/include/conveyorbelt_msgs/conveyorbelt_msgs/msg/detail
[0.974s] -- Up-to-date: /mnt/Storage/Documents/MIT/Books/Robotics-2_Lab/Mini_Project/install/conveyorbelt_msgs/include/conveyorbelt_msgs/conveyorbelt_msgs/msg/detail/conveyor_belt_state__rosidl_typesupport_fastrtps_c.h
[0.974s] -- Up-to-date: /mnt/Storage/Documents/MIT/Books/Robotics-2_Lab/Mini_Project/install/conveyorbelt_msgs/lib/libconveyorbelt_msgs__rosidl_typesupport_fastrtps_c.so
[0.974s] -- Up-to-date: /mnt/Storage/Documents/MIT/Books/Robotics-2_Lab/Mini_Project/install/conveyorbelt_msgs/include/conveyorbelt_msgs/conveyorbelt_msgs
[0.975s] -- Up-to-date: /mnt/Storage/Documents/MIT/Books/Robotics-2_Lab/Mini_Project/install/conveyorbelt_msgs/include/conveyorbelt_msgs/conveyorbelt_msgs/srv
[0.975s] -- Up-to-date: /mnt/Storage/Documents/MIT/Books/Robotics-2_Lab/Mini_Project/install/conveyorbelt_msgs/include/conveyorbelt_msgs/conveyorbelt_msgs/srv/detail
[0.975s] -- Up-to-date: /mnt/Storage/Documents/MIT/Books/Robotics-2_Lab/Mini_Project/install/conveyorbelt_msgs/include/conveyorbelt_msgs/conveyorbelt_msgs/srv/detail/conveyor_belt_control__rosidl_typesupport_introspection_c.h
[0.975s] -- Up-to-date: /mnt/Storage/Documents/MIT/Books/Robotics-2_Lab/Mini_Project/install/conveyorbelt_msgs/include/conveyorbelt_msgs/conveyorbelt_msgs/srv/detail/conveyor_belt_control__type_support.c
[0.975s] -- Up-to-date: /mnt/Storage/Documents/MIT/Books/Robotics-2_Lab/Mini_Project/install/conveyorbelt_msgs/include/conveyorbelt_msgs/conveyorbelt_msgs/msg
[0.975s] -- Up-to-date: /mnt/Storage/Documents/MIT/Books/Robotics-2_Lab/Mini_Project/install/conveyorbelt_msgs/include/conveyorbelt_msgs/conveyorbelt_msgs/msg/rosidl_typesupport_introspection_c__visibility_control.h
[0.976s] -- Up-to-date: /mnt/Storage/Documents/MIT/Books/Robotics-2_Lab/Mini_Project/install/conveyorbelt_msgs/include/conveyorbelt_msgs/conveyorbelt_msgs/msg/detail
[0.976s] -- Up-to-date: /mnt/Storage/Documents/MIT/Books/Robotics-2_Lab/Mini_Project/install/conveyorbelt_msgs/include/conveyorbelt_msgs/conveyorbelt_msgs/msg/detail/conveyor_belt_state__rosidl_typesupport_introspection_c.h
[0.976s] -- Up-to-date: /mnt/Storage/Documents/MIT/Books/Robotics-2_Lab/Mini_Project/install/conveyorbelt_msgs/include/conveyorbelt_msgs/conveyorbelt_msgs/msg/detail/conveyor_belt_state__type_support.c
[0.976s] -- Up-to-date: /mnt/Storage/Documents/MIT/Books/Robotics-2_Lab/Mini_Project/install/conveyorbelt_msgs/lib/libconveyorbelt_msgs__rosidl_typesupport_introspection_c.so
[0.976s] -- Up-to-date: /mnt/Storage/Documents/MIT/Books/Robotics-2_Lab/Mini_Project/install/conveyorbelt_msgs/lib/libconveyorbelt_msgs__rosidl_typesupport_c.so
[0.976s] -- Up-to-date: /mnt/Storage/Documents/MIT/Books/Robotics-2_Lab/Mini_Project/install/conveyorbelt_msgs/include/conveyorbelt_msgs/conveyorbelt_msgs
[0.977s] -- Up-to-date: /mnt/Storage/Documents/MIT/Books/Robotics-2_Lab/Mini_Project/install/conveyorbelt_msgs/include/conveyorbelt_msgs/conveyorbelt_msgs/srv
[0.977s] -- Up-to-date: /mnt/Storage/Documents/MIT/Books/Robotics-2_Lab/Mini_Project/install/conveyorbelt_msgs/include/conveyorbelt_msgs/conveyorbelt_msgs/srv/detail
[0.977s] -- Up-to-date: /mnt/Storage/Documents/MIT/Books/Robotics-2_Lab/Mini_Project/install/conveyorbelt_msgs/include/conveyorbelt_msgs/conveyorbelt_msgs/srv/detail/conveyor_belt_control__type_support.hpp
[0.977s] -- Up-to-date: /mnt/Storage/Documents/MIT/Books/Robotics-2_Lab/Mini_Project/install/conveyorbelt_msgs/include/conveyorbelt_msgs/conveyorbelt_msgs/srv/detail/conveyor_belt_control__builder.hpp
[0.977s] -- Up-to-date: /mnt/Storage/Documents/MIT/Books/Robotics-2_Lab/Mini_Project/install/conveyorbelt_msgs/include/conveyorbelt_msgs/conveyorbelt_msgs/srv/detail/conveyor_belt_control__traits.hpp
[0.978s] -- Up-to-date: /mnt/Storage/Documents/MIT/Books/Robotics-2_Lab/Mini_Project/install/conveyorbelt_msgs/include/conveyorbelt_msgs/conveyorbelt_msgs/srv/detail/conveyor_belt_control__struct.hpp
[0.978s] -- Up-to-date: /mnt/Storage/Documents/MIT/Books/Robotics-2_Lab/Mini_Project/install/conveyorbelt_msgs/include/conveyorbelt_msgs/conveyorbelt_msgs/srv/conveyor_belt_control.hpp
[0.978s] -- Up-to-date: /mnt/Storage/Documents/MIT/Books/Robotics-2_Lab/Mini_Project/install/conveyorbelt_msgs/include/conveyorbelt_msgs/conveyorbelt_msgs/msg
[0.978s] -- Up-to-date: /mnt/Storage/Documents/MIT/Books/Robotics-2_Lab/Mini_Project/install/conveyorbelt_msgs/include/conveyorbelt_msgs/conveyorbelt_msgs/msg/rosidl_generator_cpp__visibility_control.hpp
[0.978s] -- Up-to-date: /mnt/Storage/Documents/MIT/Books/Robotics-2_Lab/Mini_Project/install/conveyorbelt_msgs/include/conveyorbelt_msgs/conveyorbelt_msgs/msg/detail
[0.978s] -- Up-to-date: /mnt/Storage/Documents/MIT/Books/Robotics-2_Lab/Mini_Project/install/conveyorbelt_msgs/include/conveyorbelt_msgs/conveyorbelt_msgs/msg/detail/conveyor_belt_state__type_support.hpp
[0.978s] -- Up-to-date: /mnt/Storage/Documents/MIT/Books/Robotics-2_Lab/Mini_Project/install/conveyorbelt_msgs/include/conveyorbelt_msgs/conveyorbelt_msgs/msg/detail/conveyor_belt_state__struct.hpp
[0.979s] -- Up-to-date: /mnt/Storage/Documents/MIT/Books/Robotics-2_Lab/Mini_Project/install/conveyorbelt_msgs/include/conveyorbelt_msgs/conveyorbelt_msgs/msg/detail/conveyor_belt_state__traits.hpp
[0.979s] -- Up-to-date: /mnt/Storage/Documents/MIT/Books/Robotics-2_Lab/Mini_Project/install/conveyorbelt_msgs/include/conveyorbelt_msgs/conveyorbelt_msgs/msg/detail/conveyor_belt_state__builder.hpp
[0.979s] -- Up-to-date: /mnt/Storage/Documents/MIT/Books/Robotics-2_Lab/Mini_Project/install/conveyorbelt_msgs/include/conveyorbelt_msgs/conveyorbelt_msgs/msg/conveyor_belt_state.hpp
[0.979s] -- Up-to-date: /mnt/Storage/Documents/MIT/Books/Robotics-2_Lab/Mini_Project/install/conveyorbelt_msgs/include/conveyorbelt_msgs/conveyorbelt_msgs
[0.979s] -- Up-to-date: /mnt/Storage/Documents/MIT/Books/Robotics-2_Lab/Mini_Project/install/conveyorbelt_msgs/include/conveyorbelt_msgs/conveyorbelt_msgs/srv
[0.979s] -- Up-to-date: /mnt/Storage/Documents/MIT/Books/Robotics-2_Lab/Mini_Project/install/conveyorbelt_msgs/include/conveyorbelt_msgs/conveyorbelt_msgs/srv/detail
[0.979s] -- Up-to-date: /mnt/Storage/Documents/MIT/Books/Robotics-2_Lab/Mini_Project/install/conveyorbelt_msgs/include/conveyorbelt_msgs/conveyorbelt_msgs/srv/detail/conveyor_belt_control__rosidl_typesupport_fastrtps_cpp.hpp
[0.980s] -- Up-to-date: /mnt/Storage/Documents/MIT/Books/Robotics-2_Lab/Mini_Project/install/conveyorbelt_msgs/include/conveyorbelt_msgs/conveyorbelt_msgs/srv/detail/dds_fastrtps
[0.980s] -- Up-to-date: /mnt/Storage/Documents/MIT/Books/Robotics-2_Lab/Mini_Project/install/conveyorbelt_msgs/include/conveyorbelt_msgs/conveyorbelt_msgs/msg
[0.980s] -- Up-to-date: /mnt/Storage/Documents/MIT/Books/Robotics-2_Lab/Mini_Project/install/conveyorbelt_msgs/include/conveyorbelt_msgs/conveyorbelt_msgs/msg/detail
[0.980s] -- Up-to-date: /mnt/Storage/Documents/MIT/Books/Robotics-2_Lab/Mini_Project/install/conveyorbelt_msgs/include/conveyorbelt_msgs/conveyorbelt_msgs/msg/detail/conveyor_belt_state__rosidl_typesupport_fastrtps_cpp.hpp
[0.980s] -- Up-to-date: /mnt/Storage/Documents/MIT/Books/Robotics-2_Lab/Mini_Project/install/conveyorbelt_msgs/include/conveyorbelt_msgs/conveyorbelt_msgs/msg/detail/dds_fastrtps
[0.980s] -- Up-to-date: /mnt/Storage/Documents/MIT/Books/Robotics-2_Lab/Mini_Project/install/conveyorbelt_msgs/include/conveyorbelt_msgs/conveyorbelt_msgs/msg/rosidl_typesupport_fastrtps_cpp__visibility_control.h
[0.980s] -- Up-to-date: /mnt/Storage/Documents/MIT/Books/Robotics-2_Lab/Mini_Project/install/conveyorbelt_msgs/lib/libconveyorbelt_msgs__rosidl_typesupport_fastrtps_cpp.so
[0.981s] -- Up-to-date: /mnt/Storage/Documents/MIT/Books/Robotics-2_Lab/Mini_Project/install/conveyorbelt_msgs/include/conveyorbelt_msgs/conveyorbelt_msgs
[0.981s] -- Up-to-date: /mnt/Storage/Documents/MIT/Books/Robotics-2_Lab/Mini_Project/install/conveyorbelt_msgs/include/conveyorbelt_msgs/conveyorbelt_msgs/srv
[0.981s] -- Up-to-date: /mnt/Storage/Documents/MIT/Books/Robotics-2_Lab/Mini_Project/install/conveyorbelt_msgs/include/conveyorbelt_msgs/conveyorbelt_msgs/srv/detail
[0.981s] -- Up-to-date: /mnt/Storage/Documents/MIT/Books/Robotics-2_Lab/Mini_Project/install/conveyorbelt_msgs/include/conveyorbelt_msgs/conveyorbelt_msgs/srv/detail/conveyor_belt_control__rosidl_typesupport_introspection_cpp.hpp
[0.981s] -- Up-to-date: /mnt/Storage/Documents/MIT/Books/Robotics-2_Lab/Mini_Project/install/conveyorbelt_msgs/include/conveyorbelt_msgs/conveyorbelt_msgs/srv/detail/conveyor_belt_control__type_support.cpp
[0.981s] -- Up-to-date: /mnt/Storage/Documents/MIT/Books/Robotics-2_Lab/Mini_Project/install/conveyorbelt_msgs/include/conveyorbelt_msgs/conveyorbelt_msgs/msg
[0.981s] -- Up-to-date: /mnt/Storage/Documents/MIT/Books/Robotics-2_Lab/Mini_Project/install/conveyorbelt_msgs/include/conveyorbelt_msgs/conveyorbelt_msgs/msg/detail
[0.982s] -- Up-to-date: /mnt/Storage/Documents/MIT/Books/Robotics-2_Lab/Mini_Project/install/conveyorbelt_msgs/include/conveyorbelt_msgs/conveyorbelt_msgs/msg/detail/conveyor_belt_state__type_support.cpp
[0.982s] -- Up-to-date: /mnt/Storage/Documents/MIT/Books/Robotics-2_Lab/Mini_Project/install/conveyorbelt_msgs/include/conveyorbelt_msgs/conveyorbelt_msgs/msg/detail/conveyor_belt_state__rosidl_typesupport_introspection_cpp.hpp
[0.982s] -- Up-to-date: /mnt/Storage/Documents/MIT/Books/Robotics-2_Lab/Mini_Project/install/conveyorbelt_msgs/lib/libconveyorbelt_msgs__rosidl_typesupport_introspection_cpp.so
[0.982s] -- Up-to-date: /mnt/Storage/Documents/MIT/Books/Robotics-2_Lab/Mini_Project/install/conveyorbelt_msgs/lib/libconveyorbelt_msgs__rosidl_typesupport_cpp.so
[0.982s] -- Up-to-date: /mnt/Storage/Documents/MIT/Books/Robotics-2_Lab/Mini_Project/install/conveyorbelt_msgs/share/conveyorbelt_msgs/environment/pythonpath.sh
[0.982s] -- Up-to-date: /mnt/Storage/Documents/MIT/Books/Robotics-2_Lab/Mini_Project/install/conveyorbelt_msgs/share/conveyorbelt_msgs/environment/pythonpath.dsv
[0.982s] -- Up-to-date: /mnt/Storage/Documents/MIT/Books/Robotics-2_Lab/Mini_Project/install/conveyorbelt_msgs/local/lib/python3.10/dist-packages/conveyorbelt_msgs-0.0.0-py3.10.egg-info
[0.983s] -- Installing: /mnt/Storage/Documents/MIT/Books/Robotics-2_Lab/Mini_Project/install/conveyorbelt_msgs/local/lib/python3.10/dist-packages/conveyorbelt_msgs-0.0.0-py3.10.egg-info/top_level.txt
[0.983s] -- Installing: /mnt/Storage/Documents/MIT/Books/Robotics-2_Lab/Mini_Project/install/conveyorbelt_msgs/local/lib/python3.10/dist-packages/conveyorbelt_msgs-0.0.0-py3.10.egg-info/SOURCES.txt
[0.983s] -- Installing: /mnt/Storage/Documents/MIT/Books/Robotics-2_Lab/Mini_Project/install/conveyorbelt_msgs/local/lib/python3.10/dist-packages/conveyorbelt_msgs-0.0.0-py3.10.egg-info/PKG-INFO
[0.983s] -- Installing: /mnt/Storage/Documents/MIT/Books/Robotics-2_Lab/Mini_Project/install/conveyorbelt_msgs/local/lib/python3.10/dist-packages/conveyorbelt_msgs-0.0.0-py3.10.egg-info/dependency_links.txt
[0.983s] -- Up-to-date: /mnt/Storage/Documents/MIT/Books/Robotics-2_Lab/Mini_Project/install/conveyorbelt_msgs/local/lib/python3.10/dist-packages/conveyorbelt_msgs
[0.983s] -- Up-to-date: /mnt/Storage/Documents/MIT/Books/Robotics-2_Lab/Mini_Project/install/conveyorbelt_msgs/local/lib/python3.10/dist-packages/conveyorbelt_msgs/libconveyorbelt_msgs__rosidl_generator_py.so
[0.983s] -- Up-to-date: /mnt/Storage/Documents/MIT/Books/Robotics-2_Lab/Mini_Project/install/conveyorbelt_msgs/local/lib/python3.10/dist-packages/conveyorbelt_msgs/_conveyorbelt_msgs_s.ep.rosidl_typesupport_introspection_c.c
[0.984s] -- Up-to-date: /mnt/Storage/Documents/MIT/Books/Robotics-2_Lab/Mini_Project/install/conveyorbelt_msgs/local/lib/python3.10/dist-packages/conveyorbelt_msgs/_conveyorbelt_msgs_s.ep.rosidl_typesupport_c.c
[0.984s] -- Up-to-date: /mnt/Storage/Documents/MIT/Books/Robotics-2_Lab/Mini_Project/install/conveyorbelt_msgs/local/lib/python3.10/dist-packages/conveyorbelt_msgs/conveyorbelt_msgs_s__rosidl_typesupport_fastrtps_c.cpython-310-x86_64-linux-gnu.so
[0.984s] -- Up-to-date: /mnt/Storage/Documents/MIT/Books/Robotics-2_Lab/Mini_Project/install/conveyorbelt_msgs/local/lib/python3.10/dist-packages/conveyorbelt_msgs/conveyorbelt_msgs_s__rosidl_typesupport_c.cpython-310-x86_64-linux-gnu.so
[0.984s] -- Up-to-date: /mnt/Storage/Documents/MIT/Books/Robotics-2_Lab/Mini_Project/install/conveyorbelt_msgs/local/lib/python3.10/dist-packages/conveyorbelt_msgs/conveyorbelt_msgs_s__rosidl_typesupport_introspection_c.cpython-310-x86_64-linux-gnu.so
[0.984s] -- Up-to-date: /mnt/Storage/Documents/MIT/Books/Robotics-2_Lab/Mini_Project/install/conveyorbelt_msgs/local/lib/python3.10/dist-packages/conveyorbelt_msgs/srv
[0.984s] -- Up-to-date: /mnt/Storage/Documents/MIT/Books/Robotics-2_Lab/Mini_Project/install/conveyorbelt_msgs/local/lib/python3.10/dist-packages/conveyorbelt_msgs/srv/_conveyor_belt_control_s.c
[0.984s] -- Up-to-date: /mnt/Storage/Documents/MIT/Books/Robotics-2_Lab/Mini_Project/install/conveyorbelt_msgs/local/lib/python3.10/dist-packages/conveyorbelt_msgs/srv/_conveyor_belt_control.py
[0.984s] -- Up-to-date: /mnt/Storage/Documents/MIT/Books/Robotics-2_Lab/Mini_Project/install/conveyorbelt_msgs/local/lib/python3.10/dist-packages/conveyorbelt_msgs/srv/__init__.py
[0.985s] -- Up-to-date: /mnt/Storage/Documents/MIT/Books/Robotics-2_Lab/Mini_Project/install/conveyorbelt_msgs/local/lib/python3.10/dist-packages/conveyorbelt_msgs/__init__.py
[0.985s] -- Up-to-date: /mnt/Storage/Documents/MIT/Books/Robotics-2_Lab/Mini_Project/install/conveyorbelt_msgs/local/lib/python3.10/dist-packages/conveyorbelt_msgs/msg
[0.985s] -- Up-to-date: /mnt/Storage/Documents/MIT/Books/Robotics-2_Lab/Mini_Project/install/conveyorbelt_msgs/local/lib/python3.10/dist-packages/conveyorbelt_msgs/msg/_conveyor_belt_state.py
[0.985s] -- Up-to-date: /mnt/Storage/Documents/MIT/Books/Robotics-2_Lab/Mini_Project/install/conveyorbelt_msgs/local/lib/python3.10/dist-packages/conveyorbelt_msgs/msg/_conveyor_belt_state_s.c
[0.985s] -- Up-to-date: /mnt/Storage/Documents/MIT/Books/Robotics-2_Lab/Mini_Project/install/conveyorbelt_msgs/local/lib/python3.10/dist-packages/conveyorbelt_msgs/msg/__init__.py
[0.985s] -- Up-to-date: /mnt/Storage/Documents/MIT/Books/Robotics-2_Lab/Mini_Project/install/conveyorbelt_msgs/local/lib/python3.10/dist-packages/conveyorbelt_msgs/_conveyorbelt_msgs_s.ep.rosidl_typesupport_fastrtps_c.c
[1.044s] Listing '/mnt/Storage/Documents/MIT/Books/Robotics-2_Lab/Mini_Project/install/conveyorbelt_msgs/local/lib/python3.10/dist-packages/conveyorbelt_msgs'...
[1.044s] Listing '/mnt/Storage/Documents/MIT/Books/Robotics-2_Lab/Mini_Project/install/conveyorbelt_msgs/local/lib/python3.10/dist-packages/conveyorbelt_msgs/msg'...
[1.044s] Listing '/mnt/Storage/Documents/MIT/Books/Robotics-2_Lab/Mini_Project/install/conveyorbelt_msgs/local/lib/python3.10/dist-packages/conveyorbelt_msgs/srv'...
[1.052s] -- Up-to-date: /mnt/Storage/Documents/MIT/Books/Robotics-2_Lab/Mini_Project/install/conveyorbelt_msgs/local/lib/python3.10/dist-packages/conveyorbelt_msgs/conveyorbelt_msgs_s__rosidl_typesupport_fastrtps_c.cpython-310-x86_64-linux-gnu.so
[1.055s] -- Up-to-date: /mnt/Storage/Documents/MIT/Books/Robotics-2_Lab/Mini_Project/install/conveyorbelt_msgs/local/lib/python3.10/dist-packages/conveyorbelt_msgs/conveyorbelt_msgs_s__rosidl_typesupport_introspection_c.cpython-310-x86_64-linux-gnu.so
[1.055s] -- Up-to-date: /mnt/Storage/Documents/MIT/Books/Robotics-2_Lab/Mini_Project/install/conveyorbelt_msgs/local/lib/python3.10/dist-packages/conveyorbelt_msgs/conveyorbelt_msgs_s__rosidl_typesupport_c.cpython-310-x86_64-linux-gnu.so
[1.055s] -- Up-to-date: /mnt/Storage/Documents/MIT/Books/Robotics-2_Lab/Mini_Project/install/conveyorbelt_msgs/lib/libconveyorbelt_msgs__rosidl_generator_py.so
[1.055s] -- Up-to-date: /mnt/Storage/Documents/MIT/Books/Robotics-2_Lab/Mini_Project/install/conveyorbelt_msgs/share/conveyorbelt_msgs/msg/ConveyorBeltState.idl
[1.055s] -- Up-to-date: /mnt/Storage/Documents/MIT/Books/Robotics-2_Lab/Mini_Project/install/conveyorbelt_msgs/share/conveyorbelt_msgs/srv/ConveyorBeltControl.idl
[1.055s] -- Up-to-date: /mnt/Storage/Documents/MIT/Books/Robotics-2_Lab/Mini_Project/install/conveyorbelt_msgs/share/conveyorbelt_msgs/msg/ConveyorBeltState.msg
[1.055s] -- Up-to-date: /mnt/Storage/Documents/MIT/Books/Robotics-2_Lab/Mini_Project/install/conveyorbelt_msgs/share/conveyorbelt_msgs/srv/ConveyorBeltControl.srv
[1.056s] -- Up-to-date: /mnt/Storage/Documents/MIT/Books/Robotics-2_Lab/Mini_Project/install/conveyorbelt_msgs/share/conveyorbelt_msgs/srv/ConveyorBeltControl_Request.msg
[1.056s] -- Up-to-date: /mnt/Storage/Documents/MIT/Books/Robotics-2_Lab/Mini_Project/install/conveyorbelt_msgs/share/conveyorbelt_msgs/srv/ConveyorBeltControl_Response.msg
[1.056s] -- Up-to-date: /mnt/Storage/Documents/MIT/Books/Robotics-2_Lab/Mini_Project/install/conveyorbelt_msgs/share/ament_index/resource_index/package_run_dependencies/conveyorbelt_msgs
[1.056s] -- Up-to-date: /mnt/Storage/Documents/MIT/Books/Robotics-2_Lab/Mini_Project/install/conveyorbelt_msgs/share/ament_index/resource_index/parent_prefix_path/conveyorbelt_msgs
[1.056s] -- Up-to-date: /mnt/Storage/Documents/MIT/Books/Robotics-2_Lab/Mini_Project/install/conveyorbelt_msgs/share/conveyorbelt_msgs/environment/ament_prefix_path.sh
[1.056s] -- Up-to-date: /mnt/Storage/Documents/MIT/Books/Robotics-2_Lab/Mini_Project/install/conveyorbelt_msgs/share/conveyorbelt_msgs/environment/ament_prefix_path.dsv
[1.056s] -- Up-to-date: /mnt/Storage/Documents/MIT/Books/Robotics-2_Lab/Mini_Project/install/conveyorbelt_msgs/share/conveyorbelt_msgs/environment/path.sh
[1.057s] -- Up-to-date: /mnt/Storage/Documents/MIT/Books/Robotics-2_Lab/Mini_Project/install/conveyorbelt_msgs/share/conveyorbelt_msgs/environment/path.dsv
[1.057s] -- Up-to-date: /mnt/Storage/Documents/MIT/Books/Robotics-2_Lab/Mini_Project/install/conveyorbelt_msgs/share/conveyorbelt_msgs/local_setup.bash
[1.057s] -- Up-to-date: /mnt/Storage/Documents/MIT/Books/Robotics-2_Lab/Mini_Project/install/conveyorbelt_msgs/share/conveyorbelt_msgs/local_setup.sh
[1.057s] -- Up-to-date: /mnt/Storage/Documents/MIT/Books/Robotics-2_Lab/Mini_Project/install/conveyorbelt_msgs/share/conveyorbelt_msgs/local_setup.zsh
[1.057s] -- Up-to-date: /mnt/Storage/Documents/MIT/Books/Robotics-2_Lab/Mini_Project/install/conveyorbelt_msgs/share/conveyorbelt_msgs/local_setup.dsv
[1.057s] -- Installing: /mnt/Storage/Documents/MIT/Books/Robotics-2_Lab/Mini_Project/install/conveyorbelt_msgs/share/conveyorbelt_msgs/package.dsv
[1.057s] -- Up-to-date: /mnt/Storage/Documents/MIT/Books/Robotics-2_Lab/Mini_Project/install/conveyorbelt_msgs/share/ament_index/resource_index/packages/conveyorbelt_msgs
[1.057s] -- Up-to-date: /mnt/Storage/Documents/MIT/Books/Robotics-2_Lab/Mini_Project/install/conveyorbelt_msgs/share/conveyorbelt_msgs/cmake/export_conveyorbelt_msgs__rosidl_generator_cExport.cmake
[1.058s] -- Up-to-date: /mnt/Storage/Documents/MIT/Books/Robotics-2_Lab/Mini_Project/install/conveyorbelt_msgs/share/conveyorbelt_msgs/cmake/export_conveyorbelt_msgs__rosidl_generator_cExport-noconfig.cmake
[1.058s] -- Up-to-date: /mnt/Storage/Documents/MIT/Books/Robotics-2_Lab/Mini_Project/install/conveyorbelt_msgs/share/conveyorbelt_msgs/cmake/export_conveyorbelt_msgs__rosidl_typesupport_fastrtps_cExport.cmake
[1.058s] -- Up-to-date: /mnt/Storage/Documents/MIT/Books/Robotics-2_Lab/Mini_Project/install/conveyorbelt_msgs/share/conveyorbelt_msgs/cmake/export_conveyorbelt_msgs__rosidl_typesupport_fastrtps_cExport-noconfig.cmake
[1.058s] -- Up-to-date: /mnt/Storage/Documents/MIT/Books/Robotics-2_Lab/Mini_Project/install/conveyorbelt_msgs/share/conveyorbelt_msgs/cmake/conveyorbelt_msgs__rosidl_typesupport_introspection_cExport.cmake
[1.058s] -- Up-to-date: /mnt/Storage/Documents/MIT/Books/Robotics-2_Lab/Mini_Project/install/conveyorbelt_msgs/share/conveyorbelt_msgs/cmake/conveyorbelt_msgs__rosidl_typesupport_introspection_cExport-noconfig.cmake
[1.058s] -- Up-to-date: /mnt/Storage/Documents/MIT/Books/Robotics-2_Lab/Mini_Project/install/conveyorbelt_msgs/share/conveyorbelt_msgs/cmake/conveyorbelt_msgs__rosidl_typesupport_cExport.cmake
[1.058s] -- Up-to-date: /mnt/Storage/Documents/MIT/Books/Robotics-2_Lab/Mini_Project/install/conveyorbelt_msgs/share/conveyorbelt_msgs/cmake/conveyorbelt_msgs__rosidl_typesupport_cExport-noconfig.cmake
[1.058s] -- Up-to-date: /mnt/Storage/Documents/MIT/Books/Robotics-2_Lab/Mini_Project/install/conveyorbelt_msgs/share/conveyorbelt_msgs/cmake/export_conveyorbelt_msgs__rosidl_generator_cppExport.cmake
[1.059s] -- Up-to-date: /mnt/Storage/Documents/MIT/Books/Robotics-2_Lab/Mini_Project/install/conveyorbelt_msgs/share/conveyorbelt_msgs/cmake/export_conveyorbelt_msgs__rosidl_typesupport_fastrtps_cppExport.cmake
[1.059s] -- Up-to-date: /mnt/Storage/Documents/MIT/Books/Robotics-2_Lab/Mini_Project/install/conveyorbelt_msgs/share/conveyorbelt_msgs/cmake/export_conveyorbelt_msgs__rosidl_typesupport_fastrtps_cppExport-noconfig.cmake
[1.059s] -- Up-to-date: /mnt/Storage/Documents/MIT/Books/Robotics-2_Lab/Mini_Project/install/conveyorbelt_msgs/share/conveyorbelt_msgs/cmake/conveyorbelt_msgs__rosidl_typesupport_introspection_cppExport.cmake
[1.059s] -- Up-to-date: /mnt/Storage/Documents/MIT/Books/Robotics-2_Lab/Mini_Project/install/conveyorbelt_msgs/share/conveyorbelt_msgs/cmake/conveyorbelt_msgs__rosidl_typesupport_introspection_cppExport-noconfig.cmake
[1.059s] -- Up-to-date: /mnt/Storage/Documents/MIT/Books/Robotics-2_Lab/Mini_Project/install/conveyorbelt_msgs/share/conveyorbelt_msgs/cmake/conveyorbelt_msgs__rosidl_typesupport_cppExport.cmake
[1.059s] -- Up-to-date: /mnt/Storage/Documents/MIT/Books/Robotics-2_Lab/Mini_Project/install/conveyorbelt_msgs/share/conveyorbelt_msgs/cmake/conveyorbelt_msgs__rosidl_typesupport_cppExport-noconfig.cmake
[1.059s] -- Up-to-date: /mnt/Storage/Documents/MIT/Books/Robotics-2_Lab/Mini_Project/install/conveyorbelt_msgs/share/conveyorbelt_msgs/cmake/export_conveyorbelt_msgs__rosidl_generator_pyExport.cmake
[1.059s] -- Up-to-date: /mnt/Storage/Documents/MIT/Books/Robotics-2_Lab/Mini_Project/install/conveyorbelt_msgs/share/conveyorbelt_msgs/cmake/export_conveyorbelt_msgs__rosidl_generator_pyExport-noconfig.cmake
[1.059s] -- Up-to-date: /mnt/Storage/Documents/MIT/Books/Robotics-2_Lab/Mini_Project/install/conveyorbelt_msgs/share/conveyorbelt_msgs/cmake/rosidl_cmake-extras.cmake
[1.060s] -- Up-to-date: /mnt/Storage/Documents/MIT/Books/Robotics-2_Lab/Mini_Project/install/conveyorbelt_msgs/share/conveyorbelt_msgs/cmake/ament_cmake_export_include_directories-extras.cmake
[1.060s] -- Up-to-date: /mnt/Storage/Documents/MIT/Books/Robotics-2_Lab/Mini_Project/install/conveyorbelt_msgs/share/conveyorbelt_msgs/cmake/ament_cmake_export_libraries-extras.cmake
[1.060s] -- Up-to-date: /mnt/Storage/Documents/MIT/Books/Robotics-2_Lab/Mini_Project/install/conveyorbelt_msgs/share/conveyorbelt_msgs/cmake/ament_cmake_export_targets-extras.cmake
[1.061s] -- Up-to-date: /mnt/Storage/Documents/MIT/Books/Robotics-2_Lab/Mini_Project/install/conveyorbelt_msgs/share/conveyorbelt_msgs/cmake/rosidl_cmake_export_typesupport_targets-extras.cmake
[1.061s] -- Up-to-date: /mnt/Storage/Documents/MIT/Books/Robotics-2_Lab/Mini_Project/install/conveyorbelt_msgs/share/conveyorbelt_msgs/cmake/ament_cmake_export_dependencies-extras.cmake
[1.063s] -- Up-to-date: /mnt/Storage/Documents/MIT/Books/Robotics-2_Lab/Mini_Project/install/conveyorbelt_msgs/share/conveyorbelt_msgs/cmake/rosidl_cmake_export_typesupport_libraries-extras.cmake
[1.063s] -- Up-to-date: /mnt/Storage/Documents/MIT/Books/Robotics-2_Lab/Mini_Project/install/conveyorbelt_msgs/share/conveyorbelt_msgs/cmake/conveyorbelt_msgsConfig.cmake
[1.064s] -- Up-to-date: /mnt/Storage/Documents/MIT/Books/Robotics-2_Lab/Mini_Project/install/conveyorbelt_msgs/share/conveyorbelt_msgs/cmake/conveyorbelt_msgsConfig-version.cmake
[1.064s] -- Up-to-date: /mnt/Storage/Documents/MIT/Books/Robotics-2_Lab/Mini_Project/install/conveyorbelt_msgs/share/conveyorbelt_msgs/package.xml
[1.064s] Invoked command in '/mnt/Storage/Documents/MIT/Books/Robotics-2_Lab/Mini_Project/build/conveyorbelt_msgs' returned '0': CMAKE_PREFIX_PATH=${CMAKE_PREFIX_PATH}:/home/srikar/ws_moveit2/install/moveit_configs_utils:/home/srikar/ws_moveit2/install/launch_param_builder:/opt/ros/humble /usr/bin/cmake --install /mnt/Storage/Documents/MIT/Books/Robotics-2_Lab/Mini_Project/build/conveyorbelt_msgs
