-- The C compiler identification is GNU 11.4.0
-- The CXX compiler identification is GNU 11.4.0
-- Detecting C compiler ABI info
-- Detecting C compiler ABI info - done
-- Check for working C compiler: /usr/bin/cc - skipped
-- Detecting C compile features
-- Detecting C compile features - done
-- Detecting CXX compiler ABI info
-- Detecting CXX compiler ABI info - done
-- Check for working CXX compiler: /usr/bin/c++ - skipped
-- Detecting CXX compile features
-- Detecting CXX compile features - done
-- Found ament_cmake: 1.3.10 (/opt/ros/humble/share/ament_cmake/cmake)
-- Found Python3: /usr/bin/python3 (found version "3.10.12") found components: Interpreter 
-- Found ament_lint_auto: 0.12.11 (/opt/ros/humble/share/ament_lint_auto/cmake)
-- Added test 'copyright' to check source files copyright and LICENSE
-- Added test 'flake8' to check Python code syntax and style conventions
-- Added test 'lint_cmake' to check CMake code style
-- Added test 'pep257' to check Python code against some of the docstring style conventions in PEP 257
-- Added test 'xmllint' to check XML markup files
-- Configuring done
-- Generating done
-- Build files have been written to: /mnt/Storage/Documents/MIT/Books/Robotics-2_Lab/Mini_Project/build/conveyorbelt_gazebo
-- Install configuration: ""
-- Installing: /mnt/Storage/Documents/MIT/Books/Robotics-2_Lab/Mini_Project/install/conveyorbelt_gazebo/share/conveyorbelt_gazebo/launch
-- Installing: /mnt/Storage/Documents/MIT/Books/Robotics-2_Lab/Mini_Project/install/conveyorbelt_gazebo/share/conveyorbelt_gazebo/launch/conveyorbelt.launch.py
-- Installing: /mnt/Storage/Documents/MIT/Books/Robotics-2_Lab/Mini_Project/install/conveyorbelt_gazebo/share/conveyorbelt_gazebo/launch/conveyer_aruco.launch.py
-- Installing: /mnt/Storage/Documents/MIT/Books/Robotics-2_Lab/Mini_Project/install/conveyorbelt_gazebo/share/conveyorbelt_gazebo/models
-- Installing: /mnt/Storage/Documents/MIT/Books/Robotics-2_Lab/Mini_Project/install/conveyorbelt_gazebo/share/conveyorbelt_gazebo/models/conveyor_belt
-- Installing: /mnt/Storage/Documents/MIT/Books/Robotics-2_Lab/Mini_Project/install/conveyorbelt_gazebo/share/conveyorbelt_gazebo/models/conveyor_belt/meshes
-- Installing: /mnt/Storage/Documents/MIT/Books/Robotics-2_Lab/Mini_Project/install/conveyorbelt_gazebo/share/conveyorbelt_gazebo/models/conveyor_belt/meshes/conveyor_belt.stl
-- Installing: /mnt/Storage/Documents/MIT/Books/Robotics-2_Lab/Mini_Project/install/conveyorbelt_gazebo/share/conveyorbelt_gazebo/models/conveyor_belt/meshes/conveyor_belt.dae
-- Installing: /mnt/Storage/Documents/MIT/Books/Robotics-2_Lab/Mini_Project/install/conveyorbelt_gazebo/share/conveyorbelt_gazebo/models/conveyor_belt/model.sdf
-- Installing: /mnt/Storage/Documents/MIT/Books/Robotics-2_Lab/Mini_Project/install/conveyorbelt_gazebo/share/conveyorbelt_gazebo/models/conveyor_belt/model.config
-- Installing: /mnt/Storage/Documents/MIT/Books/Robotics-2_Lab/Mini_Project/install/conveyorbelt_gazebo/share/conveyorbelt_gazebo/worlds
-- Installing: /mnt/Storage/Documents/MIT/Books/Robotics-2_Lab/Mini_Project/install/conveyorbelt_gazebo/share/conveyorbelt_gazebo/worlds/conveyorbelt.world
-- Installing: /mnt/Storage/Documents/MIT/Books/Robotics-2_Lab/Mini_Project/install/conveyorbelt_gazebo/share/conveyorbelt_gazebo/worlds/conveyer_aruco_box.world
-- Installing: /mnt/Storage/Documents/MIT/Books/Robotics-2_Lab/Mini_Project/install/conveyorbelt_gazebo/share/conveyorbelt_gazebo/urdf
-- Installing: /mnt/Storage/Documents/MIT/Books/Robotics-2_Lab/Mini_Project/install/conveyorbelt_gazebo/share/conveyorbelt_gazebo/urdf/box.urdf
-- Installing: /mnt/Storage/Documents/MIT/Books/Robotics-2_Lab/Mini_Project/install/conveyorbelt_gazebo/share/ament_index/resource_index/package_run_dependencies/conveyorbelt_gazebo
-- Installing: /mnt/Storage/Documents/MIT/Books/Robotics-2_Lab/Mini_Project/install/conveyorbelt_gazebo/share/ament_index/resource_index/parent_prefix_path/conveyorbelt_gazebo
-- Installing: /mnt/Storage/Documents/MIT/Books/Robotics-2_Lab/Mini_Project/install/conveyorbelt_gazebo/share/conveyorbelt_gazebo/environment/ament_prefix_path.sh
-- Installing: /mnt/Storage/Documents/MIT/Books/Robotics-2_Lab/Mini_Project/install/conveyorbelt_gazebo/share/conveyorbelt_gazebo/environment/ament_prefix_path.dsv
-- Installing: /mnt/Storage/Documents/MIT/Books/Robotics-2_Lab/Mini_Project/install/conveyorbelt_gazebo/share/conveyorbelt_gazebo/environment/path.sh
-- Installing: /mnt/Storage/Documents/MIT/Books/Robotics-2_Lab/Mini_Project/install/conveyorbelt_gazebo/share/conveyorbelt_gazebo/environment/path.dsv
-- Installing: /mnt/Storage/Documents/MIT/Books/Robotics-2_Lab/Mini_Project/install/conveyorbelt_gazebo/share/conveyorbelt_gazebo/local_setup.bash
-- Installing: /mnt/Storage/Documents/MIT/Books/Robotics-2_Lab/Mini_Project/install/conveyorbelt_gazebo/share/conveyorbelt_gazebo/local_setup.sh
-- Installing: /mnt/Storage/Documents/MIT/Books/Robotics-2_Lab/Mini_Project/install/conveyorbelt_gazebo/share/conveyorbelt_gazebo/local_setup.zsh
-- Installing: /mnt/Storage/Documents/MIT/Books/Robotics-2_Lab/Mini_Project/install/conveyorbelt_gazebo/share/conveyorbelt_gazebo/local_setup.dsv
-- Installing: /mnt/Storage/Documents/MIT/Books/Robotics-2_Lab/Mini_Project/install/conveyorbelt_gazebo/share/conveyorbelt_gazebo/package.dsv
-- Installing: /mnt/Storage/Documents/MIT/Books/Robotics-2_Lab/Mini_Project/install/conveyorbelt_gazebo/share/ament_index/resource_index/packages/conveyorbelt_gazebo
-- Installing: /mnt/Storage/Documents/MIT/Books/Robotics-2_Lab/Mini_Project/install/conveyorbelt_gazebo/share/conveyorbelt_gazebo/cmake/conveyorbelt_gazeboConfig.cmake
-- Installing: /mnt/Storage/Documents/MIT/Books/Robotics-2_Lab/Mini_Project/install/conveyorbelt_gazebo/share/conveyorbelt_gazebo/cmake/conveyorbelt_gazeboConfig-version.cmake
-- Installing: /mnt/Storage/Documents/MIT/Books/Robotics-2_Lab/Mini_Project/install/conveyorbelt_gazebo/share/conveyorbelt_gazebo/package.xml
