[1.119s] Invoking command in '/mnt/Storage/Documents/MIT/Books/Robotics-2_Lab/Mini_Project/src/ur5': PYTHONPATH=/mnt/Storage/Documents/MIT/Books/Robotics-2_Lab/Mini_Project/build/ur5/prefix_override:/usr/lib/python3/dist-packages/colcon_core/task/python/colcon_distutils_commands:/mnt/Storage/Documents/MIT/Books/Robotics-2_Lab/Mini_Project/install/ur5/lib/python3.10/site-packages:${PYTHONPATH} /usr/bin/python3 -W ignore:setup.py install is deprecated setup.py egg_info --egg-base ../../build/ur5 build --build-base /mnt/Storage/Documents/MIT/Books/Robotics-2_Lab/Mini_Project/build/ur5/build install --record /mnt/Storage/Documents/MIT/Books/Robotics-2_Lab/Mini_Project/build/ur5/install.log --single-version-externally-managed install_data
[1.436s] running egg_info
[1.459s] writing ../../build/ur5/ur5.egg-info/PKG-INFO
[1.533s] writing dependency_links to ../../build/ur5/ur5.egg-info/dependency_links.txt
[1.533s] writing entry points to ../../build/ur5/ur5.egg-info/entry_points.txt
[1.535s] writing requirements to ../../build/ur5/ur5.egg-info/requires.txt
[1.535s] writing top-level names to ../../build/ur5/ur5.egg-info/top_level.txt
[1.608s] reading manifest file '../../build/ur5/ur5.egg-info/SOURCES.txt'
[1.923s] writing manifest file '../../build/ur5/ur5.egg-info/SOURCES.txt'
[1.926s] running build
[1.926s] running build_py
[1.929s] copying ur5/controller_ik.py -> /mnt/Storage/Documents/MIT/Books/Robotics-2_Lab/Mini_Project/build/ur5/build/lib/ur5
[1.932s] running install
[1.953s] running install_lib
[1.985s] running install_data
[1.986s] copying launch/ur5_rviz.launch.py -> /mnt/Storage/Documents/MIT/Books/Robotics-2_Lab/Mini_Project/install/ur5/share/ur5
[1.986s] copying launch/ur5_control.launch.py -> /mnt/Storage/Documents/MIT/Books/Robotics-2_Lab/Mini_Project/install/ur5/share/ur5
[1.986s] copying launch/ur5_world.launch.py -> /mnt/Storage/Documents/MIT/Books/Robotics-2_Lab/Mini_Project/install/ur5/share/ur5
[1.987s] copying launch/ur5_gazebo.launch.py -> /mnt/Storage/Documents/MIT/Books/Robotics-2_Lab/Mini_Project/install/ur5/share/ur5
[1.987s] copying urdf/ur5_bot.urdf -> /mnt/Storage/Documents/MIT/Books/Robotics-2_Lab/Mini_Project/install/ur5/share/ur5
[1.987s] copying urdf/ur5_rviz_bot.urdf -> /mnt/Storage/Documents/MIT/Books/Robotics-2_Lab/Mini_Project/install/ur5/share/ur5
[1.987s] copying config/ur5_control.yaml -> /mnt/Storage/Documents/MIT/Books/Robotics-2_Lab/Mini_Project/install/ur5/share/ur5
[1.987s] running install_egg_info
[2.013s] removing '/mnt/Storage/Documents/MIT/Books/Robotics-2_Lab/Mini_Project/install/ur5/lib/python3.10/site-packages/ur5-0.0.0-py3.10.egg-info' (and everything under it)
[2.013s] Copying ../../build/ur5/ur5.egg-info to /mnt/Storage/Documents/MIT/Books/Robotics-2_Lab/Mini_Project/install/ur5/lib/python3.10/site-packages/ur5-0.0.0-py3.10.egg-info
[2.291s] running install_scripts
[2.483s] Installing gz script to /mnt/Storage/Documents/MIT/Books/Robotics-2_Lab/Mini_Project/install/ur5/lib/ur5
[2.508s] Installing gz_ik script to /mnt/Storage/Documents/MIT/Books/Robotics-2_Lab/Mini_Project/install/ur5/lib/ur5
[2.628s] Installing rviz script to /mnt/Storage/Documents/MIT/Books/Robotics-2_Lab/Mini_Project/install/ur5/lib/ur5
[2.630s] Installing rviz_ik script to /mnt/Storage/Documents/MIT/Books/Robotics-2_Lab/Mini_Project/install/ur5/lib/ur5
[2.632s] writing list of installed files to '/mnt/Storage/Documents/MIT/Books/Robotics-2_Lab/Mini_Project/build/ur5/install.log'
[2.919s] Invoked command in '/mnt/Storage/Documents/MIT/Books/Robotics-2_Lab/Mini_Project/src/ur5' returned '0': PYTHONPATH=/mnt/Storage/Documents/MIT/Books/Robotics-2_Lab/Mini_Project/build/ur5/prefix_override:/usr/lib/python3/dist-packages/colcon_core/task/python/colcon_distutils_commands:/mnt/Storage/Documents/MIT/Books/Robotics-2_Lab/Mini_Project/install/ur5/lib/python3.10/site-packages:${PYTHONPATH} /usr/bin/python3 -W ignore:setup.py install is deprecated setup.py egg_info --egg-base ../../build/ur5 build --build-base /mnt/Storage/Documents/MIT/Books/Robotics-2_Lab/Mini_Project/build/ur5/build install --record /mnt/Storage/Documents/MIT/Books/Robotics-2_Lab/Mini_Project/build/ur5/install.log --single-version-externally-managed install_data
