[0.139s] [34mcolcon[0m [1;30mDEBUG[0m [32mCommand line arguments: ['/usr/bin/colcon', 'build'][0m
[0.139s] [34mcolcon[0m [1;30mDEBUG[0m [32mParsed command line arguments: Namespace(log_base=None, log_level=None, verb_name='build', build_base='build', install_base='install', merge_install=False, symlink_install=False, test_result_base=None, continue_on_error=False, executor='parallel', parallel_workers=8, event_handlers=None, ignore_user_meta=False, metas=['./colcon.meta'], base_paths=['.'], packages_ignore=None, packages_ignore_regex=None, paths=None, packages_up_to=None, packages_up_to_regex=None, packages_above=None, packages_above_and_dependencies=None, packages_above_depth=None, packages_select_by_dep=None, packages_skip_by_dep=None, packages_skip_up_to=None, packages_select_build_failed=False, packages_skip_build_finished=False, packages_select_test_failures=False, packages_skip_test_passed=False, packages_select=None, packages_skip=None, packages_select_regex=None, packages_skip_regex=None, packages_start=None, packages_end=None, allow_overriding=[], cmake_args=None, cmake_target=None, cmake_target_skip_unavailable=False, cmake_clean_cache=False, cmake_clean_first=False, cmake_force_configure=False, ament_cmake_args=None, catkin_cmake_args=None, catkin_skip_building_tests=False, mixin_files=None, mixin=None, verb_parser=<colcon_mixin.mixin.mixin_argument.MixinArgumentDecorator object at 0x7316f124c7f0>, verb_extension=<colcon_core.verb.build.BuildVerb object at 0x7316f124c370>, main=<bound method BuildVerb.main of <colcon_core.verb.build.BuildVerb object at 0x7316f124c370>>, mixin_verb=('build',))[0m
[0.183s] [34mcolcon.colcon_core.package_discovery[0m [1;30mLevel 1[0m discover_packages(colcon_meta) check parameters
[0.183s] [34mcolcon.colcon_core.package_discovery[0m [1;30mLevel 1[0m discover_packages(recursive) check parameters
[0.183s] [34mcolcon.colcon_core.package_discovery[0m [1;30mLevel 1[0m discover_packages(ignore) check parameters
[0.183s] [34mcolcon.colcon_core.package_discovery[0m [1;30mLevel 1[0m discover_packages(path) check parameters
[0.183s] [34mcolcon.colcon_core.package_discovery[0m [1;30mLevel 1[0m discover_packages(colcon_meta) discover
[0.183s] [34mcolcon.colcon_core.package_discovery[0m [1;30mLevel 1[0m discover_packages(recursive) discover
[0.183s] [34mcolcon.colcon_core.package_discovery[0m [1;30mINFO[0m Crawling recursively for packages in '/mnt/Storage/Documents/MIT/Books/Robotics-2_Lab/Mini_Project'
[0.183s] [34mcolcon.colcon_core.package_identification[0m [1;30mLevel 1[0m _identify(.) by extensions ['ignore', 'ignore_ament_install']
[0.183s] [34mcolcon.colcon_core.package_identification[0m [1;30mLevel 1[0m _identify(.) by extension 'ignore'
[0.183s] [34mcolcon.colcon_core.package_identification[0m [1;30mLevel 1[0m _identify(.) by extension 'ignore_ament_install'
[0.183s] [34mcolcon.colcon_core.package_identification[0m [1;30mLevel 1[0m _identify(.) by extensions ['colcon_pkg']
[0.183s] [34mcolcon.colcon_core.package_identification[0m [1;30mLevel 1[0m _identify(.) by extension 'colcon_pkg'
[0.183s] [34mcolcon.colcon_core.package_identification[0m [1;30mLevel 1[0m _identify(.) by extensions ['colcon_meta']
[0.184s] [34mcolcon.colcon_core.package_identification[0m [1;30mLevel 1[0m _identify(.) by extension 'colcon_meta'
[0.184s] [34mcolcon.colcon_core.package_identification[0m [1;30mLevel 1[0m _identify(.) by extensions ['ros']
[0.184s] [34mcolcon.colcon_core.package_identification[0m [1;30mLevel 1[0m _identify(.) by extension 'ros'
[0.198s] [34mcolcon.colcon_core.package_identification[0m [1;30mLevel 1[0m _identify(.) by extensions ['cmake', 'python']
[0.198s] [34mcolcon.colcon_core.package_identification[0m [1;30mLevel 1[0m _identify(.) by extension 'cmake'
[0.199s] [34mcolcon.colcon_core.package_identification[0m [1;30mLevel 1[0m _identify(.) by extension 'python'
[0.199s] [34mcolcon.colcon_core.package_identification[0m [1;30mLevel 1[0m _identify(.) by extensions ['python_setup_py']
[0.199s] [34mcolcon.colcon_core.package_identification[0m [1;30mLevel 1[0m _identify(.) by extension 'python_setup_py'
[0.199s] [34mcolcon.colcon_core.package_identification[0m [1;30mLevel 1[0m _identify(build) by extensions ['ignore', 'ignore_ament_install']
[0.199s] [34mcolcon.colcon_core.package_identification[0m [1;30mLevel 1[0m _identify(build) by extension 'ignore'
[0.199s] [34mcolcon.colcon_core.package_identification[0m [1;30mLevel 1[0m _identify(build) ignored
[0.199s] [34mcolcon.colcon_core.package_identification[0m [1;30mLevel 1[0m _identify(install) by extensions ['ignore', 'ignore_ament_install']
[0.199s] [34mcolcon.colcon_core.package_identification[0m [1;30mLevel 1[0m _identify(install) by extension 'ignore'
[0.199s] [34mcolcon.colcon_core.package_identification[0m [1;30mLevel 1[0m _identify(install) ignored
[0.199s] [34mcolcon.colcon_core.package_identification[0m [1;30mLevel 1[0m _identify(log) by extensions ['ignore', 'ignore_ament_install']
[0.200s] [34mcolcon.colcon_core.package_identification[0m [1;30mLevel 1[0m _identify(log) by extension 'ignore'
[0.200s] [34mcolcon.colcon_core.package_identification[0m [1;30mLevel 1[0m _identify(log) ignored
[0.200s] [34mcolcon.colcon_core.package_identification[0m [1;30mLevel 1[0m _identify(src) by extensions ['ignore', 'ignore_ament_install']
[0.200s] [34mcolcon.colcon_core.package_identification[0m [1;30mLevel 1[0m _identify(src) by extension 'ignore'
[0.200s] [34mcolcon.colcon_core.package_identification[0m [1;30mLevel 1[0m _identify(src) by extension 'ignore_ament_install'
[0.200s] [34mcolcon.colcon_core.package_identification[0m [1;30mLevel 1[0m _identify(src) by extensions ['colcon_pkg']
[0.200s] [34mcolcon.colcon_core.package_identification[0m [1;30mLevel 1[0m _identify(src) by extension 'colcon_pkg'
[0.200s] [34mcolcon.colcon_core.package_identification[0m [1;30mLevel 1[0m _identify(src) by extensions ['colcon_meta']
[0.200s] [34mcolcon.colcon_core.package_identification[0m [1;30mLevel 1[0m _identify(src) by extension 'colcon_meta'
[0.200s] [34mcolcon.colcon_core.package_identification[0m [1;30mLevel 1[0m _identify(src) by extensions ['ros']
[0.200s] [34mcolcon.colcon_core.package_identification[0m [1;30mLevel 1[0m _identify(src) by extension 'ros'
[0.200s] [34mcolcon.colcon_core.package_identification[0m [1;30mLevel 1[0m _identify(src) by extensions ['cmake', 'python']
[0.200s] [34mcolcon.colcon_core.package_identification[0m [1;30mLevel 1[0m _identify(src) by extension 'cmake'
[0.200s] [34mcolcon.colcon_core.package_identification[0m [1;30mLevel 1[0m _identify(src) by extension 'python'
[0.200s] [34mcolcon.colcon_core.package_identification[0m [1;30mLevel 1[0m _identify(src) by extensions ['python_setup_py']
[0.200s] [34mcolcon.colcon_core.package_identification[0m [1;30mLevel 1[0m _identify(src) by extension 'python_setup_py'
[0.201s] [34mcolcon.colcon_core.package_identification[0m [1;30mLevel 1[0m _identify(src/conveyorbelt_gazebo) by extensions ['ignore', 'ignore_ament_install']
[0.201s] [34mcolcon.colcon_core.package_identification[0m [1;30mLevel 1[0m _identify(src/conveyorbelt_gazebo) by extension 'ignore'
[0.201s] [34mcolcon.colcon_core.package_identification[0m [1;30mLevel 1[0m _identify(src/conveyorbelt_gazebo) by extension 'ignore_ament_install'
[0.201s] [34mcolcon.colcon_core.package_identification[0m [1;30mLevel 1[0m _identify(src/conveyorbelt_gazebo) by extensions ['colcon_pkg']
[0.201s] [34mcolcon.colcon_core.package_identification[0m [1;30mLevel 1[0m _identify(src/conveyorbelt_gazebo) by extension 'colcon_pkg'
[0.201s] [34mcolcon.colcon_core.package_identification[0m [1;30mLevel 1[0m _identify(src/conveyorbelt_gazebo) by extensions ['colcon_meta']
[0.201s] [34mcolcon.colcon_core.package_identification[0m [1;30mLevel 1[0m _identify(src/conveyorbelt_gazebo) by extension 'colcon_meta'
[0.201s] [34mcolcon.colcon_core.package_identification[0m [1;30mLevel 1[0m _identify(src/conveyorbelt_gazebo) by extensions ['ros']
[0.201s] [34mcolcon.colcon_core.package_identification[0m [1;30mLevel 1[0m _identify(src/conveyorbelt_gazebo) by extension 'ros'
[0.203s] [34mcolcon.colcon_core.package_identification[0m [1;30mDEBUG[0m [32mPackage 'src/conveyorbelt_gazebo' with type 'ros.ament_cmake' and name 'conveyorbelt_gazebo'[0m
[0.203s] [34mcolcon.colcon_core.package_identification[0m [1;30mLevel 1[0m _identify(src/conveyorbelt_msgs) by extensions ['ignore', 'ignore_ament_install']
[0.204s] [34mcolcon.colcon_core.package_identification[0m [1;30mLevel 1[0m _identify(src/conveyorbelt_msgs) by extension 'ignore'
[0.204s] [34mcolcon.colcon_core.package_identification[0m [1;30mLevel 1[0m _identify(src/conveyorbelt_msgs) by extension 'ignore_ament_install'
[0.204s] [34mcolcon.colcon_core.package_identification[0m [1;30mLevel 1[0m _identify(src/conveyorbelt_msgs) by extensions ['colcon_pkg']
[0.204s] [34mcolcon.colcon_core.package_identification[0m [1;30mLevel 1[0m _identify(src/conveyorbelt_msgs) by extension 'colcon_pkg'
[0.204s] [34mcolcon.colcon_core.package_identification[0m [1;30mLevel 1[0m _identify(src/conveyorbelt_msgs) by extensions ['colcon_meta']
[0.204s] [34mcolcon.colcon_core.package_identification[0m [1;30mLevel 1[0m _identify(src/conveyorbelt_msgs) by extension 'colcon_meta'
[0.204s] [34mcolcon.colcon_core.package_identification[0m [1;30mLevel 1[0m _identify(src/conveyorbelt_msgs) by extensions ['ros']
[0.204s] [34mcolcon.colcon_core.package_identification[0m [1;30mLevel 1[0m _identify(src/conveyorbelt_msgs) by extension 'ros'
[0.205s] [34mcolcon.colcon_core.package_identification[0m [1;30mDEBUG[0m [32mPackage 'src/conveyorbelt_msgs' with type 'ros.ament_cmake' and name 'conveyorbelt_msgs'[0m
[0.205s] [34mcolcon.colcon_core.package_identification[0m [1;30mLevel 1[0m _identify(src/ros2_conveyorbelt) by extensions ['ignore', 'ignore_ament_install']
[0.205s] [34mcolcon.colcon_core.package_identification[0m [1;30mLevel 1[0m _identify(src/ros2_conveyorbelt) by extension 'ignore'
[0.205s] [34mcolcon.colcon_core.package_identification[0m [1;30mLevel 1[0m _identify(src/ros2_conveyorbelt) by extension 'ignore_ament_install'
[0.205s] [34mcolcon.colcon_core.package_identification[0m [1;30mLevel 1[0m _identify(src/ros2_conveyorbelt) by extensions ['colcon_pkg']
[0.205s] [34mcolcon.colcon_core.package_identification[0m [1;30mLevel 1[0m _identify(src/ros2_conveyorbelt) by extension 'colcon_pkg'
[0.205s] [34mcolcon.colcon_core.package_identification[0m [1;30mLevel 1[0m _identify(src/ros2_conveyorbelt) by extensions ['colcon_meta']
[0.205s] [34mcolcon.colcon_core.package_identification[0m [1;30mLevel 1[0m _identify(src/ros2_conveyorbelt) by extension 'colcon_meta'
[0.205s] [34mcolcon.colcon_core.package_identification[0m [1;30mLevel 1[0m _identify(src/ros2_conveyorbelt) by extensions ['ros']
[0.205s] [34mcolcon.colcon_core.package_identification[0m [1;30mLevel 1[0m _identify(src/ros2_conveyorbelt) by extension 'ros'
[0.226s] [34mcolcon.colcon_core.package_identification[0m [1;30mDEBUG[0m [32mPackage 'src/ros2_conveyorbelt' with type 'ros.ament_cmake' and name 'ros2_conveyorbelt'[0m
[0.226s] [34mcolcon.colcon_core.package_identification[0m [1;30mLevel 1[0m _identify(src/ur5) by extensions ['ignore', 'ignore_ament_install']
[0.226s] [34mcolcon.colcon_core.package_identification[0m [1;30mLevel 1[0m _identify(src/ur5) by extension 'ignore'
[0.226s] [34mcolcon.colcon_core.package_identification[0m [1;30mLevel 1[0m _identify(src/ur5) by extension 'ignore_ament_install'
[0.226s] [34mcolcon.colcon_core.package_identification[0m [1;30mLevel 1[0m _identify(src/ur5) by extensions ['colcon_pkg']
[0.226s] [34mcolcon.colcon_core.package_identification[0m [1;30mLevel 1[0m _identify(src/ur5) by extension 'colcon_pkg'
[0.226s] [34mcolcon.colcon_core.package_identification[0m [1;30mLevel 1[0m _identify(src/ur5) by extensions ['colcon_meta']
[0.226s] [34mcolcon.colcon_core.package_identification[0m [1;30mLevel 1[0m _identify(src/ur5) by extension 'colcon_meta'
[0.227s] [34mcolcon.colcon_core.package_identification[0m [1;30mLevel 1[0m _identify(src/ur5) by extensions ['ros']
[0.227s] [34mcolcon.colcon_core.package_identification[0m [1;30mLevel 1[0m _identify(src/ur5) by extension 'ros'
[0.228s] [34mcolcon.colcon_core.package_identification[0m [1;30mDEBUG[0m [32mPackage 'src/ur5' with type 'ros.ament_cmake' and name 'ur5'[0m
[0.228s] [34mcolcon.colcon_core.package_discovery[0m [1;30mLevel 1[0m discover_packages(recursive) using defaults
[0.228s] [34mcolcon.colcon_core.package_discovery[0m [1;30mLevel 1[0m discover_packages(ignore) discover
[0.228s] [34mcolcon.colcon_core.package_discovery[0m [1;30mLevel 1[0m discover_packages(ignore) using defaults
[0.228s] [34mcolcon.colcon_core.package_discovery[0m [1;30mLevel 1[0m discover_packages(path) discover
[0.228s] [34mcolcon.colcon_core.package_discovery[0m [1;30mLevel 1[0m discover_packages(path) using defaults
[0.247s] [34mcolcon.colcon_core.package_discovery[0m [1;30mLevel 1[0m discover_packages(prefix_path) check parameters
[0.247s] [34mcolcon.colcon_core.package_discovery[0m [1;30mLevel 1[0m discover_packages(prefix_path) discover
[0.252s] [34mcolcon.colcon_installed_package_information.package_discovery[0m [1;30mDEBUG[0m [32mFound 5 installed packages in /mnt/Storage/Documents/MIT/Books/Robotics-2_Lab/Mini_Project/install[0m
[0.254s] [34mcolcon.colcon_installed_package_information.package_discovery[0m [1;30mDEBUG[0m [32mFound 56 installed packages in /home/srikar/ws_moveit2/install[0m
[0.256s] [34mcolcon.colcon_installed_package_information.package_discovery[0m [1;30mDEBUG[0m [32mFound 442 installed packages in /opt/ros/humble[0m
[0.260s] [34mcolcon.colcon_core.package_discovery[0m [1;30mLevel 1[0m discover_packages(prefix_path) using defaults
[0.336s] [34mcolcon.colcon_core.package_selection[0m [1;30mWARNING[0m [33mSome selected packages are already built in one or more underlay workspaces:
	'ur5' is in: /mnt/Storage/Documents/MIT/Books/Robotics-2_Lab/Mini_Project/install/ur5
If a package in a merged underlay workspace is overridden and it installs headers, then all packages in the overlay must sort their include directories by workspace order. Failure to do so may result in build failures or undefined behavior at run time.
If the overridden package is used by another package in any underlay, then the overriding package in the overlay must be API and ABI compatible or undefined behavior at run time may occur.

If you understand the risks and want to override a package anyways, add the following to the command line:
	--allow-overriding ur5

This may be promoted to an error in a future release of colcon-override-check.[0m
[0.337s] [34mcolcon.colcon_core.verb[0m [1;30mLevel 5[0m set package 'conveyorbelt_gazebo' build argument 'cmake_args' from command line to 'None'
[0.337s] [34mcolcon.colcon_core.verb[0m [1;30mLevel 5[0m set package 'conveyorbelt_gazebo' build argument 'cmake_target' from command line to 'None'
[0.337s] [34mcolcon.colcon_core.verb[0m [1;30mLevel 5[0m set package 'conveyorbelt_gazebo' build argument 'cmake_target_skip_unavailable' from command line to 'False'
[0.337s] [34mcolcon.colcon_core.verb[0m [1;30mLevel 5[0m set package 'conveyorbelt_gazebo' build argument 'cmake_clean_cache' from command line to 'False'
[0.337s] [34mcolcon.colcon_core.verb[0m [1;30mLevel 5[0m set package 'conveyorbelt_gazebo' build argument 'cmake_clean_first' from command line to 'False'
[0.337s] [34mcolcon.colcon_core.verb[0m [1;30mLevel 5[0m set package 'conveyorbelt_gazebo' build argument 'cmake_force_configure' from command line to 'False'
[0.337s] [34mcolcon.colcon_core.verb[0m [1;30mLevel 5[0m set package 'conveyorbelt_gazebo' build argument 'ament_cmake_args' from command line to 'None'
[0.337s] [34mcolcon.colcon_core.verb[0m [1;30mLevel 5[0m set package 'conveyorbelt_gazebo' build argument 'catkin_cmake_args' from command line to 'None'
[0.337s] [34mcolcon.colcon_core.verb[0m [1;30mLevel 5[0m set package 'conveyorbelt_gazebo' build argument 'catkin_skip_building_tests' from command line to 'False'
[0.337s] [34mcolcon.colcon_core.verb[0m [1;30mDEBUG[0m [32mBuilding package 'conveyorbelt_gazebo' with the following arguments: {'ament_cmake_args': None, 'build_base': '/mnt/Storage/Documents/MIT/Books/Robotics-2_Lab/Mini_Project/build/conveyorbelt_gazebo', 'catkin_cmake_args': None, 'catkin_skip_building_tests': False, 'cmake_args': None, 'cmake_clean_cache': False, 'cmake_clean_first': False, 'cmake_force_configure': False, 'cmake_target': None, 'cmake_target_skip_unavailable': False, 'install_base': '/mnt/Storage/Documents/MIT/Books/Robotics-2_Lab/Mini_Project/install/conveyorbelt_gazebo', 'merge_install': False, 'path': '/mnt/Storage/Documents/MIT/Books/Robotics-2_Lab/Mini_Project/src/conveyorbelt_gazebo', 'symlink_install': False, 'test_result_base': None}[0m
[0.338s] [34mcolcon.colcon_core.verb[0m [1;30mLevel 5[0m set package 'conveyorbelt_msgs' build argument 'cmake_args' from command line to 'None'
[0.338s] [34mcolcon.colcon_core.verb[0m [1;30mLevel 5[0m set package 'conveyorbelt_msgs' build argument 'cmake_target' from command line to 'None'
[0.338s] [34mcolcon.colcon_core.verb[0m [1;30mLevel 5[0m set package 'conveyorbelt_msgs' build argument 'cmake_target_skip_unavailable' from command line to 'False'
[0.338s] [34mcolcon.colcon_core.verb[0m [1;30mLevel 5[0m set package 'conveyorbelt_msgs' build argument 'cmake_clean_cache' from command line to 'False'
[0.338s] [34mcolcon.colcon_core.verb[0m [1;30mLevel 5[0m set package 'conveyorbelt_msgs' build argument 'cmake_clean_first' from command line to 'False'
[0.338s] [34mcolcon.colcon_core.verb[0m [1;30mLevel 5[0m set package 'conveyorbelt_msgs' build argument 'cmake_force_configure' from command line to 'False'
[0.338s] [34mcolcon.colcon_core.verb[0m [1;30mLevel 5[0m set package 'conveyorbelt_msgs' build argument 'ament_cmake_args' from command line to 'None'
[0.338s] [34mcolcon.colcon_core.verb[0m [1;30mLevel 5[0m set package 'conveyorbelt_msgs' build argument 'catkin_cmake_args' from command line to 'None'
[0.338s] [34mcolcon.colcon_core.verb[0m [1;30mLevel 5[0m set package 'conveyorbelt_msgs' build argument 'catkin_skip_building_tests' from command line to 'False'
[0.338s] [34mcolcon.colcon_core.verb[0m [1;30mDEBUG[0m [32mBuilding package 'conveyorbelt_msgs' with the following arguments: {'ament_cmake_args': None, 'build_base': '/mnt/Storage/Documents/MIT/Books/Robotics-2_Lab/Mini_Project/build/conveyorbelt_msgs', 'catkin_cmake_args': None, 'catkin_skip_building_tests': False, 'cmake_args': None, 'cmake_clean_cache': False, 'cmake_clean_first': False, 'cmake_force_configure': False, 'cmake_target': None, 'cmake_target_skip_unavailable': False, 'install_base': '/mnt/Storage/Documents/MIT/Books/Robotics-2_Lab/Mini_Project/install/conveyorbelt_msgs', 'merge_install': False, 'path': '/mnt/Storage/Documents/MIT/Books/Robotics-2_Lab/Mini_Project/src/conveyorbelt_msgs', 'symlink_install': False, 'test_result_base': None}[0m
[0.338s] [34mcolcon.colcon_core.verb[0m [1;30mLevel 5[0m set package 'ur5' build argument 'cmake_args' from command line to 'None'
[0.338s] [34mcolcon.colcon_core.verb[0m [1;30mLevel 5[0m set package 'ur5' build argument 'cmake_target' from command line to 'None'
[0.338s] [34mcolcon.colcon_core.verb[0m [1;30mLevel 5[0m set package 'ur5' build argument 'cmake_target_skip_unavailable' from command line to 'False'
[0.338s] [34mcolcon.colcon_core.verb[0m [1;30mLevel 5[0m set package 'ur5' build argument 'cmake_clean_cache' from command line to 'False'
[0.338s] [34mcolcon.colcon_core.verb[0m [1;30mLevel 5[0m set package 'ur5' build argument 'cmake_clean_first' from command line to 'False'
[0.339s] [34mcolcon.colcon_core.verb[0m [1;30mLevel 5[0m set package 'ur5' build argument 'cmake_force_configure' from command line to 'False'
[0.339s] [34mcolcon.colcon_core.verb[0m [1;30mLevel 5[0m set package 'ur5' build argument 'ament_cmake_args' from command line to 'None'
[0.339s] [34mcolcon.colcon_core.verb[0m [1;30mLevel 5[0m set package 'ur5' build argument 'catkin_cmake_args' from command line to 'None'
[0.339s] [34mcolcon.colcon_core.verb[0m [1;30mLevel 5[0m set package 'ur5' build argument 'catkin_skip_building_tests' from command line to 'False'
[0.339s] [34mcolcon.colcon_core.verb[0m [1;30mDEBUG[0m [32mBuilding package 'ur5' with the following arguments: {'ament_cmake_args': None, 'build_base': '/mnt/Storage/Documents/MIT/Books/Robotics-2_Lab/Mini_Project/build/ur5', 'catkin_cmake_args': None, 'catkin_skip_building_tests': False, 'cmake_args': None, 'cmake_clean_cache': False, 'cmake_clean_first': False, 'cmake_force_configure': False, 'cmake_target': None, 'cmake_target_skip_unavailable': False, 'install_base': '/mnt/Storage/Documents/MIT/Books/Robotics-2_Lab/Mini_Project/install/ur5', 'merge_install': False, 'path': '/mnt/Storage/Documents/MIT/Books/Robotics-2_Lab/Mini_Project/src/ur5', 'symlink_install': False, 'test_result_base': None}[0m
[0.339s] [34mcolcon.colcon_core.verb[0m [1;30mLevel 5[0m set package 'ros2_conveyorbelt' build argument 'cmake_args' from command line to 'None'
[0.339s] [34mcolcon.colcon_core.verb[0m [1;30mLevel 5[0m set package 'ros2_conveyorbelt' build argument 'cmake_target' from command line to 'None'
[0.339s] [34mcolcon.colcon_core.verb[0m [1;30mLevel 5[0m set package 'ros2_conveyorbelt' build argument 'cmake_target_skip_unavailable' from command line to 'False'
[0.339s] [34mcolcon.colcon_core.verb[0m [1;30mLevel 5[0m set package 'ros2_conveyorbelt' build argument 'cmake_clean_cache' from command line to 'False'
[0.339s] [34mcolcon.colcon_core.verb[0m [1;30mLevel 5[0m set package 'ros2_conveyorbelt' build argument 'cmake_clean_first' from command line to 'False'
[0.339s] [34mcolcon.colcon_core.verb[0m [1;30mLevel 5[0m set package 'ros2_conveyorbelt' build argument 'cmake_force_configure' from command line to 'False'
[0.339s] [34mcolcon.colcon_core.verb[0m [1;30mLevel 5[0m set package 'ros2_conveyorbelt' build argument 'ament_cmake_args' from command line to 'None'
[0.339s] [34mcolcon.colcon_core.verb[0m [1;30mLevel 5[0m set package 'ros2_conveyorbelt' build argument 'catkin_cmake_args' from command line to 'None'
[0.339s] [34mcolcon.colcon_core.verb[0m [1;30mLevel 5[0m set package 'ros2_conveyorbelt' build argument 'catkin_skip_building_tests' from command line to 'False'
[0.339s] [34mcolcon.colcon_core.verb[0m [1;30mDEBUG[0m [32mBuilding package 'ros2_conveyorbelt' with the following arguments: {'ament_cmake_args': None, 'build_base': '/mnt/Storage/Documents/MIT/Books/Robotics-2_Lab/Mini_Project/build/ros2_conveyorbelt', 'catkin_cmake_args': None, 'catkin_skip_building_tests': False, 'cmake_args': None, 'cmake_clean_cache': False, 'cmake_clean_first': False, 'cmake_force_configure': False, 'cmake_target': None, 'cmake_target_skip_unavailable': False, 'install_base': '/mnt/Storage/Documents/MIT/Books/Robotics-2_Lab/Mini_Project/install/ros2_conveyorbelt', 'merge_install': False, 'path': '/mnt/Storage/Documents/MIT/Books/Robotics-2_Lab/Mini_Project/src/ros2_conveyorbelt', 'symlink_install': False, 'test_result_base': None}[0m
[0.339s] [34mcolcon.colcon_core.executor[0m [1;30mINFO[0m Executing jobs using 'parallel' executor
[0.340s] [34mcolcon.colcon_parallel_executor.executor.parallel[0m [1;30mDEBUG[0m [32mrun_until_complete[0m
[0.341s] [34mcolcon.colcon_ros.task.ament_cmake.build[0m [1;30mINFO[0m Building ROS package in '/mnt/Storage/Documents/MIT/Books/Robotics-2_Lab/Mini_Project/src/conveyorbelt_msgs' with build type 'ament_cmake'
[0.341s] [34mcolcon.colcon_cmake.task.cmake.build[0m [1;30mINFO[0m Building CMake package in '/mnt/Storage/Documents/MIT/Books/Robotics-2_Lab/Mini_Project/src/conveyorbelt_msgs'
[0.343s] [34mcolcon.colcon_core.plugin_system[0m [1;30mINFO[0m Skipping extension 'colcon_core.shell.bat': Not used on non-Windows systems
[0.343s] [34mcolcon.colcon_core.shell[0m [1;30mINFO[0m Skip shell extension 'powershell' for command environment: Not usable outside of PowerShell
[0.343s] [34mcolcon.colcon_core.shell[0m [1;30mDEBUG[0m [32mSkip shell extension 'dsv' for command environment[0m
[0.350s] [34mcolcon.colcon_ros.task.ament_cmake.build[0m [1;30mINFO[0m Building ROS package in '/mnt/Storage/Documents/MIT/Books/Robotics-2_Lab/Mini_Project/src/conveyorbelt_gazebo' with build type 'ament_cmake'
[0.350s] [34mcolcon.colcon_cmake.task.cmake.build[0m [1;30mINFO[0m Building CMake package in '/mnt/Storage/Documents/MIT/Books/Robotics-2_Lab/Mini_Project/src/conveyorbelt_gazebo'
[0.350s] [34mcolcon.colcon_core.shell[0m [1;30mINFO[0m Skip shell extension 'powershell' for command environment: Not usable outside of PowerShell
[0.350s] [34mcolcon.colcon_core.shell[0m [1;30mDEBUG[0m [32mSkip shell extension 'dsv' for command environment[0m
[0.357s] [34mcolcon.colcon_ros.task.ament_cmake.build[0m [1;30mINFO[0m Building ROS package in '/mnt/Storage/Documents/MIT/Books/Robotics-2_Lab/Mini_Project/src/ur5' with build type 'ament_cmake'
[0.358s] [34mcolcon.colcon_cmake.task.cmake.build[0m [1;30mINFO[0m Building CMake package in '/mnt/Storage/Documents/MIT/Books/Robotics-2_Lab/Mini_Project/src/ur5'
[0.358s] [34mcolcon.colcon_core.shell[0m [1;30mINFO[0m Skip shell extension 'powershell' for command environment: Not usable outside of PowerShell
[0.358s] [34mcolcon.colcon_core.shell[0m [1;30mDEBUG[0m [32mSkip shell extension 'dsv' for command environment[0m
[0.383s] [34mcolcon.colcon_core.event_handler.log_command[0m [1;30mDEBUG[0m [32mInvoking command in '/mnt/Storage/Documents/MIT/Books/Robotics-2_Lab/Mini_Project/build/conveyorbelt_msgs': CMAKE_PREFIX_PATH=${CMAKE_PREFIX_PATH}:/home/srikar/ws_moveit2/install/moveit_configs_utils:/home/srikar/ws_moveit2/install/launch_param_builder:/opt/ros/humble /usr/bin/cmake --build /mnt/Storage/Documents/MIT/Books/Robotics-2_Lab/Mini_Project/build/conveyorbelt_msgs -- -j8 -l8[0m
[0.390s] [34mcolcon.colcon_core.event_handler.log_command[0m [1;30mDEBUG[0m [32mInvoking command in '/mnt/Storage/Documents/MIT/Books/Robotics-2_Lab/Mini_Project/build/conveyorbelt_gazebo': CMAKE_PREFIX_PATH=${CMAKE_PREFIX_PATH}:/home/srikar/ws_moveit2/install/moveit_configs_utils:/home/srikar/ws_moveit2/install/launch_param_builder:/opt/ros/humble /usr/bin/cmake --build /mnt/Storage/Documents/MIT/Books/Robotics-2_Lab/Mini_Project/build/conveyorbelt_gazebo -- -j8 -l8[0m
[0.414s] [34mcolcon.colcon_core.event_handler.log_command[0m [1;30mDEBUG[0m [32mInvoking command in '/mnt/Storage/Documents/MIT/Books/Robotics-2_Lab/Mini_Project/build/ur5': CMAKE_PREFIX_PATH=${CMAKE_PREFIX_PATH}:/home/srikar/ws_moveit2/install/moveit_configs_utils:/home/srikar/ws_moveit2/install/launch_param_builder:/opt/ros/humble /usr/bin/cmake --build /mnt/Storage/Documents/MIT/Books/Robotics-2_Lab/Mini_Project/build/ur5 -- -j8 -l8[0m
[0.440s] [34mcolcon.colcon_core.event_handler.log_command[0m [1;30mDEBUG[0m [32mInvoked command in '/mnt/Storage/Documents/MIT/Books/Robotics-2_Lab/Mini_Project/build/conveyorbelt_gazebo' returned '0': CMAKE_PREFIX_PATH=${CMAKE_PREFIX_PATH}:/home/srikar/ws_moveit2/install/moveit_configs_utils:/home/srikar/ws_moveit2/install/launch_param_builder:/opt/ros/humble /usr/bin/cmake --build /mnt/Storage/Documents/MIT/Books/Robotics-2_Lab/Mini_Project/build/conveyorbelt_gazebo -- -j8 -l8[0m
[0.485s] [34mcolcon.colcon_core.event_handler.log_command[0m [1;30mDEBUG[0m [32mInvoking command in '/mnt/Storage/Documents/MIT/Books/Robotics-2_Lab/Mini_Project/build/conveyorbelt_gazebo': CMAKE_PREFIX_PATH=${CMAKE_PREFIX_PATH}:/home/srikar/ws_moveit2/install/moveit_configs_utils:/home/srikar/ws_moveit2/install/launch_param_builder:/opt/ros/humble /usr/bin/cmake --install /mnt/Storage/Documents/MIT/Books/Robotics-2_Lab/Mini_Project/build/conveyorbelt_gazebo[0m
[0.495s] [34mcolcon.colcon_core.environment[0m [1;30mLevel 1[0m create_environment_scripts_only(conveyorbelt_gazebo)
[0.501s] [34mcolcon.colcon_core.environment[0m [1;30mLevel 1[0m checking '/mnt/Storage/Documents/MIT/Books/Robotics-2_Lab/Mini_Project/install/conveyorbelt_gazebo' for CMake module files
[0.509s] [34mcolcon.colcon_core.environment[0m [1;30mLevel 1[0m checking '/mnt/Storage/Documents/MIT/Books/Robotics-2_Lab/Mini_Project/install/conveyorbelt_gazebo' for CMake config files
[0.509s] [34mcolcon.colcon_core.event_handler.log_command[0m [1;30mDEBUG[0m [32mInvoked command in '/mnt/Storage/Documents/MIT/Books/Robotics-2_Lab/Mini_Project/build/conveyorbelt_gazebo' returned '0': CMAKE_PREFIX_PATH=${CMAKE_PREFIX_PATH}:/home/srikar/ws_moveit2/install/moveit_configs_utils:/home/srikar/ws_moveit2/install/launch_param_builder:/opt/ros/humble /usr/bin/cmake --install /mnt/Storage/Documents/MIT/Books/Robotics-2_Lab/Mini_Project/build/conveyorbelt_gazebo[0m
[0.511s] [34mcolcon.colcon_core.shell[0m [1;30mLevel 1[0m create_environment_hook('conveyorbelt_gazebo', 'cmake_prefix_path')
[0.511s] [34mcolcon.colcon_core.shell[0m [1;30mINFO[0m Creating environment hook '/mnt/Storage/Documents/MIT/Books/Robotics-2_Lab/Mini_Project/install/conveyorbelt_gazebo/share/conveyorbelt_gazebo/hook/cmake_prefix_path.ps1'
[0.512s] [34mcolcon.colcon_core.shell[0m [1;30mINFO[0m Creating environment descriptor '/mnt/Storage/Documents/MIT/Books/Robotics-2_Lab/Mini_Project/install/conveyorbelt_gazebo/share/conveyorbelt_gazebo/hook/cmake_prefix_path.dsv'
[0.512s] [34mcolcon.colcon_core.shell[0m [1;30mINFO[0m Creating environment hook '/mnt/Storage/Documents/MIT/Books/Robotics-2_Lab/Mini_Project/install/conveyorbelt_gazebo/share/conveyorbelt_gazebo/hook/cmake_prefix_path.sh'
[0.514s] [34mcolcon.colcon_core.environment[0m [1;30mLevel 1[0m checking '/mnt/Storage/Documents/MIT/Books/Robotics-2_Lab/Mini_Project/install/conveyorbelt_gazebo/bin'
[0.515s] [34mcolcon.colcon_core.environment[0m [1;30mLevel 1[0m checking '/mnt/Storage/Documents/MIT/Books/Robotics-2_Lab/Mini_Project/install/conveyorbelt_gazebo/lib/pkgconfig/conveyorbelt_gazebo.pc'
[0.515s] [34mcolcon.colcon_core.environment[0m [1;30mLevel 1[0m checking '/mnt/Storage/Documents/MIT/Books/Robotics-2_Lab/Mini_Project/install/conveyorbelt_gazebo/lib/python3.10/site-packages'
[0.515s] [34mcolcon.colcon_core.environment[0m [1;30mLevel 1[0m checking '/mnt/Storage/Documents/MIT/Books/Robotics-2_Lab/Mini_Project/install/conveyorbelt_gazebo/bin'
[0.516s] [34mcolcon.colcon_core.shell[0m [1;30mINFO[0m Creating package script '/mnt/Storage/Documents/MIT/Books/Robotics-2_Lab/Mini_Project/install/conveyorbelt_gazebo/share/conveyorbelt_gazebo/package.ps1'
[0.517s] [34mcolcon.colcon_core.shell[0m [1;30mINFO[0m Creating package descriptor '/mnt/Storage/Documents/MIT/Books/Robotics-2_Lab/Mini_Project/install/conveyorbelt_gazebo/share/conveyorbelt_gazebo/package.dsv'
[0.518s] [34mcolcon.colcon_core.shell[0m [1;30mINFO[0m Creating package script '/mnt/Storage/Documents/MIT/Books/Robotics-2_Lab/Mini_Project/install/conveyorbelt_gazebo/share/conveyorbelt_gazebo/package.sh'
[0.519s] [34mcolcon.colcon_core.shell[0m [1;30mINFO[0m Creating package script '/mnt/Storage/Documents/MIT/Books/Robotics-2_Lab/Mini_Project/install/conveyorbelt_gazebo/share/conveyorbelt_gazebo/package.bash'
[0.520s] [34mcolcon.colcon_core.shell[0m [1;30mINFO[0m Creating package script '/mnt/Storage/Documents/MIT/Books/Robotics-2_Lab/Mini_Project/install/conveyorbelt_gazebo/share/conveyorbelt_gazebo/package.zsh'
[0.521s] [34mcolcon.colcon_core.environment[0m [1;30mLevel 1[0m create_file_with_runtime_dependencies(/mnt/Storage/Documents/MIT/Books/Robotics-2_Lab/Mini_Project/install/conveyorbelt_gazebo/share/colcon-core/packages/conveyorbelt_gazebo)
[0.532s] [34mcolcon.colcon_core.event_handler.log_command[0m [1;30mDEBUG[0m [32mInvoked command in '/mnt/Storage/Documents/MIT/Books/Robotics-2_Lab/Mini_Project/build/ur5' returned '0': CMAKE_PREFIX_PATH=${CMAKE_PREFIX_PATH}:/home/srikar/ws_moveit2/install/moveit_configs_utils:/home/srikar/ws_moveit2/install/launch_param_builder:/opt/ros/humble /usr/bin/cmake --build /mnt/Storage/Documents/MIT/Books/Robotics-2_Lab/Mini_Project/build/ur5 -- -j8 -l8[0m
[0.557s] [34mcolcon.colcon_core.environment[0m [1;30mLevel 1[0m create_environment_scripts_only(conveyorbelt_gazebo)
[0.558s] [34mcolcon.colcon_core.environment[0m [1;30mLevel 1[0m checking '/mnt/Storage/Documents/MIT/Books/Robotics-2_Lab/Mini_Project/install/conveyorbelt_gazebo' for CMake module files
[0.559s] [34mcolcon.colcon_core.environment[0m [1;30mLevel 1[0m checking '/mnt/Storage/Documents/MIT/Books/Robotics-2_Lab/Mini_Project/install/conveyorbelt_gazebo' for CMake config files
[0.559s] [34mcolcon.colcon_core.shell[0m [1;30mLevel 1[0m create_environment_hook('conveyorbelt_gazebo', 'cmake_prefix_path')
[0.560s] [34mcolcon.colcon_core.shell[0m [1;30mINFO[0m Creating environment hook '/mnt/Storage/Documents/MIT/Books/Robotics-2_Lab/Mini_Project/install/conveyorbelt_gazebo/share/conveyorbelt_gazebo/hook/cmake_prefix_path.ps1'
[0.561s] [34mcolcon.colcon_core.shell[0m [1;30mINFO[0m Creating environment descriptor '/mnt/Storage/Documents/MIT/Books/Robotics-2_Lab/Mini_Project/install/conveyorbelt_gazebo/share/conveyorbelt_gazebo/hook/cmake_prefix_path.dsv'
[0.561s] [34mcolcon.colcon_core.shell[0m [1;30mINFO[0m Creating environment hook '/mnt/Storage/Documents/MIT/Books/Robotics-2_Lab/Mini_Project/install/conveyorbelt_gazebo/share/conveyorbelt_gazebo/hook/cmake_prefix_path.sh'
[0.562s] [34mcolcon.colcon_core.environment[0m [1;30mLevel 1[0m checking '/mnt/Storage/Documents/MIT/Books/Robotics-2_Lab/Mini_Project/install/conveyorbelt_gazebo/bin'
[0.562s] [34mcolcon.colcon_core.environment[0m [1;30mLevel 1[0m checking '/mnt/Storage/Documents/MIT/Books/Robotics-2_Lab/Mini_Project/install/conveyorbelt_gazebo/lib/pkgconfig/conveyorbelt_gazebo.pc'
[0.562s] [34mcolcon.colcon_core.environment[0m [1;30mLevel 1[0m checking '/mnt/Storage/Documents/MIT/Books/Robotics-2_Lab/Mini_Project/install/conveyorbelt_gazebo/lib/python3.10/site-packages'
[0.563s] [34mcolcon.colcon_core.environment[0m [1;30mLevel 1[0m checking '/mnt/Storage/Documents/MIT/Books/Robotics-2_Lab/Mini_Project/install/conveyorbelt_gazebo/bin'
[0.563s] [34mcolcon.colcon_core.shell[0m [1;30mINFO[0m Creating package script '/mnt/Storage/Documents/MIT/Books/Robotics-2_Lab/Mini_Project/install/conveyorbelt_gazebo/share/conveyorbelt_gazebo/package.ps1'
[0.564s] [34mcolcon.colcon_core.shell[0m [1;30mINFO[0m Creating package descriptor '/mnt/Storage/Documents/MIT/Books/Robotics-2_Lab/Mini_Project/install/conveyorbelt_gazebo/share/conveyorbelt_gazebo/package.dsv'
[0.564s] [34mcolcon.colcon_core.shell[0m [1;30mINFO[0m Creating package script '/mnt/Storage/Documents/MIT/Books/Robotics-2_Lab/Mini_Project/install/conveyorbelt_gazebo/share/conveyorbelt_gazebo/package.sh'
[0.565s] [34mcolcon.colcon_core.shell[0m [1;30mINFO[0m Creating package script '/mnt/Storage/Documents/MIT/Books/Robotics-2_Lab/Mini_Project/install/conveyorbelt_gazebo/share/conveyorbelt_gazebo/package.bash'
[0.566s] [34mcolcon.colcon_core.shell[0m [1;30mINFO[0m Creating package script '/mnt/Storage/Documents/MIT/Books/Robotics-2_Lab/Mini_Project/install/conveyorbelt_gazebo/share/conveyorbelt_gazebo/package.zsh'
[0.566s] [34mcolcon.colcon_core.environment[0m [1;30mLevel 1[0m create_file_with_runtime_dependencies(/mnt/Storage/Documents/MIT/Books/Robotics-2_Lab/Mini_Project/install/conveyorbelt_gazebo/share/colcon-core/packages/conveyorbelt_gazebo)
[0.577s] [34mcolcon.colcon_core.event_handler.log_command[0m [1;30mDEBUG[0m [32mInvoking command in '/mnt/Storage/Documents/MIT/Books/Robotics-2_Lab/Mini_Project/build/ur5': CMAKE_PREFIX_PATH=${CMAKE_PREFIX_PATH}:/home/srikar/ws_moveit2/install/moveit_configs_utils:/home/srikar/ws_moveit2/install/launch_param_builder:/opt/ros/humble /usr/bin/cmake --install /mnt/Storage/Documents/MIT/Books/Robotics-2_Lab/Mini_Project/build/ur5[0m
[0.606s] [34mcolcon.colcon_core.environment[0m [1;30mLevel 1[0m create_environment_scripts_only(ur5)
[0.606s] [34mcolcon.colcon_core.environment[0m [1;30mLevel 1[0m checking '/mnt/Storage/Documents/MIT/Books/Robotics-2_Lab/Mini_Project/install/ur5' for CMake module files
[0.607s] [34mcolcon.colcon_core.environment[0m [1;30mLevel 1[0m checking '/mnt/Storage/Documents/MIT/Books/Robotics-2_Lab/Mini_Project/install/ur5' for CMake config files
[0.610s] [34mcolcon.colcon_core.shell[0m [1;30mLevel 1[0m create_environment_hook('ur5', 'cmake_prefix_path')
[0.610s] [34mcolcon.colcon_core.shell[0m [1;30mINFO[0m Creating environment hook '/mnt/Storage/Documents/MIT/Books/Robotics-2_Lab/Mini_Project/install/ur5/share/ur5/hook/cmake_prefix_path.ps1'
[0.611s] [34mcolcon.colcon_core.shell[0m [1;30mINFO[0m Creating environment descriptor '/mnt/Storage/Documents/MIT/Books/Robotics-2_Lab/Mini_Project/install/ur5/share/ur5/hook/cmake_prefix_path.dsv'
[0.611s] [34mcolcon.colcon_core.event_handler.log_command[0m [1;30mDEBUG[0m [32mInvoked command in '/mnt/Storage/Documents/MIT/Books/Robotics-2_Lab/Mini_Project/build/ur5' returned '0': CMAKE_PREFIX_PATH=${CMAKE_PREFIX_PATH}:/home/srikar/ws_moveit2/install/moveit_configs_utils:/home/srikar/ws_moveit2/install/launch_param_builder:/opt/ros/humble /usr/bin/cmake --install /mnt/Storage/Documents/MIT/Books/Robotics-2_Lab/Mini_Project/build/ur5[0m
[0.612s] [34mcolcon.colcon_core.shell[0m [1;30mINFO[0m Creating environment hook '/mnt/Storage/Documents/MIT/Books/Robotics-2_Lab/Mini_Project/install/ur5/share/ur5/hook/cmake_prefix_path.sh'
[0.612s] [34mcolcon.colcon_core.environment[0m [1;30mLevel 1[0m checking '/mnt/Storage/Documents/MIT/Books/Robotics-2_Lab/Mini_Project/install/ur5/lib'
[0.613s] [34mcolcon.colcon_core.environment[0m [1;30mLevel 1[0m checking '/mnt/Storage/Documents/MIT/Books/Robotics-2_Lab/Mini_Project/install/ur5/bin'
[0.613s] [34mcolcon.colcon_core.environment[0m [1;30mLevel 1[0m checking '/mnt/Storage/Documents/MIT/Books/Robotics-2_Lab/Mini_Project/install/ur5/lib/pkgconfig/ur5.pc'
[0.613s] [34mcolcon.colcon_core.environment[0m [1;30mLevel 1[0m checking '/mnt/Storage/Documents/MIT/Books/Robotics-2_Lab/Mini_Project/install/ur5/lib/python3.10/site-packages'
[0.613s] [34mcolcon.colcon_core.environment[0m [1;30mLevel 1[0m checking '/mnt/Storage/Documents/MIT/Books/Robotics-2_Lab/Mini_Project/install/ur5/bin'
[0.613s] [34mcolcon.colcon_core.shell[0m [1;30mINFO[0m Creating package script '/mnt/Storage/Documents/MIT/Books/Robotics-2_Lab/Mini_Project/install/ur5/share/ur5/package.ps1'
[0.614s] [34mcolcon.colcon_core.shell[0m [1;30mINFO[0m Creating package descriptor '/mnt/Storage/Documents/MIT/Books/Robotics-2_Lab/Mini_Project/install/ur5/share/ur5/package.dsv'
[0.614s] [34mcolcon.colcon_core.shell[0m [1;30mINFO[0m Creating package script '/mnt/Storage/Documents/MIT/Books/Robotics-2_Lab/Mini_Project/install/ur5/share/ur5/package.sh'
[0.615s] [34mcolcon.colcon_core.shell[0m [1;30mINFO[0m Creating package script '/mnt/Storage/Documents/MIT/Books/Robotics-2_Lab/Mini_Project/install/ur5/share/ur5/package.bash'
[0.615s] [34mcolcon.colcon_core.shell[0m [1;30mINFO[0m Creating package script '/mnt/Storage/Documents/MIT/Books/Robotics-2_Lab/Mini_Project/install/ur5/share/ur5/package.zsh'
[0.616s] [34mcolcon.colcon_core.environment[0m [1;30mLevel 1[0m create_file_with_runtime_dependencies(/mnt/Storage/Documents/MIT/Books/Robotics-2_Lab/Mini_Project/install/ur5/share/colcon-core/packages/ur5)
[0.653s] [34mcolcon.colcon_core.environment[0m [1;30mLevel 1[0m create_environment_scripts_only(ur5)
[0.653s] [34mcolcon.colcon_core.environment[0m [1;30mLevel 1[0m checking '/mnt/Storage/Documents/MIT/Books/Robotics-2_Lab/Mini_Project/install/ur5' for CMake module files
[0.654s] [34mcolcon.colcon_core.environment[0m [1;30mLevel 1[0m checking '/mnt/Storage/Documents/MIT/Books/Robotics-2_Lab/Mini_Project/install/ur5' for CMake config files
[0.654s] [34mcolcon.colcon_core.shell[0m [1;30mLevel 1[0m create_environment_hook('ur5', 'cmake_prefix_path')
[0.655s] [34mcolcon.colcon_core.shell[0m [1;30mINFO[0m Creating environment hook '/mnt/Storage/Documents/MIT/Books/Robotics-2_Lab/Mini_Project/install/ur5/share/ur5/hook/cmake_prefix_path.ps1'
[0.655s] [34mcolcon.colcon_core.shell[0m [1;30mINFO[0m Creating environment descriptor '/mnt/Storage/Documents/MIT/Books/Robotics-2_Lab/Mini_Project/install/ur5/share/ur5/hook/cmake_prefix_path.dsv'
[0.656s] [34mcolcon.colcon_core.shell[0m [1;30mINFO[0m Creating environment hook '/mnt/Storage/Documents/MIT/Books/Robotics-2_Lab/Mini_Project/install/ur5/share/ur5/hook/cmake_prefix_path.sh'
[0.656s] [34mcolcon.colcon_core.environment[0m [1;30mLevel 1[0m checking '/mnt/Storage/Documents/MIT/Books/Robotics-2_Lab/Mini_Project/install/ur5/lib'
[0.657s] [34mcolcon.colcon_core.environment[0m [1;30mLevel 1[0m checking '/mnt/Storage/Documents/MIT/Books/Robotics-2_Lab/Mini_Project/install/ur5/bin'
[0.657s] [34mcolcon.colcon_core.environment[0m [1;30mLevel 1[0m checking '/mnt/Storage/Documents/MIT/Books/Robotics-2_Lab/Mini_Project/install/ur5/lib/pkgconfig/ur5.pc'
[0.657s] [34mcolcon.colcon_core.environment[0m [1;30mLevel 1[0m checking '/mnt/Storage/Documents/MIT/Books/Robotics-2_Lab/Mini_Project/install/ur5/lib/python3.10/site-packages'
[0.658s] [34mcolcon.colcon_core.environment[0m [1;30mLevel 1[0m checking '/mnt/Storage/Documents/MIT/Books/Robotics-2_Lab/Mini_Project/install/ur5/bin'
[0.658s] [34mcolcon.colcon_core.shell[0m [1;30mINFO[0m Creating package script '/mnt/Storage/Documents/MIT/Books/Robotics-2_Lab/Mini_Project/install/ur5/share/ur5/package.ps1'
[0.659s] [34mcolcon.colcon_core.shell[0m [1;30mINFO[0m Creating package descriptor '/mnt/Storage/Documents/MIT/Books/Robotics-2_Lab/Mini_Project/install/ur5/share/ur5/package.dsv'
[0.660s] [34mcolcon.colcon_core.shell[0m [1;30mINFO[0m Creating package script '/mnt/Storage/Documents/MIT/Books/Robotics-2_Lab/Mini_Project/install/ur5/share/ur5/package.sh'
[0.661s] [34mcolcon.colcon_core.shell[0m [1;30mINFO[0m Creating package script '/mnt/Storage/Documents/MIT/Books/Robotics-2_Lab/Mini_Project/install/ur5/share/ur5/package.bash'
[0.661s] [34mcolcon.colcon_core.shell[0m [1;30mINFO[0m Creating package script '/mnt/Storage/Documents/MIT/Books/Robotics-2_Lab/Mini_Project/install/ur5/share/ur5/package.zsh'
[0.662s] [34mcolcon.colcon_core.environment[0m [1;30mLevel 1[0m create_file_with_runtime_dependencies(/mnt/Storage/Documents/MIT/Books/Robotics-2_Lab/Mini_Project/install/ur5/share/colcon-core/packages/ur5)
[0.993s] [34mcolcon.colcon_core.event_handler.log_command[0m [1;30mDEBUG[0m [32mInvoked command in '/mnt/Storage/Documents/MIT/Books/Robotics-2_Lab/Mini_Project/build/conveyorbelt_msgs' returned '0': CMAKE_PREFIX_PATH=${CMAKE_PREFIX_PATH}:/home/srikar/ws_moveit2/install/moveit_configs_utils:/home/srikar/ws_moveit2/install/launch_param_builder:/opt/ros/humble /usr/bin/cmake --build /mnt/Storage/Documents/MIT/Books/Robotics-2_Lab/Mini_Project/build/conveyorbelt_msgs -- -j8 -l8[0m
[1.131s] [34mcolcon.colcon_core.event_handler.log_command[0m [1;30mDEBUG[0m [32mInvoking command in '/mnt/Storage/Documents/MIT/Books/Robotics-2_Lab/Mini_Project/build/conveyorbelt_msgs': CMAKE_PREFIX_PATH=${CMAKE_PREFIX_PATH}:/home/srikar/ws_moveit2/install/moveit_configs_utils:/home/srikar/ws_moveit2/install/launch_param_builder:/opt/ros/humble /usr/bin/cmake --install /mnt/Storage/Documents/MIT/Books/Robotics-2_Lab/Mini_Project/build/conveyorbelt_msgs[0m
[1.199s] [34mcolcon.colcon_core.environment[0m [1;30mLevel 1[0m create_environment_scripts_only(conveyorbelt_msgs)
[1.200s] [34mcolcon.colcon_core.environment[0m [1;30mLevel 1[0m checking '/mnt/Storage/Documents/MIT/Books/Robotics-2_Lab/Mini_Project/install/conveyorbelt_msgs' for CMake module files
[1.201s] [34mcolcon.colcon_core.event_handler.log_command[0m [1;30mDEBUG[0m [32mInvoked command in '/mnt/Storage/Documents/MIT/Books/Robotics-2_Lab/Mini_Project/build/conveyorbelt_msgs' returned '0': CMAKE_PREFIX_PATH=${CMAKE_PREFIX_PATH}:/home/srikar/ws_moveit2/install/moveit_configs_utils:/home/srikar/ws_moveit2/install/launch_param_builder:/opt/ros/humble /usr/bin/cmake --install /mnt/Storage/Documents/MIT/Books/Robotics-2_Lab/Mini_Project/build/conveyorbelt_msgs[0m
[1.201s] [34mcolcon.colcon_core.environment[0m [1;30mLevel 1[0m checking '/mnt/Storage/Documents/MIT/Books/Robotics-2_Lab/Mini_Project/install/conveyorbelt_msgs' for CMake config files
[1.202s] [34mcolcon.colcon_core.shell[0m [1;30mLevel 1[0m create_environment_hook('conveyorbelt_msgs', 'cmake_prefix_path')
[1.202s] [34mcolcon.colcon_core.shell[0m [1;30mINFO[0m Creating environment hook '/mnt/Storage/Documents/MIT/Books/Robotics-2_Lab/Mini_Project/install/conveyorbelt_msgs/share/conveyorbelt_msgs/hook/cmake_prefix_path.ps1'
[1.203s] [34mcolcon.colcon_core.shell[0m [1;30mINFO[0m Creating environment descriptor '/mnt/Storage/Documents/MIT/Books/Robotics-2_Lab/Mini_Project/install/conveyorbelt_msgs/share/conveyorbelt_msgs/hook/cmake_prefix_path.dsv'
[1.203s] [34mcolcon.colcon_core.shell[0m [1;30mINFO[0m Creating environment hook '/mnt/Storage/Documents/MIT/Books/Robotics-2_Lab/Mini_Project/install/conveyorbelt_msgs/share/conveyorbelt_msgs/hook/cmake_prefix_path.sh'
[1.204s] [34mcolcon.colcon_core.environment[0m [1;30mLevel 1[0m checking '/mnt/Storage/Documents/MIT/Books/Robotics-2_Lab/Mini_Project/install/conveyorbelt_msgs/lib'
[1.204s] [34mcolcon.colcon_core.shell[0m [1;30mLevel 1[0m create_environment_hook('conveyorbelt_msgs', 'ld_library_path_lib')
[1.205s] [34mcolcon.colcon_core.shell[0m [1;30mINFO[0m Creating environment hook '/mnt/Storage/Documents/MIT/Books/Robotics-2_Lab/Mini_Project/install/conveyorbelt_msgs/share/conveyorbelt_msgs/hook/ld_library_path_lib.ps1'
[1.205s] [34mcolcon.colcon_core.shell[0m [1;30mINFO[0m Creating environment descriptor '/mnt/Storage/Documents/MIT/Books/Robotics-2_Lab/Mini_Project/install/conveyorbelt_msgs/share/conveyorbelt_msgs/hook/ld_library_path_lib.dsv'
[1.205s] [34mcolcon.colcon_core.shell[0m [1;30mINFO[0m Creating environment hook '/mnt/Storage/Documents/MIT/Books/Robotics-2_Lab/Mini_Project/install/conveyorbelt_msgs/share/conveyorbelt_msgs/hook/ld_library_path_lib.sh'
[1.206s] [34mcolcon.colcon_core.environment[0m [1;30mLevel 1[0m checking '/mnt/Storage/Documents/MIT/Books/Robotics-2_Lab/Mini_Project/install/conveyorbelt_msgs/bin'
[1.206s] [34mcolcon.colcon_core.environment[0m [1;30mLevel 1[0m checking '/mnt/Storage/Documents/MIT/Books/Robotics-2_Lab/Mini_Project/install/conveyorbelt_msgs/lib/pkgconfig/conveyorbelt_msgs.pc'
[1.206s] [34mcolcon.colcon_core.environment[0m [1;30mLevel 1[0m checking '/mnt/Storage/Documents/MIT/Books/Robotics-2_Lab/Mini_Project/install/conveyorbelt_msgs/lib/python3.10/site-packages'
[1.207s] [34mcolcon.colcon_core.environment[0m [1;30mLevel 1[0m checking '/mnt/Storage/Documents/MIT/Books/Robotics-2_Lab/Mini_Project/install/conveyorbelt_msgs/bin'
[1.207s] [34mcolcon.colcon_core.shell[0m [1;30mINFO[0m Creating package script '/mnt/Storage/Documents/MIT/Books/Robotics-2_Lab/Mini_Project/install/conveyorbelt_msgs/share/conveyorbelt_msgs/package.ps1'
[1.208s] [34mcolcon.colcon_core.shell[0m [1;30mINFO[0m Creating package descriptor '/mnt/Storage/Documents/MIT/Books/Robotics-2_Lab/Mini_Project/install/conveyorbelt_msgs/share/conveyorbelt_msgs/package.dsv'
[1.208s] [34mcolcon.colcon_core.shell[0m [1;30mINFO[0m Creating package script '/mnt/Storage/Documents/MIT/Books/Robotics-2_Lab/Mini_Project/install/conveyorbelt_msgs/share/conveyorbelt_msgs/package.sh'
[1.209s] [34mcolcon.colcon_core.shell[0m [1;30mINFO[0m Creating package script '/mnt/Storage/Documents/MIT/Books/Robotics-2_Lab/Mini_Project/install/conveyorbelt_msgs/share/conveyorbelt_msgs/package.bash'
[1.209s] [34mcolcon.colcon_core.shell[0m [1;30mINFO[0m Creating package script '/mnt/Storage/Documents/MIT/Books/Robotics-2_Lab/Mini_Project/install/conveyorbelt_msgs/share/conveyorbelt_msgs/package.zsh'
[1.210s] [34mcolcon.colcon_core.environment[0m [1;30mLevel 1[0m create_file_with_runtime_dependencies(/mnt/Storage/Documents/MIT/Books/Robotics-2_Lab/Mini_Project/install/conveyorbelt_msgs/share/colcon-core/packages/conveyorbelt_msgs)
[1.343s] [34mcolcon.colcon_core.environment[0m [1;30mLevel 1[0m create_environment_scripts_only(conveyorbelt_msgs)
[1.343s] [34mcolcon.colcon_core.environment[0m [1;30mLevel 1[0m checking '/mnt/Storage/Documents/MIT/Books/Robotics-2_Lab/Mini_Project/install/conveyorbelt_msgs' for CMake module files
[1.344s] [34mcolcon.colcon_core.environment[0m [1;30mLevel 1[0m checking '/mnt/Storage/Documents/MIT/Books/Robotics-2_Lab/Mini_Project/install/conveyorbelt_msgs' for CMake config files
[1.345s] [34mcolcon.colcon_core.shell[0m [1;30mLevel 1[0m create_environment_hook('conveyorbelt_msgs', 'cmake_prefix_path')
[1.345s] [34mcolcon.colcon_core.shell[0m [1;30mINFO[0m Creating environment hook '/mnt/Storage/Documents/MIT/Books/Robotics-2_Lab/Mini_Project/install/conveyorbelt_msgs/share/conveyorbelt_msgs/hook/cmake_prefix_path.ps1'
[1.345s] [34mcolcon.colcon_core.shell[0m [1;30mINFO[0m Creating environment descriptor '/mnt/Storage/Documents/MIT/Books/Robotics-2_Lab/Mini_Project/install/conveyorbelt_msgs/share/conveyorbelt_msgs/hook/cmake_prefix_path.dsv'
[1.346s] [34mcolcon.colcon_core.shell[0m [1;30mINFO[0m Creating environment hook '/mnt/Storage/Documents/MIT/Books/Robotics-2_Lab/Mini_Project/install/conveyorbelt_msgs/share/conveyorbelt_msgs/hook/cmake_prefix_path.sh'
[1.346s] [34mcolcon.colcon_core.environment[0m [1;30mLevel 1[0m checking '/mnt/Storage/Documents/MIT/Books/Robotics-2_Lab/Mini_Project/install/conveyorbelt_msgs/lib'
[1.347s] [34mcolcon.colcon_core.shell[0m [1;30mLevel 1[0m create_environment_hook('conveyorbelt_msgs', 'ld_library_path_lib')
[1.347s] [34mcolcon.colcon_core.shell[0m [1;30mINFO[0m Creating environment hook '/mnt/Storage/Documents/MIT/Books/Robotics-2_Lab/Mini_Project/install/conveyorbelt_msgs/share/conveyorbelt_msgs/hook/ld_library_path_lib.ps1'
[1.347s] [34mcolcon.colcon_core.shell[0m [1;30mINFO[0m Creating environment descriptor '/mnt/Storage/Documents/MIT/Books/Robotics-2_Lab/Mini_Project/install/conveyorbelt_msgs/share/conveyorbelt_msgs/hook/ld_library_path_lib.dsv'
[1.348s] [34mcolcon.colcon_core.shell[0m [1;30mINFO[0m Creating environment hook '/mnt/Storage/Documents/MIT/Books/Robotics-2_Lab/Mini_Project/install/conveyorbelt_msgs/share/conveyorbelt_msgs/hook/ld_library_path_lib.sh'
[1.348s] [34mcolcon.colcon_core.environment[0m [1;30mLevel 1[0m checking '/mnt/Storage/Documents/MIT/Books/Robotics-2_Lab/Mini_Project/install/conveyorbelt_msgs/bin'
[1.348s] [34mcolcon.colcon_core.environment[0m [1;30mLevel 1[0m checking '/mnt/Storage/Documents/MIT/Books/Robotics-2_Lab/Mini_Project/install/conveyorbelt_msgs/lib/pkgconfig/conveyorbelt_msgs.pc'
[1.348s] [34mcolcon.colcon_core.environment[0m [1;30mLevel 1[0m checking '/mnt/Storage/Documents/MIT/Books/Robotics-2_Lab/Mini_Project/install/conveyorbelt_msgs/lib/python3.10/site-packages'
[1.349s] [34mcolcon.colcon_core.environment[0m [1;30mLevel 1[0m checking '/mnt/Storage/Documents/MIT/Books/Robotics-2_Lab/Mini_Project/install/conveyorbelt_msgs/bin'
[1.349s] [34mcolcon.colcon_core.shell[0m [1;30mINFO[0m Creating package script '/mnt/Storage/Documents/MIT/Books/Robotics-2_Lab/Mini_Project/install/conveyorbelt_msgs/share/conveyorbelt_msgs/package.ps1'
[1.350s] [34mcolcon.colcon_core.shell[0m [1;30mINFO[0m Creating package descriptor '/mnt/Storage/Documents/MIT/Books/Robotics-2_Lab/Mini_Project/install/conveyorbelt_msgs/share/conveyorbelt_msgs/package.dsv'
[1.350s] [34mcolcon.colcon_core.shell[0m [1;30mINFO[0m Creating package script '/mnt/Storage/Documents/MIT/Books/Robotics-2_Lab/Mini_Project/install/conveyorbelt_msgs/share/conveyorbelt_msgs/package.sh'
[1.351s] [34mcolcon.colcon_core.shell[0m [1;30mINFO[0m Creating package script '/mnt/Storage/Documents/MIT/Books/Robotics-2_Lab/Mini_Project/install/conveyorbelt_msgs/share/conveyorbelt_msgs/package.bash'
[1.351s] [34mcolcon.colcon_core.shell[0m [1;30mINFO[0m Creating package script '/mnt/Storage/Documents/MIT/Books/Robotics-2_Lab/Mini_Project/install/conveyorbelt_msgs/share/conveyorbelt_msgs/package.zsh'
[1.352s] [34mcolcon.colcon_core.environment[0m [1;30mLevel 1[0m create_file_with_runtime_dependencies(/mnt/Storage/Documents/MIT/Books/Robotics-2_Lab/Mini_Project/install/conveyorbelt_msgs/share/colcon-core/packages/conveyorbelt_msgs)
[1.352s] [34mcolcon.colcon_ros.task.ament_cmake.build[0m [1;30mINFO[0m Building ROS package in '/mnt/Storage/Documents/MIT/Books/Robotics-2_Lab/Mini_Project/src/ros2_conveyorbelt' with build type 'ament_cmake'
[1.352s] [34mcolcon.colcon_cmake.task.cmake.build[0m [1;30mINFO[0m Building CMake package in '/mnt/Storage/Documents/MIT/Books/Robotics-2_Lab/Mini_Project/src/ros2_conveyorbelt'
[1.352s] [34mcolcon.colcon_core.shell[0m [1;30mINFO[0m Skip shell extension 'powershell' for command environment: Not usable outside of PowerShell
[1.353s] [34mcolcon.colcon_core.shell[0m [1;30mDEBUG[0m [32mSkip shell extension 'dsv' for command environment[0m
[1.422s] [34mcolcon.colcon_core.event_handler.log_command[0m [1;30mDEBUG[0m [32mInvoking command in '/mnt/Storage/Documents/MIT/Books/Robotics-2_Lab/Mini_Project/build/ros2_conveyorbelt': CMAKE_PREFIX_PATH=/mnt/Storage/Documents/MIT/Books/Robotics-2_Lab/Mini_Project/install/conveyorbelt_msgs:/mnt/Storage/Documents/MIT/Books/Robotics-2_Lab/Mini_Project/install/moveit:/mnt/Storage/Documents/MIT/Books/Robotics-2_Lab/Mini_Project/install/ur5:/mnt/Storage/Documents/MIT/Books/Robotics-2_Lab/Mini_Project/install/ros2_conveyorbelt:/mnt/Storage/Documents/MIT/Books/Robotics-2_Lab/Mini_Project/install/conveyorbelt_gazebo:/home/srikar/ws_moveit2/install/pilz_industrial_motion_planner_testutils:/home/srikar/ws_moveit2/install/moveit_runtime:/home/srikar/ws_moveit2/install/moveit2_tutorials:/home/srikar/ws_moveit2/install/moveit:/home/srikar/ws_moveit2/install/moveit_planners:/home/srikar/ws_moveit2/install/pilz_industrial_motion_planner:/home/srikar/ws_moveit2/install/moveit_visual_tools:/home/srikar/ws_moveit2/install/moveit_task_constructor_visualization:/home/srikar/ws_moveit2/install/moveit_task_constructor_demo:/home/srikar/ws_moveit2/install/moveit_task_constructor_capabilities:/home/srikar/ws_moveit2/install/moveit_task_constructor_core:/home/srikar/ws_moveit2/install/moveit_ros_control_interface:/home/srikar/ws_moveit2/install/moveit_plugins:/home/srikar/ws_moveit2/install/moveit_simple_controller_manager:/home/srikar/ws_moveit2/install/moveit_setup_assistant:/home/srikar/ws_moveit2/install/moveit_setup_srdf_plugins:/home/srikar/ws_moveit2/install/moveit_setup_core_plugins:/home/srikar/ws_moveit2/install/moveit_setup_controllers:/home/srikar/ws_moveit2/install/moveit_setup_app_plugins:/home/srikar/ws_moveit2/install/moveit_setup_framework:/home/srikar/ws_moveit2/install/moveit_servo:/home/srikar/ws_moveit2/install/moveit_ros:/home/srikar/ws_moveit2/install/moveit_ros_visualization:/home/srikar/ws_moveit2/install/moveit_hybrid_planning:/home/srikar/ws_moveit2/install/moveit_ros_planning_interface:/home/srikar/ws_moveit2/install/moveit_ros_benchmarks:/home/srikar/ws_moveit2/install/moveit_ros_warehouse:/home/srikar/ws_moveit2/install/moveit_ros_robot_interaction:/home/srikar/ws_moveit2/install/moveit_ros_perception:/home/srikar/ws_moveit2/install/moveit_resources_prbt_pg70_support:/home/srikar/ws_moveit2/install/moveit_resources_prbt_moveit_config:/home/srikar/ws_moveit2/install/moveit_ros_move_group:/home/srikar/ws_moveit2/install/moveit_planners_ompl:/home/srikar/ws_moveit2/install/moveit_ros_planning:/home/srikar/ws_moveit2/install/moveit_ros_occupancy_map_monitor:/home/srikar/ws_moveit2/install/moveit_resources_prbt_ikfast_manipulator_plugin:/home/srikar/ws_moveit2/install/moveit_planners_chomp:/home/srikar/ws_moveit2/install/moveit_kinematics:/home/srikar/ws_moveit2/install/moveit_chomp_optimizer_adapter:/home/srikar/ws_moveit2/install/chomp_motion_planner:/home/srikar/ws_moveit2/install/moveit_core:/home/srikar/ws_moveit2/install/srdfdom:/home/srikar/ws_moveit2/install/rviz_marker_tools:/home/srikar/ws_moveit2/install/rosparam_shortcuts:/home/srikar/ws_moveit2/install/moveit_task_constructor_msgs:/home/srikar/ws_moveit2/install/moveit_resources_ur5_global:/home/srikar/ws_moveit2/install/moveit_resources_prbt_support:/home/srikar/ws_moveit2/install/moveit_resources:/home/srikar/ws_moveit2/install/moveit_resources_pr2_description:/home/srikar/ws_moveit2/install/moveit_resources_panda_moveit_config:/home/srikar/ws_moveit2/install/moveit_resources_panda_description:/home/srikar/ws_moveit2/install/moveit_resources_fanuc_moveit_config:/home/srikar/ws_moveit2/install/moveit_resources_fanuc_description:/home/srikar/ws_moveit2/install/moveit_common:/home/srikar/ws_moveit2/install/moveit_configs_utils:/home/srikar/ws_moveit2/install/launch_param_builder:/opt/ros/humble LD_LIBRARY_PATH=/mnt/Storage/Documents/MIT/Books/Robotics-2_Lab/Mini_Project/install/conveyorbelt_msgs/lib:/mnt/Storage/Documents/MIT/Books/Robotics-2_Lab/Mini_Project/install/ros2_conveyorbelt/lib:/home/srikar/ws_moveit2/install/pilz_industrial_motion_planner_testutils/lib:/home/srikar/ws_moveit2/install/pilz_industrial_motion_planner/lib:/home/srikar/ws_moveit2/install/moveit_visual_tools/lib:/home/srikar/ws_moveit2/install/moveit_task_constructor_visualization/lib:/home/srikar/ws_moveit2/install/moveit_task_constructor_demo/lib:/home/srikar/ws_moveit2/install/moveit_task_constructor_capabilities/lib:/home/srikar/ws_moveit2/install/moveit_task_constructor_core/lib:/home/srikar/ws_moveit2/install/moveit_ros_control_interface/lib:/home/srikar/ws_moveit2/install/moveit_simple_controller_manager/lib:/home/srikar/ws_moveit2/install/moveit_setup_assistant/lib:/home/srikar/ws_moveit2/install/moveit_setup_srdf_plugins/lib:/home/srikar/ws_moveit2/install/moveit_setup_core_plugins/lib:/home/srikar/ws_moveit2/install/moveit_setup_controllers/lib:/home/srikar/ws_moveit2/install/moveit_setup_app_plugins/lib:/home/srikar/ws_moveit2/install/moveit_setup_framework/lib:/home/srikar/ws_moveit2/install/moveit_servo/lib:/home/srikar/ws_moveit2/install/moveit_ros_visualization/lib:/home/srikar/ws_moveit2/install/moveit_hybrid_planning/lib:/home/srikar/ws_moveit2/install/moveit_ros_planning_interface/lib:/home/srikar/ws_moveit2/install/moveit_ros_benchmarks/lib:/home/srikar/ws_moveit2/install/moveit_ros_warehouse/lib:/home/srikar/ws_moveit2/install/moveit_ros_robot_interaction/lib:/home/srikar/ws_moveit2/install/moveit_ros_perception/lib:/home/srikar/ws_moveit2/install/moveit_ros_move_group/lib:/home/srikar/ws_moveit2/install/moveit_planners_ompl/lib:/home/srikar/ws_moveit2/install/moveit_ros_planning/lib:/home/srikar/ws_moveit2/install/moveit_ros_occupancy_map_monitor/lib:/home/srikar/ws_moveit2/install/moveit_resources_prbt_ikfast_manipulator_plugin/lib:/home/srikar/ws_moveit2/install/moveit_planners_chomp/lib:/home/srikar/ws_moveit2/install/moveit_kinematics/lib:/home/srikar/ws_moveit2/install/moveit_chomp_optimizer_adapter/lib:/home/srikar/ws_moveit2/install/chomp_motion_planner/lib:/home/srikar/ws_moveit2/install/moveit_core/lib:/home/srikar/ws_moveit2/install/srdfdom/lib:/home/srikar/ws_moveit2/install/rviz_marker_tools/lib:/home/srikar/ws_moveit2/install/rosparam_shortcuts/lib:/home/srikar/ws_moveit2/install/moveit_task_constructor_msgs/lib:/usr/lib/x86_64-linux-gnu/gazebo-11/plugins:/opt/ros/humble/opt/rviz_ogre_vendor/lib:/opt/ros/humble/lib/x86_64-linux-gnu:/opt/ros/humble/lib:/usr/lib/x86_64-linux-gnu/gazebo-11/plugins:/opt/ros/humble/lib/ /usr/bin/cmake --build /mnt/Storage/Documents/MIT/Books/Robotics-2_Lab/Mini_Project/build/ros2_conveyorbelt -- -j8 -l8[0m
[1.524s] [34mcolcon.colcon_core.event_handler.log_command[0m [1;30mDEBUG[0m [32mInvoked command in '/mnt/Storage/Documents/MIT/Books/Robotics-2_Lab/Mini_Project/build/ros2_conveyorbelt' returned '0': CMAKE_PREFIX_PATH=/mnt/Storage/Documents/MIT/Books/Robotics-2_Lab/Mini_Project/install/conveyorbelt_msgs:/mnt/Storage/Documents/MIT/Books/Robotics-2_Lab/Mini_Project/install/moveit:/mnt/Storage/Documents/MIT/Books/Robotics-2_Lab/Mini_Project/install/ur5:/mnt/Storage/Documents/MIT/Books/Robotics-2_Lab/Mini_Project/install/ros2_conveyorbelt:/mnt/Storage/Documents/MIT/Books/Robotics-2_Lab/Mini_Project/install/conveyorbelt_gazebo:/home/srikar/ws_moveit2/install/pilz_industrial_motion_planner_testutils:/home/srikar/ws_moveit2/install/moveit_runtime:/home/srikar/ws_moveit2/install/moveit2_tutorials:/home/srikar/ws_moveit2/install/moveit:/home/srikar/ws_moveit2/install/moveit_planners:/home/srikar/ws_moveit2/install/pilz_industrial_motion_planner:/home/srikar/ws_moveit2/install/moveit_visual_tools:/home/srikar/ws_moveit2/install/moveit_task_constructor_visualization:/home/srikar/ws_moveit2/install/moveit_task_constructor_demo:/home/srikar/ws_moveit2/install/moveit_task_constructor_capabilities:/home/srikar/ws_moveit2/install/moveit_task_constructor_core:/home/srikar/ws_moveit2/install/moveit_ros_control_interface:/home/srikar/ws_moveit2/install/moveit_plugins:/home/srikar/ws_moveit2/install/moveit_simple_controller_manager:/home/srikar/ws_moveit2/install/moveit_setup_assistant:/home/srikar/ws_moveit2/install/moveit_setup_srdf_plugins:/home/srikar/ws_moveit2/install/moveit_setup_core_plugins:/home/srikar/ws_moveit2/install/moveit_setup_controllers:/home/srikar/ws_moveit2/install/moveit_setup_app_plugins:/home/srikar/ws_moveit2/install/moveit_setup_framework:/home/srikar/ws_moveit2/install/moveit_servo:/home/srikar/ws_moveit2/install/moveit_ros:/home/srikar/ws_moveit2/install/moveit_ros_visualization:/home/srikar/ws_moveit2/install/moveit_hybrid_planning:/home/srikar/ws_moveit2/install/moveit_ros_planning_interface:/home/srikar/ws_moveit2/install/moveit_ros_benchmarks:/home/srikar/ws_moveit2/install/moveit_ros_warehouse:/home/srikar/ws_moveit2/install/moveit_ros_robot_interaction:/home/srikar/ws_moveit2/install/moveit_ros_perception:/home/srikar/ws_moveit2/install/moveit_resources_prbt_pg70_support:/home/srikar/ws_moveit2/install/moveit_resources_prbt_moveit_config:/home/srikar/ws_moveit2/install/moveit_ros_move_group:/home/srikar/ws_moveit2/install/moveit_planners_ompl:/home/srikar/ws_moveit2/install/moveit_ros_planning:/home/srikar/ws_moveit2/install/moveit_ros_occupancy_map_monitor:/home/srikar/ws_moveit2/install/moveit_resources_prbt_ikfast_manipulator_plugin:/home/srikar/ws_moveit2/install/moveit_planners_chomp:/home/srikar/ws_moveit2/install/moveit_kinematics:/home/srikar/ws_moveit2/install/moveit_chomp_optimizer_adapter:/home/srikar/ws_moveit2/install/chomp_motion_planner:/home/srikar/ws_moveit2/install/moveit_core:/home/srikar/ws_moveit2/install/srdfdom:/home/srikar/ws_moveit2/install/rviz_marker_tools:/home/srikar/ws_moveit2/install/rosparam_shortcuts:/home/srikar/ws_moveit2/install/moveit_task_constructor_msgs:/home/srikar/ws_moveit2/install/moveit_resources_ur5_global:/home/srikar/ws_moveit2/install/moveit_resources_prbt_support:/home/srikar/ws_moveit2/install/moveit_resources:/home/srikar/ws_moveit2/install/moveit_resources_pr2_description:/home/srikar/ws_moveit2/install/moveit_resources_panda_moveit_config:/home/srikar/ws_moveit2/install/moveit_resources_panda_description:/home/srikar/ws_moveit2/install/moveit_resources_fanuc_moveit_config:/home/srikar/ws_moveit2/install/moveit_resources_fanuc_description:/home/srikar/ws_moveit2/install/moveit_common:/home/srikar/ws_moveit2/install/moveit_configs_utils:/home/srikar/ws_moveit2/install/launch_param_builder:/opt/ros/humble LD_LIBRARY_PATH=/mnt/Storage/Documents/MIT/Books/Robotics-2_Lab/Mini_Project/install/conveyorbelt_msgs/lib:/mnt/Storage/Documents/MIT/Books/Robotics-2_Lab/Mini_Project/install/ros2_conveyorbelt/lib:/home/srikar/ws_moveit2/install/pilz_industrial_motion_planner_testutils/lib:/home/srikar/ws_moveit2/install/pilz_industrial_motion_planner/lib:/home/srikar/ws_moveit2/install/moveit_visual_tools/lib:/home/srikar/ws_moveit2/install/moveit_task_constructor_visualization/lib:/home/srikar/ws_moveit2/install/moveit_task_constructor_demo/lib:/home/srikar/ws_moveit2/install/moveit_task_constructor_capabilities/lib:/home/srikar/ws_moveit2/install/moveit_task_constructor_core/lib:/home/srikar/ws_moveit2/install/moveit_ros_control_interface/lib:/home/srikar/ws_moveit2/install/moveit_simple_controller_manager/lib:/home/srikar/ws_moveit2/install/moveit_setup_assistant/lib:/home/srikar/ws_moveit2/install/moveit_setup_srdf_plugins/lib:/home/srikar/ws_moveit2/install/moveit_setup_core_plugins/lib:/home/srikar/ws_moveit2/install/moveit_setup_controllers/lib:/home/srikar/ws_moveit2/install/moveit_setup_app_plugins/lib:/home/srikar/ws_moveit2/install/moveit_setup_framework/lib:/home/srikar/ws_moveit2/install/moveit_servo/lib:/home/srikar/ws_moveit2/install/moveit_ros_visualization/lib:/home/srikar/ws_moveit2/install/moveit_hybrid_planning/lib:/home/srikar/ws_moveit2/install/moveit_ros_planning_interface/lib:/home/srikar/ws_moveit2/install/moveit_ros_benchmarks/lib:/home/srikar/ws_moveit2/install/moveit_ros_warehouse/lib:/home/srikar/ws_moveit2/install/moveit_ros_robot_interaction/lib:/home/srikar/ws_moveit2/install/moveit_ros_perception/lib:/home/srikar/ws_moveit2/install/moveit_ros_move_group/lib:/home/srikar/ws_moveit2/install/moveit_planners_ompl/lib:/home/srikar/ws_moveit2/install/moveit_ros_planning/lib:/home/srikar/ws_moveit2/install/moveit_ros_occupancy_map_monitor/lib:/home/srikar/ws_moveit2/install/moveit_resources_prbt_ikfast_manipulator_plugin/lib:/home/srikar/ws_moveit2/install/moveit_planners_chomp/lib:/home/srikar/ws_moveit2/install/moveit_kinematics/lib:/home/srikar/ws_moveit2/install/moveit_chomp_optimizer_adapter/lib:/home/srikar/ws_moveit2/install/chomp_motion_planner/lib:/home/srikar/ws_moveit2/install/moveit_core/lib:/home/srikar/ws_moveit2/install/srdfdom/lib:/home/srikar/ws_moveit2/install/rviz_marker_tools/lib:/home/srikar/ws_moveit2/install/rosparam_shortcuts/lib:/home/srikar/ws_moveit2/install/moveit_task_constructor_msgs/lib:/usr/lib/x86_64-linux-gnu/gazebo-11/plugins:/opt/ros/humble/opt/rviz_ogre_vendor/lib:/opt/ros/humble/lib/x86_64-linux-gnu:/opt/ros/humble/lib:/usr/lib/x86_64-linux-gnu/gazebo-11/plugins:/opt/ros/humble/lib/ /usr/bin/cmake --build /mnt/Storage/Documents/MIT/Books/Robotics-2_Lab/Mini_Project/build/ros2_conveyorbelt -- -j8 -l8[0m
[1.558s] [34mcolcon.colcon_core.event_handler.log_command[0m [1;30mDEBUG[0m [32mInvoking command in '/mnt/Storage/Documents/MIT/Books/Robotics-2_Lab/Mini_Project/build/ros2_conveyorbelt': CMAKE_PREFIX_PATH=/mnt/Storage/Documents/MIT/Books/Robotics-2_Lab/Mini_Project/install/conveyorbelt_msgs:/mnt/Storage/Documents/MIT/Books/Robotics-2_Lab/Mini_Project/install/moveit:/mnt/Storage/Documents/MIT/Books/Robotics-2_Lab/Mini_Project/install/ur5:/mnt/Storage/Documents/MIT/Books/Robotics-2_Lab/Mini_Project/install/ros2_conveyorbelt:/mnt/Storage/Documents/MIT/Books/Robotics-2_Lab/Mini_Project/install/conveyorbelt_gazebo:/home/srikar/ws_moveit2/install/pilz_industrial_motion_planner_testutils:/home/srikar/ws_moveit2/install/moveit_runtime:/home/srikar/ws_moveit2/install/moveit2_tutorials:/home/srikar/ws_moveit2/install/moveit:/home/srikar/ws_moveit2/install/moveit_planners:/home/srikar/ws_moveit2/install/pilz_industrial_motion_planner:/home/srikar/ws_moveit2/install/moveit_visual_tools:/home/srikar/ws_moveit2/install/moveit_task_constructor_visualization:/home/srikar/ws_moveit2/install/moveit_task_constructor_demo:/home/srikar/ws_moveit2/install/moveit_task_constructor_capabilities:/home/srikar/ws_moveit2/install/moveit_task_constructor_core:/home/srikar/ws_moveit2/install/moveit_ros_control_interface:/home/srikar/ws_moveit2/install/moveit_plugins:/home/srikar/ws_moveit2/install/moveit_simple_controller_manager:/home/srikar/ws_moveit2/install/moveit_setup_assistant:/home/srikar/ws_moveit2/install/moveit_setup_srdf_plugins:/home/srikar/ws_moveit2/install/moveit_setup_core_plugins:/home/srikar/ws_moveit2/install/moveit_setup_controllers:/home/srikar/ws_moveit2/install/moveit_setup_app_plugins:/home/srikar/ws_moveit2/install/moveit_setup_framework:/home/srikar/ws_moveit2/install/moveit_servo:/home/srikar/ws_moveit2/install/moveit_ros:/home/srikar/ws_moveit2/install/moveit_ros_visualization:/home/srikar/ws_moveit2/install/moveit_hybrid_planning:/home/srikar/ws_moveit2/install/moveit_ros_planning_interface:/home/srikar/ws_moveit2/install/moveit_ros_benchmarks:/home/srikar/ws_moveit2/install/moveit_ros_warehouse:/home/srikar/ws_moveit2/install/moveit_ros_robot_interaction:/home/srikar/ws_moveit2/install/moveit_ros_perception:/home/srikar/ws_moveit2/install/moveit_resources_prbt_pg70_support:/home/srikar/ws_moveit2/install/moveit_resources_prbt_moveit_config:/home/srikar/ws_moveit2/install/moveit_ros_move_group:/home/srikar/ws_moveit2/install/moveit_planners_ompl:/home/srikar/ws_moveit2/install/moveit_ros_planning:/home/srikar/ws_moveit2/install/moveit_ros_occupancy_map_monitor:/home/srikar/ws_moveit2/install/moveit_resources_prbt_ikfast_manipulator_plugin:/home/srikar/ws_moveit2/install/moveit_planners_chomp:/home/srikar/ws_moveit2/install/moveit_kinematics:/home/srikar/ws_moveit2/install/moveit_chomp_optimizer_adapter:/home/srikar/ws_moveit2/install/chomp_motion_planner:/home/srikar/ws_moveit2/install/moveit_core:/home/srikar/ws_moveit2/install/srdfdom:/home/srikar/ws_moveit2/install/rviz_marker_tools:/home/srikar/ws_moveit2/install/rosparam_shortcuts:/home/srikar/ws_moveit2/install/moveit_task_constructor_msgs:/home/srikar/ws_moveit2/install/moveit_resources_ur5_global:/home/srikar/ws_moveit2/install/moveit_resources_prbt_support:/home/srikar/ws_moveit2/install/moveit_resources:/home/srikar/ws_moveit2/install/moveit_resources_pr2_description:/home/srikar/ws_moveit2/install/moveit_resources_panda_moveit_config:/home/srikar/ws_moveit2/install/moveit_resources_panda_description:/home/srikar/ws_moveit2/install/moveit_resources_fanuc_moveit_config:/home/srikar/ws_moveit2/install/moveit_resources_fanuc_description:/home/srikar/ws_moveit2/install/moveit_common:/home/srikar/ws_moveit2/install/moveit_configs_utils:/home/srikar/ws_moveit2/install/launch_param_builder:/opt/ros/humble LD_LIBRARY_PATH=/mnt/Storage/Documents/MIT/Books/Robotics-2_Lab/Mini_Project/install/conveyorbelt_msgs/lib:/mnt/Storage/Documents/MIT/Books/Robotics-2_Lab/Mini_Project/install/ros2_conveyorbelt/lib:/home/srikar/ws_moveit2/install/pilz_industrial_motion_planner_testutils/lib:/home/srikar/ws_moveit2/install/pilz_industrial_motion_planner/lib:/home/srikar/ws_moveit2/install/moveit_visual_tools/lib:/home/srikar/ws_moveit2/install/moveit_task_constructor_visualization/lib:/home/srikar/ws_moveit2/install/moveit_task_constructor_demo/lib:/home/srikar/ws_moveit2/install/moveit_task_constructor_capabilities/lib:/home/srikar/ws_moveit2/install/moveit_task_constructor_core/lib:/home/srikar/ws_moveit2/install/moveit_ros_control_interface/lib:/home/srikar/ws_moveit2/install/moveit_simple_controller_manager/lib:/home/srikar/ws_moveit2/install/moveit_setup_assistant/lib:/home/srikar/ws_moveit2/install/moveit_setup_srdf_plugins/lib:/home/srikar/ws_moveit2/install/moveit_setup_core_plugins/lib:/home/srikar/ws_moveit2/install/moveit_setup_controllers/lib:/home/srikar/ws_moveit2/install/moveit_setup_app_plugins/lib:/home/srikar/ws_moveit2/install/moveit_setup_framework/lib:/home/srikar/ws_moveit2/install/moveit_servo/lib:/home/srikar/ws_moveit2/install/moveit_ros_visualization/lib:/home/srikar/ws_moveit2/install/moveit_hybrid_planning/lib:/home/srikar/ws_moveit2/install/moveit_ros_planning_interface/lib:/home/srikar/ws_moveit2/install/moveit_ros_benchmarks/lib:/home/srikar/ws_moveit2/install/moveit_ros_warehouse/lib:/home/srikar/ws_moveit2/install/moveit_ros_robot_interaction/lib:/home/srikar/ws_moveit2/install/moveit_ros_perception/lib:/home/srikar/ws_moveit2/install/moveit_ros_move_group/lib:/home/srikar/ws_moveit2/install/moveit_planners_ompl/lib:/home/srikar/ws_moveit2/install/moveit_ros_planning/lib:/home/srikar/ws_moveit2/install/moveit_ros_occupancy_map_monitor/lib:/home/srikar/ws_moveit2/install/moveit_resources_prbt_ikfast_manipulator_plugin/lib:/home/srikar/ws_moveit2/install/moveit_planners_chomp/lib:/home/srikar/ws_moveit2/install/moveit_kinematics/lib:/home/srikar/ws_moveit2/install/moveit_chomp_optimizer_adapter/lib:/home/srikar/ws_moveit2/install/chomp_motion_planner/lib:/home/srikar/ws_moveit2/install/moveit_core/lib:/home/srikar/ws_moveit2/install/srdfdom/lib:/home/srikar/ws_moveit2/install/rviz_marker_tools/lib:/home/srikar/ws_moveit2/install/rosparam_shortcuts/lib:/home/srikar/ws_moveit2/install/moveit_task_constructor_msgs/lib:/usr/lib/x86_64-linux-gnu/gazebo-11/plugins:/opt/ros/humble/opt/rviz_ogre_vendor/lib:/opt/ros/humble/lib/x86_64-linux-gnu:/opt/ros/humble/lib:/usr/lib/x86_64-linux-gnu/gazebo-11/plugins:/opt/ros/humble/lib/ /usr/bin/cmake --install /mnt/Storage/Documents/MIT/Books/Robotics-2_Lab/Mini_Project/build/ros2_conveyorbelt[0m
[1.567s] [34mcolcon.colcon_core.environment[0m [1;30mLevel 1[0m create_environment_scripts_only(ros2_conveyorbelt)
[1.567s] [34mcolcon.colcon_core.environment[0m [1;30mLevel 1[0m checking '/mnt/Storage/Documents/MIT/Books/Robotics-2_Lab/Mini_Project/install/ros2_conveyorbelt' for CMake module files
[1.568s] [34mcolcon.colcon_core.event_handler.log_command[0m [1;30mDEBUG[0m [32mInvoked command in '/mnt/Storage/Documents/MIT/Books/Robotics-2_Lab/Mini_Project/build/ros2_conveyorbelt' returned '0': CMAKE_PREFIX_PATH=/mnt/Storage/Documents/MIT/Books/Robotics-2_Lab/Mini_Project/install/conveyorbelt_msgs:/mnt/Storage/Documents/MIT/Books/Robotics-2_Lab/Mini_Project/install/moveit:/mnt/Storage/Documents/MIT/Books/Robotics-2_Lab/Mini_Project/install/ur5:/mnt/Storage/Documents/MIT/Books/Robotics-2_Lab/Mini_Project/install/ros2_conveyorbelt:/mnt/Storage/Documents/MIT/Books/Robotics-2_Lab/Mini_Project/install/conveyorbelt_gazebo:/home/srikar/ws_moveit2/install/pilz_industrial_motion_planner_testutils:/home/srikar/ws_moveit2/install/moveit_runtime:/home/srikar/ws_moveit2/install/moveit2_tutorials:/home/srikar/ws_moveit2/install/moveit:/home/srikar/ws_moveit2/install/moveit_planners:/home/srikar/ws_moveit2/install/pilz_industrial_motion_planner:/home/srikar/ws_moveit2/install/moveit_visual_tools:/home/srikar/ws_moveit2/install/moveit_task_constructor_visualization:/home/srikar/ws_moveit2/install/moveit_task_constructor_demo:/home/srikar/ws_moveit2/install/moveit_task_constructor_capabilities:/home/srikar/ws_moveit2/install/moveit_task_constructor_core:/home/srikar/ws_moveit2/install/moveit_ros_control_interface:/home/srikar/ws_moveit2/install/moveit_plugins:/home/srikar/ws_moveit2/install/moveit_simple_controller_manager:/home/srikar/ws_moveit2/install/moveit_setup_assistant:/home/srikar/ws_moveit2/install/moveit_setup_srdf_plugins:/home/srikar/ws_moveit2/install/moveit_setup_core_plugins:/home/srikar/ws_moveit2/install/moveit_setup_controllers:/home/srikar/ws_moveit2/install/moveit_setup_app_plugins:/home/srikar/ws_moveit2/install/moveit_setup_framework:/home/srikar/ws_moveit2/install/moveit_servo:/home/srikar/ws_moveit2/install/moveit_ros:/home/srikar/ws_moveit2/install/moveit_ros_visualization:/home/srikar/ws_moveit2/install/moveit_hybrid_planning:/home/srikar/ws_moveit2/install/moveit_ros_planning_interface:/home/srikar/ws_moveit2/install/moveit_ros_benchmarks:/home/srikar/ws_moveit2/install/moveit_ros_warehouse:/home/srikar/ws_moveit2/install/moveit_ros_robot_interaction:/home/srikar/ws_moveit2/install/moveit_ros_perception:/home/srikar/ws_moveit2/install/moveit_resources_prbt_pg70_support:/home/srikar/ws_moveit2/install/moveit_resources_prbt_moveit_config:/home/srikar/ws_moveit2/install/moveit_ros_move_group:/home/srikar/ws_moveit2/install/moveit_planners_ompl:/home/srikar/ws_moveit2/install/moveit_ros_planning:/home/srikar/ws_moveit2/install/moveit_ros_occupancy_map_monitor:/home/srikar/ws_moveit2/install/moveit_resources_prbt_ikfast_manipulator_plugin:/home/srikar/ws_moveit2/install/moveit_planners_chomp:/home/srikar/ws_moveit2/install/moveit_kinematics:/home/srikar/ws_moveit2/install/moveit_chomp_optimizer_adapter:/home/srikar/ws_moveit2/install/chomp_motion_planner:/home/srikar/ws_moveit2/install/moveit_core:/home/srikar/ws_moveit2/install/srdfdom:/home/srikar/ws_moveit2/install/rviz_marker_tools:/home/srikar/ws_moveit2/install/rosparam_shortcuts:/home/srikar/ws_moveit2/install/moveit_task_constructor_msgs:/home/srikar/ws_moveit2/install/moveit_resources_ur5_global:/home/srikar/ws_moveit2/install/moveit_resources_prbt_support:/home/srikar/ws_moveit2/install/moveit_resources:/home/srikar/ws_moveit2/install/moveit_resources_pr2_description:/home/srikar/ws_moveit2/install/moveit_resources_panda_moveit_config:/home/srikar/ws_moveit2/install/moveit_resources_panda_description:/home/srikar/ws_moveit2/install/moveit_resources_fanuc_moveit_config:/home/srikar/ws_moveit2/install/moveit_resources_fanuc_description:/home/srikar/ws_moveit2/install/moveit_common:/home/srikar/ws_moveit2/install/moveit_configs_utils:/home/srikar/ws_moveit2/install/launch_param_builder:/opt/ros/humble LD_LIBRARY_PATH=/mnt/Storage/Documents/MIT/Books/Robotics-2_Lab/Mini_Project/install/conveyorbelt_msgs/lib:/mnt/Storage/Documents/MIT/Books/Robotics-2_Lab/Mini_Project/install/ros2_conveyorbelt/lib:/home/srikar/ws_moveit2/install/pilz_industrial_motion_planner_testutils/lib:/home/srikar/ws_moveit2/install/pilz_industrial_motion_planner/lib:/home/srikar/ws_moveit2/install/moveit_visual_tools/lib:/home/srikar/ws_moveit2/install/moveit_task_constructor_visualization/lib:/home/srikar/ws_moveit2/install/moveit_task_constructor_demo/lib:/home/srikar/ws_moveit2/install/moveit_task_constructor_capabilities/lib:/home/srikar/ws_moveit2/install/moveit_task_constructor_core/lib:/home/srikar/ws_moveit2/install/moveit_ros_control_interface/lib:/home/srikar/ws_moveit2/install/moveit_simple_controller_manager/lib:/home/srikar/ws_moveit2/install/moveit_setup_assistant/lib:/home/srikar/ws_moveit2/install/moveit_setup_srdf_plugins/lib:/home/srikar/ws_moveit2/install/moveit_setup_core_plugins/lib:/home/srikar/ws_moveit2/install/moveit_setup_controllers/lib:/home/srikar/ws_moveit2/install/moveit_setup_app_plugins/lib:/home/srikar/ws_moveit2/install/moveit_setup_framework/lib:/home/srikar/ws_moveit2/install/moveit_servo/lib:/home/srikar/ws_moveit2/install/moveit_ros_visualization/lib:/home/srikar/ws_moveit2/install/moveit_hybrid_planning/lib:/home/srikar/ws_moveit2/install/moveit_ros_planning_interface/lib:/home/srikar/ws_moveit2/install/moveit_ros_benchmarks/lib:/home/srikar/ws_moveit2/install/moveit_ros_warehouse/lib:/home/srikar/ws_moveit2/install/moveit_ros_robot_interaction/lib:/home/srikar/ws_moveit2/install/moveit_ros_perception/lib:/home/srikar/ws_moveit2/install/moveit_ros_move_group/lib:/home/srikar/ws_moveit2/install/moveit_planners_ompl/lib:/home/srikar/ws_moveit2/install/moveit_ros_planning/lib:/home/srikar/ws_moveit2/install/moveit_ros_occupancy_map_monitor/lib:/home/srikar/ws_moveit2/install/moveit_resources_prbt_ikfast_manipulator_plugin/lib:/home/srikar/ws_moveit2/install/moveit_planners_chomp/lib:/home/srikar/ws_moveit2/install/moveit_kinematics/lib:/home/srikar/ws_moveit2/install/moveit_chomp_optimizer_adapter/lib:/home/srikar/ws_moveit2/install/chomp_motion_planner/lib:/home/srikar/ws_moveit2/install/moveit_core/lib:/home/srikar/ws_moveit2/install/srdfdom/lib:/home/srikar/ws_moveit2/install/rviz_marker_tools/lib:/home/srikar/ws_moveit2/install/rosparam_shortcuts/lib:/home/srikar/ws_moveit2/install/moveit_task_constructor_msgs/lib:/usr/lib/x86_64-linux-gnu/gazebo-11/plugins:/opt/ros/humble/opt/rviz_ogre_vendor/lib:/opt/ros/humble/lib/x86_64-linux-gnu:/opt/ros/humble/lib:/usr/lib/x86_64-linux-gnu/gazebo-11/plugins:/opt/ros/humble/lib/ /usr/bin/cmake --install /mnt/Storage/Documents/MIT/Books/Robotics-2_Lab/Mini_Project/build/ros2_conveyorbelt[0m
[1.568s] [34mcolcon.colcon_core.environment[0m [1;30mLevel 1[0m checking '/mnt/Storage/Documents/MIT/Books/Robotics-2_Lab/Mini_Project/install/ros2_conveyorbelt' for CMake config files
[1.569s] [34mcolcon.colcon_core.shell[0m [1;30mLevel 1[0m create_environment_hook('ros2_conveyorbelt', 'cmake_prefix_path')
[1.569s] [34mcolcon.colcon_core.shell[0m [1;30mINFO[0m Creating environment hook '/mnt/Storage/Documents/MIT/Books/Robotics-2_Lab/Mini_Project/install/ros2_conveyorbelt/share/ros2_conveyorbelt/hook/cmake_prefix_path.ps1'
[1.570s] [34mcolcon.colcon_core.shell[0m [1;30mINFO[0m Creating environment descriptor '/mnt/Storage/Documents/MIT/Books/Robotics-2_Lab/Mini_Project/install/ros2_conveyorbelt/share/ros2_conveyorbelt/hook/cmake_prefix_path.dsv'
[1.570s] [34mcolcon.colcon_core.shell[0m [1;30mINFO[0m Creating environment hook '/mnt/Storage/Documents/MIT/Books/Robotics-2_Lab/Mini_Project/install/ros2_conveyorbelt/share/ros2_conveyorbelt/hook/cmake_prefix_path.sh'
[1.571s] [34mcolcon.colcon_core.environment[0m [1;30mLevel 1[0m checking '/mnt/Storage/Documents/MIT/Books/Robotics-2_Lab/Mini_Project/install/ros2_conveyorbelt/lib'
[1.571s] [34mcolcon.colcon_core.shell[0m [1;30mLevel 1[0m create_environment_hook('ros2_conveyorbelt', 'ld_library_path_lib')
[1.572s] [34mcolcon.colcon_core.shell[0m [1;30mINFO[0m Creating environment hook '/mnt/Storage/Documents/MIT/Books/Robotics-2_Lab/Mini_Project/install/ros2_conveyorbelt/share/ros2_conveyorbelt/hook/ld_library_path_lib.ps1'
[1.573s] [34mcolcon.colcon_core.shell[0m [1;30mINFO[0m Creating environment descriptor '/mnt/Storage/Documents/MIT/Books/Robotics-2_Lab/Mini_Project/install/ros2_conveyorbelt/share/ros2_conveyorbelt/hook/ld_library_path_lib.dsv'
[1.574s] [34mcolcon.colcon_core.shell[0m [1;30mINFO[0m Creating environment hook '/mnt/Storage/Documents/MIT/Books/Robotics-2_Lab/Mini_Project/install/ros2_conveyorbelt/share/ros2_conveyorbelt/hook/ld_library_path_lib.sh'
[1.575s] [34mcolcon.colcon_core.environment[0m [1;30mLevel 1[0m checking '/mnt/Storage/Documents/MIT/Books/Robotics-2_Lab/Mini_Project/install/ros2_conveyorbelt/bin'
[1.575s] [34mcolcon.colcon_core.environment[0m [1;30mLevel 1[0m checking '/mnt/Storage/Documents/MIT/Books/Robotics-2_Lab/Mini_Project/install/ros2_conveyorbelt/lib/pkgconfig/ros2_conveyorbelt.pc'
[1.575s] [34mcolcon.colcon_core.environment[0m [1;30mLevel 1[0m checking '/mnt/Storage/Documents/MIT/Books/Robotics-2_Lab/Mini_Project/install/ros2_conveyorbelt/lib/python3.10/site-packages'
[1.575s] [34mcolcon.colcon_core.environment[0m [1;30mLevel 1[0m checking '/mnt/Storage/Documents/MIT/Books/Robotics-2_Lab/Mini_Project/install/ros2_conveyorbelt/bin'
[1.576s] [34mcolcon.colcon_core.shell[0m [1;30mINFO[0m Creating package script '/mnt/Storage/Documents/MIT/Books/Robotics-2_Lab/Mini_Project/install/ros2_conveyorbelt/share/ros2_conveyorbelt/package.ps1'
[1.577s] [34mcolcon.colcon_core.shell[0m [1;30mINFO[0m Creating package descriptor '/mnt/Storage/Documents/MIT/Books/Robotics-2_Lab/Mini_Project/install/ros2_conveyorbelt/share/ros2_conveyorbelt/package.dsv'
[1.577s] [34mcolcon.colcon_core.shell[0m [1;30mINFO[0m Creating package script '/mnt/Storage/Documents/MIT/Books/Robotics-2_Lab/Mini_Project/install/ros2_conveyorbelt/share/ros2_conveyorbelt/package.sh'
[1.578s] [34mcolcon.colcon_core.shell[0m [1;30mINFO[0m Creating package script '/mnt/Storage/Documents/MIT/Books/Robotics-2_Lab/Mini_Project/install/ros2_conveyorbelt/share/ros2_conveyorbelt/package.bash'
[1.578s] [34mcolcon.colcon_core.shell[0m [1;30mINFO[0m Creating package script '/mnt/Storage/Documents/MIT/Books/Robotics-2_Lab/Mini_Project/install/ros2_conveyorbelt/share/ros2_conveyorbelt/package.zsh'
[1.579s] [34mcolcon.colcon_core.environment[0m [1;30mLevel 1[0m create_file_with_runtime_dependencies(/mnt/Storage/Documents/MIT/Books/Robotics-2_Lab/Mini_Project/install/ros2_conveyorbelt/share/colcon-core/packages/ros2_conveyorbelt)
[1.611s] [34mcolcon.colcon_core.environment[0m [1;30mLevel 1[0m create_environment_scripts_only(ros2_conveyorbelt)
[1.611s] [34mcolcon.colcon_core.environment[0m [1;30mLevel 1[0m checking '/mnt/Storage/Documents/MIT/Books/Robotics-2_Lab/Mini_Project/install/ros2_conveyorbelt' for CMake module files
[1.611s] [34mcolcon.colcon_core.environment[0m [1;30mLevel 1[0m checking '/mnt/Storage/Documents/MIT/Books/Robotics-2_Lab/Mini_Project/install/ros2_conveyorbelt' for CMake config files
[1.612s] [34mcolcon.colcon_core.shell[0m [1;30mLevel 1[0m create_environment_hook('ros2_conveyorbelt', 'cmake_prefix_path')
[1.612s] [34mcolcon.colcon_core.shell[0m [1;30mINFO[0m Creating environment hook '/mnt/Storage/Documents/MIT/Books/Robotics-2_Lab/Mini_Project/install/ros2_conveyorbelt/share/ros2_conveyorbelt/hook/cmake_prefix_path.ps1'
[1.613s] [34mcolcon.colcon_core.shell[0m [1;30mINFO[0m Creating environment descriptor '/mnt/Storage/Documents/MIT/Books/Robotics-2_Lab/Mini_Project/install/ros2_conveyorbelt/share/ros2_conveyorbelt/hook/cmake_prefix_path.dsv'
[1.613s] [34mcolcon.colcon_core.shell[0m [1;30mINFO[0m Creating environment hook '/mnt/Storage/Documents/MIT/Books/Robotics-2_Lab/Mini_Project/install/ros2_conveyorbelt/share/ros2_conveyorbelt/hook/cmake_prefix_path.sh'
[1.614s] [34mcolcon.colcon_core.environment[0m [1;30mLevel 1[0m checking '/mnt/Storage/Documents/MIT/Books/Robotics-2_Lab/Mini_Project/install/ros2_conveyorbelt/lib'
[1.614s] [34mcolcon.colcon_core.shell[0m [1;30mLevel 1[0m create_environment_hook('ros2_conveyorbelt', 'ld_library_path_lib')
[1.614s] [34mcolcon.colcon_core.shell[0m [1;30mINFO[0m Creating environment hook '/mnt/Storage/Documents/MIT/Books/Robotics-2_Lab/Mini_Project/install/ros2_conveyorbelt/share/ros2_conveyorbelt/hook/ld_library_path_lib.ps1'
[1.614s] [34mcolcon.colcon_core.shell[0m [1;30mINFO[0m Creating environment descriptor '/mnt/Storage/Documents/MIT/Books/Robotics-2_Lab/Mini_Project/install/ros2_conveyorbelt/share/ros2_conveyorbelt/hook/ld_library_path_lib.dsv'
[1.615s] [34mcolcon.colcon_core.shell[0m [1;30mINFO[0m Creating environment hook '/mnt/Storage/Documents/MIT/Books/Robotics-2_Lab/Mini_Project/install/ros2_conveyorbelt/share/ros2_conveyorbelt/hook/ld_library_path_lib.sh'
[1.615s] [34mcolcon.colcon_core.environment[0m [1;30mLevel 1[0m checking '/mnt/Storage/Documents/MIT/Books/Robotics-2_Lab/Mini_Project/install/ros2_conveyorbelt/bin'
[1.615s] [34mcolcon.colcon_core.environment[0m [1;30mLevel 1[0m checking '/mnt/Storage/Documents/MIT/Books/Robotics-2_Lab/Mini_Project/install/ros2_conveyorbelt/lib/pkgconfig/ros2_conveyorbelt.pc'
[1.616s] [34mcolcon.colcon_core.environment[0m [1;30mLevel 1[0m checking '/mnt/Storage/Documents/MIT/Books/Robotics-2_Lab/Mini_Project/install/ros2_conveyorbelt/lib/python3.10/site-packages'
[1.616s] [34mcolcon.colcon_core.environment[0m [1;30mLevel 1[0m checking '/mnt/Storage/Documents/MIT/Books/Robotics-2_Lab/Mini_Project/install/ros2_conveyorbelt/bin'
[1.616s] [34mcolcon.colcon_core.shell[0m [1;30mINFO[0m Creating package script '/mnt/Storage/Documents/MIT/Books/Robotics-2_Lab/Mini_Project/install/ros2_conveyorbelt/share/ros2_conveyorbelt/package.ps1'
[1.617s] [34mcolcon.colcon_core.shell[0m [1;30mINFO[0m Creating package descriptor '/mnt/Storage/Documents/MIT/Books/Robotics-2_Lab/Mini_Project/install/ros2_conveyorbelt/share/ros2_conveyorbelt/package.dsv'
[1.618s] [34mcolcon.colcon_core.shell[0m [1;30mINFO[0m Creating package script '/mnt/Storage/Documents/MIT/Books/Robotics-2_Lab/Mini_Project/install/ros2_conveyorbelt/share/ros2_conveyorbelt/package.sh'
[1.618s] [34mcolcon.colcon_core.shell[0m [1;30mINFO[0m Creating package script '/mnt/Storage/Documents/MIT/Books/Robotics-2_Lab/Mini_Project/install/ros2_conveyorbelt/share/ros2_conveyorbelt/package.bash'
[1.619s] [34mcolcon.colcon_core.shell[0m [1;30mINFO[0m Creating package script '/mnt/Storage/Documents/MIT/Books/Robotics-2_Lab/Mini_Project/install/ros2_conveyorbelt/share/ros2_conveyorbelt/package.zsh'
[1.619s] [34mcolcon.colcon_core.environment[0m [1;30mLevel 1[0m create_file_with_runtime_dependencies(/mnt/Storage/Documents/MIT/Books/Robotics-2_Lab/Mini_Project/install/ros2_conveyorbelt/share/colcon-core/packages/ros2_conveyorbelt)
[1.619s] [34mcolcon.colcon_parallel_executor.executor.parallel[0m [1;30mDEBUG[0m [32mclosing loop[0m
[1.620s] [34mcolcon.colcon_parallel_executor.executor.parallel[0m [1;30mDEBUG[0m [32mloop closed[0m
[1.620s] [34mcolcon.colcon_parallel_executor.executor.parallel[0m [1;30mDEBUG[0m [32mrun_until_complete finished with '0'[0m
[1.620s] [34mcolcon.colcon_core.event_reactor[0m [1;30mDEBUG[0m [32mjoining thread[0m
[1.626s] [34mcolcon.colcon_core.plugin_system[0m [1;30mINFO[0m Skipping extension 'colcon_notification.desktop_notification.terminal_notifier': Not used on non-Darwin systems
[1.626s] [34mcolcon.colcon_core.plugin_system[0m [1;30mINFO[0m Skipping extension 'colcon_notification.desktop_notification.win32': Not used on non-Windows systems
[1.626s] [34mcolcon.colcon_notification.desktop_notification[0m [1;30mINFO[0m Sending desktop notification using 'notify2'
[1.641s] [34mcolcon.colcon_core.event_reactor[0m [1;30mDEBUG[0m [32mjoined thread[0m
[1.641s] [34mcolcon.colcon_core.shell[0m [1;30mINFO[0m Creating prefix script '/mnt/Storage/Documents/MIT/Books/Robotics-2_Lab/Mini_Project/install/local_setup.ps1'
[1.642s] [34mcolcon.colcon_core.shell[0m [1;30mINFO[0m Creating prefix util module '/mnt/Storage/Documents/MIT/Books/Robotics-2_Lab/Mini_Project/install/_local_setup_util_ps1.py'
[1.644s] [34mcolcon.colcon_core.shell[0m [1;30mINFO[0m Creating prefix chain script '/mnt/Storage/Documents/MIT/Books/Robotics-2_Lab/Mini_Project/install/setup.ps1'
[1.648s] [34mcolcon.colcon_core.shell[0m [1;30mINFO[0m Creating prefix script '/mnt/Storage/Documents/MIT/Books/Robotics-2_Lab/Mini_Project/install/local_setup.sh'
[1.649s] [34mcolcon.colcon_core.shell[0m [1;30mINFO[0m Creating prefix util module '/mnt/Storage/Documents/MIT/Books/Robotics-2_Lab/Mini_Project/install/_local_setup_util_sh.py'
[1.650s] [34mcolcon.colcon_core.shell[0m [1;30mINFO[0m Creating prefix chain script '/mnt/Storage/Documents/MIT/Books/Robotics-2_Lab/Mini_Project/install/setup.sh'
[1.655s] [34mcolcon.colcon_core.shell[0m [1;30mINFO[0m Creating prefix script '/mnt/Storage/Documents/MIT/Books/Robotics-2_Lab/Mini_Project/install/local_setup.bash'
[1.655s] [34mcolcon.colcon_core.shell[0m [1;30mINFO[0m Creating prefix chain script '/mnt/Storage/Documents/MIT/Books/Robotics-2_Lab/Mini_Project/install/setup.bash'
[1.659s] [34mcolcon.colcon_core.shell[0m [1;30mINFO[0m Creating prefix script '/mnt/Storage/Documents/MIT/Books/Robotics-2_Lab/Mini_Project/install/local_setup.zsh'
[1.660s] [34mcolcon.colcon_core.shell[0m [1;30mINFO[0m Creating prefix chain script '/mnt/Storage/Documents/MIT/Books/Robotics-2_Lab/Mini_Project/install/setup.zsh'
