[2.378s] Invoking command in '/mnt/Storage/Documents/MIT/Books/Robotics-2_Lab/Mini_Project/src/ur5': PYTHONPATH=/mnt/Storage/Documents/MIT/Books/Robotics-2_Lab/Mini_Project/build/ur5/prefix_override:/usr/lib/python3/dist-packages/colcon_core/task/python/colcon_distutils_commands:/mnt/Storage/Documents/MIT/Books/Robotics-2_Lab/Mini_Project/install/ur5/lib/python3.10/site-packages:${PYTHONPATH} /usr/bin/python3 -W ignore:setup.py install is deprecated setup.py egg_info --egg-base ../../build/ur5 build --build-base /mnt/Storage/Documents/MIT/Books/Robotics-2_Lab/Mini_Project/build/ur5/build install --record /mnt/Storage/Documents/MIT/Books/Robotics-2_Lab/Mini_Project/build/ur5/install.log --single-version-externally-managed install_data
[3.245s] running egg_info
[3.309s] writing ../../build/ur5/ur5.egg-info/PKG-INFO
[3.310s] writing dependency_links to ../../build/ur5/ur5.egg-info/dependency_links.txt
[3.311s] writing entry points to ../../build/ur5/ur5.egg-info/entry_points.txt
[3.311s] writing requirements to ../../build/ur5/ur5.egg-info/requires.txt
[3.312s] writing top-level names to ../../build/ur5/ur5.egg-info/top_level.txt
[3.445s] reading manifest file '../../build/ur5/ur5.egg-info/SOURCES.txt'
[3.448s] writing manifest file '../../build/ur5/ur5.egg-info/SOURCES.txt'
[3.449s] running build
[3.449s] running build_py
[3.449s] copying ur5/controller_fk.py -> /mnt/Storage/Documents/MIT/Books/Robotics-2_Lab/Mini_Project/build/ur5/build/lib/ur5
[3.450s] copying ur5/seq.py -> /mnt/Storage/Documents/MIT/Books/Robotics-2_Lab/Mini_Project/build/ur5/build/lib/ur5
[3.450s] copying ur5/pose_publisher.py -> /mnt/Storage/Documents/MIT/Books/Robotics-2_Lab/Mini_Project/build/ur5/build/lib/ur5
[3.450s] copying ur5/capture_image.py -> /mnt/Storage/Documents/MIT/Books/Robotics-2_Lab/Mini_Project/build/ur5/build/lib/ur5
[3.451s] copying ur5/vacuum_gripper_controller.py -> /mnt/Storage/Documents/MIT/Books/Robotics-2_Lab/Mini_Project/build/ur5/build/lib/ur5
[3.451s] copying ur5/controller_ik.py -> /mnt/Storage/Documents/MIT/Books/Robotics-2_Lab/Mini_Project/build/ur5/build/lib/ur5
[3.452s] copying ur5/__init__.py -> /mnt/Storage/Documents/MIT/Books/Robotics-2_Lab/Mini_Project/build/ur5/build/lib/ur5
[3.453s] running install
[3.465s] running install_lib
[3.517s] running install_data
[3.519s] copying launch/ur5_rviz.launch.py -> /mnt/Storage/Documents/MIT/Books/Robotics-2_Lab/Mini_Project/install/ur5/share/ur5
[3.520s] copying launch/ur5_control.launch.py -> /mnt/Storage/Documents/MIT/Books/Robotics-2_Lab/Mini_Project/install/ur5/share/ur5
[3.520s] copying launch/ur5_world.launch.py -> /mnt/Storage/Documents/MIT/Books/Robotics-2_Lab/Mini_Project/install/ur5/share/ur5
[3.521s] copying launch/ur5_gazebo.launch.py -> /mnt/Storage/Documents/MIT/Books/Robotics-2_Lab/Mini_Project/install/ur5/share/ur5
[3.521s] copying urdf/ur5_bot.urdf -> /mnt/Storage/Documents/MIT/Books/Robotics-2_Lab/Mini_Project/install/ur5/share/ur5
[3.522s] copying urdf/ur5_rviz_bot.urdf -> /mnt/Storage/Documents/MIT/Books/Robotics-2_Lab/Mini_Project/install/ur5/share/ur5
[3.523s] copying config/ur5_control.yaml -> /mnt/Storage/Documents/MIT/Books/Robotics-2_Lab/Mini_Project/install/ur5/share/ur5
[3.524s] running install_egg_info
[3.586s] removing '/mnt/Storage/Documents/MIT/Books/Robotics-2_Lab/Mini_Project/install/ur5/lib/python3.10/site-packages/ur5-0.0.0-py3.10.egg-info' (and everything under it)
[3.588s] Copying ../../build/ur5/ur5.egg-info to /mnt/Storage/Documents/MIT/Books/Robotics-2_Lab/Mini_Project/install/ur5/lib/python3.10/site-packages/ur5-0.0.0-py3.10.egg-info
[3.589s] running install_scripts
[3.955s] Installing cap script to /mnt/Storage/Documents/MIT/Books/Robotics-2_Lab/Mini_Project/install/ur5/lib/ur5
[3.957s] Installing grip script to /mnt/Storage/Documents/MIT/Books/Robotics-2_Lab/Mini_Project/install/ur5/lib/ur5
[3.957s] Installing gz script to /mnt/Storage/Documents/MIT/Books/Robotics-2_Lab/Mini_Project/install/ur5/lib/ur5
[3.958s] Installing gz_ik script to /mnt/Storage/Documents/MIT/Books/Robotics-2_Lab/Mini_Project/install/ur5/lib/ur5
[3.958s] Installing pose script to /mnt/Storage/Documents/MIT/Books/Robotics-2_Lab/Mini_Project/install/ur5/lib/ur5
[3.958s] Installing rviz script to /mnt/Storage/Documents/MIT/Books/Robotics-2_Lab/Mini_Project/install/ur5/lib/ur5
[3.958s] Installing rviz_ik script to /mnt/Storage/Documents/MIT/Books/Robotics-2_Lab/Mini_Project/install/ur5/lib/ur5
[3.958s] writing list of installed files to '/mnt/Storage/Documents/MIT/Books/Robotics-2_Lab/Mini_Project/build/ur5/install.log'
[4.021s] Invoked command in '/mnt/Storage/Documents/MIT/Books/Robotics-2_Lab/Mini_Project/src/ur5' returned '0': PYTHONPATH=/mnt/Storage/Documents/MIT/Books/Robotics-2_Lab/Mini_Project/build/ur5/prefix_override:/usr/lib/python3/dist-packages/colcon_core/task/python/colcon_distutils_commands:/mnt/Storage/Documents/MIT/Books/Robotics-2_Lab/Mini_Project/install/ur5/lib/python3.10/site-packages:${PYTHONPATH} /usr/bin/python3 -W ignore:setup.py install is deprecated setup.py egg_info --egg-base ../../build/ur5 build --build-base /mnt/Storage/Documents/MIT/Books/Robotics-2_Lab/Mini_Project/build/ur5/build install --record /mnt/Storage/Documents/MIT/Books/Robotics-2_Lab/Mini_Project/build/ur5/install.log --single-version-externally-managed install_data
