[0.073s] Invoking command in '/mnt/Storage/Documents/MIT/Books/Robotics-2_Lab/Mini_Project/build/conveyorbelt_msgs': CMAKE_PREFIX_PATH=${CMAKE_PREFIX_PATH}:/mnt/Storage/Documents/MIT/Books/Robotics-2_Lab/Mini_Project/install/ur5:/home/srikar/ws_moveit2/install/moveit_configs_utils:/home/srikar/ws_moveit2/install/launch_param_builder:/opt/ros/humble /usr/bin/cmake --build /mnt/Storage/Documents/MIT/Books/Robotics-2_Lab/Mini_Project/build/conveyorbelt_msgs -- -j8 -l8
[0.126s] [  2%] Built target conveyorbelt_msgs__cpp
[0.183s] [  2%] Built target ament_cmake_python_copy_conveyorbelt_msgs
[0.227s] [ 12%] Built target conveyorbelt_msgs__rosidl_typesupport_introspection_cpp
[0.808s] running egg_info
[0.860s] writing conveyorbelt_msgs.egg-info/PKG-INFO
[0.861s] writing dependency_links to conveyorbelt_msgs.egg-info/dependency_links.txt
[0.861s] writing top-level names to conveyorbelt_msgs.egg-info/top_level.txt
[1.012s] reading manifest file 'conveyorbelt_msgs.egg-info/SOURCES.txt'
[1.014s] writing manifest file 'conveyorbelt_msgs.egg-info/SOURCES.txt'
[1.065s] [ 12%] Built target ament_cmake_python_build_conveyorbelt_msgs_egg
[1.091s] [ 23%] Built target conveyorbelt_msgs__rosidl_typesupport_fastrtps_cpp
[1.122s] [ 33%] Built target conveyorbelt_msgs__rosidl_typesupport_cpp
[1.167s] [ 43%] Built target conveyorbelt_msgs__rosidl_generator_c
[1.210s] [ 53%] Built target conveyorbelt_msgs__rosidl_typesupport_fastrtps_c
[1.239s] [ 64%] Built target conveyorbelt_msgs__rosidl_typesupport_c
[1.266s] [ 74%] Built target conveyorbelt_msgs__rosidl_typesupport_introspection_c
[1.299s] [ 74%] Built target conveyorbelt_msgs
[1.346s] [ 76%] Built target conveyorbelt_msgs__py
[1.376s] [ 84%] Built target conveyorbelt_msgs__rosidl_generator_py
[1.403s] [ 89%] Built target conveyorbelt_msgs__rosidl_typesupport_fastrtps_c__pyext
[1.446s] [ 94%] Built target conveyorbelt_msgs__rosidl_typesupport_c__pyext
[1.494s] [100%] Built target conveyorbelt_msgs__rosidl_typesupport_introspection_c__pyext
[1.511s] Invoked command in '/mnt/Storage/Documents/MIT/Books/Robotics-2_Lab/Mini_Project/build/conveyorbelt_msgs' returned '0': CMAKE_PREFIX_PATH=${CMAKE_PREFIX_PATH}:/mnt/Storage/Documents/MIT/Books/Robotics-2_Lab/Mini_Project/install/ur5:/home/srikar/ws_moveit2/install/moveit_configs_utils:/home/srikar/ws_moveit2/install/launch_param_builder:/opt/ros/humble /usr/bin/cmake --build /mnt/Storage/Documents/MIT/Books/Robotics-2_Lab/Mini_Project/build/conveyorbelt_msgs -- -j8 -l8
[1.813s] Invoking command in '/mnt/Storage/Documents/MIT/Books/Robotics-2_Lab/Mini_Project/build/conveyorbelt_msgs': CMAKE_PREFIX_PATH=${CMAKE_PREFIX_PATH}:/mnt/Storage/Documents/MIT/Books/Robotics-2_Lab/Mini_Project/install/ur5:/home/srikar/ws_moveit2/install/moveit_configs_utils:/home/srikar/ws_moveit2/install/launch_param_builder:/opt/ros/humble /usr/bin/cmake --install /mnt/Storage/Documents/MIT/Books/Robotics-2_Lab/Mini_Project/build/conveyorbelt_msgs
[1.826s] -- Install configuration: ""
[1.827s] -- Up-to-date: /mnt/Storage/Documents/MIT/Books/Robotics-2_Lab/Mini_Project/install/conveyorbelt_msgs/share/conveyorbelt_msgs/msg
[1.827s] -- Up-to-date: /mnt/Storage/Documents/MIT/Books/Robotics-2_Lab/Mini_Project/install/conveyorbelt_msgs/share/conveyorbelt_msgs/msg/ConveyorBeltState.msg
[1.830s] -- Up-to-date: /mnt/Storage/Documents/MIT/Books/Robotics-2_Lab/Mini_Project/install/conveyorbelt_msgs/share/conveyorbelt_msgs/srv
[1.830s] -- Up-to-date: /mnt/Storage/Documents/MIT/Books/Robotics-2_Lab/Mini_Project/install/conveyorbelt_msgs/share/conveyorbelt_msgs/srv/ConveyorBeltControl.srv
[1.830s] -- Up-to-date: /mnt/Storage/Documents/MIT/Books/Robotics-2_Lab/Mini_Project/install/conveyorbelt_msgs/share/ament_index/resource_index/rosidl_interfaces/conveyorbelt_msgs
[1.830s] -- Up-to-date: /mnt/Storage/Documents/MIT/Books/Robotics-2_Lab/Mini_Project/install/conveyorbelt_msgs/include/conveyorbelt_msgs/conveyorbelt_msgs
[1.830s] -- Up-to-date: /mnt/Storage/Documents/MIT/Books/Robotics-2_Lab/Mini_Project/install/conveyorbelt_msgs/include/conveyorbelt_msgs/conveyorbelt_msgs/srv
[1.830s] -- Up-to-date: /mnt/Storage/Documents/MIT/Books/Robotics-2_Lab/Mini_Project/install/conveyorbelt_msgs/include/conveyorbelt_msgs/conveyorbelt_msgs/srv/conveyor_belt_control.h
[1.831s] -- Up-to-date: /mnt/Storage/Documents/MIT/Books/Robotics-2_Lab/Mini_Project/install/conveyorbelt_msgs/include/conveyorbelt_msgs/conveyorbelt_msgs/srv/detail
[1.831s] -- Up-to-date: /mnt/Storage/Documents/MIT/Books/Robotics-2_Lab/Mini_Project/install/conveyorbelt_msgs/include/conveyorbelt_msgs/conveyorbelt_msgs/srv/detail/conveyor_belt_control__struct.h
[1.831s] -- Up-to-date: /mnt/Storage/Documents/MIT/Books/Robotics-2_Lab/Mini_Project/install/conveyorbelt_msgs/include/conveyorbelt_msgs/conveyorbelt_msgs/srv/detail/conveyor_belt_control__type_support.h
[1.832s] -- Up-to-date: /mnt/Storage/Documents/MIT/Books/Robotics-2_Lab/Mini_Project/install/conveyorbelt_msgs/include/conveyorbelt_msgs/conveyorbelt_msgs/srv/detail/conveyor_belt_control__functions.h
[1.832s] -- Up-to-date: /mnt/Storage/Documents/MIT/Books/Robotics-2_Lab/Mini_Project/install/conveyorbelt_msgs/include/conveyorbelt_msgs/conveyorbelt_msgs/srv/detail/conveyor_belt_control__functions.c
[1.833s] -- Up-to-date: /mnt/Storage/Documents/MIT/Books/Robotics-2_Lab/Mini_Project/install/conveyorbelt_msgs/include/conveyorbelt_msgs/conveyorbelt_msgs/msg
[1.833s] -- Up-to-date: /mnt/Storage/Documents/MIT/Books/Robotics-2_Lab/Mini_Project/install/conveyorbelt_msgs/include/conveyorbelt_msgs/conveyorbelt_msgs/msg/conveyor_belt_state.h
[1.833s] -- Up-to-date: /mnt/Storage/Documents/MIT/Books/Robotics-2_Lab/Mini_Project/install/conveyorbelt_msgs/include/conveyorbelt_msgs/conveyorbelt_msgs/msg/detail
[1.834s] -- Up-to-date: /mnt/Storage/Documents/MIT/Books/Robotics-2_Lab/Mini_Project/install/conveyorbelt_msgs/include/conveyorbelt_msgs/conveyorbelt_msgs/msg/detail/conveyor_belt_state__type_support.h
[1.834s] -- Up-to-date: /mnt/Storage/Documents/MIT/Books/Robotics-2_Lab/Mini_Project/install/conveyorbelt_msgs/include/conveyorbelt_msgs/conveyorbelt_msgs/msg/detail/conveyor_belt_state__functions.c
[1.834s] -- Up-to-date: /mnt/Storage/Documents/MIT/Books/Robotics-2_Lab/Mini_Project/install/conveyorbelt_msgs/include/conveyorbelt_msgs/conveyorbelt_msgs/msg/detail/conveyor_belt_state__functions.h
[1.834s] -- Up-to-date: /mnt/Storage/Documents/MIT/Books/Robotics-2_Lab/Mini_Project/install/conveyorbelt_msgs/include/conveyorbelt_msgs/conveyorbelt_msgs/msg/detail/conveyor_belt_state__struct.h
[1.836s] -- Up-to-date: /mnt/Storage/Documents/MIT/Books/Robotics-2_Lab/Mini_Project/install/conveyorbelt_msgs/include/conveyorbelt_msgs/conveyorbelt_msgs/msg/rosidl_generator_c__visibility_control.h
[1.837s] -- Up-to-date: /mnt/Storage/Documents/MIT/Books/Robotics-2_Lab/Mini_Project/install/conveyorbelt_msgs/share/conveyorbelt_msgs/environment/library_path.sh
[1.837s] -- Up-to-date: /mnt/Storage/Documents/MIT/Books/Robotics-2_Lab/Mini_Project/install/conveyorbelt_msgs/share/conveyorbelt_msgs/environment/library_path.dsv
[1.837s] -- Up-to-date: /mnt/Storage/Documents/MIT/Books/Robotics-2_Lab/Mini_Project/install/conveyorbelt_msgs/lib/libconveyorbelt_msgs__rosidl_generator_c.so
[1.838s] -- Up-to-date: /mnt/Storage/Documents/MIT/Books/Robotics-2_Lab/Mini_Project/install/conveyorbelt_msgs/include/conveyorbelt_msgs/conveyorbelt_msgs
[1.838s] -- Up-to-date: /mnt/Storage/Documents/MIT/Books/Robotics-2_Lab/Mini_Project/install/conveyorbelt_msgs/include/conveyorbelt_msgs/conveyorbelt_msgs/srv
[1.839s] -- Up-to-date: /mnt/Storage/Documents/MIT/Books/Robotics-2_Lab/Mini_Project/install/conveyorbelt_msgs/include/conveyorbelt_msgs/conveyorbelt_msgs/srv/detail
[1.839s] -- Up-to-date: /mnt/Storage/Documents/MIT/Books/Robotics-2_Lab/Mini_Project/install/conveyorbelt_msgs/include/conveyorbelt_msgs/conveyorbelt_msgs/srv/detail/conveyor_belt_control__rosidl_typesupport_fastrtps_c.h
[1.839s] -- Up-to-date: /mnt/Storage/Documents/MIT/Books/Robotics-2_Lab/Mini_Project/install/conveyorbelt_msgs/include/conveyorbelt_msgs/conveyorbelt_msgs/msg
[1.839s] -- Up-to-date: /mnt/Storage/Documents/MIT/Books/Robotics-2_Lab/Mini_Project/install/conveyorbelt_msgs/include/conveyorbelt_msgs/conveyorbelt_msgs/msg/rosidl_typesupport_fastrtps_c__visibility_control.h
[1.839s] -- Up-to-date: /mnt/Storage/Documents/MIT/Books/Robotics-2_Lab/Mini_Project/install/conveyorbelt_msgs/include/conveyorbelt_msgs/conveyorbelt_msgs/msg/detail
[1.840s] -- Up-to-date: /mnt/Storage/Documents/MIT/Books/Robotics-2_Lab/Mini_Project/install/conveyorbelt_msgs/include/conveyorbelt_msgs/conveyorbelt_msgs/msg/detail/conveyor_belt_state__rosidl_typesupport_fastrtps_c.h
[1.840s] -- Up-to-date: /mnt/Storage/Documents/MIT/Books/Robotics-2_Lab/Mini_Project/install/conveyorbelt_msgs/lib/libconveyorbelt_msgs__rosidl_typesupport_fastrtps_c.so
[1.840s] -- Up-to-date: /mnt/Storage/Documents/MIT/Books/Robotics-2_Lab/Mini_Project/install/conveyorbelt_msgs/include/conveyorbelt_msgs/conveyorbelt_msgs
[1.840s] -- Up-to-date: /mnt/Storage/Documents/MIT/Books/Robotics-2_Lab/Mini_Project/install/conveyorbelt_msgs/include/conveyorbelt_msgs/conveyorbelt_msgs/srv
[1.840s] -- Up-to-date: /mnt/Storage/Documents/MIT/Books/Robotics-2_Lab/Mini_Project/install/conveyorbelt_msgs/include/conveyorbelt_msgs/conveyorbelt_msgs/srv/detail
[1.840s] -- Up-to-date: /mnt/Storage/Documents/MIT/Books/Robotics-2_Lab/Mini_Project/install/conveyorbelt_msgs/include/conveyorbelt_msgs/conveyorbelt_msgs/srv/detail/conveyor_belt_control__rosidl_typesupport_introspection_c.h
[1.840s] -- Up-to-date: /mnt/Storage/Documents/MIT/Books/Robotics-2_Lab/Mini_Project/install/conveyorbelt_msgs/include/conveyorbelt_msgs/conveyorbelt_msgs/srv/detail/conveyor_belt_control__type_support.c
[1.841s] -- Up-to-date: /mnt/Storage/Documents/MIT/Books/Robotics-2_Lab/Mini_Project/install/conveyorbelt_msgs/include/conveyorbelt_msgs/conveyorbelt_msgs/msg
[1.842s] -- Up-to-date: /mnt/Storage/Documents/MIT/Books/Robotics-2_Lab/Mini_Project/install/conveyorbelt_msgs/include/conveyorbelt_msgs/conveyorbelt_msgs/msg/rosidl_typesupport_introspection_c__visibility_control.h
[1.843s] -- Up-to-date: /mnt/Storage/Documents/MIT/Books/Robotics-2_Lab/Mini_Project/install/conveyorbelt_msgs/include/conveyorbelt_msgs/conveyorbelt_msgs/msg/detail
[1.843s] -- Up-to-date: /mnt/Storage/Documents/MIT/Books/Robotics-2_Lab/Mini_Project/install/conveyorbelt_msgs/include/conveyorbelt_msgs/conveyorbelt_msgs/msg/detail/conveyor_belt_state__rosidl_typesupport_introspection_c.h
[1.843s] -- Up-to-date: /mnt/Storage/Documents/MIT/Books/Robotics-2_Lab/Mini_Project/install/conveyorbelt_msgs/include/conveyorbelt_msgs/conveyorbelt_msgs/msg/detail/conveyor_belt_state__type_support.c
[1.844s] -- Up-to-date: /mnt/Storage/Documents/MIT/Books/Robotics-2_Lab/Mini_Project/install/conveyorbelt_msgs/lib/libconveyorbelt_msgs__rosidl_typesupport_introspection_c.so
[1.844s] -- Up-to-date: /mnt/Storage/Documents/MIT/Books/Robotics-2_Lab/Mini_Project/install/conveyorbelt_msgs/lib/libconveyorbelt_msgs__rosidl_typesupport_c.so
[1.844s] -- Up-to-date: /mnt/Storage/Documents/MIT/Books/Robotics-2_Lab/Mini_Project/install/conveyorbelt_msgs/include/conveyorbelt_msgs/conveyorbelt_msgs
[1.845s] -- Up-to-date: /mnt/Storage/Documents/MIT/Books/Robotics-2_Lab/Mini_Project/install/conveyorbelt_msgs/include/conveyorbelt_msgs/conveyorbelt_msgs/srv
[1.845s] -- Up-to-date: /mnt/Storage/Documents/MIT/Books/Robotics-2_Lab/Mini_Project/install/conveyorbelt_msgs/include/conveyorbelt_msgs/conveyorbelt_msgs/srv/detail
[1.846s] -- Up-to-date: /mnt/Storage/Documents/MIT/Books/Robotics-2_Lab/Mini_Project/install/conveyorbelt_msgs/include/conveyorbelt_msgs/conveyorbelt_msgs/srv/detail/conveyor_belt_control__builder.hpp
[1.848s] -- Up-to-date: /mnt/Storage/Documents/MIT/Books/Robotics-2_Lab/Mini_Project/install/conveyorbelt_msgs/include/conveyorbelt_msgs/conveyorbelt_msgs/srv/detail/conveyor_belt_control__traits.hpp
[1.849s] -- Up-to-date: /mnt/Storage/Documents/MIT/Books/Robotics-2_Lab/Mini_Project/install/conveyorbelt_msgs/include/conveyorbelt_msgs/conveyorbelt_msgs/srv/detail/conveyor_belt_control__struct.hpp
[1.851s] -- Up-to-date: /mnt/Storage/Documents/MIT/Books/Robotics-2_Lab/Mini_Project/install/conveyorbelt_msgs/include/conveyorbelt_msgs/conveyorbelt_msgs/srv/conveyor_belt_control.hpp
[1.851s] -- Up-to-date: /mnt/Storage/Documents/MIT/Books/Robotics-2_Lab/Mini_Project/install/conveyorbelt_msgs/include/conveyorbelt_msgs/conveyorbelt_msgs/msg
[1.851s] -- Up-to-date: /mnt/Storage/Documents/MIT/Books/Robotics-2_Lab/Mini_Project/install/conveyorbelt_msgs/include/conveyorbelt_msgs/conveyorbelt_msgs/msg/detail
[1.852s] -- Up-to-date: /mnt/Storage/Documents/MIT/Books/Robotics-2_Lab/Mini_Project/install/conveyorbelt_msgs/include/conveyorbelt_msgs/conveyorbelt_msgs/msg/detail/conveyor_belt_state__struct.hpp
[1.852s] -- Up-to-date: /mnt/Storage/Documents/MIT/Books/Robotics-2_Lab/Mini_Project/install/conveyorbelt_msgs/include/conveyorbelt_msgs/conveyorbelt_msgs/msg/detail/conveyor_belt_state__traits.hpp
[1.853s] -- Up-to-date: /mnt/Storage/Documents/MIT/Books/Robotics-2_Lab/Mini_Project/install/conveyorbelt_msgs/include/conveyorbelt_msgs/conveyorbelt_msgs/msg/detail/conveyor_belt_state__builder.hpp
[1.853s] -- Up-to-date: /mnt/Storage/Documents/MIT/Books/Robotics-2_Lab/Mini_Project/install/conveyorbelt_msgs/include/conveyorbelt_msgs/conveyorbelt_msgs/msg/conveyor_belt_state.hpp
[1.853s] -- Up-to-date: /mnt/Storage/Documents/MIT/Books/Robotics-2_Lab/Mini_Project/install/conveyorbelt_msgs/include/conveyorbelt_msgs/conveyorbelt_msgs
[1.853s] -- Up-to-date: /mnt/Storage/Documents/MIT/Books/Robotics-2_Lab/Mini_Project/install/conveyorbelt_msgs/include/conveyorbelt_msgs/conveyorbelt_msgs/srv
[1.853s] -- Up-to-date: /mnt/Storage/Documents/MIT/Books/Robotics-2_Lab/Mini_Project/install/conveyorbelt_msgs/include/conveyorbelt_msgs/conveyorbelt_msgs/srv/detail
[1.855s] -- Up-to-date: /mnt/Storage/Documents/MIT/Books/Robotics-2_Lab/Mini_Project/install/conveyorbelt_msgs/include/conveyorbelt_msgs/conveyorbelt_msgs/srv/detail/conveyor_belt_control__rosidl_typesupport_fastrtps_cpp.hpp
[1.855s] -- Up-to-date: /mnt/Storage/Documents/MIT/Books/Robotics-2_Lab/Mini_Project/install/conveyorbelt_msgs/include/conveyorbelt_msgs/conveyorbelt_msgs/srv/detail/dds_fastrtps
[1.855s] -- Up-to-date: /mnt/Storage/Documents/MIT/Books/Robotics-2_Lab/Mini_Project/install/conveyorbelt_msgs/include/conveyorbelt_msgs/conveyorbelt_msgs/msg
[1.855s] -- Up-to-date: /mnt/Storage/Documents/MIT/Books/Robotics-2_Lab/Mini_Project/install/conveyorbelt_msgs/include/conveyorbelt_msgs/conveyorbelt_msgs/msg/detail
[1.855s] -- Up-to-date: /mnt/Storage/Documents/MIT/Books/Robotics-2_Lab/Mini_Project/install/conveyorbelt_msgs/include/conveyorbelt_msgs/conveyorbelt_msgs/msg/detail/conveyor_belt_state__rosidl_typesupport_fastrtps_cpp.hpp
[1.856s] -- Up-to-date: /mnt/Storage/Documents/MIT/Books/Robotics-2_Lab/Mini_Project/install/conveyorbelt_msgs/include/conveyorbelt_msgs/conveyorbelt_msgs/msg/detail/dds_fastrtps
[1.856s] -- Up-to-date: /mnt/Storage/Documents/MIT/Books/Robotics-2_Lab/Mini_Project/install/conveyorbelt_msgs/include/conveyorbelt_msgs/conveyorbelt_msgs/msg/rosidl_typesupport_fastrtps_cpp__visibility_control.h
[1.856s] -- Up-to-date: /mnt/Storage/Documents/MIT/Books/Robotics-2_Lab/Mini_Project/install/conveyorbelt_msgs/lib/libconveyorbelt_msgs__rosidl_typesupport_fastrtps_cpp.so
[1.856s] -- Up-to-date: /mnt/Storage/Documents/MIT/Books/Robotics-2_Lab/Mini_Project/install/conveyorbelt_msgs/include/conveyorbelt_msgs/conveyorbelt_msgs
[1.856s] -- Up-to-date: /mnt/Storage/Documents/MIT/Books/Robotics-2_Lab/Mini_Project/install/conveyorbelt_msgs/include/conveyorbelt_msgs/conveyorbelt_msgs/srv
[1.856s] -- Up-to-date: /mnt/Storage/Documents/MIT/Books/Robotics-2_Lab/Mini_Project/install/conveyorbelt_msgs/include/conveyorbelt_msgs/conveyorbelt_msgs/srv/detail
[1.857s] -- Up-to-date: /mnt/Storage/Documents/MIT/Books/Robotics-2_Lab/Mini_Project/install/conveyorbelt_msgs/include/conveyorbelt_msgs/conveyorbelt_msgs/srv/detail/conveyor_belt_control__rosidl_typesupport_introspection_cpp.hpp
[1.859s] -- Up-to-date: /mnt/Storage/Documents/MIT/Books/Robotics-2_Lab/Mini_Project/install/conveyorbelt_msgs/include/conveyorbelt_msgs/conveyorbelt_msgs/srv/detail/conveyor_belt_control__type_support.cpp
[1.859s] -- Up-to-date: /mnt/Storage/Documents/MIT/Books/Robotics-2_Lab/Mini_Project/install/conveyorbelt_msgs/include/conveyorbelt_msgs/conveyorbelt_msgs/msg
[1.859s] -- Up-to-date: /mnt/Storage/Documents/MIT/Books/Robotics-2_Lab/Mini_Project/install/conveyorbelt_msgs/include/conveyorbelt_msgs/conveyorbelt_msgs/msg/detail
[1.859s] -- Up-to-date: /mnt/Storage/Documents/MIT/Books/Robotics-2_Lab/Mini_Project/install/conveyorbelt_msgs/include/conveyorbelt_msgs/conveyorbelt_msgs/msg/detail/conveyor_belt_state__type_support.cpp
[1.860s] -- Up-to-date: /mnt/Storage/Documents/MIT/Books/Robotics-2_Lab/Mini_Project/install/conveyorbelt_msgs/include/conveyorbelt_msgs/conveyorbelt_msgs/msg/detail/conveyor_belt_state__rosidl_typesupport_introspection_cpp.hpp
[1.862s] -- Up-to-date: /mnt/Storage/Documents/MIT/Books/Robotics-2_Lab/Mini_Project/install/conveyorbelt_msgs/lib/libconveyorbelt_msgs__rosidl_typesupport_introspection_cpp.so
[1.862s] -- Up-to-date: /mnt/Storage/Documents/MIT/Books/Robotics-2_Lab/Mini_Project/install/conveyorbelt_msgs/lib/libconveyorbelt_msgs__rosidl_typesupport_cpp.so
[1.862s] -- Up-to-date: /mnt/Storage/Documents/MIT/Books/Robotics-2_Lab/Mini_Project/install/conveyorbelt_msgs/share/conveyorbelt_msgs/environment/pythonpath.sh
[1.862s] -- Up-to-date: /mnt/Storage/Documents/MIT/Books/Robotics-2_Lab/Mini_Project/install/conveyorbelt_msgs/share/conveyorbelt_msgs/environment/pythonpath.dsv
[1.863s] -- Up-to-date: /mnt/Storage/Documents/MIT/Books/Robotics-2_Lab/Mini_Project/install/conveyorbelt_msgs/local/lib/python3.10/dist-packages/conveyorbelt_msgs-0.0.0-py3.10.egg-info
[1.863s] -- Installing: /mnt/Storage/Documents/MIT/Books/Robotics-2_Lab/Mini_Project/install/conveyorbelt_msgs/local/lib/python3.10/dist-packages/conveyorbelt_msgs-0.0.0-py3.10.egg-info/top_level.txt
[1.863s] -- Installing: /mnt/Storage/Documents/MIT/Books/Robotics-2_Lab/Mini_Project/install/conveyorbelt_msgs/local/lib/python3.10/dist-packages/conveyorbelt_msgs-0.0.0-py3.10.egg-info/SOURCES.txt
[1.863s] -- Installing: /mnt/Storage/Documents/MIT/Books/Robotics-2_Lab/Mini_Project/install/conveyorbelt_msgs/local/lib/python3.10/dist-packages/conveyorbelt_msgs-0.0.0-py3.10.egg-info/PKG-INFO
[1.863s] -- Installing: /mnt/Storage/Documents/MIT/Books/Robotics-2_Lab/Mini_Project/install/conveyorbelt_msgs/local/lib/python3.10/dist-packages/conveyorbelt_msgs-0.0.0-py3.10.egg-info/dependency_links.txt
[1.863s] -- Up-to-date: /mnt/Storage/Documents/MIT/Books/Robotics-2_Lab/Mini_Project/install/conveyorbelt_msgs/local/lib/python3.10/dist-packages/conveyorbelt_msgs
[1.863s] -- Up-to-date: /mnt/Storage/Documents/MIT/Books/Robotics-2_Lab/Mini_Project/install/conveyorbelt_msgs/local/lib/python3.10/dist-packages/conveyorbelt_msgs/libconveyorbelt_msgs__rosidl_generator_py.so
[1.864s] -- Up-to-date: /mnt/Storage/Documents/MIT/Books/Robotics-2_Lab/Mini_Project/install/conveyorbelt_msgs/local/lib/python3.10/dist-packages/conveyorbelt_msgs/_conveyorbelt_msgs_s.ep.rosidl_typesupport_introspection_c.c
[1.865s] -- Up-to-date: /mnt/Storage/Documents/MIT/Books/Robotics-2_Lab/Mini_Project/install/conveyorbelt_msgs/local/lib/python3.10/dist-packages/conveyorbelt_msgs/_conveyorbelt_msgs_s.ep.rosidl_typesupport_c.c
[1.866s] -- Up-to-date: /mnt/Storage/Documents/MIT/Books/Robotics-2_Lab/Mini_Project/install/conveyorbelt_msgs/local/lib/python3.10/dist-packages/conveyorbelt_msgs/conveyorbelt_msgs_s__rosidl_typesupport_fastrtps_c.cpython-310-x86_64-linux-gnu.so
[1.866s] -- Up-to-date: /mnt/Storage/Documents/MIT/Books/Robotics-2_Lab/Mini_Project/install/conveyorbelt_msgs/local/lib/python3.10/dist-packages/conveyorbelt_msgs/conveyorbelt_msgs_s__rosidl_typesupport_c.cpython-310-x86_64-linux-gnu.so
[1.866s] -- Up-to-date: /mnt/Storage/Documents/MIT/Books/Robotics-2_Lab/Mini_Project/install/conveyorbelt_msgs/local/lib/python3.10/dist-packages/conveyorbelt_msgs/conveyorbelt_msgs_s__rosidl_typesupport_introspection_c.cpython-310-x86_64-linux-gnu.so
[1.866s] -- Up-to-date: /mnt/Storage/Documents/MIT/Books/Robotics-2_Lab/Mini_Project/install/conveyorbelt_msgs/local/lib/python3.10/dist-packages/conveyorbelt_msgs/srv
[1.866s] -- Up-to-date: /mnt/Storage/Documents/MIT/Books/Robotics-2_Lab/Mini_Project/install/conveyorbelt_msgs/local/lib/python3.10/dist-packages/conveyorbelt_msgs/srv/_conveyor_belt_control_s.c
[1.867s] -- Up-to-date: /mnt/Storage/Documents/MIT/Books/Robotics-2_Lab/Mini_Project/install/conveyorbelt_msgs/local/lib/python3.10/dist-packages/conveyorbelt_msgs/srv/_conveyor_belt_control.py
[1.867s] -- Up-to-date: /mnt/Storage/Documents/MIT/Books/Robotics-2_Lab/Mini_Project/install/conveyorbelt_msgs/local/lib/python3.10/dist-packages/conveyorbelt_msgs/srv/__init__.py
[1.867s] -- Up-to-date: /mnt/Storage/Documents/MIT/Books/Robotics-2_Lab/Mini_Project/install/conveyorbelt_msgs/local/lib/python3.10/dist-packages/conveyorbelt_msgs/__init__.py
[1.867s] -- Up-to-date: /mnt/Storage/Documents/MIT/Books/Robotics-2_Lab/Mini_Project/install/conveyorbelt_msgs/local/lib/python3.10/dist-packages/conveyorbelt_msgs/msg
[1.867s] -- Up-to-date: /mnt/Storage/Documents/MIT/Books/Robotics-2_Lab/Mini_Project/install/conveyorbelt_msgs/local/lib/python3.10/dist-packages/conveyorbelt_msgs/msg/_conveyor_belt_state.py
[1.867s] -- Up-to-date: /mnt/Storage/Documents/MIT/Books/Robotics-2_Lab/Mini_Project/install/conveyorbelt_msgs/local/lib/python3.10/dist-packages/conveyorbelt_msgs/msg/_conveyor_belt_state_s.c
[1.868s] -- Up-to-date: /mnt/Storage/Documents/MIT/Books/Robotics-2_Lab/Mini_Project/install/conveyorbelt_msgs/local/lib/python3.10/dist-packages/conveyorbelt_msgs/msg/__init__.py
[1.868s] -- Up-to-date: /mnt/Storage/Documents/MIT/Books/Robotics-2_Lab/Mini_Project/install/conveyorbelt_msgs/local/lib/python3.10/dist-packages/conveyorbelt_msgs/_conveyorbelt_msgs_s.ep.rosidl_typesupport_fastrtps_c.c
[1.933s] Listing '/mnt/Storage/Documents/MIT/Books/Robotics-2_Lab/Mini_Project/install/conveyorbelt_msgs/local/lib/python3.10/dist-packages/conveyorbelt_msgs'...
[1.933s] Listing '/mnt/Storage/Documents/MIT/Books/Robotics-2_Lab/Mini_Project/install/conveyorbelt_msgs/local/lib/python3.10/dist-packages/conveyorbelt_msgs/msg'...
[1.934s] Listing '/mnt/Storage/Documents/MIT/Books/Robotics-2_Lab/Mini_Project/install/conveyorbelt_msgs/local/lib/python3.10/dist-packages/conveyorbelt_msgs/srv'...
[1.941s] -- Up-to-date: /mnt/Storage/Documents/MIT/Books/Robotics-2_Lab/Mini_Project/install/conveyorbelt_msgs/local/lib/python3.10/dist-packages/conveyorbelt_msgs/conveyorbelt_msgs_s__rosidl_typesupport_fastrtps_c.cpython-310-x86_64-linux-gnu.so
[1.942s] -- Up-to-date: /mnt/Storage/Documents/MIT/Books/Robotics-2_Lab/Mini_Project/install/conveyorbelt_msgs/local/lib/python3.10/dist-packages/conveyorbelt_msgs/conveyorbelt_msgs_s__rosidl_typesupport_introspection_c.cpython-310-x86_64-linux-gnu.so
[1.942s] -- Up-to-date: /mnt/Storage/Documents/MIT/Books/Robotics-2_Lab/Mini_Project/install/conveyorbelt_msgs/local/lib/python3.10/dist-packages/conveyorbelt_msgs/conveyorbelt_msgs_s__rosidl_typesupport_c.cpython-310-x86_64-linux-gnu.so
[1.943s] -- Up-to-date: /mnt/Storage/Documents/MIT/Books/Robotics-2_Lab/Mini_Project/install/conveyorbelt_msgs/lib/libconveyorbelt_msgs__rosidl_generator_py.so
[1.943s] -- Up-to-date: /mnt/Storage/Documents/MIT/Books/Robotics-2_Lab/Mini_Project/install/conveyorbelt_msgs/share/conveyorbelt_msgs/msg/ConveyorBeltState.idl
[1.943s] -- Up-to-date: /mnt/Storage/Documents/MIT/Books/Robotics-2_Lab/Mini_Project/install/conveyorbelt_msgs/share/conveyorbelt_msgs/srv/ConveyorBeltControl.idl
[1.944s] -- Up-to-date: /mnt/Storage/Documents/MIT/Books/Robotics-2_Lab/Mini_Project/install/conveyorbelt_msgs/share/conveyorbelt_msgs/msg/ConveyorBeltState.msg
[1.944s] -- Up-to-date: /mnt/Storage/Documents/MIT/Books/Robotics-2_Lab/Mini_Project/install/conveyorbelt_msgs/share/conveyorbelt_msgs/srv/ConveyorBeltControl.srv
[1.944s] -- Up-to-date: /mnt/Storage/Documents/MIT/Books/Robotics-2_Lab/Mini_Project/install/conveyorbelt_msgs/share/conveyorbelt_msgs/srv/ConveyorBeltControl_Request.msg
[1.944s] -- Up-to-date: /mnt/Storage/Documents/MIT/Books/Robotics-2_Lab/Mini_Project/install/conveyorbelt_msgs/share/conveyorbelt_msgs/srv/ConveyorBeltControl_Response.msg
[1.945s] -- Up-to-date: /mnt/Storage/Documents/MIT/Books/Robotics-2_Lab/Mini_Project/install/conveyorbelt_msgs/share/ament_index/resource_index/package_run_dependencies/conveyorbelt_msgs
[1.945s] -- Up-to-date: /mnt/Storage/Documents/MIT/Books/Robotics-2_Lab/Mini_Project/install/conveyorbelt_msgs/share/ament_index/resource_index/parent_prefix_path/conveyorbelt_msgs
[1.945s] -- Up-to-date: /mnt/Storage/Documents/MIT/Books/Robotics-2_Lab/Mini_Project/install/conveyorbelt_msgs/share/conveyorbelt_msgs/environment/ament_prefix_path.sh
[1.945s] -- Up-to-date: /mnt/Storage/Documents/MIT/Books/Robotics-2_Lab/Mini_Project/install/conveyorbelt_msgs/share/conveyorbelt_msgs/environment/ament_prefix_path.dsv
[1.945s] -- Up-to-date: /mnt/Storage/Documents/MIT/Books/Robotics-2_Lab/Mini_Project/install/conveyorbelt_msgs/share/conveyorbelt_msgs/environment/path.sh
[1.945s] -- Up-to-date: /mnt/Storage/Documents/MIT/Books/Robotics-2_Lab/Mini_Project/install/conveyorbelt_msgs/share/conveyorbelt_msgs/environment/path.dsv
[1.946s] -- Up-to-date: /mnt/Storage/Documents/MIT/Books/Robotics-2_Lab/Mini_Project/install/conveyorbelt_msgs/share/conveyorbelt_msgs/local_setup.bash
[1.946s] -- Up-to-date: /mnt/Storage/Documents/MIT/Books/Robotics-2_Lab/Mini_Project/install/conveyorbelt_msgs/share/conveyorbelt_msgs/local_setup.sh
[1.946s] -- Up-to-date: /mnt/Storage/Documents/MIT/Books/Robotics-2_Lab/Mini_Project/install/conveyorbelt_msgs/share/conveyorbelt_msgs/local_setup.zsh
[1.946s] -- Up-to-date: /mnt/Storage/Documents/MIT/Books/Robotics-2_Lab/Mini_Project/install/conveyorbelt_msgs/share/conveyorbelt_msgs/local_setup.dsv
[1.946s] -- Installing: /mnt/Storage/Documents/MIT/Books/Robotics-2_Lab/Mini_Project/install/conveyorbelt_msgs/share/conveyorbelt_msgs/package.dsv
[1.946s] -- Up-to-date: /mnt/Storage/Documents/MIT/Books/Robotics-2_Lab/Mini_Project/install/conveyorbelt_msgs/share/ament_index/resource_index/packages/conveyorbelt_msgs
[1.949s] -- Up-to-date: /mnt/Storage/Documents/MIT/Books/Robotics-2_Lab/Mini_Project/install/conveyorbelt_msgs/share/conveyorbelt_msgs/cmake/export_conveyorbelt_msgs__rosidl_generator_cExport.cmake
[1.950s] -- Up-to-date: /mnt/Storage/Documents/MIT/Books/Robotics-2_Lab/Mini_Project/install/conveyorbelt_msgs/share/conveyorbelt_msgs/cmake/export_conveyorbelt_msgs__rosidl_generator_cExport-noconfig.cmake
[1.950s] -- Up-to-date: /mnt/Storage/Documents/MIT/Books/Robotics-2_Lab/Mini_Project/install/conveyorbelt_msgs/share/conveyorbelt_msgs/cmake/export_conveyorbelt_msgs__rosidl_typesupport_fastrtps_cExport.cmake
[1.950s] -- Up-to-date: /mnt/Storage/Documents/MIT/Books/Robotics-2_Lab/Mini_Project/install/conveyorbelt_msgs/share/conveyorbelt_msgs/cmake/export_conveyorbelt_msgs__rosidl_typesupport_fastrtps_cExport-noconfig.cmake
[1.950s] -- Up-to-date: /mnt/Storage/Documents/MIT/Books/Robotics-2_Lab/Mini_Project/install/conveyorbelt_msgs/share/conveyorbelt_msgs/cmake/conveyorbelt_msgs__rosidl_typesupport_introspection_cExport.cmake
[1.950s] -- Up-to-date: /mnt/Storage/Documents/MIT/Books/Robotics-2_Lab/Mini_Project/install/conveyorbelt_msgs/share/conveyorbelt_msgs/cmake/conveyorbelt_msgs__rosidl_typesupport_introspection_cExport-noconfig.cmake
[1.951s] -- Up-to-date: /mnt/Storage/Documents/MIT/Books/Robotics-2_Lab/Mini_Project/install/conveyorbelt_msgs/share/conveyorbelt_msgs/cmake/conveyorbelt_msgs__rosidl_typesupport_cExport.cmake
[1.951s] -- Up-to-date: /mnt/Storage/Documents/MIT/Books/Robotics-2_Lab/Mini_Project/install/conveyorbelt_msgs/share/conveyorbelt_msgs/cmake/conveyorbelt_msgs__rosidl_typesupport_cExport-noconfig.cmake
[1.951s] -- Up-to-date: /mnt/Storage/Documents/MIT/Books/Robotics-2_Lab/Mini_Project/install/conveyorbelt_msgs/share/conveyorbelt_msgs/cmake/export_conveyorbelt_msgs__rosidl_generator_cppExport.cmake
[1.951s] -- Up-to-date: /mnt/Storage/Documents/MIT/Books/Robotics-2_Lab/Mini_Project/install/conveyorbelt_msgs/share/conveyorbelt_msgs/cmake/export_conveyorbelt_msgs__rosidl_typesupport_fastrtps_cppExport.cmake
[1.952s] -- Up-to-date: /mnt/Storage/Documents/MIT/Books/Robotics-2_Lab/Mini_Project/install/conveyorbelt_msgs/share/conveyorbelt_msgs/cmake/export_conveyorbelt_msgs__rosidl_typesupport_fastrtps_cppExport-noconfig.cmake
[1.953s] -- Up-to-date: /mnt/Storage/Documents/MIT/Books/Robotics-2_Lab/Mini_Project/install/conveyorbelt_msgs/share/conveyorbelt_msgs/cmake/conveyorbelt_msgs__rosidl_typesupport_introspection_cppExport.cmake
[1.954s] -- Up-to-date: /mnt/Storage/Documents/MIT/Books/Robotics-2_Lab/Mini_Project/install/conveyorbelt_msgs/share/conveyorbelt_msgs/cmake/conveyorbelt_msgs__rosidl_typesupport_introspection_cppExport-noconfig.cmake
[1.954s] -- Up-to-date: /mnt/Storage/Documents/MIT/Books/Robotics-2_Lab/Mini_Project/install/conveyorbelt_msgs/share/conveyorbelt_msgs/cmake/conveyorbelt_msgs__rosidl_typesupport_cppExport.cmake
[1.956s] -- Up-to-date: /mnt/Storage/Documents/MIT/Books/Robotics-2_Lab/Mini_Project/install/conveyorbelt_msgs/share/conveyorbelt_msgs/cmake/conveyorbelt_msgs__rosidl_typesupport_cppExport-noconfig.cmake
[1.961s] -- Up-to-date: /mnt/Storage/Documents/MIT/Books/Robotics-2_Lab/Mini_Project/install/conveyorbelt_msgs/share/conveyorbelt_msgs/cmake/export_conveyorbelt_msgs__rosidl_generator_pyExport.cmake
[1.961s] -- Up-to-date: /mnt/Storage/Documents/MIT/Books/Robotics-2_Lab/Mini_Project/install/conveyorbelt_msgs/share/conveyorbelt_msgs/cmake/export_conveyorbelt_msgs__rosidl_generator_pyExport-noconfig.cmake
[1.961s] -- Up-to-date: /mnt/Storage/Documents/MIT/Books/Robotics-2_Lab/Mini_Project/install/conveyorbelt_msgs/share/conveyorbelt_msgs/cmake/rosidl_cmake-extras.cmake
[1.961s] -- Up-to-date: /mnt/Storage/Documents/MIT/Books/Robotics-2_Lab/Mini_Project/install/conveyorbelt_msgs/share/conveyorbelt_msgs/cmake/ament_cmake_export_include_directories-extras.cmake
[1.961s] -- Up-to-date: /mnt/Storage/Documents/MIT/Books/Robotics-2_Lab/Mini_Project/install/conveyorbelt_msgs/share/conveyorbelt_msgs/cmake/ament_cmake_export_libraries-extras.cmake
[1.961s] -- Up-to-date: /mnt/Storage/Documents/MIT/Books/Robotics-2_Lab/Mini_Project/install/conveyorbelt_msgs/share/conveyorbelt_msgs/cmake/ament_cmake_export_targets-extras.cmake
[1.962s] -- Up-to-date: /mnt/Storage/Documents/MIT/Books/Robotics-2_Lab/Mini_Project/install/conveyorbelt_msgs/share/conveyorbelt_msgs/cmake/rosidl_cmake_export_typesupport_targets-extras.cmake
[1.963s] -- Up-to-date: /mnt/Storage/Documents/MIT/Books/Robotics-2_Lab/Mini_Project/install/conveyorbelt_msgs/share/conveyorbelt_msgs/cmake/ament_cmake_export_dependencies-extras.cmake
[1.963s] -- Up-to-date: /mnt/Storage/Documents/MIT/Books/Robotics-2_Lab/Mini_Project/install/conveyorbelt_msgs/share/conveyorbelt_msgs/cmake/rosidl_cmake_export_typesupport_libraries-extras.cmake
[1.963s] -- Up-to-date: /mnt/Storage/Documents/MIT/Books/Robotics-2_Lab/Mini_Project/install/conveyorbelt_msgs/share/conveyorbelt_msgs/cmake/conveyorbelt_msgsConfig.cmake
[1.963s] -- Up-to-date: /mnt/Storage/Documents/MIT/Books/Robotics-2_Lab/Mini_Project/install/conveyorbelt_msgs/share/conveyorbelt_msgs/cmake/conveyorbelt_msgsConfig-version.cmake
[1.964s] -- Up-to-date: /mnt/Storage/Documents/MIT/Books/Robotics-2_Lab/Mini_Project/install/conveyorbelt_msgs/share/conveyorbelt_msgs/package.xml
[1.964s] Invoked command in '/mnt/Storage/Documents/MIT/Books/Robotics-2_Lab/Mini_Project/build/conveyorbelt_msgs' returned '0': CMAKE_PREFIX_PATH=${CMAKE_PREFIX_PATH}:/mnt/Storage/Documents/MIT/Books/Robotics-2_Lab/Mini_Project/install/ur5:/home/srikar/ws_moveit2/install/moveit_configs_utils:/home/srikar/ws_moveit2/install/launch_param_builder:/opt/ros/humble /usr/bin/cmake --install /mnt/Storage/Documents/MIT/Books/Robotics-2_Lab/Mini_Project/build/conveyorbelt_msgs
