[0.278s] [34mcolcon[0m [1;30mDEBUG[0m [32mCommand line arguments: ['/usr/bin/colcon', 'build'][0m
[0.279s] [34mcolcon[0m [1;30mDEBUG[0m [32mParsed command line arguments: Namespace(log_base=None, log_level=None, verb_name='build', build_base='build', install_base='install', merge_install=False, symlink_install=False, test_result_base=None, continue_on_error=False, executor='parallel', parallel_workers=8, event_handlers=None, ignore_user_meta=False, metas=['./colcon.meta'], base_paths=['.'], packages_ignore=None, packages_ignore_regex=None, paths=None, packages_up_to=None, packages_up_to_regex=None, packages_above=None, packages_above_and_dependencies=None, packages_above_depth=None, packages_select_by_dep=None, packages_skip_by_dep=None, packages_skip_up_to=None, packages_select_build_failed=False, packages_skip_build_finished=False, packages_select_test_failures=False, packages_skip_test_passed=False, packages_select=None, packages_skip=None, packages_select_regex=None, packages_skip_regex=None, packages_start=None, packages_end=None, allow_overriding=[], cmake_args=None, cmake_target=None, cmake_target_skip_unavailable=False, cmake_clean_cache=False, cmake_clean_first=False, cmake_force_configure=False, ament_cmake_args=None, catkin_cmake_args=None, catkin_skip_building_tests=False, mixin_files=None, mixin=None, verb_parser=<colcon_mixin.mixin.mixin_argument.MixinArgumentDecorator object at 0x7aa7fd128a60>, verb_extension=<colcon_core.verb.build.BuildVerb object at 0x7aa7fd128220>, main=<bound method BuildVerb.main of <colcon_core.verb.build.BuildVerb object at 0x7aa7fd128220>>, mixin_verb=('build',))[0m
[0.353s] [34mcolcon.colcon_core.package_discovery[0m [1;30mLevel 1[0m discover_packages(colcon_meta) check parameters
[0.353s] [34mcolcon.colcon_core.package_discovery[0m [1;30mLevel 1[0m discover_packages(recursive) check parameters
[0.353s] [34mcolcon.colcon_core.package_discovery[0m [1;30mLevel 1[0m discover_packages(ignore) check parameters
[0.353s] [34mcolcon.colcon_core.package_discovery[0m [1;30mLevel 1[0m discover_packages(path) check parameters
[0.353s] [34mcolcon.colcon_core.package_discovery[0m [1;30mLevel 1[0m discover_packages(colcon_meta) discover
[0.353s] [34mcolcon.colcon_core.package_discovery[0m [1;30mLevel 1[0m discover_packages(recursive) discover
[0.353s] [34mcolcon.colcon_core.package_discovery[0m [1;30mINFO[0m Crawling recursively for packages in '/mnt/Storage/Documents/MIT/Books/Robotics-2_Lab/Mini_Project'
[0.353s] [34mcolcon.colcon_core.package_identification[0m [1;30mLevel 1[0m _identify(.) by extensions ['ignore', 'ignore_ament_install']
[0.354s] [34mcolcon.colcon_core.package_identification[0m [1;30mLevel 1[0m _identify(.) by extension 'ignore'
[0.354s] [34mcolcon.colcon_core.package_identification[0m [1;30mLevel 1[0m _identify(.) by extension 'ignore_ament_install'
[0.354s] [34mcolcon.colcon_core.package_identification[0m [1;30mLevel 1[0m _identify(.) by extensions ['colcon_pkg']
[0.354s] [34mcolcon.colcon_core.package_identification[0m [1;30mLevel 1[0m _identify(.) by extension 'colcon_pkg'
[0.354s] [34mcolcon.colcon_core.package_identification[0m [1;30mLevel 1[0m _identify(.) by extensions ['colcon_meta']
[0.354s] [34mcolcon.colcon_core.package_identification[0m [1;30mLevel 1[0m _identify(.) by extension 'colcon_meta'
[0.354s] [34mcolcon.colcon_core.package_identification[0m [1;30mLevel 1[0m _identify(.) by extensions ['ros']
[0.354s] [34mcolcon.colcon_core.package_identification[0m [1;30mLevel 1[0m _identify(.) by extension 'ros'
[0.383s] [34mcolcon.colcon_core.package_identification[0m [1;30mLevel 1[0m _identify(.) by extensions ['cmake', 'python']
[0.383s] [34mcolcon.colcon_core.package_identification[0m [1;30mLevel 1[0m _identify(.) by extension 'cmake'
[0.383s] [34mcolcon.colcon_core.package_identification[0m [1;30mLevel 1[0m _identify(.) by extension 'python'
[0.383s] [34mcolcon.colcon_core.package_identification[0m [1;30mLevel 1[0m _identify(.) by extensions ['python_setup_py']
[0.383s] [34mcolcon.colcon_core.package_identification[0m [1;30mLevel 1[0m _identify(.) by extension 'python_setup_py'
[0.383s] [34mcolcon.colcon_core.package_identification[0m [1;30mLevel 1[0m _identify(build) by extensions ['ignore', 'ignore_ament_install']
[0.384s] [34mcolcon.colcon_core.package_identification[0m [1;30mLevel 1[0m _identify(build) by extension 'ignore'
[0.384s] [34mcolcon.colcon_core.package_identification[0m [1;30mLevel 1[0m _identify(build) ignored
[0.384s] [34mcolcon.colcon_core.package_identification[0m [1;30mLevel 1[0m _identify(install) by extensions ['ignore', 'ignore_ament_install']
[0.385s] [34mcolcon.colcon_core.package_identification[0m [1;30mLevel 1[0m _identify(install) by extension 'ignore'
[0.385s] [34mcolcon.colcon_core.package_identification[0m [1;30mLevel 1[0m _identify(install) ignored
[0.385s] [34mcolcon.colcon_core.package_identification[0m [1;30mLevel 1[0m _identify(log) by extensions ['ignore', 'ignore_ament_install']
[0.385s] [34mcolcon.colcon_core.package_identification[0m [1;30mLevel 1[0m _identify(log) by extension 'ignore'
[0.385s] [34mcolcon.colcon_core.package_identification[0m [1;30mLevel 1[0m _identify(log) ignored
[0.385s] [34mcolcon.colcon_core.package_identification[0m [1;30mLevel 1[0m _identify(src) by extensions ['ignore', 'ignore_ament_install']
[0.386s] [34mcolcon.colcon_core.package_identification[0m [1;30mLevel 1[0m _identify(src) by extension 'ignore'
[0.386s] [34mcolcon.colcon_core.package_identification[0m [1;30mLevel 1[0m _identify(src) by extension 'ignore_ament_install'
[0.386s] [34mcolcon.colcon_core.package_identification[0m [1;30mLevel 1[0m _identify(src) by extensions ['colcon_pkg']
[0.386s] [34mcolcon.colcon_core.package_identification[0m [1;30mLevel 1[0m _identify(src) by extension 'colcon_pkg'
[0.386s] [34mcolcon.colcon_core.package_identification[0m [1;30mLevel 1[0m _identify(src) by extensions ['colcon_meta']
[0.386s] [34mcolcon.colcon_core.package_identification[0m [1;30mLevel 1[0m _identify(src) by extension 'colcon_meta'
[0.386s] [34mcolcon.colcon_core.package_identification[0m [1;30mLevel 1[0m _identify(src) by extensions ['ros']
[0.386s] [34mcolcon.colcon_core.package_identification[0m [1;30mLevel 1[0m _identify(src) by extension 'ros'
[0.386s] [34mcolcon.colcon_core.package_identification[0m [1;30mLevel 1[0m _identify(src) by extensions ['cmake', 'python']
[0.386s] [34mcolcon.colcon_core.package_identification[0m [1;30mLevel 1[0m _identify(src) by extension 'cmake'
[0.387s] [34mcolcon.colcon_core.package_identification[0m [1;30mLevel 1[0m _identify(src) by extension 'python'
[0.387s] [34mcolcon.colcon_core.package_identification[0m [1;30mLevel 1[0m _identify(src) by extensions ['python_setup_py']
[0.387s] [34mcolcon.colcon_core.package_identification[0m [1;30mLevel 1[0m _identify(src) by extension 'python_setup_py'
[0.387s] [34mcolcon.colcon_core.package_identification[0m [1;30mLevel 1[0m _identify(src/conveyorbelt_gazebo) by extensions ['ignore', 'ignore_ament_install']
[0.387s] [34mcolcon.colcon_core.package_identification[0m [1;30mLevel 1[0m _identify(src/conveyorbelt_gazebo) by extension 'ignore'
[0.387s] [34mcolcon.colcon_core.package_identification[0m [1;30mLevel 1[0m _identify(src/conveyorbelt_gazebo) by extension 'ignore_ament_install'
[0.387s] [34mcolcon.colcon_core.package_identification[0m [1;30mLevel 1[0m _identify(src/conveyorbelt_gazebo) by extensions ['colcon_pkg']
[0.388s] [34mcolcon.colcon_core.package_identification[0m [1;30mLevel 1[0m _identify(src/conveyorbelt_gazebo) by extension 'colcon_pkg'
[0.388s] [34mcolcon.colcon_core.package_identification[0m [1;30mLevel 1[0m _identify(src/conveyorbelt_gazebo) by extensions ['colcon_meta']
[0.388s] [34mcolcon.colcon_core.package_identification[0m [1;30mLevel 1[0m _identify(src/conveyorbelt_gazebo) by extension 'colcon_meta'
[0.388s] [34mcolcon.colcon_core.package_identification[0m [1;30mLevel 1[0m _identify(src/conveyorbelt_gazebo) by extensions ['ros']
[0.388s] [34mcolcon.colcon_core.package_identification[0m [1;30mLevel 1[0m _identify(src/conveyorbelt_gazebo) by extension 'ros'
[0.393s] [34mcolcon.colcon_core.package_identification[0m [1;30mDEBUG[0m [32mPackage 'src/conveyorbelt_gazebo' with type 'ros.ament_cmake' and name 'conveyorbelt_gazebo'[0m
[0.393s] [34mcolcon.colcon_core.package_identification[0m [1;30mLevel 1[0m _identify(src/conveyorbelt_msgs) by extensions ['ignore', 'ignore_ament_install']
[0.393s] [34mcolcon.colcon_core.package_identification[0m [1;30mLevel 1[0m _identify(src/conveyorbelt_msgs) by extension 'ignore'
[0.394s] [34mcolcon.colcon_core.package_identification[0m [1;30mLevel 1[0m _identify(src/conveyorbelt_msgs) by extension 'ignore_ament_install'
[0.394s] [34mcolcon.colcon_core.package_identification[0m [1;30mLevel 1[0m _identify(src/conveyorbelt_msgs) by extensions ['colcon_pkg']
[0.394s] [34mcolcon.colcon_core.package_identification[0m [1;30mLevel 1[0m _identify(src/conveyorbelt_msgs) by extension 'colcon_pkg'
[0.394s] [34mcolcon.colcon_core.package_identification[0m [1;30mLevel 1[0m _identify(src/conveyorbelt_msgs) by extensions ['colcon_meta']
[0.394s] [34mcolcon.colcon_core.package_identification[0m [1;30mLevel 1[0m _identify(src/conveyorbelt_msgs) by extension 'colcon_meta'
[0.394s] [34mcolcon.colcon_core.package_identification[0m [1;30mLevel 1[0m _identify(src/conveyorbelt_msgs) by extensions ['ros']
[0.394s] [34mcolcon.colcon_core.package_identification[0m [1;30mLevel 1[0m _identify(src/conveyorbelt_msgs) by extension 'ros'
[0.396s] [34mcolcon.colcon_core.package_identification[0m [1;30mDEBUG[0m [32mPackage 'src/conveyorbelt_msgs' with type 'ros.ament_cmake' and name 'conveyorbelt_msgs'[0m
[0.396s] [34mcolcon.colcon_core.package_identification[0m [1;30mLevel 1[0m _identify(src/ros2_conveyorbelt) by extensions ['ignore', 'ignore_ament_install']
[0.396s] [34mcolcon.colcon_core.package_identification[0m [1;30mLevel 1[0m _identify(src/ros2_conveyorbelt) by extension 'ignore'
[0.396s] [34mcolcon.colcon_core.package_identification[0m [1;30mLevel 1[0m _identify(src/ros2_conveyorbelt) by extension 'ignore_ament_install'
[0.396s] [34mcolcon.colcon_core.package_identification[0m [1;30mLevel 1[0m _identify(src/ros2_conveyorbelt) by extensions ['colcon_pkg']
[0.396s] [34mcolcon.colcon_core.package_identification[0m [1;30mLevel 1[0m _identify(src/ros2_conveyorbelt) by extension 'colcon_pkg'
[0.397s] [34mcolcon.colcon_core.package_identification[0m [1;30mLevel 1[0m _identify(src/ros2_conveyorbelt) by extensions ['colcon_meta']
[0.397s] [34mcolcon.colcon_core.package_identification[0m [1;30mLevel 1[0m _identify(src/ros2_conveyorbelt) by extension 'colcon_meta'
[0.397s] [34mcolcon.colcon_core.package_identification[0m [1;30mLevel 1[0m _identify(src/ros2_conveyorbelt) by extensions ['ros']
[0.397s] [34mcolcon.colcon_core.package_identification[0m [1;30mLevel 1[0m _identify(src/ros2_conveyorbelt) by extension 'ros'
[0.399s] [34mcolcon.colcon_core.package_identification[0m [1;30mDEBUG[0m [32mPackage 'src/ros2_conveyorbelt' with type 'ros.ament_cmake' and name 'ros2_conveyorbelt'[0m
[0.399s] [34mcolcon.colcon_core.package_identification[0m [1;30mLevel 1[0m _identify(src/ur5) by extensions ['ignore', 'ignore_ament_install']
[0.400s] [34mcolcon.colcon_core.package_identification[0m [1;30mLevel 1[0m _identify(src/ur5) by extension 'ignore'
[0.400s] [34mcolcon.colcon_core.package_identification[0m [1;30mLevel 1[0m _identify(src/ur5) by extension 'ignore_ament_install'
[0.400s] [34mcolcon.colcon_core.package_identification[0m [1;30mLevel 1[0m _identify(src/ur5) by extensions ['colcon_pkg']
[0.400s] [34mcolcon.colcon_core.package_identification[0m [1;30mLevel 1[0m _identify(src/ur5) by extension 'colcon_pkg'
[0.400s] [34mcolcon.colcon_core.package_identification[0m [1;30mLevel 1[0m _identify(src/ur5) by extensions ['colcon_meta']
[0.400s] [34mcolcon.colcon_core.package_identification[0m [1;30mLevel 1[0m _identify(src/ur5) by extension 'colcon_meta'
[0.400s] [34mcolcon.colcon_core.package_identification[0m [1;30mLevel 1[0m _identify(src/ur5) by extensions ['ros']
[0.400s] [34mcolcon.colcon_core.package_identification[0m [1;30mLevel 1[0m _identify(src/ur5) by extension 'ros'
[0.403s] [34mcolcon.colcon_core.package_identification[0m [1;30mDEBUG[0m [32mPackage 'src/ur5' with type 'ros.ament_python' and name 'ur5'[0m
[0.403s] [34mcolcon.colcon_core.package_discovery[0m [1;30mLevel 1[0m discover_packages(recursive) using defaults
[0.403s] [34mcolcon.colcon_core.package_discovery[0m [1;30mLevel 1[0m discover_packages(ignore) discover
[0.403s] [34mcolcon.colcon_core.package_discovery[0m [1;30mLevel 1[0m discover_packages(ignore) using defaults
[0.403s] [34mcolcon.colcon_core.package_discovery[0m [1;30mLevel 1[0m discover_packages(path) discover
[0.403s] [34mcolcon.colcon_core.package_discovery[0m [1;30mLevel 1[0m discover_packages(path) using defaults
[0.442s] [34mcolcon.colcon_core.package_discovery[0m [1;30mLevel 1[0m discover_packages(prefix_path) check parameters
[0.442s] [34mcolcon.colcon_core.package_discovery[0m [1;30mLevel 1[0m discover_packages(prefix_path) discover
[0.448s] [34mcolcon.colcon_installed_package_information.package_discovery[0m [1;30mDEBUG[0m [32mFound 4 installed packages in /mnt/Storage/Documents/MIT/Books/Robotics-2_Lab/Mini_Project/install[0m
[0.451s] [34mcolcon.colcon_installed_package_information.package_discovery[0m [1;30mDEBUG[0m [32mFound 55 installed packages in /home/srikar/ws_moveit2/install[0m
[0.455s] [34mcolcon.colcon_installed_package_information.package_discovery[0m [1;30mDEBUG[0m [32mFound 439 installed packages in /opt/ros/humble[0m
[0.462s] [34mcolcon.colcon_core.package_discovery[0m [1;30mLevel 1[0m discover_packages(prefix_path) using defaults
[0.608s] [34mcolcon.colcon_core.verb[0m [1;30mLevel 5[0m set package 'conveyorbelt_gazebo' build argument 'cmake_args' from command line to 'None'
[0.608s] [34mcolcon.colcon_core.verb[0m [1;30mLevel 5[0m set package 'conveyorbelt_gazebo' build argument 'cmake_target' from command line to 'None'
[0.608s] [34mcolcon.colcon_core.verb[0m [1;30mLevel 5[0m set package 'conveyorbelt_gazebo' build argument 'cmake_target_skip_unavailable' from command line to 'False'
[0.608s] [34mcolcon.colcon_core.verb[0m [1;30mLevel 5[0m set package 'conveyorbelt_gazebo' build argument 'cmake_clean_cache' from command line to 'False'
[0.608s] [34mcolcon.colcon_core.verb[0m [1;30mLevel 5[0m set package 'conveyorbelt_gazebo' build argument 'cmake_clean_first' from command line to 'False'
[0.608s] [34mcolcon.colcon_core.verb[0m [1;30mLevel 5[0m set package 'conveyorbelt_gazebo' build argument 'cmake_force_configure' from command line to 'False'
[0.608s] [34mcolcon.colcon_core.verb[0m [1;30mLevel 5[0m set package 'conveyorbelt_gazebo' build argument 'ament_cmake_args' from command line to 'None'
[0.608s] [34mcolcon.colcon_core.verb[0m [1;30mLevel 5[0m set package 'conveyorbelt_gazebo' build argument 'catkin_cmake_args' from command line to 'None'
[0.608s] [34mcolcon.colcon_core.verb[0m [1;30mLevel 5[0m set package 'conveyorbelt_gazebo' build argument 'catkin_skip_building_tests' from command line to 'False'
[0.608s] [34mcolcon.colcon_core.verb[0m [1;30mDEBUG[0m [32mBuilding package 'conveyorbelt_gazebo' with the following arguments: {'ament_cmake_args': None, 'build_base': '/mnt/Storage/Documents/MIT/Books/Robotics-2_Lab/Mini_Project/build/conveyorbelt_gazebo', 'catkin_cmake_args': None, 'catkin_skip_building_tests': False, 'cmake_args': None, 'cmake_clean_cache': False, 'cmake_clean_first': False, 'cmake_force_configure': False, 'cmake_target': None, 'cmake_target_skip_unavailable': False, 'install_base': '/mnt/Storage/Documents/MIT/Books/Robotics-2_Lab/Mini_Project/install/conveyorbelt_gazebo', 'merge_install': False, 'path': '/mnt/Storage/Documents/MIT/Books/Robotics-2_Lab/Mini_Project/src/conveyorbelt_gazebo', 'symlink_install': False, 'test_result_base': None}[0m
[0.609s] [34mcolcon.colcon_core.verb[0m [1;30mLevel 5[0m set package 'conveyorbelt_msgs' build argument 'cmake_args' from command line to 'None'
[0.609s] [34mcolcon.colcon_core.verb[0m [1;30mLevel 5[0m set package 'conveyorbelt_msgs' build argument 'cmake_target' from command line to 'None'
[0.609s] [34mcolcon.colcon_core.verb[0m [1;30mLevel 5[0m set package 'conveyorbelt_msgs' build argument 'cmake_target_skip_unavailable' from command line to 'False'
[0.609s] [34mcolcon.colcon_core.verb[0m [1;30mLevel 5[0m set package 'conveyorbelt_msgs' build argument 'cmake_clean_cache' from command line to 'False'
[0.609s] [34mcolcon.colcon_core.verb[0m [1;30mLevel 5[0m set package 'conveyorbelt_msgs' build argument 'cmake_clean_first' from command line to 'False'
[0.609s] [34mcolcon.colcon_core.verb[0m [1;30mLevel 5[0m set package 'conveyorbelt_msgs' build argument 'cmake_force_configure' from command line to 'False'
[0.609s] [34mcolcon.colcon_core.verb[0m [1;30mLevel 5[0m set package 'conveyorbelt_msgs' build argument 'ament_cmake_args' from command line to 'None'
[0.609s] [34mcolcon.colcon_core.verb[0m [1;30mLevel 5[0m set package 'conveyorbelt_msgs' build argument 'catkin_cmake_args' from command line to 'None'
[0.609s] [34mcolcon.colcon_core.verb[0m [1;30mLevel 5[0m set package 'conveyorbelt_msgs' build argument 'catkin_skip_building_tests' from command line to 'False'
[0.609s] [34mcolcon.colcon_core.verb[0m [1;30mDEBUG[0m [32mBuilding package 'conveyorbelt_msgs' with the following arguments: {'ament_cmake_args': None, 'build_base': '/mnt/Storage/Documents/MIT/Books/Robotics-2_Lab/Mini_Project/build/conveyorbelt_msgs', 'catkin_cmake_args': None, 'catkin_skip_building_tests': False, 'cmake_args': None, 'cmake_clean_cache': False, 'cmake_clean_first': False, 'cmake_force_configure': False, 'cmake_target': None, 'cmake_target_skip_unavailable': False, 'install_base': '/mnt/Storage/Documents/MIT/Books/Robotics-2_Lab/Mini_Project/install/conveyorbelt_msgs', 'merge_install': False, 'path': '/mnt/Storage/Documents/MIT/Books/Robotics-2_Lab/Mini_Project/src/conveyorbelt_msgs', 'symlink_install': False, 'test_result_base': None}[0m
[0.610s] [34mcolcon.colcon_core.verb[0m [1;30mLevel 5[0m set package 'ur5' build argument 'cmake_args' from command line to 'None'
[0.610s] [34mcolcon.colcon_core.verb[0m [1;30mLevel 5[0m set package 'ur5' build argument 'cmake_target' from command line to 'None'
[0.610s] [34mcolcon.colcon_core.verb[0m [1;30mLevel 5[0m set package 'ur5' build argument 'cmake_target_skip_unavailable' from command line to 'False'
[0.610s] [34mcolcon.colcon_core.verb[0m [1;30mLevel 5[0m set package 'ur5' build argument 'cmake_clean_cache' from command line to 'False'
[0.610s] [34mcolcon.colcon_core.verb[0m [1;30mLevel 5[0m set package 'ur5' build argument 'cmake_clean_first' from command line to 'False'
[0.610s] [34mcolcon.colcon_core.verb[0m [1;30mLevel 5[0m set package 'ur5' build argument 'cmake_force_configure' from command line to 'False'
[0.610s] [34mcolcon.colcon_core.verb[0m [1;30mLevel 5[0m set package 'ur5' build argument 'ament_cmake_args' from command line to 'None'
[0.610s] [34mcolcon.colcon_core.verb[0m [1;30mLevel 5[0m set package 'ur5' build argument 'catkin_cmake_args' from command line to 'None'
[0.610s] [34mcolcon.colcon_core.verb[0m [1;30mLevel 5[0m set package 'ur5' build argument 'catkin_skip_building_tests' from command line to 'False'
[0.611s] [34mcolcon.colcon_core.verb[0m [1;30mDEBUG[0m [32mBuilding package 'ur5' with the following arguments: {'ament_cmake_args': None, 'build_base': '/mnt/Storage/Documents/MIT/Books/Robotics-2_Lab/Mini_Project/build/ur5', 'catkin_cmake_args': None, 'catkin_skip_building_tests': False, 'cmake_args': None, 'cmake_clean_cache': False, 'cmake_clean_first': False, 'cmake_force_configure': False, 'cmake_target': None, 'cmake_target_skip_unavailable': False, 'install_base': '/mnt/Storage/Documents/MIT/Books/Robotics-2_Lab/Mini_Project/install/ur5', 'merge_install': False, 'path': '/mnt/Storage/Documents/MIT/Books/Robotics-2_Lab/Mini_Project/src/ur5', 'symlink_install': False, 'test_result_base': None}[0m
[0.611s] [34mcolcon.colcon_core.verb[0m [1;30mLevel 5[0m set package 'ros2_conveyorbelt' build argument 'cmake_args' from command line to 'None'
[0.611s] [34mcolcon.colcon_core.verb[0m [1;30mLevel 5[0m set package 'ros2_conveyorbelt' build argument 'cmake_target' from command line to 'None'
[0.611s] [34mcolcon.colcon_core.verb[0m [1;30mLevel 5[0m set package 'ros2_conveyorbelt' build argument 'cmake_target_skip_unavailable' from command line to 'False'
[0.611s] [34mcolcon.colcon_core.verb[0m [1;30mLevel 5[0m set package 'ros2_conveyorbelt' build argument 'cmake_clean_cache' from command line to 'False'
[0.611s] [34mcolcon.colcon_core.verb[0m [1;30mLevel 5[0m set package 'ros2_conveyorbelt' build argument 'cmake_clean_first' from command line to 'False'
[0.612s] [34mcolcon.colcon_core.verb[0m [1;30mLevel 5[0m set package 'ros2_conveyorbelt' build argument 'cmake_force_configure' from command line to 'False'
[0.612s] [34mcolcon.colcon_core.verb[0m [1;30mLevel 5[0m set package 'ros2_conveyorbelt' build argument 'ament_cmake_args' from command line to 'None'
[0.612s] [34mcolcon.colcon_core.verb[0m [1;30mLevel 5[0m set package 'ros2_conveyorbelt' build argument 'catkin_cmake_args' from command line to 'None'
[0.612s] [34mcolcon.colcon_core.verb[0m [1;30mLevel 5[0m set package 'ros2_conveyorbelt' build argument 'catkin_skip_building_tests' from command line to 'False'
[0.612s] [34mcolcon.colcon_core.verb[0m [1;30mDEBUG[0m [32mBuilding package 'ros2_conveyorbelt' with the following arguments: {'ament_cmake_args': None, 'build_base': '/mnt/Storage/Documents/MIT/Books/Robotics-2_Lab/Mini_Project/build/ros2_conveyorbelt', 'catkin_cmake_args': None, 'catkin_skip_building_tests': False, 'cmake_args': None, 'cmake_clean_cache': False, 'cmake_clean_first': False, 'cmake_force_configure': False, 'cmake_target': None, 'cmake_target_skip_unavailable': False, 'install_base': '/mnt/Storage/Documents/MIT/Books/Robotics-2_Lab/Mini_Project/install/ros2_conveyorbelt', 'merge_install': False, 'path': '/mnt/Storage/Documents/MIT/Books/Robotics-2_Lab/Mini_Project/src/ros2_conveyorbelt', 'symlink_install': False, 'test_result_base': None}[0m
[0.612s] [34mcolcon.colcon_core.executor[0m [1;30mINFO[0m Executing jobs using 'parallel' executor
[0.614s] [34mcolcon.colcon_parallel_executor.executor.parallel[0m [1;30mDEBUG[0m [32mrun_until_complete[0m
[0.614s] [34mcolcon.colcon_ros.task.ament_cmake.build[0m [1;30mINFO[0m Building ROS package in '/mnt/Storage/Documents/MIT/Books/Robotics-2_Lab/Mini_Project/src/conveyorbelt_msgs' with build type 'ament_cmake'
[0.614s] [34mcolcon.colcon_cmake.task.cmake.build[0m [1;30mINFO[0m Building CMake package in '/mnt/Storage/Documents/MIT/Books/Robotics-2_Lab/Mini_Project/src/conveyorbelt_msgs'
[0.617s] [34mcolcon.colcon_core.plugin_system[0m [1;30mINFO[0m Skipping extension 'colcon_core.shell.bat': Not used on non-Windows systems
[0.618s] [34mcolcon.colcon_core.shell[0m [1;30mINFO[0m Skip shell extension 'powershell' for command environment: Not usable outside of PowerShell
[0.618s] [34mcolcon.colcon_core.shell[0m [1;30mDEBUG[0m [32mSkip shell extension 'dsv' for command environment[0m
[0.634s] [34mcolcon.colcon_ros.task.ament_cmake.build[0m [1;30mINFO[0m Building ROS package in '/mnt/Storage/Documents/MIT/Books/Robotics-2_Lab/Mini_Project/src/conveyorbelt_gazebo' with build type 'ament_cmake'
[0.635s] [34mcolcon.colcon_cmake.task.cmake.build[0m [1;30mINFO[0m Building CMake package in '/mnt/Storage/Documents/MIT/Books/Robotics-2_Lab/Mini_Project/src/conveyorbelt_gazebo'
[0.636s] [34mcolcon.colcon_core.shell[0m [1;30mINFO[0m Skip shell extension 'powershell' for command environment: Not usable outside of PowerShell
[0.636s] [34mcolcon.colcon_core.shell[0m [1;30mDEBUG[0m [32mSkip shell extension 'dsv' for command environment[0m
[0.659s] [34mcolcon.colcon_ros.task.ament_python.build[0m [1;30mINFO[0m Building ROS package in '/mnt/Storage/Documents/MIT/Books/Robotics-2_Lab/Mini_Project/src/ur5' with build type 'ament_python'
[0.660s] [34mcolcon.colcon_core.shell[0m [1;30mLevel 1[0m create_environment_hook('ur5', 'ament_prefix_path')
[0.660s] [34mcolcon.colcon_core.shell[0m [1;30mINFO[0m Creating environment hook '/mnt/Storage/Documents/MIT/Books/Robotics-2_Lab/Mini_Project/install/ur5/share/ur5/hook/ament_prefix_path.ps1'
[0.662s] [34mcolcon.colcon_core.shell[0m [1;30mINFO[0m Creating environment descriptor '/mnt/Storage/Documents/MIT/Books/Robotics-2_Lab/Mini_Project/install/ur5/share/ur5/hook/ament_prefix_path.dsv'
[0.663s] [34mcolcon.colcon_core.shell[0m [1;30mINFO[0m Creating environment hook '/mnt/Storage/Documents/MIT/Books/Robotics-2_Lab/Mini_Project/install/ur5/share/ur5/hook/ament_prefix_path.sh'
[0.665s] [34mcolcon.colcon_core.shell[0m [1;30mINFO[0m Skip shell extension 'powershell' for command environment: Not usable outside of PowerShell
[0.666s] [34mcolcon.colcon_core.shell[0m [1;30mDEBUG[0m [32mSkip shell extension 'dsv' for command environment[0m
[0.700s] [34mcolcon.colcon_core.event_handler.log_command[0m [1;30mDEBUG[0m [32mInvoking command in '/mnt/Storage/Documents/MIT/Books/Robotics-2_Lab/Mini_Project/build/conveyorbelt_msgs': CMAKE_PREFIX_PATH=${CMAKE_PREFIX_PATH}:/mnt/Storage/Documents/MIT/Books/Robotics-2_Lab/Mini_Project/install/ur5:/home/srikar/ws_moveit2/install/moveit_configs_utils:/home/srikar/ws_moveit2/install/launch_param_builder:/opt/ros/humble /usr/bin/cmake --build /mnt/Storage/Documents/MIT/Books/Robotics-2_Lab/Mini_Project/build/conveyorbelt_msgs -- -j8 -l8[0m
[0.717s] [34mcolcon.colcon_core.event_handler.log_command[0m [1;30mDEBUG[0m [32mInvoking command in '/mnt/Storage/Documents/MIT/Books/Robotics-2_Lab/Mini_Project/build/conveyorbelt_gazebo': CMAKE_PREFIX_PATH=${CMAKE_PREFIX_PATH}:/mnt/Storage/Documents/MIT/Books/Robotics-2_Lab/Mini_Project/install/ur5:/home/srikar/ws_moveit2/install/moveit_configs_utils:/home/srikar/ws_moveit2/install/launch_param_builder:/opt/ros/humble /usr/bin/cmake --build /mnt/Storage/Documents/MIT/Books/Robotics-2_Lab/Mini_Project/build/conveyorbelt_gazebo -- -j8 -l8[0m
[1.270s] [34mcolcon.colcon_core.task.python.build[0m [1;30mINFO[0m Building Python package in '/mnt/Storage/Documents/MIT/Books/Robotics-2_Lab/Mini_Project/src/ur5'
[1.271s] [34mcolcon.colcon_core.shell[0m [1;30mINFO[0m Skip shell extension 'powershell' for command environment: Not usable outside of PowerShell
[1.272s] [34mcolcon.colcon_core.shell[0m [1;30mDEBUG[0m [32mSkip shell extension 'dsv' for command environment[0m
[1.294s] [34mcolcon.colcon_core.event_handler.log_command[0m [1;30mDEBUG[0m [32mInvoked command in '/mnt/Storage/Documents/MIT/Books/Robotics-2_Lab/Mini_Project/build/conveyorbelt_gazebo' returned '0': CMAKE_PREFIX_PATH=${CMAKE_PREFIX_PATH}:/mnt/Storage/Documents/MIT/Books/Robotics-2_Lab/Mini_Project/install/ur5:/home/srikar/ws_moveit2/install/moveit_configs_utils:/home/srikar/ws_moveit2/install/launch_param_builder:/opt/ros/humble /usr/bin/cmake --build /mnt/Storage/Documents/MIT/Books/Robotics-2_Lab/Mini_Project/build/conveyorbelt_gazebo -- -j8 -l8[0m
[1.366s] [34mcolcon.colcon_core.event_handler.log_command[0m [1;30mDEBUG[0m [32mInvoking command in '/mnt/Storage/Documents/MIT/Books/Robotics-2_Lab/Mini_Project/build/conveyorbelt_gazebo': CMAKE_PREFIX_PATH=${CMAKE_PREFIX_PATH}:/mnt/Storage/Documents/MIT/Books/Robotics-2_Lab/Mini_Project/install/ur5:/home/srikar/ws_moveit2/install/moveit_configs_utils:/home/srikar/ws_moveit2/install/launch_param_builder:/opt/ros/humble /usr/bin/cmake --install /mnt/Storage/Documents/MIT/Books/Robotics-2_Lab/Mini_Project/build/conveyorbelt_gazebo[0m
[1.379s] [34mcolcon.colcon_core.environment[0m [1;30mLevel 1[0m create_environment_scripts_only(conveyorbelt_gazebo)
[1.382s] [34mcolcon.colcon_core.event_handler.log_command[0m [1;30mDEBUG[0m [32mInvoked command in '/mnt/Storage/Documents/MIT/Books/Robotics-2_Lab/Mini_Project/build/conveyorbelt_gazebo' returned '0': CMAKE_PREFIX_PATH=${CMAKE_PREFIX_PATH}:/mnt/Storage/Documents/MIT/Books/Robotics-2_Lab/Mini_Project/install/ur5:/home/srikar/ws_moveit2/install/moveit_configs_utils:/home/srikar/ws_moveit2/install/launch_param_builder:/opt/ros/humble /usr/bin/cmake --install /mnt/Storage/Documents/MIT/Books/Robotics-2_Lab/Mini_Project/build/conveyorbelt_gazebo[0m
[1.385s] [34mcolcon.colcon_core.environment[0m [1;30mLevel 1[0m checking '/mnt/Storage/Documents/MIT/Books/Robotics-2_Lab/Mini_Project/install/conveyorbelt_gazebo' for CMake module files
[1.386s] [34mcolcon.colcon_core.environment[0m [1;30mLevel 1[0m checking '/mnt/Storage/Documents/MIT/Books/Robotics-2_Lab/Mini_Project/install/conveyorbelt_gazebo' for CMake config files
[1.386s] [34mcolcon.colcon_core.shell[0m [1;30mLevel 1[0m create_environment_hook('conveyorbelt_gazebo', 'cmake_prefix_path')
[1.387s] [34mcolcon.colcon_core.shell[0m [1;30mINFO[0m Creating environment hook '/mnt/Storage/Documents/MIT/Books/Robotics-2_Lab/Mini_Project/install/conveyorbelt_gazebo/share/conveyorbelt_gazebo/hook/cmake_prefix_path.ps1'
[1.388s] [34mcolcon.colcon_core.shell[0m [1;30mINFO[0m Creating environment descriptor '/mnt/Storage/Documents/MIT/Books/Robotics-2_Lab/Mini_Project/install/conveyorbelt_gazebo/share/conveyorbelt_gazebo/hook/cmake_prefix_path.dsv'
[1.388s] [34mcolcon.colcon_core.shell[0m [1;30mINFO[0m Creating environment hook '/mnt/Storage/Documents/MIT/Books/Robotics-2_Lab/Mini_Project/install/conveyorbelt_gazebo/share/conveyorbelt_gazebo/hook/cmake_prefix_path.sh'
[1.389s] [34mcolcon.colcon_core.environment[0m [1;30mLevel 1[0m checking '/mnt/Storage/Documents/MIT/Books/Robotics-2_Lab/Mini_Project/install/conveyorbelt_gazebo/bin'
[1.390s] [34mcolcon.colcon_core.environment[0m [1;30mLevel 1[0m checking '/mnt/Storage/Documents/MIT/Books/Robotics-2_Lab/Mini_Project/install/conveyorbelt_gazebo/lib/pkgconfig/conveyorbelt_gazebo.pc'
[1.390s] [34mcolcon.colcon_core.environment[0m [1;30mLevel 1[0m checking '/mnt/Storage/Documents/MIT/Books/Robotics-2_Lab/Mini_Project/install/conveyorbelt_gazebo/lib/python3.10/site-packages'
[1.390s] [34mcolcon.colcon_core.environment[0m [1;30mLevel 1[0m checking '/mnt/Storage/Documents/MIT/Books/Robotics-2_Lab/Mini_Project/install/conveyorbelt_gazebo/bin'
[1.391s] [34mcolcon.colcon_core.shell[0m [1;30mINFO[0m Creating package script '/mnt/Storage/Documents/MIT/Books/Robotics-2_Lab/Mini_Project/install/conveyorbelt_gazebo/share/conveyorbelt_gazebo/package.ps1'
[1.392s] [34mcolcon.colcon_core.shell[0m [1;30mINFO[0m Creating package descriptor '/mnt/Storage/Documents/MIT/Books/Robotics-2_Lab/Mini_Project/install/conveyorbelt_gazebo/share/conveyorbelt_gazebo/package.dsv'
[1.393s] [34mcolcon.colcon_core.shell[0m [1;30mINFO[0m Creating package script '/mnt/Storage/Documents/MIT/Books/Robotics-2_Lab/Mini_Project/install/conveyorbelt_gazebo/share/conveyorbelt_gazebo/package.sh'
[1.394s] [34mcolcon.colcon_core.shell[0m [1;30mINFO[0m Creating package script '/mnt/Storage/Documents/MIT/Books/Robotics-2_Lab/Mini_Project/install/conveyorbelt_gazebo/share/conveyorbelt_gazebo/package.bash'
[1.396s] [34mcolcon.colcon_core.shell[0m [1;30mINFO[0m Creating package script '/mnt/Storage/Documents/MIT/Books/Robotics-2_Lab/Mini_Project/install/conveyorbelt_gazebo/share/conveyorbelt_gazebo/package.zsh'
[1.397s] [34mcolcon.colcon_core.environment[0m [1;30mLevel 1[0m create_file_with_runtime_dependencies(/mnt/Storage/Documents/MIT/Books/Robotics-2_Lab/Mini_Project/install/conveyorbelt_gazebo/share/colcon-core/packages/conveyorbelt_gazebo)
[1.468s] [34mcolcon.colcon_core.environment[0m [1;30mLevel 1[0m create_environment_scripts_only(conveyorbelt_gazebo)
[1.469s] [34mcolcon.colcon_core.environment[0m [1;30mLevel 1[0m checking '/mnt/Storage/Documents/MIT/Books/Robotics-2_Lab/Mini_Project/install/conveyorbelt_gazebo' for CMake module files
[1.471s] [34mcolcon.colcon_core.environment[0m [1;30mLevel 1[0m checking '/mnt/Storage/Documents/MIT/Books/Robotics-2_Lab/Mini_Project/install/conveyorbelt_gazebo' for CMake config files
[1.472s] [34mcolcon.colcon_core.shell[0m [1;30mLevel 1[0m create_environment_hook('conveyorbelt_gazebo', 'cmake_prefix_path')
[1.476s] [34mcolcon.colcon_core.shell[0m [1;30mINFO[0m Creating environment hook '/mnt/Storage/Documents/MIT/Books/Robotics-2_Lab/Mini_Project/install/conveyorbelt_gazebo/share/conveyorbelt_gazebo/hook/cmake_prefix_path.ps1'
[1.477s] [34mcolcon.colcon_core.shell[0m [1;30mINFO[0m Creating environment descriptor '/mnt/Storage/Documents/MIT/Books/Robotics-2_Lab/Mini_Project/install/conveyorbelt_gazebo/share/conveyorbelt_gazebo/hook/cmake_prefix_path.dsv'
[1.478s] [34mcolcon.colcon_core.shell[0m [1;30mINFO[0m Creating environment hook '/mnt/Storage/Documents/MIT/Books/Robotics-2_Lab/Mini_Project/install/conveyorbelt_gazebo/share/conveyorbelt_gazebo/hook/cmake_prefix_path.sh'
[1.480s] [34mcolcon.colcon_core.environment[0m [1;30mLevel 1[0m checking '/mnt/Storage/Documents/MIT/Books/Robotics-2_Lab/Mini_Project/install/conveyorbelt_gazebo/bin'
[1.481s] [34mcolcon.colcon_core.environment[0m [1;30mLevel 1[0m checking '/mnt/Storage/Documents/MIT/Books/Robotics-2_Lab/Mini_Project/install/conveyorbelt_gazebo/lib/pkgconfig/conveyorbelt_gazebo.pc'
[1.481s] [34mcolcon.colcon_core.environment[0m [1;30mLevel 1[0m checking '/mnt/Storage/Documents/MIT/Books/Robotics-2_Lab/Mini_Project/install/conveyorbelt_gazebo/lib/python3.10/site-packages'
[1.482s] [34mcolcon.colcon_core.environment[0m [1;30mLevel 1[0m checking '/mnt/Storage/Documents/MIT/Books/Robotics-2_Lab/Mini_Project/install/conveyorbelt_gazebo/bin'
[1.482s] [34mcolcon.colcon_core.shell[0m [1;30mINFO[0m Creating package script '/mnt/Storage/Documents/MIT/Books/Robotics-2_Lab/Mini_Project/install/conveyorbelt_gazebo/share/conveyorbelt_gazebo/package.ps1'
[1.489s] [34mcolcon.colcon_core.shell[0m [1;30mINFO[0m Creating package descriptor '/mnt/Storage/Documents/MIT/Books/Robotics-2_Lab/Mini_Project/install/conveyorbelt_gazebo/share/conveyorbelt_gazebo/package.dsv'
[1.490s] [34mcolcon.colcon_core.shell[0m [1;30mINFO[0m Creating package script '/mnt/Storage/Documents/MIT/Books/Robotics-2_Lab/Mini_Project/install/conveyorbelt_gazebo/share/conveyorbelt_gazebo/package.sh'
[1.491s] [34mcolcon.colcon_core.shell[0m [1;30mINFO[0m Creating package script '/mnt/Storage/Documents/MIT/Books/Robotics-2_Lab/Mini_Project/install/conveyorbelt_gazebo/share/conveyorbelt_gazebo/package.bash'
[1.493s] [34mcolcon.colcon_core.shell[0m [1;30mINFO[0m Creating package script '/mnt/Storage/Documents/MIT/Books/Robotics-2_Lab/Mini_Project/install/conveyorbelt_gazebo/share/conveyorbelt_gazebo/package.zsh'
[1.494s] [34mcolcon.colcon_core.environment[0m [1;30mLevel 1[0m create_file_with_runtime_dependencies(/mnt/Storage/Documents/MIT/Books/Robotics-2_Lab/Mini_Project/install/conveyorbelt_gazebo/share/colcon-core/packages/conveyorbelt_gazebo)
[2.166s] [34mcolcon.colcon_core.event_handler.log_command[0m [1;30mDEBUG[0m [32mInvoked command in '/mnt/Storage/Documents/MIT/Books/Robotics-2_Lab/Mini_Project/build/conveyorbelt_msgs' returned '0': CMAKE_PREFIX_PATH=${CMAKE_PREFIX_PATH}:/mnt/Storage/Documents/MIT/Books/Robotics-2_Lab/Mini_Project/install/ur5:/home/srikar/ws_moveit2/install/moveit_configs_utils:/home/srikar/ws_moveit2/install/launch_param_builder:/opt/ros/humble /usr/bin/cmake --build /mnt/Storage/Documents/MIT/Books/Robotics-2_Lab/Mini_Project/build/conveyorbelt_msgs -- -j8 -l8[0m
[2.460s] [34mcolcon.colcon_core.event_handler.log_command[0m [1;30mDEBUG[0m [32mInvoking command in '/mnt/Storage/Documents/MIT/Books/Robotics-2_Lab/Mini_Project/build/conveyorbelt_msgs': CMAKE_PREFIX_PATH=${CMAKE_PREFIX_PATH}:/mnt/Storage/Documents/MIT/Books/Robotics-2_Lab/Mini_Project/install/ur5:/home/srikar/ws_moveit2/install/moveit_configs_utils:/home/srikar/ws_moveit2/install/launch_param_builder:/opt/ros/humble /usr/bin/cmake --install /mnt/Storage/Documents/MIT/Books/Robotics-2_Lab/Mini_Project/build/conveyorbelt_msgs[0m
[2.602s] [34mcolcon.colcon_core.environment[0m [1;30mLevel 1[0m create_environment_scripts_only(conveyorbelt_msgs)
[2.603s] [34mcolcon.colcon_core.environment[0m [1;30mLevel 1[0m checking '/mnt/Storage/Documents/MIT/Books/Robotics-2_Lab/Mini_Project/install/conveyorbelt_msgs' for CMake module files
[2.605s] [34mcolcon.colcon_core.environment[0m [1;30mLevel 1[0m checking '/mnt/Storage/Documents/MIT/Books/Robotics-2_Lab/Mini_Project/install/conveyorbelt_msgs' for CMake config files
[2.607s] [34mcolcon.colcon_core.event_handler.log_command[0m [1;30mDEBUG[0m [32mInvoked command in '/mnt/Storage/Documents/MIT/Books/Robotics-2_Lab/Mini_Project/build/conveyorbelt_msgs' returned '0': CMAKE_PREFIX_PATH=${CMAKE_PREFIX_PATH}:/mnt/Storage/Documents/MIT/Books/Robotics-2_Lab/Mini_Project/install/ur5:/home/srikar/ws_moveit2/install/moveit_configs_utils:/home/srikar/ws_moveit2/install/launch_param_builder:/opt/ros/humble /usr/bin/cmake --install /mnt/Storage/Documents/MIT/Books/Robotics-2_Lab/Mini_Project/build/conveyorbelt_msgs[0m
[2.607s] [34mcolcon.colcon_core.shell[0m [1;30mLevel 1[0m create_environment_hook('conveyorbelt_msgs', 'cmake_prefix_path')
[2.608s] [34mcolcon.colcon_core.shell[0m [1;30mINFO[0m Creating environment hook '/mnt/Storage/Documents/MIT/Books/Robotics-2_Lab/Mini_Project/install/conveyorbelt_msgs/share/conveyorbelt_msgs/hook/cmake_prefix_path.ps1'
[2.609s] [34mcolcon.colcon_core.shell[0m [1;30mINFO[0m Creating environment descriptor '/mnt/Storage/Documents/MIT/Books/Robotics-2_Lab/Mini_Project/install/conveyorbelt_msgs/share/conveyorbelt_msgs/hook/cmake_prefix_path.dsv'
[2.610s] [34mcolcon.colcon_core.shell[0m [1;30mINFO[0m Creating environment hook '/mnt/Storage/Documents/MIT/Books/Robotics-2_Lab/Mini_Project/install/conveyorbelt_msgs/share/conveyorbelt_msgs/hook/cmake_prefix_path.sh'
[2.611s] [34mcolcon.colcon_core.environment[0m [1;30mLevel 1[0m checking '/mnt/Storage/Documents/MIT/Books/Robotics-2_Lab/Mini_Project/install/conveyorbelt_msgs/lib'
[2.612s] [34mcolcon.colcon_core.shell[0m [1;30mLevel 1[0m create_environment_hook('conveyorbelt_msgs', 'ld_library_path_lib')
[2.612s] [34mcolcon.colcon_core.shell[0m [1;30mINFO[0m Creating environment hook '/mnt/Storage/Documents/MIT/Books/Robotics-2_Lab/Mini_Project/install/conveyorbelt_msgs/share/conveyorbelt_msgs/hook/ld_library_path_lib.ps1'
[2.614s] [34mcolcon.colcon_core.shell[0m [1;30mINFO[0m Creating environment descriptor '/mnt/Storage/Documents/MIT/Books/Robotics-2_Lab/Mini_Project/install/conveyorbelt_msgs/share/conveyorbelt_msgs/hook/ld_library_path_lib.dsv'
[2.615s] [34mcolcon.colcon_core.shell[0m [1;30mINFO[0m Creating environment hook '/mnt/Storage/Documents/MIT/Books/Robotics-2_Lab/Mini_Project/install/conveyorbelt_msgs/share/conveyorbelt_msgs/hook/ld_library_path_lib.sh'
[2.616s] [34mcolcon.colcon_core.environment[0m [1;30mLevel 1[0m checking '/mnt/Storage/Documents/MIT/Books/Robotics-2_Lab/Mini_Project/install/conveyorbelt_msgs/bin'
[2.616s] [34mcolcon.colcon_core.environment[0m [1;30mLevel 1[0m checking '/mnt/Storage/Documents/MIT/Books/Robotics-2_Lab/Mini_Project/install/conveyorbelt_msgs/lib/pkgconfig/conveyorbelt_msgs.pc'
[2.616s] [34mcolcon.colcon_core.environment[0m [1;30mLevel 1[0m checking '/mnt/Storage/Documents/MIT/Books/Robotics-2_Lab/Mini_Project/install/conveyorbelt_msgs/lib/python3.10/site-packages'
[2.617s] [34mcolcon.colcon_core.environment[0m [1;30mLevel 1[0m checking '/mnt/Storage/Documents/MIT/Books/Robotics-2_Lab/Mini_Project/install/conveyorbelt_msgs/bin'
[2.617s] [34mcolcon.colcon_core.shell[0m [1;30mINFO[0m Creating package script '/mnt/Storage/Documents/MIT/Books/Robotics-2_Lab/Mini_Project/install/conveyorbelt_msgs/share/conveyorbelt_msgs/package.ps1'
[2.618s] [34mcolcon.colcon_core.shell[0m [1;30mINFO[0m Creating package descriptor '/mnt/Storage/Documents/MIT/Books/Robotics-2_Lab/Mini_Project/install/conveyorbelt_msgs/share/conveyorbelt_msgs/package.dsv'
[2.619s] [34mcolcon.colcon_core.shell[0m [1;30mINFO[0m Creating package script '/mnt/Storage/Documents/MIT/Books/Robotics-2_Lab/Mini_Project/install/conveyorbelt_msgs/share/conveyorbelt_msgs/package.sh'
[2.620s] [34mcolcon.colcon_core.shell[0m [1;30mINFO[0m Creating package script '/mnt/Storage/Documents/MIT/Books/Robotics-2_Lab/Mini_Project/install/conveyorbelt_msgs/share/conveyorbelt_msgs/package.bash'
[2.621s] [34mcolcon.colcon_core.shell[0m [1;30mINFO[0m Creating package script '/mnt/Storage/Documents/MIT/Books/Robotics-2_Lab/Mini_Project/install/conveyorbelt_msgs/share/conveyorbelt_msgs/package.zsh'
[2.622s] [34mcolcon.colcon_core.environment[0m [1;30mLevel 1[0m create_file_with_runtime_dependencies(/mnt/Storage/Documents/MIT/Books/Robotics-2_Lab/Mini_Project/install/conveyorbelt_msgs/share/colcon-core/packages/conveyorbelt_msgs)
[2.952s] [34mcolcon.colcon_core.environment[0m [1;30mLevel 1[0m create_environment_scripts_only(conveyorbelt_msgs)
[2.953s] [34mcolcon.colcon_core.environment[0m [1;30mLevel 1[0m checking '/mnt/Storage/Documents/MIT/Books/Robotics-2_Lab/Mini_Project/install/conveyorbelt_msgs' for CMake module files
[2.955s] [34mcolcon.colcon_core.environment[0m [1;30mLevel 1[0m checking '/mnt/Storage/Documents/MIT/Books/Robotics-2_Lab/Mini_Project/install/conveyorbelt_msgs' for CMake config files
[2.956s] [34mcolcon.colcon_core.shell[0m [1;30mLevel 1[0m create_environment_hook('conveyorbelt_msgs', 'cmake_prefix_path')
[2.956s] [34mcolcon.colcon_core.shell[0m [1;30mINFO[0m Creating environment hook '/mnt/Storage/Documents/MIT/Books/Robotics-2_Lab/Mini_Project/install/conveyorbelt_msgs/share/conveyorbelt_msgs/hook/cmake_prefix_path.ps1'
[2.957s] [34mcolcon.colcon_core.shell[0m [1;30mINFO[0m Creating environment descriptor '/mnt/Storage/Documents/MIT/Books/Robotics-2_Lab/Mini_Project/install/conveyorbelt_msgs/share/conveyorbelt_msgs/hook/cmake_prefix_path.dsv'
[2.958s] [34mcolcon.colcon_core.shell[0m [1;30mINFO[0m Creating environment hook '/mnt/Storage/Documents/MIT/Books/Robotics-2_Lab/Mini_Project/install/conveyorbelt_msgs/share/conveyorbelt_msgs/hook/cmake_prefix_path.sh'
[2.960s] [34mcolcon.colcon_core.environment[0m [1;30mLevel 1[0m checking '/mnt/Storage/Documents/MIT/Books/Robotics-2_Lab/Mini_Project/install/conveyorbelt_msgs/lib'
[2.960s] [34mcolcon.colcon_core.shell[0m [1;30mLevel 1[0m create_environment_hook('conveyorbelt_msgs', 'ld_library_path_lib')
[2.961s] [34mcolcon.colcon_core.shell[0m [1;30mINFO[0m Creating environment hook '/mnt/Storage/Documents/MIT/Books/Robotics-2_Lab/Mini_Project/install/conveyorbelt_msgs/share/conveyorbelt_msgs/hook/ld_library_path_lib.ps1'
[2.963s] [34mcolcon.colcon_core.shell[0m [1;30mINFO[0m Creating environment descriptor '/mnt/Storage/Documents/MIT/Books/Robotics-2_Lab/Mini_Project/install/conveyorbelt_msgs/share/conveyorbelt_msgs/hook/ld_library_path_lib.dsv'
[2.965s] [34mcolcon.colcon_core.shell[0m [1;30mINFO[0m Creating environment hook '/mnt/Storage/Documents/MIT/Books/Robotics-2_Lab/Mini_Project/install/conveyorbelt_msgs/share/conveyorbelt_msgs/hook/ld_library_path_lib.sh'
[2.967s] [34mcolcon.colcon_core.environment[0m [1;30mLevel 1[0m checking '/mnt/Storage/Documents/MIT/Books/Robotics-2_Lab/Mini_Project/install/conveyorbelt_msgs/bin'
[2.968s] [34mcolcon.colcon_core.environment[0m [1;30mLevel 1[0m checking '/mnt/Storage/Documents/MIT/Books/Robotics-2_Lab/Mini_Project/install/conveyorbelt_msgs/lib/pkgconfig/conveyorbelt_msgs.pc'
[2.969s] [34mcolcon.colcon_core.environment[0m [1;30mLevel 1[0m checking '/mnt/Storage/Documents/MIT/Books/Robotics-2_Lab/Mini_Project/install/conveyorbelt_msgs/lib/python3.10/site-packages'
[2.969s] [34mcolcon.colcon_core.environment[0m [1;30mLevel 1[0m checking '/mnt/Storage/Documents/MIT/Books/Robotics-2_Lab/Mini_Project/install/conveyorbelt_msgs/bin'
[2.970s] [34mcolcon.colcon_core.shell[0m [1;30mINFO[0m Creating package script '/mnt/Storage/Documents/MIT/Books/Robotics-2_Lab/Mini_Project/install/conveyorbelt_msgs/share/conveyorbelt_msgs/package.ps1'
[2.972s] [34mcolcon.colcon_core.shell[0m [1;30mINFO[0m Creating package descriptor '/mnt/Storage/Documents/MIT/Books/Robotics-2_Lab/Mini_Project/install/conveyorbelt_msgs/share/conveyorbelt_msgs/package.dsv'
[2.974s] [34mcolcon.colcon_core.shell[0m [1;30mINFO[0m Creating package script '/mnt/Storage/Documents/MIT/Books/Robotics-2_Lab/Mini_Project/install/conveyorbelt_msgs/share/conveyorbelt_msgs/package.sh'
[2.975s] [34mcolcon.colcon_core.shell[0m [1;30mINFO[0m Creating package script '/mnt/Storage/Documents/MIT/Books/Robotics-2_Lab/Mini_Project/install/conveyorbelt_msgs/share/conveyorbelt_msgs/package.bash'
[2.977s] [34mcolcon.colcon_core.shell[0m [1;30mINFO[0m Creating package script '/mnt/Storage/Documents/MIT/Books/Robotics-2_Lab/Mini_Project/install/conveyorbelt_msgs/share/conveyorbelt_msgs/package.zsh'
[2.980s] [34mcolcon.colcon_core.environment[0m [1;30mLevel 1[0m create_file_with_runtime_dependencies(/mnt/Storage/Documents/MIT/Books/Robotics-2_Lab/Mini_Project/install/conveyorbelt_msgs/share/colcon-core/packages/conveyorbelt_msgs)
[2.981s] [34mcolcon.colcon_ros.task.ament_cmake.build[0m [1;30mINFO[0m Building ROS package in '/mnt/Storage/Documents/MIT/Books/Robotics-2_Lab/Mini_Project/src/ros2_conveyorbelt' with build type 'ament_cmake'
[2.982s] [34mcolcon.colcon_cmake.task.cmake.build[0m [1;30mINFO[0m Building CMake package in '/mnt/Storage/Documents/MIT/Books/Robotics-2_Lab/Mini_Project/src/ros2_conveyorbelt'
[2.983s] [34mcolcon.colcon_core.shell[0m [1;30mINFO[0m Skip shell extension 'powershell' for command environment: Not usable outside of PowerShell
[2.983s] [34mcolcon.colcon_core.shell[0m [1;30mDEBUG[0m [32mSkip shell extension 'dsv' for command environment[0m
[3.065s] [34mcolcon.colcon_core.event_handler.log_command[0m [1;30mDEBUG[0m [32mInvoking command in '/mnt/Storage/Documents/MIT/Books/Robotics-2_Lab/Mini_Project/build/ros2_conveyorbelt': CMAKE_PREFIX_PATH=/mnt/Storage/Documents/MIT/Books/Robotics-2_Lab/Mini_Project/install/conveyorbelt_msgs:/mnt/Storage/Documents/MIT/Books/Robotics-2_Lab/Mini_Project/install/ros2_conveyorbelt:/mnt/Storage/Documents/MIT/Books/Robotics-2_Lab/Mini_Project/install/conveyorbelt_gazebo:/home/srikar/ws_moveit2/install/pilz_industrial_motion_planner_testutils:/home/srikar/ws_moveit2/install/moveit_runtime:/home/srikar/ws_moveit2/install/moveit2_tutorials:/home/srikar/ws_moveit2/install/moveit:/home/srikar/ws_moveit2/install/moveit_planners:/home/srikar/ws_moveit2/install/pilz_industrial_motion_planner:/home/srikar/ws_moveit2/install/moveit_visual_tools:/home/srikar/ws_moveit2/install/moveit_task_constructor_visualization:/home/srikar/ws_moveit2/install/moveit_task_constructor_demo:/home/srikar/ws_moveit2/install/moveit_task_constructor_capabilities:/home/srikar/ws_moveit2/install/moveit_task_constructor_core:/home/srikar/ws_moveit2/install/moveit_ros_control_interface:/home/srikar/ws_moveit2/install/moveit_plugins:/home/srikar/ws_moveit2/install/moveit_simple_controller_manager:/home/srikar/ws_moveit2/install/moveit_setup_assistant:/home/srikar/ws_moveit2/install/moveit_setup_srdf_plugins:/home/srikar/ws_moveit2/install/moveit_setup_core_plugins:/home/srikar/ws_moveit2/install/moveit_setup_controllers:/home/srikar/ws_moveit2/install/moveit_setup_app_plugins:/home/srikar/ws_moveit2/install/moveit_setup_framework:/home/srikar/ws_moveit2/install/moveit_servo:/home/srikar/ws_moveit2/install/moveit_ros:/home/srikar/ws_moveit2/install/moveit_ros_visualization:/home/srikar/ws_moveit2/install/moveit_hybrid_planning:/home/srikar/ws_moveit2/install/moveit_ros_planning_interface:/home/srikar/ws_moveit2/install/moveit_ros_benchmarks:/home/srikar/ws_moveit2/install/moveit_ros_warehouse:/home/srikar/ws_moveit2/install/moveit_ros_robot_interaction:/home/srikar/ws_moveit2/install/moveit_ros_perception:/home/srikar/ws_moveit2/install/moveit_resources_prbt_pg70_support:/home/srikar/ws_moveit2/install/moveit_resources_prbt_moveit_config:/home/srikar/ws_moveit2/install/moveit_ros_move_group:/home/srikar/ws_moveit2/install/moveit_planners_ompl:/home/srikar/ws_moveit2/install/moveit_ros_planning:/home/srikar/ws_moveit2/install/moveit_ros_occupancy_map_monitor:/home/srikar/ws_moveit2/install/moveit_resources_prbt_ikfast_manipulator_plugin:/home/srikar/ws_moveit2/install/moveit_planners_chomp:/home/srikar/ws_moveit2/install/moveit_kinematics:/home/srikar/ws_moveit2/install/moveit_chomp_optimizer_adapter:/home/srikar/ws_moveit2/install/chomp_motion_planner:/home/srikar/ws_moveit2/install/moveit_core:/home/srikar/ws_moveit2/install/srdfdom:/home/srikar/ws_moveit2/install/rviz_marker_tools:/home/srikar/ws_moveit2/install/rosparam_shortcuts:/home/srikar/ws_moveit2/install/moveit_task_constructor_msgs:/home/srikar/ws_moveit2/install/moveit_resources_prbt_support:/home/srikar/ws_moveit2/install/moveit_resources:/home/srikar/ws_moveit2/install/moveit_resources_pr2_description:/home/srikar/ws_moveit2/install/moveit_resources_panda_moveit_config:/home/srikar/ws_moveit2/install/moveit_resources_panda_description:/home/srikar/ws_moveit2/install/moveit_resources_fanuc_moveit_config:/home/srikar/ws_moveit2/install/moveit_resources_fanuc_description:/home/srikar/ws_moveit2/install/moveit_common:/mnt/Storage/Documents/MIT/Books/Robotics-2_Lab/Mini_Project/install/ur5:/home/srikar/ws_moveit2/install/moveit_configs_utils:/home/srikar/ws_moveit2/install/launch_param_builder:/opt/ros/humble LD_LIBRARY_PATH=/mnt/Storage/Documents/MIT/Books/Robotics-2_Lab/Mini_Project/install/conveyorbelt_msgs/lib:/mnt/Storage/Documents/MIT/Books/Robotics-2_Lab/Mini_Project/install/ros2_conveyorbelt/lib:/home/srikar/ws_moveit2/install/pilz_industrial_motion_planner_testutils/lib:/home/srikar/ws_moveit2/install/pilz_industrial_motion_planner/lib:/home/srikar/ws_moveit2/install/moveit_visual_tools/lib:/home/srikar/ws_moveit2/install/moveit_task_constructor_visualization/lib:/home/srikar/ws_moveit2/install/moveit_task_constructor_demo/lib:/home/srikar/ws_moveit2/install/moveit_task_constructor_capabilities/lib:/home/srikar/ws_moveit2/install/moveit_task_constructor_core/lib:/home/srikar/ws_moveit2/install/moveit_ros_control_interface/lib:/home/srikar/ws_moveit2/install/moveit_simple_controller_manager/lib:/home/srikar/ws_moveit2/install/moveit_setup_assistant/lib:/home/srikar/ws_moveit2/install/moveit_setup_srdf_plugins/lib:/home/srikar/ws_moveit2/install/moveit_setup_core_plugins/lib:/home/srikar/ws_moveit2/install/moveit_setup_controllers/lib:/home/srikar/ws_moveit2/install/moveit_setup_app_plugins/lib:/home/srikar/ws_moveit2/install/moveit_setup_framework/lib:/home/srikar/ws_moveit2/install/moveit_servo/lib:/home/srikar/ws_moveit2/install/moveit_ros_visualization/lib:/home/srikar/ws_moveit2/install/moveit_hybrid_planning/lib:/home/srikar/ws_moveit2/install/moveit_ros_planning_interface/lib:/home/srikar/ws_moveit2/install/moveit_ros_benchmarks/lib:/home/srikar/ws_moveit2/install/moveit_ros_warehouse/lib:/home/srikar/ws_moveit2/install/moveit_ros_robot_interaction/lib:/home/srikar/ws_moveit2/install/moveit_ros_perception/lib:/home/srikar/ws_moveit2/install/moveit_ros_move_group/lib:/home/srikar/ws_moveit2/install/moveit_planners_ompl/lib:/home/srikar/ws_moveit2/install/moveit_ros_planning/lib:/home/srikar/ws_moveit2/install/moveit_ros_occupancy_map_monitor/lib:/home/srikar/ws_moveit2/install/moveit_resources_prbt_ikfast_manipulator_plugin/lib:/home/srikar/ws_moveit2/install/moveit_planners_chomp/lib:/home/srikar/ws_moveit2/install/moveit_kinematics/lib:/home/srikar/ws_moveit2/install/moveit_chomp_optimizer_adapter/lib:/home/srikar/ws_moveit2/install/chomp_motion_planner/lib:/home/srikar/ws_moveit2/install/moveit_core/lib:/home/srikar/ws_moveit2/install/srdfdom/lib:/home/srikar/ws_moveit2/install/rviz_marker_tools/lib:/home/srikar/ws_moveit2/install/rosparam_shortcuts/lib:/home/srikar/ws_moveit2/install/moveit_task_constructor_msgs/lib:/usr/lib/x86_64-linux-gnu/gazebo-11/plugins:/opt/ros/humble/opt/rviz_ogre_vendor/lib:/opt/ros/humble/lib/x86_64-linux-gnu:/opt/ros/humble/lib:/usr/lib/x86_64-linux-gnu/gazebo-11/plugins:/opt/ros/humble/lib/ /usr/bin/cmake --build /mnt/Storage/Documents/MIT/Books/Robotics-2_Lab/Mini_Project/build/ros2_conveyorbelt -- -j8 -l8[0m
[3.132s] [34mcolcon.colcon_core.event_handler.log_command[0m [1;30mDEBUG[0m [32mInvoking command in '/mnt/Storage/Documents/MIT/Books/Robotics-2_Lab/Mini_Project/src/ur5': PYTHONPATH=/mnt/Storage/Documents/MIT/Books/Robotics-2_Lab/Mini_Project/build/ur5/prefix_override:/usr/lib/python3/dist-packages/colcon_core/task/python/colcon_distutils_commands:/mnt/Storage/Documents/MIT/Books/Robotics-2_Lab/Mini_Project/install/ur5/lib/python3.10/site-packages:${PYTHONPATH} /usr/bin/python3 -W ignore:setup.py install is deprecated setup.py egg_info --egg-base ../../build/ur5 build --build-base /mnt/Storage/Documents/MIT/Books/Robotics-2_Lab/Mini_Project/build/ur5/build install --record /mnt/Storage/Documents/MIT/Books/Robotics-2_Lab/Mini_Project/build/ur5/install.log --single-version-externally-managed install_data[0m
[3.248s] [34mcolcon.colcon_core.event_handler.log_command[0m [1;30mDEBUG[0m [32mInvoked command in '/mnt/Storage/Documents/MIT/Books/Robotics-2_Lab/Mini_Project/build/ros2_conveyorbelt' returned '0': CMAKE_PREFIX_PATH=/mnt/Storage/Documents/MIT/Books/Robotics-2_Lab/Mini_Project/install/conveyorbelt_msgs:/mnt/Storage/Documents/MIT/Books/Robotics-2_Lab/Mini_Project/install/ros2_conveyorbelt:/mnt/Storage/Documents/MIT/Books/Robotics-2_Lab/Mini_Project/install/conveyorbelt_gazebo:/home/srikar/ws_moveit2/install/pilz_industrial_motion_planner_testutils:/home/srikar/ws_moveit2/install/moveit_runtime:/home/srikar/ws_moveit2/install/moveit2_tutorials:/home/srikar/ws_moveit2/install/moveit:/home/srikar/ws_moveit2/install/moveit_planners:/home/srikar/ws_moveit2/install/pilz_industrial_motion_planner:/home/srikar/ws_moveit2/install/moveit_visual_tools:/home/srikar/ws_moveit2/install/moveit_task_constructor_visualization:/home/srikar/ws_moveit2/install/moveit_task_constructor_demo:/home/srikar/ws_moveit2/install/moveit_task_constructor_capabilities:/home/srikar/ws_moveit2/install/moveit_task_constructor_core:/home/srikar/ws_moveit2/install/moveit_ros_control_interface:/home/srikar/ws_moveit2/install/moveit_plugins:/home/srikar/ws_moveit2/install/moveit_simple_controller_manager:/home/srikar/ws_moveit2/install/moveit_setup_assistant:/home/srikar/ws_moveit2/install/moveit_setup_srdf_plugins:/home/srikar/ws_moveit2/install/moveit_setup_core_plugins:/home/srikar/ws_moveit2/install/moveit_setup_controllers:/home/srikar/ws_moveit2/install/moveit_setup_app_plugins:/home/srikar/ws_moveit2/install/moveit_setup_framework:/home/srikar/ws_moveit2/install/moveit_servo:/home/srikar/ws_moveit2/install/moveit_ros:/home/srikar/ws_moveit2/install/moveit_ros_visualization:/home/srikar/ws_moveit2/install/moveit_hybrid_planning:/home/srikar/ws_moveit2/install/moveit_ros_planning_interface:/home/srikar/ws_moveit2/install/moveit_ros_benchmarks:/home/srikar/ws_moveit2/install/moveit_ros_warehouse:/home/srikar/ws_moveit2/install/moveit_ros_robot_interaction:/home/srikar/ws_moveit2/install/moveit_ros_perception:/home/srikar/ws_moveit2/install/moveit_resources_prbt_pg70_support:/home/srikar/ws_moveit2/install/moveit_resources_prbt_moveit_config:/home/srikar/ws_moveit2/install/moveit_ros_move_group:/home/srikar/ws_moveit2/install/moveit_planners_ompl:/home/srikar/ws_moveit2/install/moveit_ros_planning:/home/srikar/ws_moveit2/install/moveit_ros_occupancy_map_monitor:/home/srikar/ws_moveit2/install/moveit_resources_prbt_ikfast_manipulator_plugin:/home/srikar/ws_moveit2/install/moveit_planners_chomp:/home/srikar/ws_moveit2/install/moveit_kinematics:/home/srikar/ws_moveit2/install/moveit_chomp_optimizer_adapter:/home/srikar/ws_moveit2/install/chomp_motion_planner:/home/srikar/ws_moveit2/install/moveit_core:/home/srikar/ws_moveit2/install/srdfdom:/home/srikar/ws_moveit2/install/rviz_marker_tools:/home/srikar/ws_moveit2/install/rosparam_shortcuts:/home/srikar/ws_moveit2/install/moveit_task_constructor_msgs:/home/srikar/ws_moveit2/install/moveit_resources_prbt_support:/home/srikar/ws_moveit2/install/moveit_resources:/home/srikar/ws_moveit2/install/moveit_resources_pr2_description:/home/srikar/ws_moveit2/install/moveit_resources_panda_moveit_config:/home/srikar/ws_moveit2/install/moveit_resources_panda_description:/home/srikar/ws_moveit2/install/moveit_resources_fanuc_moveit_config:/home/srikar/ws_moveit2/install/moveit_resources_fanuc_description:/home/srikar/ws_moveit2/install/moveit_common:/mnt/Storage/Documents/MIT/Books/Robotics-2_Lab/Mini_Project/install/ur5:/home/srikar/ws_moveit2/install/moveit_configs_utils:/home/srikar/ws_moveit2/install/launch_param_builder:/opt/ros/humble LD_LIBRARY_PATH=/mnt/Storage/Documents/MIT/Books/Robotics-2_Lab/Mini_Project/install/conveyorbelt_msgs/lib:/mnt/Storage/Documents/MIT/Books/Robotics-2_Lab/Mini_Project/install/ros2_conveyorbelt/lib:/home/srikar/ws_moveit2/install/pilz_industrial_motion_planner_testutils/lib:/home/srikar/ws_moveit2/install/pilz_industrial_motion_planner/lib:/home/srikar/ws_moveit2/install/moveit_visual_tools/lib:/home/srikar/ws_moveit2/install/moveit_task_constructor_visualization/lib:/home/srikar/ws_moveit2/install/moveit_task_constructor_demo/lib:/home/srikar/ws_moveit2/install/moveit_task_constructor_capabilities/lib:/home/srikar/ws_moveit2/install/moveit_task_constructor_core/lib:/home/srikar/ws_moveit2/install/moveit_ros_control_interface/lib:/home/srikar/ws_moveit2/install/moveit_simple_controller_manager/lib:/home/srikar/ws_moveit2/install/moveit_setup_assistant/lib:/home/srikar/ws_moveit2/install/moveit_setup_srdf_plugins/lib:/home/srikar/ws_moveit2/install/moveit_setup_core_plugins/lib:/home/srikar/ws_moveit2/install/moveit_setup_controllers/lib:/home/srikar/ws_moveit2/install/moveit_setup_app_plugins/lib:/home/srikar/ws_moveit2/install/moveit_setup_framework/lib:/home/srikar/ws_moveit2/install/moveit_servo/lib:/home/srikar/ws_moveit2/install/moveit_ros_visualization/lib:/home/srikar/ws_moveit2/install/moveit_hybrid_planning/lib:/home/srikar/ws_moveit2/install/moveit_ros_planning_interface/lib:/home/srikar/ws_moveit2/install/moveit_ros_benchmarks/lib:/home/srikar/ws_moveit2/install/moveit_ros_warehouse/lib:/home/srikar/ws_moveit2/install/moveit_ros_robot_interaction/lib:/home/srikar/ws_moveit2/install/moveit_ros_perception/lib:/home/srikar/ws_moveit2/install/moveit_ros_move_group/lib:/home/srikar/ws_moveit2/install/moveit_planners_ompl/lib:/home/srikar/ws_moveit2/install/moveit_ros_planning/lib:/home/srikar/ws_moveit2/install/moveit_ros_occupancy_map_monitor/lib:/home/srikar/ws_moveit2/install/moveit_resources_prbt_ikfast_manipulator_plugin/lib:/home/srikar/ws_moveit2/install/moveit_planners_chomp/lib:/home/srikar/ws_moveit2/install/moveit_kinematics/lib:/home/srikar/ws_moveit2/install/moveit_chomp_optimizer_adapter/lib:/home/srikar/ws_moveit2/install/chomp_motion_planner/lib:/home/srikar/ws_moveit2/install/moveit_core/lib:/home/srikar/ws_moveit2/install/srdfdom/lib:/home/srikar/ws_moveit2/install/rviz_marker_tools/lib:/home/srikar/ws_moveit2/install/rosparam_shortcuts/lib:/home/srikar/ws_moveit2/install/moveit_task_constructor_msgs/lib:/usr/lib/x86_64-linux-gnu/gazebo-11/plugins:/opt/ros/humble/opt/rviz_ogre_vendor/lib:/opt/ros/humble/lib/x86_64-linux-gnu:/opt/ros/humble/lib:/usr/lib/x86_64-linux-gnu/gazebo-11/plugins:/opt/ros/humble/lib/ /usr/bin/cmake --build /mnt/Storage/Documents/MIT/Books/Robotics-2_Lab/Mini_Project/build/ros2_conveyorbelt -- -j8 -l8[0m
[3.320s] [34mcolcon.colcon_core.event_handler.log_command[0m [1;30mDEBUG[0m [32mInvoking command in '/mnt/Storage/Documents/MIT/Books/Robotics-2_Lab/Mini_Project/build/ros2_conveyorbelt': CMAKE_PREFIX_PATH=/mnt/Storage/Documents/MIT/Books/Robotics-2_Lab/Mini_Project/install/conveyorbelt_msgs:/mnt/Storage/Documents/MIT/Books/Robotics-2_Lab/Mini_Project/install/ros2_conveyorbelt:/mnt/Storage/Documents/MIT/Books/Robotics-2_Lab/Mini_Project/install/conveyorbelt_gazebo:/home/srikar/ws_moveit2/install/pilz_industrial_motion_planner_testutils:/home/srikar/ws_moveit2/install/moveit_runtime:/home/srikar/ws_moveit2/install/moveit2_tutorials:/home/srikar/ws_moveit2/install/moveit:/home/srikar/ws_moveit2/install/moveit_planners:/home/srikar/ws_moveit2/install/pilz_industrial_motion_planner:/home/srikar/ws_moveit2/install/moveit_visual_tools:/home/srikar/ws_moveit2/install/moveit_task_constructor_visualization:/home/srikar/ws_moveit2/install/moveit_task_constructor_demo:/home/srikar/ws_moveit2/install/moveit_task_constructor_capabilities:/home/srikar/ws_moveit2/install/moveit_task_constructor_core:/home/srikar/ws_moveit2/install/moveit_ros_control_interface:/home/srikar/ws_moveit2/install/moveit_plugins:/home/srikar/ws_moveit2/install/moveit_simple_controller_manager:/home/srikar/ws_moveit2/install/moveit_setup_assistant:/home/srikar/ws_moveit2/install/moveit_setup_srdf_plugins:/home/srikar/ws_moveit2/install/moveit_setup_core_plugins:/home/srikar/ws_moveit2/install/moveit_setup_controllers:/home/srikar/ws_moveit2/install/moveit_setup_app_plugins:/home/srikar/ws_moveit2/install/moveit_setup_framework:/home/srikar/ws_moveit2/install/moveit_servo:/home/srikar/ws_moveit2/install/moveit_ros:/home/srikar/ws_moveit2/install/moveit_ros_visualization:/home/srikar/ws_moveit2/install/moveit_hybrid_planning:/home/srikar/ws_moveit2/install/moveit_ros_planning_interface:/home/srikar/ws_moveit2/install/moveit_ros_benchmarks:/home/srikar/ws_moveit2/install/moveit_ros_warehouse:/home/srikar/ws_moveit2/install/moveit_ros_robot_interaction:/home/srikar/ws_moveit2/install/moveit_ros_perception:/home/srikar/ws_moveit2/install/moveit_resources_prbt_pg70_support:/home/srikar/ws_moveit2/install/moveit_resources_prbt_moveit_config:/home/srikar/ws_moveit2/install/moveit_ros_move_group:/home/srikar/ws_moveit2/install/moveit_planners_ompl:/home/srikar/ws_moveit2/install/moveit_ros_planning:/home/srikar/ws_moveit2/install/moveit_ros_occupancy_map_monitor:/home/srikar/ws_moveit2/install/moveit_resources_prbt_ikfast_manipulator_plugin:/home/srikar/ws_moveit2/install/moveit_planners_chomp:/home/srikar/ws_moveit2/install/moveit_kinematics:/home/srikar/ws_moveit2/install/moveit_chomp_optimizer_adapter:/home/srikar/ws_moveit2/install/chomp_motion_planner:/home/srikar/ws_moveit2/install/moveit_core:/home/srikar/ws_moveit2/install/srdfdom:/home/srikar/ws_moveit2/install/rviz_marker_tools:/home/srikar/ws_moveit2/install/rosparam_shortcuts:/home/srikar/ws_moveit2/install/moveit_task_constructor_msgs:/home/srikar/ws_moveit2/install/moveit_resources_prbt_support:/home/srikar/ws_moveit2/install/moveit_resources:/home/srikar/ws_moveit2/install/moveit_resources_pr2_description:/home/srikar/ws_moveit2/install/moveit_resources_panda_moveit_config:/home/srikar/ws_moveit2/install/moveit_resources_panda_description:/home/srikar/ws_moveit2/install/moveit_resources_fanuc_moveit_config:/home/srikar/ws_moveit2/install/moveit_resources_fanuc_description:/home/srikar/ws_moveit2/install/moveit_common:/mnt/Storage/Documents/MIT/Books/Robotics-2_Lab/Mini_Project/install/ur5:/home/srikar/ws_moveit2/install/moveit_configs_utils:/home/srikar/ws_moveit2/install/launch_param_builder:/opt/ros/humble LD_LIBRARY_PATH=/mnt/Storage/Documents/MIT/Books/Robotics-2_Lab/Mini_Project/install/conveyorbelt_msgs/lib:/mnt/Storage/Documents/MIT/Books/Robotics-2_Lab/Mini_Project/install/ros2_conveyorbelt/lib:/home/srikar/ws_moveit2/install/pilz_industrial_motion_planner_testutils/lib:/home/srikar/ws_moveit2/install/pilz_industrial_motion_planner/lib:/home/srikar/ws_moveit2/install/moveit_visual_tools/lib:/home/srikar/ws_moveit2/install/moveit_task_constructor_visualization/lib:/home/srikar/ws_moveit2/install/moveit_task_constructor_demo/lib:/home/srikar/ws_moveit2/install/moveit_task_constructor_capabilities/lib:/home/srikar/ws_moveit2/install/moveit_task_constructor_core/lib:/home/srikar/ws_moveit2/install/moveit_ros_control_interface/lib:/home/srikar/ws_moveit2/install/moveit_simple_controller_manager/lib:/home/srikar/ws_moveit2/install/moveit_setup_assistant/lib:/home/srikar/ws_moveit2/install/moveit_setup_srdf_plugins/lib:/home/srikar/ws_moveit2/install/moveit_setup_core_plugins/lib:/home/srikar/ws_moveit2/install/moveit_setup_controllers/lib:/home/srikar/ws_moveit2/install/moveit_setup_app_plugins/lib:/home/srikar/ws_moveit2/install/moveit_setup_framework/lib:/home/srikar/ws_moveit2/install/moveit_servo/lib:/home/srikar/ws_moveit2/install/moveit_ros_visualization/lib:/home/srikar/ws_moveit2/install/moveit_hybrid_planning/lib:/home/srikar/ws_moveit2/install/moveit_ros_planning_interface/lib:/home/srikar/ws_moveit2/install/moveit_ros_benchmarks/lib:/home/srikar/ws_moveit2/install/moveit_ros_warehouse/lib:/home/srikar/ws_moveit2/install/moveit_ros_robot_interaction/lib:/home/srikar/ws_moveit2/install/moveit_ros_perception/lib:/home/srikar/ws_moveit2/install/moveit_ros_move_group/lib:/home/srikar/ws_moveit2/install/moveit_planners_ompl/lib:/home/srikar/ws_moveit2/install/moveit_ros_planning/lib:/home/srikar/ws_moveit2/install/moveit_ros_occupancy_map_monitor/lib:/home/srikar/ws_moveit2/install/moveit_resources_prbt_ikfast_manipulator_plugin/lib:/home/srikar/ws_moveit2/install/moveit_planners_chomp/lib:/home/srikar/ws_moveit2/install/moveit_kinematics/lib:/home/srikar/ws_moveit2/install/moveit_chomp_optimizer_adapter/lib:/home/srikar/ws_moveit2/install/chomp_motion_planner/lib:/home/srikar/ws_moveit2/install/moveit_core/lib:/home/srikar/ws_moveit2/install/srdfdom/lib:/home/srikar/ws_moveit2/install/rviz_marker_tools/lib:/home/srikar/ws_moveit2/install/rosparam_shortcuts/lib:/home/srikar/ws_moveit2/install/moveit_task_constructor_msgs/lib:/usr/lib/x86_64-linux-gnu/gazebo-11/plugins:/opt/ros/humble/opt/rviz_ogre_vendor/lib:/opt/ros/humble/lib/x86_64-linux-gnu:/opt/ros/humble/lib:/usr/lib/x86_64-linux-gnu/gazebo-11/plugins:/opt/ros/humble/lib/ /usr/bin/cmake --install /mnt/Storage/Documents/MIT/Books/Robotics-2_Lab/Mini_Project/build/ros2_conveyorbelt[0m
[3.334s] [34mcolcon.colcon_core.environment[0m [1;30mLevel 1[0m create_environment_scripts_only(ros2_conveyorbelt)
[3.335s] [34mcolcon.colcon_core.environment[0m [1;30mLevel 1[0m checking '/mnt/Storage/Documents/MIT/Books/Robotics-2_Lab/Mini_Project/install/ros2_conveyorbelt' for CMake module files
[3.337s] [34mcolcon.colcon_core.event_handler.log_command[0m [1;30mDEBUG[0m [32mInvoked command in '/mnt/Storage/Documents/MIT/Books/Robotics-2_Lab/Mini_Project/build/ros2_conveyorbelt' returned '0': CMAKE_PREFIX_PATH=/mnt/Storage/Documents/MIT/Books/Robotics-2_Lab/Mini_Project/install/conveyorbelt_msgs:/mnt/Storage/Documents/MIT/Books/Robotics-2_Lab/Mini_Project/install/ros2_conveyorbelt:/mnt/Storage/Documents/MIT/Books/Robotics-2_Lab/Mini_Project/install/conveyorbelt_gazebo:/home/srikar/ws_moveit2/install/pilz_industrial_motion_planner_testutils:/home/srikar/ws_moveit2/install/moveit_runtime:/home/srikar/ws_moveit2/install/moveit2_tutorials:/home/srikar/ws_moveit2/install/moveit:/home/srikar/ws_moveit2/install/moveit_planners:/home/srikar/ws_moveit2/install/pilz_industrial_motion_planner:/home/srikar/ws_moveit2/install/moveit_visual_tools:/home/srikar/ws_moveit2/install/moveit_task_constructor_visualization:/home/srikar/ws_moveit2/install/moveit_task_constructor_demo:/home/srikar/ws_moveit2/install/moveit_task_constructor_capabilities:/home/srikar/ws_moveit2/install/moveit_task_constructor_core:/home/srikar/ws_moveit2/install/moveit_ros_control_interface:/home/srikar/ws_moveit2/install/moveit_plugins:/home/srikar/ws_moveit2/install/moveit_simple_controller_manager:/home/srikar/ws_moveit2/install/moveit_setup_assistant:/home/srikar/ws_moveit2/install/moveit_setup_srdf_plugins:/home/srikar/ws_moveit2/install/moveit_setup_core_plugins:/home/srikar/ws_moveit2/install/moveit_setup_controllers:/home/srikar/ws_moveit2/install/moveit_setup_app_plugins:/home/srikar/ws_moveit2/install/moveit_setup_framework:/home/srikar/ws_moveit2/install/moveit_servo:/home/srikar/ws_moveit2/install/moveit_ros:/home/srikar/ws_moveit2/install/moveit_ros_visualization:/home/srikar/ws_moveit2/install/moveit_hybrid_planning:/home/srikar/ws_moveit2/install/moveit_ros_planning_interface:/home/srikar/ws_moveit2/install/moveit_ros_benchmarks:/home/srikar/ws_moveit2/install/moveit_ros_warehouse:/home/srikar/ws_moveit2/install/moveit_ros_robot_interaction:/home/srikar/ws_moveit2/install/moveit_ros_perception:/home/srikar/ws_moveit2/install/moveit_resources_prbt_pg70_support:/home/srikar/ws_moveit2/install/moveit_resources_prbt_moveit_config:/home/srikar/ws_moveit2/install/moveit_ros_move_group:/home/srikar/ws_moveit2/install/moveit_planners_ompl:/home/srikar/ws_moveit2/install/moveit_ros_planning:/home/srikar/ws_moveit2/install/moveit_ros_occupancy_map_monitor:/home/srikar/ws_moveit2/install/moveit_resources_prbt_ikfast_manipulator_plugin:/home/srikar/ws_moveit2/install/moveit_planners_chomp:/home/srikar/ws_moveit2/install/moveit_kinematics:/home/srikar/ws_moveit2/install/moveit_chomp_optimizer_adapter:/home/srikar/ws_moveit2/install/chomp_motion_planner:/home/srikar/ws_moveit2/install/moveit_core:/home/srikar/ws_moveit2/install/srdfdom:/home/srikar/ws_moveit2/install/rviz_marker_tools:/home/srikar/ws_moveit2/install/rosparam_shortcuts:/home/srikar/ws_moveit2/install/moveit_task_constructor_msgs:/home/srikar/ws_moveit2/install/moveit_resources_prbt_support:/home/srikar/ws_moveit2/install/moveit_resources:/home/srikar/ws_moveit2/install/moveit_resources_pr2_description:/home/srikar/ws_moveit2/install/moveit_resources_panda_moveit_config:/home/srikar/ws_moveit2/install/moveit_resources_panda_description:/home/srikar/ws_moveit2/install/moveit_resources_fanuc_moveit_config:/home/srikar/ws_moveit2/install/moveit_resources_fanuc_description:/home/srikar/ws_moveit2/install/moveit_common:/mnt/Storage/Documents/MIT/Books/Robotics-2_Lab/Mini_Project/install/ur5:/home/srikar/ws_moveit2/install/moveit_configs_utils:/home/srikar/ws_moveit2/install/launch_param_builder:/opt/ros/humble LD_LIBRARY_PATH=/mnt/Storage/Documents/MIT/Books/Robotics-2_Lab/Mini_Project/install/conveyorbelt_msgs/lib:/mnt/Storage/Documents/MIT/Books/Robotics-2_Lab/Mini_Project/install/ros2_conveyorbelt/lib:/home/srikar/ws_moveit2/install/pilz_industrial_motion_planner_testutils/lib:/home/srikar/ws_moveit2/install/pilz_industrial_motion_planner/lib:/home/srikar/ws_moveit2/install/moveit_visual_tools/lib:/home/srikar/ws_moveit2/install/moveit_task_constructor_visualization/lib:/home/srikar/ws_moveit2/install/moveit_task_constructor_demo/lib:/home/srikar/ws_moveit2/install/moveit_task_constructor_capabilities/lib:/home/srikar/ws_moveit2/install/moveit_task_constructor_core/lib:/home/srikar/ws_moveit2/install/moveit_ros_control_interface/lib:/home/srikar/ws_moveit2/install/moveit_simple_controller_manager/lib:/home/srikar/ws_moveit2/install/moveit_setup_assistant/lib:/home/srikar/ws_moveit2/install/moveit_setup_srdf_plugins/lib:/home/srikar/ws_moveit2/install/moveit_setup_core_plugins/lib:/home/srikar/ws_moveit2/install/moveit_setup_controllers/lib:/home/srikar/ws_moveit2/install/moveit_setup_app_plugins/lib:/home/srikar/ws_moveit2/install/moveit_setup_framework/lib:/home/srikar/ws_moveit2/install/moveit_servo/lib:/home/srikar/ws_moveit2/install/moveit_ros_visualization/lib:/home/srikar/ws_moveit2/install/moveit_hybrid_planning/lib:/home/srikar/ws_moveit2/install/moveit_ros_planning_interface/lib:/home/srikar/ws_moveit2/install/moveit_ros_benchmarks/lib:/home/srikar/ws_moveit2/install/moveit_ros_warehouse/lib:/home/srikar/ws_moveit2/install/moveit_ros_robot_interaction/lib:/home/srikar/ws_moveit2/install/moveit_ros_perception/lib:/home/srikar/ws_moveit2/install/moveit_ros_move_group/lib:/home/srikar/ws_moveit2/install/moveit_planners_ompl/lib:/home/srikar/ws_moveit2/install/moveit_ros_planning/lib:/home/srikar/ws_moveit2/install/moveit_ros_occupancy_map_monitor/lib:/home/srikar/ws_moveit2/install/moveit_resources_prbt_ikfast_manipulator_plugin/lib:/home/srikar/ws_moveit2/install/moveit_planners_chomp/lib:/home/srikar/ws_moveit2/install/moveit_kinematics/lib:/home/srikar/ws_moveit2/install/moveit_chomp_optimizer_adapter/lib:/home/srikar/ws_moveit2/install/chomp_motion_planner/lib:/home/srikar/ws_moveit2/install/moveit_core/lib:/home/srikar/ws_moveit2/install/srdfdom/lib:/home/srikar/ws_moveit2/install/rviz_marker_tools/lib:/home/srikar/ws_moveit2/install/rosparam_shortcuts/lib:/home/srikar/ws_moveit2/install/moveit_task_constructor_msgs/lib:/usr/lib/x86_64-linux-gnu/gazebo-11/plugins:/opt/ros/humble/opt/rviz_ogre_vendor/lib:/opt/ros/humble/lib/x86_64-linux-gnu:/opt/ros/humble/lib:/usr/lib/x86_64-linux-gnu/gazebo-11/plugins:/opt/ros/humble/lib/ /usr/bin/cmake --install /mnt/Storage/Documents/MIT/Books/Robotics-2_Lab/Mini_Project/build/ros2_conveyorbelt[0m
[3.338s] [34mcolcon.colcon_core.environment[0m [1;30mLevel 1[0m checking '/mnt/Storage/Documents/MIT/Books/Robotics-2_Lab/Mini_Project/install/ros2_conveyorbelt' for CMake config files
[3.338s] [34mcolcon.colcon_core.shell[0m [1;30mLevel 1[0m create_environment_hook('ros2_conveyorbelt', 'cmake_prefix_path')
[3.339s] [34mcolcon.colcon_core.shell[0m [1;30mINFO[0m Creating environment hook '/mnt/Storage/Documents/MIT/Books/Robotics-2_Lab/Mini_Project/install/ros2_conveyorbelt/share/ros2_conveyorbelt/hook/cmake_prefix_path.ps1'
[3.339s] [34mcolcon.colcon_core.shell[0m [1;30mINFO[0m Creating environment descriptor '/mnt/Storage/Documents/MIT/Books/Robotics-2_Lab/Mini_Project/install/ros2_conveyorbelt/share/ros2_conveyorbelt/hook/cmake_prefix_path.dsv'
[3.340s] [34mcolcon.colcon_core.shell[0m [1;30mINFO[0m Creating environment hook '/mnt/Storage/Documents/MIT/Books/Robotics-2_Lab/Mini_Project/install/ros2_conveyorbelt/share/ros2_conveyorbelt/hook/cmake_prefix_path.sh'
[3.341s] [34mcolcon.colcon_core.environment[0m [1;30mLevel 1[0m checking '/mnt/Storage/Documents/MIT/Books/Robotics-2_Lab/Mini_Project/install/ros2_conveyorbelt/lib'
[3.341s] [34mcolcon.colcon_core.shell[0m [1;30mLevel 1[0m create_environment_hook('ros2_conveyorbelt', 'ld_library_path_lib')
[3.342s] [34mcolcon.colcon_core.shell[0m [1;30mINFO[0m Creating environment hook '/mnt/Storage/Documents/MIT/Books/Robotics-2_Lab/Mini_Project/install/ros2_conveyorbelt/share/ros2_conveyorbelt/hook/ld_library_path_lib.ps1'
[3.343s] [34mcolcon.colcon_core.shell[0m [1;30mINFO[0m Creating environment descriptor '/mnt/Storage/Documents/MIT/Books/Robotics-2_Lab/Mini_Project/install/ros2_conveyorbelt/share/ros2_conveyorbelt/hook/ld_library_path_lib.dsv'
[3.344s] [34mcolcon.colcon_core.shell[0m [1;30mINFO[0m Creating environment hook '/mnt/Storage/Documents/MIT/Books/Robotics-2_Lab/Mini_Project/install/ros2_conveyorbelt/share/ros2_conveyorbelt/hook/ld_library_path_lib.sh'
[3.345s] [34mcolcon.colcon_core.environment[0m [1;30mLevel 1[0m checking '/mnt/Storage/Documents/MIT/Books/Robotics-2_Lab/Mini_Project/install/ros2_conveyorbelt/bin'
[3.346s] [34mcolcon.colcon_core.environment[0m [1;30mLevel 1[0m checking '/mnt/Storage/Documents/MIT/Books/Robotics-2_Lab/Mini_Project/install/ros2_conveyorbelt/lib/pkgconfig/ros2_conveyorbelt.pc'
[3.346s] [34mcolcon.colcon_core.environment[0m [1;30mLevel 1[0m checking '/mnt/Storage/Documents/MIT/Books/Robotics-2_Lab/Mini_Project/install/ros2_conveyorbelt/lib/python3.10/site-packages'
[3.347s] [34mcolcon.colcon_core.environment[0m [1;30mLevel 1[0m checking '/mnt/Storage/Documents/MIT/Books/Robotics-2_Lab/Mini_Project/install/ros2_conveyorbelt/bin'
[3.348s] [34mcolcon.colcon_core.shell[0m [1;30mINFO[0m Creating package script '/mnt/Storage/Documents/MIT/Books/Robotics-2_Lab/Mini_Project/install/ros2_conveyorbelt/share/ros2_conveyorbelt/package.ps1'
[3.349s] [34mcolcon.colcon_core.shell[0m [1;30mINFO[0m Creating package descriptor '/mnt/Storage/Documents/MIT/Books/Robotics-2_Lab/Mini_Project/install/ros2_conveyorbelt/share/ros2_conveyorbelt/package.dsv'
[3.350s] [34mcolcon.colcon_core.shell[0m [1;30mINFO[0m Creating package script '/mnt/Storage/Documents/MIT/Books/Robotics-2_Lab/Mini_Project/install/ros2_conveyorbelt/share/ros2_conveyorbelt/package.sh'
[3.350s] [34mcolcon.colcon_core.shell[0m [1;30mINFO[0m Creating package script '/mnt/Storage/Documents/MIT/Books/Robotics-2_Lab/Mini_Project/install/ros2_conveyorbelt/share/ros2_conveyorbelt/package.bash'
[3.351s] [34mcolcon.colcon_core.shell[0m [1;30mINFO[0m Creating package script '/mnt/Storage/Documents/MIT/Books/Robotics-2_Lab/Mini_Project/install/ros2_conveyorbelt/share/ros2_conveyorbelt/package.zsh'
[3.352s] [34mcolcon.colcon_core.environment[0m [1;30mLevel 1[0m create_file_with_runtime_dependencies(/mnt/Storage/Documents/MIT/Books/Robotics-2_Lab/Mini_Project/install/ros2_conveyorbelt/share/colcon-core/packages/ros2_conveyorbelt)
[3.441s] [34mcolcon.colcon_core.environment[0m [1;30mLevel 1[0m create_environment_scripts_only(ros2_conveyorbelt)
[3.442s] [34mcolcon.colcon_core.environment[0m [1;30mLevel 1[0m checking '/mnt/Storage/Documents/MIT/Books/Robotics-2_Lab/Mini_Project/install/ros2_conveyorbelt' for CMake module files
[3.443s] [34mcolcon.colcon_core.environment[0m [1;30mLevel 1[0m checking '/mnt/Storage/Documents/MIT/Books/Robotics-2_Lab/Mini_Project/install/ros2_conveyorbelt' for CMake config files
[3.447s] [34mcolcon.colcon_core.shell[0m [1;30mLevel 1[0m create_environment_hook('ros2_conveyorbelt', 'cmake_prefix_path')
[3.448s] [34mcolcon.colcon_core.shell[0m [1;30mINFO[0m Creating environment hook '/mnt/Storage/Documents/MIT/Books/Robotics-2_Lab/Mini_Project/install/ros2_conveyorbelt/share/ros2_conveyorbelt/hook/cmake_prefix_path.ps1'
[3.449s] [34mcolcon.colcon_core.shell[0m [1;30mINFO[0m Creating environment descriptor '/mnt/Storage/Documents/MIT/Books/Robotics-2_Lab/Mini_Project/install/ros2_conveyorbelt/share/ros2_conveyorbelt/hook/cmake_prefix_path.dsv'
[3.450s] [34mcolcon.colcon_core.shell[0m [1;30mINFO[0m Creating environment hook '/mnt/Storage/Documents/MIT/Books/Robotics-2_Lab/Mini_Project/install/ros2_conveyorbelt/share/ros2_conveyorbelt/hook/cmake_prefix_path.sh'
[3.455s] [34mcolcon.colcon_core.environment[0m [1;30mLevel 1[0m checking '/mnt/Storage/Documents/MIT/Books/Robotics-2_Lab/Mini_Project/install/ros2_conveyorbelt/lib'
[3.455s] [34mcolcon.colcon_core.shell[0m [1;30mLevel 1[0m create_environment_hook('ros2_conveyorbelt', 'ld_library_path_lib')
[3.455s] [34mcolcon.colcon_core.shell[0m [1;30mINFO[0m Creating environment hook '/mnt/Storage/Documents/MIT/Books/Robotics-2_Lab/Mini_Project/install/ros2_conveyorbelt/share/ros2_conveyorbelt/hook/ld_library_path_lib.ps1'
[3.456s] [34mcolcon.colcon_core.shell[0m [1;30mINFO[0m Creating environment descriptor '/mnt/Storage/Documents/MIT/Books/Robotics-2_Lab/Mini_Project/install/ros2_conveyorbelt/share/ros2_conveyorbelt/hook/ld_library_path_lib.dsv'
[3.457s] [34mcolcon.colcon_core.shell[0m [1;30mINFO[0m Creating environment hook '/mnt/Storage/Documents/MIT/Books/Robotics-2_Lab/Mini_Project/install/ros2_conveyorbelt/share/ros2_conveyorbelt/hook/ld_library_path_lib.sh'
[3.459s] [34mcolcon.colcon_core.environment[0m [1;30mLevel 1[0m checking '/mnt/Storage/Documents/MIT/Books/Robotics-2_Lab/Mini_Project/install/ros2_conveyorbelt/bin'
[3.460s] [34mcolcon.colcon_core.environment[0m [1;30mLevel 1[0m checking '/mnt/Storage/Documents/MIT/Books/Robotics-2_Lab/Mini_Project/install/ros2_conveyorbelt/lib/pkgconfig/ros2_conveyorbelt.pc'
[3.460s] [34mcolcon.colcon_core.environment[0m [1;30mLevel 1[0m checking '/mnt/Storage/Documents/MIT/Books/Robotics-2_Lab/Mini_Project/install/ros2_conveyorbelt/lib/python3.10/site-packages'
[3.461s] [34mcolcon.colcon_core.environment[0m [1;30mLevel 1[0m checking '/mnt/Storage/Documents/MIT/Books/Robotics-2_Lab/Mini_Project/install/ros2_conveyorbelt/bin'
[3.465s] [34mcolcon.colcon_core.shell[0m [1;30mINFO[0m Creating package script '/mnt/Storage/Documents/MIT/Books/Robotics-2_Lab/Mini_Project/install/ros2_conveyorbelt/share/ros2_conveyorbelt/package.ps1'
[3.467s] [34mcolcon.colcon_core.shell[0m [1;30mINFO[0m Creating package descriptor '/mnt/Storage/Documents/MIT/Books/Robotics-2_Lab/Mini_Project/install/ros2_conveyorbelt/share/ros2_conveyorbelt/package.dsv'
[3.471s] [34mcolcon.colcon_core.shell[0m [1;30mINFO[0m Creating package script '/mnt/Storage/Documents/MIT/Books/Robotics-2_Lab/Mini_Project/install/ros2_conveyorbelt/share/ros2_conveyorbelt/package.sh'
[3.472s] [34mcolcon.colcon_core.shell[0m [1;30mINFO[0m Creating package script '/mnt/Storage/Documents/MIT/Books/Robotics-2_Lab/Mini_Project/install/ros2_conveyorbelt/share/ros2_conveyorbelt/package.bash'
[3.474s] [34mcolcon.colcon_core.shell[0m [1;30mINFO[0m Creating package script '/mnt/Storage/Documents/MIT/Books/Robotics-2_Lab/Mini_Project/install/ros2_conveyorbelt/share/ros2_conveyorbelt/package.zsh'
[3.478s] [34mcolcon.colcon_core.environment[0m [1;30mLevel 1[0m create_file_with_runtime_dependencies(/mnt/Storage/Documents/MIT/Books/Robotics-2_Lab/Mini_Project/install/ros2_conveyorbelt/share/colcon-core/packages/ros2_conveyorbelt)
[4.802s] [34mcolcon.colcon_core.environment[0m [1;30mLevel 1[0m checking '/mnt/Storage/Documents/MIT/Books/Robotics-2_Lab/Mini_Project/install/ur5' for CMake module files
[4.803s] [34mcolcon.colcon_core.event_handler.log_command[0m [1;30mDEBUG[0m [32mInvoked command in '/mnt/Storage/Documents/MIT/Books/Robotics-2_Lab/Mini_Project/src/ur5' returned '0': PYTHONPATH=/mnt/Storage/Documents/MIT/Books/Robotics-2_Lab/Mini_Project/build/ur5/prefix_override:/usr/lib/python3/dist-packages/colcon_core/task/python/colcon_distutils_commands:/mnt/Storage/Documents/MIT/Books/Robotics-2_Lab/Mini_Project/install/ur5/lib/python3.10/site-packages:${PYTHONPATH} /usr/bin/python3 -W ignore:setup.py install is deprecated setup.py egg_info --egg-base ../../build/ur5 build --build-base /mnt/Storage/Documents/MIT/Books/Robotics-2_Lab/Mini_Project/build/ur5/build install --record /mnt/Storage/Documents/MIT/Books/Robotics-2_Lab/Mini_Project/build/ur5/install.log --single-version-externally-managed install_data[0m
[4.804s] [34mcolcon.colcon_core.environment[0m [1;30mLevel 1[0m checking '/mnt/Storage/Documents/MIT/Books/Robotics-2_Lab/Mini_Project/install/ur5' for CMake config files
[4.805s] [34mcolcon.colcon_core.environment[0m [1;30mLevel 1[0m checking '/mnt/Storage/Documents/MIT/Books/Robotics-2_Lab/Mini_Project/install/ur5/lib'
[4.805s] [34mcolcon.colcon_core.environment[0m [1;30mLevel 1[0m checking '/mnt/Storage/Documents/MIT/Books/Robotics-2_Lab/Mini_Project/install/ur5/bin'
[4.805s] [34mcolcon.colcon_core.environment[0m [1;30mLevel 1[0m checking '/mnt/Storage/Documents/MIT/Books/Robotics-2_Lab/Mini_Project/install/ur5/lib/pkgconfig/ur5.pc'
[4.805s] [34mcolcon.colcon_core.environment[0m [1;30mLevel 1[0m checking '/mnt/Storage/Documents/MIT/Books/Robotics-2_Lab/Mini_Project/install/ur5/lib/python3.10/site-packages'
[4.805s] [34mcolcon.colcon_core.shell[0m [1;30mLevel 1[0m create_environment_hook('ur5', 'pythonpath')
[4.806s] [34mcolcon.colcon_core.shell[0m [1;30mINFO[0m Creating environment hook '/mnt/Storage/Documents/MIT/Books/Robotics-2_Lab/Mini_Project/install/ur5/share/ur5/hook/pythonpath.ps1'
[4.807s] [34mcolcon.colcon_core.shell[0m [1;30mINFO[0m Creating environment descriptor '/mnt/Storage/Documents/MIT/Books/Robotics-2_Lab/Mini_Project/install/ur5/share/ur5/hook/pythonpath.dsv'
[4.808s] [34mcolcon.colcon_core.shell[0m [1;30mINFO[0m Creating environment hook '/mnt/Storage/Documents/MIT/Books/Robotics-2_Lab/Mini_Project/install/ur5/share/ur5/hook/pythonpath.sh'
[4.809s] [34mcolcon.colcon_core.environment[0m [1;30mLevel 1[0m checking '/mnt/Storage/Documents/MIT/Books/Robotics-2_Lab/Mini_Project/install/ur5/bin'
[4.810s] [34mcolcon.colcon_core.environment[0m [1;30mLevel 1[0m create_environment_scripts_only(ur5)
[4.811s] [34mcolcon.colcon_core.shell[0m [1;30mINFO[0m Creating package script '/mnt/Storage/Documents/MIT/Books/Robotics-2_Lab/Mini_Project/install/ur5/share/ur5/package.ps1'
[4.813s] [34mcolcon.colcon_core.shell[0m [1;30mINFO[0m Creating package descriptor '/mnt/Storage/Documents/MIT/Books/Robotics-2_Lab/Mini_Project/install/ur5/share/ur5/package.dsv'
[4.814s] [34mcolcon.colcon_core.shell[0m [1;30mINFO[0m Creating package script '/mnt/Storage/Documents/MIT/Books/Robotics-2_Lab/Mini_Project/install/ur5/share/ur5/package.sh'
[4.815s] [34mcolcon.colcon_core.shell[0m [1;30mINFO[0m Creating package script '/mnt/Storage/Documents/MIT/Books/Robotics-2_Lab/Mini_Project/install/ur5/share/ur5/package.bash'
[4.816s] [34mcolcon.colcon_core.shell[0m [1;30mINFO[0m Creating package script '/mnt/Storage/Documents/MIT/Books/Robotics-2_Lab/Mini_Project/install/ur5/share/ur5/package.zsh'
[4.817s] [34mcolcon.colcon_core.environment[0m [1;30mLevel 1[0m create_file_with_runtime_dependencies(/mnt/Storage/Documents/MIT/Books/Robotics-2_Lab/Mini_Project/install/ur5/share/colcon-core/packages/ur5)
[4.818s] [34mcolcon.colcon_parallel_executor.executor.parallel[0m [1;30mDEBUG[0m [32mclosing loop[0m
[4.818s] [34mcolcon.colcon_parallel_executor.executor.parallel[0m [1;30mDEBUG[0m [32mloop closed[0m
[4.818s] [34mcolcon.colcon_parallel_executor.executor.parallel[0m [1;30mDEBUG[0m [32mrun_until_complete finished with '0'[0m
[4.819s] [34mcolcon.colcon_core.event_reactor[0m [1;30mDEBUG[0m [32mjoining thread[0m
[4.832s] [34mcolcon.colcon_core.plugin_system[0m [1;30mINFO[0m Skipping extension 'colcon_notification.desktop_notification.terminal_notifier': Not used on non-Darwin systems
[4.832s] [34mcolcon.colcon_core.plugin_system[0m [1;30mINFO[0m Skipping extension 'colcon_notification.desktop_notification.win32': Not used on non-Windows systems
[4.832s] [34mcolcon.colcon_notification.desktop_notification[0m [1;30mINFO[0m Sending desktop notification using 'notify2'
[4.852s] [34mcolcon.colcon_core.event_reactor[0m [1;30mDEBUG[0m [32mjoined thread[0m
[4.853s] [34mcolcon.colcon_core.shell[0m [1;30mINFO[0m Creating prefix script '/mnt/Storage/Documents/MIT/Books/Robotics-2_Lab/Mini_Project/install/local_setup.ps1'
[4.854s] [34mcolcon.colcon_core.shell[0m [1;30mINFO[0m Creating prefix util module '/mnt/Storage/Documents/MIT/Books/Robotics-2_Lab/Mini_Project/install/_local_setup_util_ps1.py'
[4.858s] [34mcolcon.colcon_core.shell[0m [1;30mINFO[0m Creating prefix chain script '/mnt/Storage/Documents/MIT/Books/Robotics-2_Lab/Mini_Project/install/setup.ps1'
[4.863s] [34mcolcon.colcon_core.shell[0m [1;30mINFO[0m Creating prefix script '/mnt/Storage/Documents/MIT/Books/Robotics-2_Lab/Mini_Project/install/local_setup.sh'
[4.864s] [34mcolcon.colcon_core.shell[0m [1;30mINFO[0m Creating prefix util module '/mnt/Storage/Documents/MIT/Books/Robotics-2_Lab/Mini_Project/install/_local_setup_util_sh.py'
[4.865s] [34mcolcon.colcon_core.shell[0m [1;30mINFO[0m Creating prefix chain script '/mnt/Storage/Documents/MIT/Books/Robotics-2_Lab/Mini_Project/install/setup.sh'
[4.871s] [34mcolcon.colcon_core.shell[0m [1;30mINFO[0m Creating prefix script '/mnt/Storage/Documents/MIT/Books/Robotics-2_Lab/Mini_Project/install/local_setup.bash'
[4.873s] [34mcolcon.colcon_core.shell[0m [1;30mINFO[0m Creating prefix chain script '/mnt/Storage/Documents/MIT/Books/Robotics-2_Lab/Mini_Project/install/setup.bash'
[4.879s] [34mcolcon.colcon_core.shell[0m [1;30mINFO[0m Creating prefix script '/mnt/Storage/Documents/MIT/Books/Robotics-2_Lab/Mini_Project/install/local_setup.zsh'
[4.881s] [34mcolcon.colcon_core.shell[0m [1;30mINFO[0m Creating prefix chain script '/mnt/Storage/Documents/MIT/Books/Robotics-2_Lab/Mini_Project/install/setup.zsh'
