running egg_info
writing ../../build/ur5/ur5.egg-info/PKG-INFO
writing dependency_links to ../../build/ur5/ur5.egg-info/dependency_links.txt
writing entry points to ../../build/ur5/ur5.egg-info/entry_points.txt
writing requirements to ../../build/ur5/ur5.egg-info/requires.txt
writing top-level names to ../../build/ur5/ur5.egg-info/top_level.txt
reading manifest file '../../build/ur5/ur5.egg-info/SOURCES.txt'
writing manifest file '../../build/ur5/ur5.egg-info/SOURCES.txt'
running build
running build_py
copying ur5/controller_ik.py -> /mnt/Storage/Documents/MIT/Books/Robotics-2_Lab/Mini_Project/build/ur5/build/lib/ur5
running install
running install_lib
copying /mnt/Storage/Documents/MIT/Books/Robotics-2_Lab/Mini_Project/build/ur5/build/lib/ur5/controller_ik.py -> /mnt/Storage/Documents/MIT/Books/Robotics-2_Lab/Mini_Project/install/ur5/lib/python3.10/site-packages/ur5
byte-compiling /mnt/Storage/Documents/MIT/Books/Robotics-2_Lab/Mini_Project/install/ur5/lib/python3.10/site-packages/ur5/controller_ik.py to controller_ik.cpython-310.pyc
running install_data
copying launch/ur5_rviz.launch.py -> /mnt/Storage/Documents/MIT/Books/Robotics-2_Lab/Mini_Project/install/ur5/share/ur5
copying launch/ur5_control.launch.py -> /mnt/Storage/Documents/MIT/Books/Robotics-2_Lab/Mini_Project/install/ur5/share/ur5
copying launch/ur5_world.launch.py -> /mnt/Storage/Documents/MIT/Books/Robotics-2_Lab/Mini_Project/install/ur5/share/ur5
copying launch/ur5_gazebo.launch.py -> /mnt/Storage/Documents/MIT/Books/Robotics-2_Lab/Mini_Project/install/ur5/share/ur5
copying urdf/ur5_bot.urdf -> /mnt/Storage/Documents/MIT/Books/Robotics-2_Lab/Mini_Project/install/ur5/share/ur5
copying urdf/ur5_rviz_bot.urdf -> /mnt/Storage/Documents/MIT/Books/Robotics-2_Lab/Mini_Project/install/ur5/share/ur5
copying config/ur5_control.yaml -> /mnt/Storage/Documents/MIT/Books/Robotics-2_Lab/Mini_Project/install/ur5/share/ur5
running install_egg_info
removing '/mnt/Storage/Documents/MIT/Books/Robotics-2_Lab/Mini_Project/install/ur5/lib/python3.10/site-packages/ur5-0.0.0-py3.10.egg-info' (and everything under it)
Copying ../../build/ur5/ur5.egg-info to /mnt/Storage/Documents/MIT/Books/Robotics-2_Lab/Mini_Project/install/ur5/lib/python3.10/site-packages/ur5-0.0.0-py3.10.egg-info
running install_scripts
Installing gz script to /mnt/Storage/Documents/MIT/Books/Robotics-2_Lab/Mini_Project/install/ur5/lib/ur5
Installing gz_ik script to /mnt/Storage/Documents/MIT/Books/Robotics-2_Lab/Mini_Project/install/ur5/lib/ur5
Installing rviz script to /mnt/Storage/Documents/MIT/Books/Robotics-2_Lab/Mini_Project/install/ur5/lib/ur5
Installing rviz_ik script to /mnt/Storage/Documents/MIT/Books/Robotics-2_Lab/Mini_Project/install/ur5/lib/ur5
writing list of installed files to '/mnt/Storage/Documents/MIT/Books/Robotics-2_Lab/Mini_Project/build/ur5/install.log'
