[0.037s] Invoking command in '/mnt/Storage/Documents/MIT/Books/Robotics-2_Lab/Mini_Project/build/conveyorbelt_msgs': CMAKE_PREFIX_PATH=${CMAKE_PREFIX_PATH}:/mnt/Storage/Documents/MIT/Books/Robotics-2_Lab/Mini_Project/install/ur5:/home/srikar/ws_moveit2/install/moveit_configs_utils:/home/srikar/ws_moveit2/install/launch_param_builder:/opt/ros/humble /usr/bin/cmake --build /mnt/Storage/Documents/MIT/Books/Robotics-2_Lab/Mini_Project/build/conveyorbelt_msgs -- -j8 -l8
[0.123s] [  2%] Built target conveyorbelt_msgs__cpp
[0.123s] [ 12%] Built target conveyorbelt_msgs__rosidl_generator_c
[0.123s] [ 12%] Built target ament_cmake_python_copy_conveyorbelt_msgs
[0.123s] [ 23%] Built target conveyorbelt_msgs__rosidl_typesupport_introspection_c
[0.123s] [ 43%] Built target conveyorbelt_msgs__rosidl_typesupport_introspection_cpp
[0.124s] [ 43%] Built target conveyorbelt_msgs__rosidl_typesupport_c
[0.126s] [ 53%] Built target conveyorbelt_msgs__rosidl_typesupport_fastrtps_cpp
[0.126s] [ 71%] Built target conveyorbelt_msgs__rosidl_typesupport_fastrtps_c
[0.126s] [ 74%] Built target conveyorbelt_msgs__rosidl_typesupport_cpp
[0.128s] [ 74%] Built target conveyorbelt_msgs
[0.148s] [ 76%] Built target conveyorbelt_msgs__py
[0.166s] [ 84%] Built target conveyorbelt_msgs__rosidl_generator_py
[0.187s] [ 89%] Built target conveyorbelt_msgs__rosidl_typesupport_fastrtps_c__pyext
[0.188s] [ 94%] Built target conveyorbelt_msgs__rosidl_typesupport_introspection_c__pyext
[0.191s] [100%] Built target conveyorbelt_msgs__rosidl_typesupport_c__pyext
[0.388s] running egg_info
[0.415s] writing conveyorbelt_msgs.egg-info/PKG-INFO
[0.416s] writing dependency_links to conveyorbelt_msgs.egg-info/dependency_links.txt
[1.773s] writing top-level names to conveyorbelt_msgs.egg-info/top_level.txt
[1.872s] reading manifest file 'conveyorbelt_msgs.egg-info/SOURCES.txt'
[1.873s] writing manifest file 'conveyorbelt_msgs.egg-info/SOURCES.txt'
[1.908s] [100%] Built target ament_cmake_python_build_conveyorbelt_msgs_egg
[1.915s] Invoked command in '/mnt/Storage/Documents/MIT/Books/Robotics-2_Lab/Mini_Project/build/conveyorbelt_msgs' returned '0': CMAKE_PREFIX_PATH=${CMAKE_PREFIX_PATH}:/mnt/Storage/Documents/MIT/Books/Robotics-2_Lab/Mini_Project/install/ur5:/home/srikar/ws_moveit2/install/moveit_configs_utils:/home/srikar/ws_moveit2/install/launch_param_builder:/opt/ros/humble /usr/bin/cmake --build /mnt/Storage/Documents/MIT/Books/Robotics-2_Lab/Mini_Project/build/conveyorbelt_msgs -- -j8 -l8
[2.062s] Invoking command in '/mnt/Storage/Documents/MIT/Books/Robotics-2_Lab/Mini_Project/build/conveyorbelt_msgs': CMAKE_PREFIX_PATH=${CMAKE_PREFIX_PATH}:/mnt/Storage/Documents/MIT/Books/Robotics-2_Lab/Mini_Project/install/ur5:/home/srikar/ws_moveit2/install/moveit_configs_utils:/home/srikar/ws_moveit2/install/launch_param_builder:/opt/ros/humble /usr/bin/cmake --install /mnt/Storage/Documents/MIT/Books/Robotics-2_Lab/Mini_Project/build/conveyorbelt_msgs
[2.067s] -- Install configuration: ""
[2.068s] -- Up-to-date: /mnt/Storage/Documents/MIT/Books/Robotics-2_Lab/Mini_Project/install/conveyorbelt_msgs/share/conveyorbelt_msgs/msg
[2.068s] -- Up-to-date: /mnt/Storage/Documents/MIT/Books/Robotics-2_Lab/Mini_Project/install/conveyorbelt_msgs/share/conveyorbelt_msgs/msg/ConveyorBeltState.msg
[2.068s] -- Up-to-date: /mnt/Storage/Documents/MIT/Books/Robotics-2_Lab/Mini_Project/install/conveyorbelt_msgs/share/conveyorbelt_msgs/srv
[2.068s] -- Up-to-date: /mnt/Storage/Documents/MIT/Books/Robotics-2_Lab/Mini_Project/install/conveyorbelt_msgs/share/conveyorbelt_msgs/srv/ConveyorBeltControl.srv
[2.068s] -- Up-to-date: /mnt/Storage/Documents/MIT/Books/Robotics-2_Lab/Mini_Project/install/conveyorbelt_msgs/share/ament_index/resource_index/rosidl_interfaces/conveyorbelt_msgs
[2.069s] -- Up-to-date: /mnt/Storage/Documents/MIT/Books/Robotics-2_Lab/Mini_Project/install/conveyorbelt_msgs/include/conveyorbelt_msgs/conveyorbelt_msgs
[2.069s] -- Up-to-date: /mnt/Storage/Documents/MIT/Books/Robotics-2_Lab/Mini_Project/install/conveyorbelt_msgs/include/conveyorbelt_msgs/conveyorbelt_msgs/srv
[2.069s] -- Up-to-date: /mnt/Storage/Documents/MIT/Books/Robotics-2_Lab/Mini_Project/install/conveyorbelt_msgs/include/conveyorbelt_msgs/conveyorbelt_msgs/srv/conveyor_belt_control.h
[2.069s] -- Up-to-date: /mnt/Storage/Documents/MIT/Books/Robotics-2_Lab/Mini_Project/install/conveyorbelt_msgs/include/conveyorbelt_msgs/conveyorbelt_msgs/srv/detail
[2.070s] -- Up-to-date: /mnt/Storage/Documents/MIT/Books/Robotics-2_Lab/Mini_Project/install/conveyorbelt_msgs/include/conveyorbelt_msgs/conveyorbelt_msgs/srv/detail/conveyor_belt_control__struct.h
[2.070s] -- Up-to-date: /mnt/Storage/Documents/MIT/Books/Robotics-2_Lab/Mini_Project/install/conveyorbelt_msgs/include/conveyorbelt_msgs/conveyorbelt_msgs/srv/detail/conveyor_belt_control__type_support.h
[2.070s] -- Up-to-date: /mnt/Storage/Documents/MIT/Books/Robotics-2_Lab/Mini_Project/install/conveyorbelt_msgs/include/conveyorbelt_msgs/conveyorbelt_msgs/srv/detail/conveyor_belt_control__functions.h
[2.070s] -- Up-to-date: /mnt/Storage/Documents/MIT/Books/Robotics-2_Lab/Mini_Project/install/conveyorbelt_msgs/include/conveyorbelt_msgs/conveyorbelt_msgs/srv/detail/conveyor_belt_control__functions.c
[2.070s] -- Up-to-date: /mnt/Storage/Documents/MIT/Books/Robotics-2_Lab/Mini_Project/install/conveyorbelt_msgs/include/conveyorbelt_msgs/conveyorbelt_msgs/msg
[2.070s] -- Up-to-date: /mnt/Storage/Documents/MIT/Books/Robotics-2_Lab/Mini_Project/install/conveyorbelt_msgs/include/conveyorbelt_msgs/conveyorbelt_msgs/msg/conveyor_belt_state.h
[2.071s] -- Up-to-date: /mnt/Storage/Documents/MIT/Books/Robotics-2_Lab/Mini_Project/install/conveyorbelt_msgs/include/conveyorbelt_msgs/conveyorbelt_msgs/msg/detail
[2.071s] -- Up-to-date: /mnt/Storage/Documents/MIT/Books/Robotics-2_Lab/Mini_Project/install/conveyorbelt_msgs/include/conveyorbelt_msgs/conveyorbelt_msgs/msg/detail/conveyor_belt_state__type_support.h
[2.071s] -- Up-to-date: /mnt/Storage/Documents/MIT/Books/Robotics-2_Lab/Mini_Project/install/conveyorbelt_msgs/include/conveyorbelt_msgs/conveyorbelt_msgs/msg/detail/conveyor_belt_state__functions.c
[2.071s] -- Up-to-date: /mnt/Storage/Documents/MIT/Books/Robotics-2_Lab/Mini_Project/install/conveyorbelt_msgs/include/conveyorbelt_msgs/conveyorbelt_msgs/msg/detail/conveyor_belt_state__functions.h
[2.072s] -- Up-to-date: /mnt/Storage/Documents/MIT/Books/Robotics-2_Lab/Mini_Project/install/conveyorbelt_msgs/include/conveyorbelt_msgs/conveyorbelt_msgs/msg/detail/conveyor_belt_state__struct.h
[2.072s] -- Up-to-date: /mnt/Storage/Documents/MIT/Books/Robotics-2_Lab/Mini_Project/install/conveyorbelt_msgs/include/conveyorbelt_msgs/conveyorbelt_msgs/msg/rosidl_generator_c__visibility_control.h
[2.072s] -- Up-to-date: /mnt/Storage/Documents/MIT/Books/Robotics-2_Lab/Mini_Project/install/conveyorbelt_msgs/share/conveyorbelt_msgs/environment/library_path.sh
[2.072s] -- Up-to-date: /mnt/Storage/Documents/MIT/Books/Robotics-2_Lab/Mini_Project/install/conveyorbelt_msgs/share/conveyorbelt_msgs/environment/library_path.dsv
[2.072s] -- Up-to-date: /mnt/Storage/Documents/MIT/Books/Robotics-2_Lab/Mini_Project/install/conveyorbelt_msgs/lib/libconveyorbelt_msgs__rosidl_generator_c.so
[2.072s] -- Up-to-date: /mnt/Storage/Documents/MIT/Books/Robotics-2_Lab/Mini_Project/install/conveyorbelt_msgs/include/conveyorbelt_msgs/conveyorbelt_msgs
[2.073s] -- Up-to-date: /mnt/Storage/Documents/MIT/Books/Robotics-2_Lab/Mini_Project/install/conveyorbelt_msgs/include/conveyorbelt_msgs/conveyorbelt_msgs/srv
[2.073s] -- Up-to-date: /mnt/Storage/Documents/MIT/Books/Robotics-2_Lab/Mini_Project/install/conveyorbelt_msgs/include/conveyorbelt_msgs/conveyorbelt_msgs/srv/detail
[2.073s] -- Up-to-date: /mnt/Storage/Documents/MIT/Books/Robotics-2_Lab/Mini_Project/install/conveyorbelt_msgs/include/conveyorbelt_msgs/conveyorbelt_msgs/srv/detail/conveyor_belt_control__rosidl_typesupport_fastrtps_c.h
[2.073s] -- Up-to-date: /mnt/Storage/Documents/MIT/Books/Robotics-2_Lab/Mini_Project/install/conveyorbelt_msgs/include/conveyorbelt_msgs/conveyorbelt_msgs/msg
[2.073s] -- Up-to-date: /mnt/Storage/Documents/MIT/Books/Robotics-2_Lab/Mini_Project/install/conveyorbelt_msgs/include/conveyorbelt_msgs/conveyorbelt_msgs/msg/rosidl_typesupport_fastrtps_c__visibility_control.h
[2.073s] -- Up-to-date: /mnt/Storage/Documents/MIT/Books/Robotics-2_Lab/Mini_Project/install/conveyorbelt_msgs/include/conveyorbelt_msgs/conveyorbelt_msgs/msg/detail
[2.074s] -- Up-to-date: /mnt/Storage/Documents/MIT/Books/Robotics-2_Lab/Mini_Project/install/conveyorbelt_msgs/include/conveyorbelt_msgs/conveyorbelt_msgs/msg/detail/conveyor_belt_state__rosidl_typesupport_fastrtps_c.h
[2.074s] -- Up-to-date: /mnt/Storage/Documents/MIT/Books/Robotics-2_Lab/Mini_Project/install/conveyorbelt_msgs/lib/libconveyorbelt_msgs__rosidl_typesupport_fastrtps_c.so
[2.074s] -- Up-to-date: /mnt/Storage/Documents/MIT/Books/Robotics-2_Lab/Mini_Project/install/conveyorbelt_msgs/include/conveyorbelt_msgs/conveyorbelt_msgs
[2.074s] -- Up-to-date: /mnt/Storage/Documents/MIT/Books/Robotics-2_Lab/Mini_Project/install/conveyorbelt_msgs/include/conveyorbelt_msgs/conveyorbelt_msgs/srv
[2.074s] -- Up-to-date: /mnt/Storage/Documents/MIT/Books/Robotics-2_Lab/Mini_Project/install/conveyorbelt_msgs/include/conveyorbelt_msgs/conveyorbelt_msgs/srv/detail
[2.074s] -- Up-to-date: /mnt/Storage/Documents/MIT/Books/Robotics-2_Lab/Mini_Project/install/conveyorbelt_msgs/include/conveyorbelt_msgs/conveyorbelt_msgs/srv/detail/conveyor_belt_control__rosidl_typesupport_introspection_c.h
[2.075s] -- Up-to-date: /mnt/Storage/Documents/MIT/Books/Robotics-2_Lab/Mini_Project/install/conveyorbelt_msgs/include/conveyorbelt_msgs/conveyorbelt_msgs/srv/detail/conveyor_belt_control__type_support.c
[2.075s] -- Up-to-date: /mnt/Storage/Documents/MIT/Books/Robotics-2_Lab/Mini_Project/install/conveyorbelt_msgs/include/conveyorbelt_msgs/conveyorbelt_msgs/msg
[2.075s] -- Up-to-date: /mnt/Storage/Documents/MIT/Books/Robotics-2_Lab/Mini_Project/install/conveyorbelt_msgs/include/conveyorbelt_msgs/conveyorbelt_msgs/msg/rosidl_typesupport_introspection_c__visibility_control.h
[2.075s] -- Up-to-date: /mnt/Storage/Documents/MIT/Books/Robotics-2_Lab/Mini_Project/install/conveyorbelt_msgs/include/conveyorbelt_msgs/conveyorbelt_msgs/msg/detail
[2.075s] -- Up-to-date: /mnt/Storage/Documents/MIT/Books/Robotics-2_Lab/Mini_Project/install/conveyorbelt_msgs/include/conveyorbelt_msgs/conveyorbelt_msgs/msg/detail/conveyor_belt_state__rosidl_typesupport_introspection_c.h
[2.075s] -- Up-to-date: /mnt/Storage/Documents/MIT/Books/Robotics-2_Lab/Mini_Project/install/conveyorbelt_msgs/include/conveyorbelt_msgs/conveyorbelt_msgs/msg/detail/conveyor_belt_state__type_support.c
[2.075s] -- Up-to-date: /mnt/Storage/Documents/MIT/Books/Robotics-2_Lab/Mini_Project/install/conveyorbelt_msgs/lib/libconveyorbelt_msgs__rosidl_typesupport_introspection_c.so
[2.076s] -- Up-to-date: /mnt/Storage/Documents/MIT/Books/Robotics-2_Lab/Mini_Project/install/conveyorbelt_msgs/lib/libconveyorbelt_msgs__rosidl_typesupport_c.so
[2.076s] -- Up-to-date: /mnt/Storage/Documents/MIT/Books/Robotics-2_Lab/Mini_Project/install/conveyorbelt_msgs/include/conveyorbelt_msgs/conveyorbelt_msgs
[2.076s] -- Up-to-date: /mnt/Storage/Documents/MIT/Books/Robotics-2_Lab/Mini_Project/install/conveyorbelt_msgs/include/conveyorbelt_msgs/conveyorbelt_msgs/srv
[2.076s] -- Up-to-date: /mnt/Storage/Documents/MIT/Books/Robotics-2_Lab/Mini_Project/install/conveyorbelt_msgs/include/conveyorbelt_msgs/conveyorbelt_msgs/srv/detail
[2.076s] -- Up-to-date: /mnt/Storage/Documents/MIT/Books/Robotics-2_Lab/Mini_Project/install/conveyorbelt_msgs/include/conveyorbelt_msgs/conveyorbelt_msgs/srv/detail/conveyor_belt_control__builder.hpp
[2.076s] -- Up-to-date: /mnt/Storage/Documents/MIT/Books/Robotics-2_Lab/Mini_Project/install/conveyorbelt_msgs/include/conveyorbelt_msgs/conveyorbelt_msgs/srv/detail/conveyor_belt_control__traits.hpp
[2.076s] -- Up-to-date: /mnt/Storage/Documents/MIT/Books/Robotics-2_Lab/Mini_Project/install/conveyorbelt_msgs/include/conveyorbelt_msgs/conveyorbelt_msgs/srv/detail/conveyor_belt_control__struct.hpp
[2.077s] -- Up-to-date: /mnt/Storage/Documents/MIT/Books/Robotics-2_Lab/Mini_Project/install/conveyorbelt_msgs/include/conveyorbelt_msgs/conveyorbelt_msgs/srv/conveyor_belt_control.hpp
[2.077s] -- Up-to-date: /mnt/Storage/Documents/MIT/Books/Robotics-2_Lab/Mini_Project/install/conveyorbelt_msgs/include/conveyorbelt_msgs/conveyorbelt_msgs/msg
[2.077s] -- Up-to-date: /mnt/Storage/Documents/MIT/Books/Robotics-2_Lab/Mini_Project/install/conveyorbelt_msgs/include/conveyorbelt_msgs/conveyorbelt_msgs/msg/detail
[2.077s] -- Up-to-date: /mnt/Storage/Documents/MIT/Books/Robotics-2_Lab/Mini_Project/install/conveyorbelt_msgs/include/conveyorbelt_msgs/conveyorbelt_msgs/msg/detail/conveyor_belt_state__struct.hpp
[2.077s] -- Up-to-date: /mnt/Storage/Documents/MIT/Books/Robotics-2_Lab/Mini_Project/install/conveyorbelt_msgs/include/conveyorbelt_msgs/conveyorbelt_msgs/msg/detail/conveyor_belt_state__traits.hpp
[2.077s] -- Up-to-date: /mnt/Storage/Documents/MIT/Books/Robotics-2_Lab/Mini_Project/install/conveyorbelt_msgs/include/conveyorbelt_msgs/conveyorbelt_msgs/msg/detail/conveyor_belt_state__builder.hpp
[2.077s] -- Up-to-date: /mnt/Storage/Documents/MIT/Books/Robotics-2_Lab/Mini_Project/install/conveyorbelt_msgs/include/conveyorbelt_msgs/conveyorbelt_msgs/msg/conveyor_belt_state.hpp
[2.077s] -- Up-to-date: /mnt/Storage/Documents/MIT/Books/Robotics-2_Lab/Mini_Project/install/conveyorbelt_msgs/include/conveyorbelt_msgs/conveyorbelt_msgs
[2.078s] -- Up-to-date: /mnt/Storage/Documents/MIT/Books/Robotics-2_Lab/Mini_Project/install/conveyorbelt_msgs/include/conveyorbelt_msgs/conveyorbelt_msgs/srv
[2.078s] -- Up-to-date: /mnt/Storage/Documents/MIT/Books/Robotics-2_Lab/Mini_Project/install/conveyorbelt_msgs/include/conveyorbelt_msgs/conveyorbelt_msgs/srv/detail
[2.078s] -- Up-to-date: /mnt/Storage/Documents/MIT/Books/Robotics-2_Lab/Mini_Project/install/conveyorbelt_msgs/include/conveyorbelt_msgs/conveyorbelt_msgs/srv/detail/conveyor_belt_control__rosidl_typesupport_fastrtps_cpp.hpp
[2.078s] -- Up-to-date: /mnt/Storage/Documents/MIT/Books/Robotics-2_Lab/Mini_Project/install/conveyorbelt_msgs/include/conveyorbelt_msgs/conveyorbelt_msgs/srv/detail/dds_fastrtps
[2.078s] -- Up-to-date: /mnt/Storage/Documents/MIT/Books/Robotics-2_Lab/Mini_Project/install/conveyorbelt_msgs/include/conveyorbelt_msgs/conveyorbelt_msgs/msg
[2.078s] -- Up-to-date: /mnt/Storage/Documents/MIT/Books/Robotics-2_Lab/Mini_Project/install/conveyorbelt_msgs/include/conveyorbelt_msgs/conveyorbelt_msgs/msg/detail
[2.078s] -- Up-to-date: /mnt/Storage/Documents/MIT/Books/Robotics-2_Lab/Mini_Project/install/conveyorbelt_msgs/include/conveyorbelt_msgs/conveyorbelt_msgs/msg/detail/conveyor_belt_state__rosidl_typesupport_fastrtps_cpp.hpp
[2.078s] -- Up-to-date: /mnt/Storage/Documents/MIT/Books/Robotics-2_Lab/Mini_Project/install/conveyorbelt_msgs/include/conveyorbelt_msgs/conveyorbelt_msgs/msg/detail/dds_fastrtps
[2.079s] -- Up-to-date: /mnt/Storage/Documents/MIT/Books/Robotics-2_Lab/Mini_Project/install/conveyorbelt_msgs/include/conveyorbelt_msgs/conveyorbelt_msgs/msg/rosidl_typesupport_fastrtps_cpp__visibility_control.h
[2.079s] -- Up-to-date: /mnt/Storage/Documents/MIT/Books/Robotics-2_Lab/Mini_Project/install/conveyorbelt_msgs/lib/libconveyorbelt_msgs__rosidl_typesupport_fastrtps_cpp.so
[2.079s] -- Up-to-date: /mnt/Storage/Documents/MIT/Books/Robotics-2_Lab/Mini_Project/install/conveyorbelt_msgs/include/conveyorbelt_msgs/conveyorbelt_msgs
[2.079s] -- Up-to-date: /mnt/Storage/Documents/MIT/Books/Robotics-2_Lab/Mini_Project/install/conveyorbelt_msgs/include/conveyorbelt_msgs/conveyorbelt_msgs/srv
[2.079s] -- Up-to-date: /mnt/Storage/Documents/MIT/Books/Robotics-2_Lab/Mini_Project/install/conveyorbelt_msgs/include/conveyorbelt_msgs/conveyorbelt_msgs/srv/detail
[2.079s] -- Up-to-date: /mnt/Storage/Documents/MIT/Books/Robotics-2_Lab/Mini_Project/install/conveyorbelt_msgs/include/conveyorbelt_msgs/conveyorbelt_msgs/srv/detail/conveyor_belt_control__rosidl_typesupport_introspection_cpp.hpp
[2.080s] -- Up-to-date: /mnt/Storage/Documents/MIT/Books/Robotics-2_Lab/Mini_Project/install/conveyorbelt_msgs/include/conveyorbelt_msgs/conveyorbelt_msgs/srv/detail/conveyor_belt_control__type_support.cpp
[2.080s] -- Up-to-date: /mnt/Storage/Documents/MIT/Books/Robotics-2_Lab/Mini_Project/install/conveyorbelt_msgs/include/conveyorbelt_msgs/conveyorbelt_msgs/msg
[2.080s] -- Up-to-date: /mnt/Storage/Documents/MIT/Books/Robotics-2_Lab/Mini_Project/install/conveyorbelt_msgs/include/conveyorbelt_msgs/conveyorbelt_msgs/msg/detail
[2.080s] -- Up-to-date: /mnt/Storage/Documents/MIT/Books/Robotics-2_Lab/Mini_Project/install/conveyorbelt_msgs/include/conveyorbelt_msgs/conveyorbelt_msgs/msg/detail/conveyor_belt_state__type_support.cpp
[2.080s] -- Up-to-date: /mnt/Storage/Documents/MIT/Books/Robotics-2_Lab/Mini_Project/install/conveyorbelt_msgs/include/conveyorbelt_msgs/conveyorbelt_msgs/msg/detail/conveyor_belt_state__rosidl_typesupport_introspection_cpp.hpp
[2.080s] -- Up-to-date: /mnt/Storage/Documents/MIT/Books/Robotics-2_Lab/Mini_Project/install/conveyorbelt_msgs/lib/libconveyorbelt_msgs__rosidl_typesupport_introspection_cpp.so
[2.080s] -- Up-to-date: /mnt/Storage/Documents/MIT/Books/Robotics-2_Lab/Mini_Project/install/conveyorbelt_msgs/lib/libconveyorbelt_msgs__rosidl_typesupport_cpp.so
[2.080s] -- Up-to-date: /mnt/Storage/Documents/MIT/Books/Robotics-2_Lab/Mini_Project/install/conveyorbelt_msgs/share/conveyorbelt_msgs/environment/pythonpath.sh
[2.081s] -- Up-to-date: /mnt/Storage/Documents/MIT/Books/Robotics-2_Lab/Mini_Project/install/conveyorbelt_msgs/share/conveyorbelt_msgs/environment/pythonpath.dsv
[2.081s] -- Up-to-date: /mnt/Storage/Documents/MIT/Books/Robotics-2_Lab/Mini_Project/install/conveyorbelt_msgs/local/lib/python3.10/dist-packages/conveyorbelt_msgs-0.0.0-py3.10.egg-info
[2.081s] -- Installing: /mnt/Storage/Documents/MIT/Books/Robotics-2_Lab/Mini_Project/install/conveyorbelt_msgs/local/lib/python3.10/dist-packages/conveyorbelt_msgs-0.0.0-py3.10.egg-info/top_level.txt
[2.081s] -- Installing: /mnt/Storage/Documents/MIT/Books/Robotics-2_Lab/Mini_Project/install/conveyorbelt_msgs/local/lib/python3.10/dist-packages/conveyorbelt_msgs-0.0.0-py3.10.egg-info/SOURCES.txt
[2.081s] -- Installing: /mnt/Storage/Documents/MIT/Books/Robotics-2_Lab/Mini_Project/install/conveyorbelt_msgs/local/lib/python3.10/dist-packages/conveyorbelt_msgs-0.0.0-py3.10.egg-info/PKG-INFO
[2.081s] -- Installing: /mnt/Storage/Documents/MIT/Books/Robotics-2_Lab/Mini_Project/install/conveyorbelt_msgs/local/lib/python3.10/dist-packages/conveyorbelt_msgs-0.0.0-py3.10.egg-info/dependency_links.txt
[2.081s] -- Up-to-date: /mnt/Storage/Documents/MIT/Books/Robotics-2_Lab/Mini_Project/install/conveyorbelt_msgs/local/lib/python3.10/dist-packages/conveyorbelt_msgs
[2.082s] -- Up-to-date: /mnt/Storage/Documents/MIT/Books/Robotics-2_Lab/Mini_Project/install/conveyorbelt_msgs/local/lib/python3.10/dist-packages/conveyorbelt_msgs/libconveyorbelt_msgs__rosidl_generator_py.so
[2.082s] -- Up-to-date: /mnt/Storage/Documents/MIT/Books/Robotics-2_Lab/Mini_Project/install/conveyorbelt_msgs/local/lib/python3.10/dist-packages/conveyorbelt_msgs/_conveyorbelt_msgs_s.ep.rosidl_typesupport_introspection_c.c
[2.082s] -- Up-to-date: /mnt/Storage/Documents/MIT/Books/Robotics-2_Lab/Mini_Project/install/conveyorbelt_msgs/local/lib/python3.10/dist-packages/conveyorbelt_msgs/_conveyorbelt_msgs_s.ep.rosidl_typesupport_c.c
[2.082s] -- Up-to-date: /mnt/Storage/Documents/MIT/Books/Robotics-2_Lab/Mini_Project/install/conveyorbelt_msgs/local/lib/python3.10/dist-packages/conveyorbelt_msgs/conveyorbelt_msgs_s__rosidl_typesupport_fastrtps_c.cpython-310-x86_64-linux-gnu.so
[2.082s] -- Up-to-date: /mnt/Storage/Documents/MIT/Books/Robotics-2_Lab/Mini_Project/install/conveyorbelt_msgs/local/lib/python3.10/dist-packages/conveyorbelt_msgs/conveyorbelt_msgs_s__rosidl_typesupport_c.cpython-310-x86_64-linux-gnu.so
[2.082s] -- Up-to-date: /mnt/Storage/Documents/MIT/Books/Robotics-2_Lab/Mini_Project/install/conveyorbelt_msgs/local/lib/python3.10/dist-packages/conveyorbelt_msgs/conveyorbelt_msgs_s__rosidl_typesupport_introspection_c.cpython-310-x86_64-linux-gnu.so
[2.082s] -- Up-to-date: /mnt/Storage/Documents/MIT/Books/Robotics-2_Lab/Mini_Project/install/conveyorbelt_msgs/local/lib/python3.10/dist-packages/conveyorbelt_msgs/srv
[2.082s] -- Up-to-date: /mnt/Storage/Documents/MIT/Books/Robotics-2_Lab/Mini_Project/install/conveyorbelt_msgs/local/lib/python3.10/dist-packages/conveyorbelt_msgs/srv/_conveyor_belt_control_s.c
[2.083s] -- Up-to-date: /mnt/Storage/Documents/MIT/Books/Robotics-2_Lab/Mini_Project/install/conveyorbelt_msgs/local/lib/python3.10/dist-packages/conveyorbelt_msgs/srv/_conveyor_belt_control.py
[2.083s] -- Up-to-date: /mnt/Storage/Documents/MIT/Books/Robotics-2_Lab/Mini_Project/install/conveyorbelt_msgs/local/lib/python3.10/dist-packages/conveyorbelt_msgs/srv/__init__.py
[2.083s] -- Up-to-date: /mnt/Storage/Documents/MIT/Books/Robotics-2_Lab/Mini_Project/install/conveyorbelt_msgs/local/lib/python3.10/dist-packages/conveyorbelt_msgs/__init__.py
[2.083s] -- Up-to-date: /mnt/Storage/Documents/MIT/Books/Robotics-2_Lab/Mini_Project/install/conveyorbelt_msgs/local/lib/python3.10/dist-packages/conveyorbelt_msgs/msg
[2.083s] -- Up-to-date: /mnt/Storage/Documents/MIT/Books/Robotics-2_Lab/Mini_Project/install/conveyorbelt_msgs/local/lib/python3.10/dist-packages/conveyorbelt_msgs/msg/_conveyor_belt_state.py
[2.083s] -- Up-to-date: /mnt/Storage/Documents/MIT/Books/Robotics-2_Lab/Mini_Project/install/conveyorbelt_msgs/local/lib/python3.10/dist-packages/conveyorbelt_msgs/msg/_conveyor_belt_state_s.c
[2.083s] -- Up-to-date: /mnt/Storage/Documents/MIT/Books/Robotics-2_Lab/Mini_Project/install/conveyorbelt_msgs/local/lib/python3.10/dist-packages/conveyorbelt_msgs/msg/__init__.py
[2.083s] -- Up-to-date: /mnt/Storage/Documents/MIT/Books/Robotics-2_Lab/Mini_Project/install/conveyorbelt_msgs/local/lib/python3.10/dist-packages/conveyorbelt_msgs/_conveyorbelt_msgs_s.ep.rosidl_typesupport_fastrtps_c.c
[2.117s] Listing '/mnt/Storage/Documents/MIT/Books/Robotics-2_Lab/Mini_Project/install/conveyorbelt_msgs/local/lib/python3.10/dist-packages/conveyorbelt_msgs'...
[2.117s] Listing '/mnt/Storage/Documents/MIT/Books/Robotics-2_Lab/Mini_Project/install/conveyorbelt_msgs/local/lib/python3.10/dist-packages/conveyorbelt_msgs/msg'...
[2.117s] Listing '/mnt/Storage/Documents/MIT/Books/Robotics-2_Lab/Mini_Project/install/conveyorbelt_msgs/local/lib/python3.10/dist-packages/conveyorbelt_msgs/srv'...
[2.122s] -- Up-to-date: /mnt/Storage/Documents/MIT/Books/Robotics-2_Lab/Mini_Project/install/conveyorbelt_msgs/local/lib/python3.10/dist-packages/conveyorbelt_msgs/conveyorbelt_msgs_s__rosidl_typesupport_fastrtps_c.cpython-310-x86_64-linux-gnu.so
[2.122s] -- Up-to-date: /mnt/Storage/Documents/MIT/Books/Robotics-2_Lab/Mini_Project/install/conveyorbelt_msgs/local/lib/python3.10/dist-packages/conveyorbelt_msgs/conveyorbelt_msgs_s__rosidl_typesupport_introspection_c.cpython-310-x86_64-linux-gnu.so
[2.123s] -- Up-to-date: /mnt/Storage/Documents/MIT/Books/Robotics-2_Lab/Mini_Project/install/conveyorbelt_msgs/local/lib/python3.10/dist-packages/conveyorbelt_msgs/conveyorbelt_msgs_s__rosidl_typesupport_c.cpython-310-x86_64-linux-gnu.so
[2.123s] -- Up-to-date: /mnt/Storage/Documents/MIT/Books/Robotics-2_Lab/Mini_Project/install/conveyorbelt_msgs/lib/libconveyorbelt_msgs__rosidl_generator_py.so
[2.124s] -- Up-to-date: /mnt/Storage/Documents/MIT/Books/Robotics-2_Lab/Mini_Project/install/conveyorbelt_msgs/share/conveyorbelt_msgs/msg/ConveyorBeltState.idl
[2.124s] -- Up-to-date: /mnt/Storage/Documents/MIT/Books/Robotics-2_Lab/Mini_Project/install/conveyorbelt_msgs/share/conveyorbelt_msgs/srv/ConveyorBeltControl.idl
[2.124s] -- Up-to-date: /mnt/Storage/Documents/MIT/Books/Robotics-2_Lab/Mini_Project/install/conveyorbelt_msgs/share/conveyorbelt_msgs/msg/ConveyorBeltState.msg
[2.124s] -- Up-to-date: /mnt/Storage/Documents/MIT/Books/Robotics-2_Lab/Mini_Project/install/conveyorbelt_msgs/share/conveyorbelt_msgs/srv/ConveyorBeltControl.srv
[2.124s] -- Up-to-date: /mnt/Storage/Documents/MIT/Books/Robotics-2_Lab/Mini_Project/install/conveyorbelt_msgs/share/conveyorbelt_msgs/srv/ConveyorBeltControl_Request.msg
[2.124s] -- Up-to-date: /mnt/Storage/Documents/MIT/Books/Robotics-2_Lab/Mini_Project/install/conveyorbelt_msgs/share/conveyorbelt_msgs/srv/ConveyorBeltControl_Response.msg
[2.124s] -- Up-to-date: /mnt/Storage/Documents/MIT/Books/Robotics-2_Lab/Mini_Project/install/conveyorbelt_msgs/share/ament_index/resource_index/package_run_dependencies/conveyorbelt_msgs
[2.124s] -- Up-to-date: /mnt/Storage/Documents/MIT/Books/Robotics-2_Lab/Mini_Project/install/conveyorbelt_msgs/share/ament_index/resource_index/parent_prefix_path/conveyorbelt_msgs
[2.124s] -- Up-to-date: /mnt/Storage/Documents/MIT/Books/Robotics-2_Lab/Mini_Project/install/conveyorbelt_msgs/share/conveyorbelt_msgs/environment/ament_prefix_path.sh
[2.124s] -- Up-to-date: /mnt/Storage/Documents/MIT/Books/Robotics-2_Lab/Mini_Project/install/conveyorbelt_msgs/share/conveyorbelt_msgs/environment/ament_prefix_path.dsv
[2.125s] -- Up-to-date: /mnt/Storage/Documents/MIT/Books/Robotics-2_Lab/Mini_Project/install/conveyorbelt_msgs/share/conveyorbelt_msgs/environment/path.sh
[2.125s] -- Up-to-date: /mnt/Storage/Documents/MIT/Books/Robotics-2_Lab/Mini_Project/install/conveyorbelt_msgs/share/conveyorbelt_msgs/environment/path.dsv
[2.125s] -- Up-to-date: /mnt/Storage/Documents/MIT/Books/Robotics-2_Lab/Mini_Project/install/conveyorbelt_msgs/share/conveyorbelt_msgs/local_setup.bash
[2.125s] -- Up-to-date: /mnt/Storage/Documents/MIT/Books/Robotics-2_Lab/Mini_Project/install/conveyorbelt_msgs/share/conveyorbelt_msgs/local_setup.sh
[2.125s] -- Up-to-date: /mnt/Storage/Documents/MIT/Books/Robotics-2_Lab/Mini_Project/install/conveyorbelt_msgs/share/conveyorbelt_msgs/local_setup.zsh
[2.125s] -- Up-to-date: /mnt/Storage/Documents/MIT/Books/Robotics-2_Lab/Mini_Project/install/conveyorbelt_msgs/share/conveyorbelt_msgs/local_setup.dsv
[2.125s] -- Installing: /mnt/Storage/Documents/MIT/Books/Robotics-2_Lab/Mini_Project/install/conveyorbelt_msgs/share/conveyorbelt_msgs/package.dsv
[2.125s] -- Up-to-date: /mnt/Storage/Documents/MIT/Books/Robotics-2_Lab/Mini_Project/install/conveyorbelt_msgs/share/ament_index/resource_index/packages/conveyorbelt_msgs
[2.125s] -- Up-to-date: /mnt/Storage/Documents/MIT/Books/Robotics-2_Lab/Mini_Project/install/conveyorbelt_msgs/share/conveyorbelt_msgs/cmake/export_conveyorbelt_msgs__rosidl_generator_cExport.cmake
[2.125s] -- Up-to-date: /mnt/Storage/Documents/MIT/Books/Robotics-2_Lab/Mini_Project/install/conveyorbelt_msgs/share/conveyorbelt_msgs/cmake/export_conveyorbelt_msgs__rosidl_generator_cExport-noconfig.cmake
[2.125s] -- Up-to-date: /mnt/Storage/Documents/MIT/Books/Robotics-2_Lab/Mini_Project/install/conveyorbelt_msgs/share/conveyorbelt_msgs/cmake/export_conveyorbelt_msgs__rosidl_typesupport_fastrtps_cExport.cmake
[2.126s] -- Up-to-date: /mnt/Storage/Documents/MIT/Books/Robotics-2_Lab/Mini_Project/install/conveyorbelt_msgs/share/conveyorbelt_msgs/cmake/export_conveyorbelt_msgs__rosidl_typesupport_fastrtps_cExport-noconfig.cmake
[2.126s] -- Up-to-date: /mnt/Storage/Documents/MIT/Books/Robotics-2_Lab/Mini_Project/install/conveyorbelt_msgs/share/conveyorbelt_msgs/cmake/conveyorbelt_msgs__rosidl_typesupport_introspection_cExport.cmake
[2.126s] -- Up-to-date: /mnt/Storage/Documents/MIT/Books/Robotics-2_Lab/Mini_Project/install/conveyorbelt_msgs/share/conveyorbelt_msgs/cmake/conveyorbelt_msgs__rosidl_typesupport_introspection_cExport-noconfig.cmake
[2.126s] -- Up-to-date: /mnt/Storage/Documents/MIT/Books/Robotics-2_Lab/Mini_Project/install/conveyorbelt_msgs/share/conveyorbelt_msgs/cmake/conveyorbelt_msgs__rosidl_typesupport_cExport.cmake
[2.126s] -- Up-to-date: /mnt/Storage/Documents/MIT/Books/Robotics-2_Lab/Mini_Project/install/conveyorbelt_msgs/share/conveyorbelt_msgs/cmake/conveyorbelt_msgs__rosidl_typesupport_cExport-noconfig.cmake
[2.126s] -- Up-to-date: /mnt/Storage/Documents/MIT/Books/Robotics-2_Lab/Mini_Project/install/conveyorbelt_msgs/share/conveyorbelt_msgs/cmake/export_conveyorbelt_msgs__rosidl_generator_cppExport.cmake
[2.126s] -- Up-to-date: /mnt/Storage/Documents/MIT/Books/Robotics-2_Lab/Mini_Project/install/conveyorbelt_msgs/share/conveyorbelt_msgs/cmake/export_conveyorbelt_msgs__rosidl_typesupport_fastrtps_cppExport.cmake
[2.126s] -- Up-to-date: /mnt/Storage/Documents/MIT/Books/Robotics-2_Lab/Mini_Project/install/conveyorbelt_msgs/share/conveyorbelt_msgs/cmake/export_conveyorbelt_msgs__rosidl_typesupport_fastrtps_cppExport-noconfig.cmake
[2.126s] -- Up-to-date: /mnt/Storage/Documents/MIT/Books/Robotics-2_Lab/Mini_Project/install/conveyorbelt_msgs/share/conveyorbelt_msgs/cmake/conveyorbelt_msgs__rosidl_typesupport_introspection_cppExport.cmake
[2.126s] -- Up-to-date: /mnt/Storage/Documents/MIT/Books/Robotics-2_Lab/Mini_Project/install/conveyorbelt_msgs/share/conveyorbelt_msgs/cmake/conveyorbelt_msgs__rosidl_typesupport_introspection_cppExport-noconfig.cmake
[2.126s] -- Up-to-date: /mnt/Storage/Documents/MIT/Books/Robotics-2_Lab/Mini_Project/install/conveyorbelt_msgs/share/conveyorbelt_msgs/cmake/conveyorbelt_msgs__rosidl_typesupport_cppExport.cmake
[2.126s] -- Up-to-date: /mnt/Storage/Documents/MIT/Books/Robotics-2_Lab/Mini_Project/install/conveyorbelt_msgs/share/conveyorbelt_msgs/cmake/conveyorbelt_msgs__rosidl_typesupport_cppExport-noconfig.cmake
[2.127s] -- Up-to-date: /mnt/Storage/Documents/MIT/Books/Robotics-2_Lab/Mini_Project/install/conveyorbelt_msgs/share/conveyorbelt_msgs/cmake/export_conveyorbelt_msgs__rosidl_generator_pyExport.cmake
[2.127s] -- Up-to-date: /mnt/Storage/Documents/MIT/Books/Robotics-2_Lab/Mini_Project/install/conveyorbelt_msgs/share/conveyorbelt_msgs/cmake/export_conveyorbelt_msgs__rosidl_generator_pyExport-noconfig.cmake
[2.127s] -- Up-to-date: /mnt/Storage/Documents/MIT/Books/Robotics-2_Lab/Mini_Project/install/conveyorbelt_msgs/share/conveyorbelt_msgs/cmake/rosidl_cmake-extras.cmake
[2.127s] -- Up-to-date: /mnt/Storage/Documents/MIT/Books/Robotics-2_Lab/Mini_Project/install/conveyorbelt_msgs/share/conveyorbelt_msgs/cmake/ament_cmake_export_include_directories-extras.cmake
[2.127s] -- Up-to-date: /mnt/Storage/Documents/MIT/Books/Robotics-2_Lab/Mini_Project/install/conveyorbelt_msgs/share/conveyorbelt_msgs/cmake/ament_cmake_export_libraries-extras.cmake
[2.127s] -- Up-to-date: /mnt/Storage/Documents/MIT/Books/Robotics-2_Lab/Mini_Project/install/conveyorbelt_msgs/share/conveyorbelt_msgs/cmake/ament_cmake_export_targets-extras.cmake
[2.127s] -- Up-to-date: /mnt/Storage/Documents/MIT/Books/Robotics-2_Lab/Mini_Project/install/conveyorbelt_msgs/share/conveyorbelt_msgs/cmake/rosidl_cmake_export_typesupport_targets-extras.cmake
[2.127s] -- Up-to-date: /mnt/Storage/Documents/MIT/Books/Robotics-2_Lab/Mini_Project/install/conveyorbelt_msgs/share/conveyorbelt_msgs/cmake/ament_cmake_export_dependencies-extras.cmake
[2.127s] -- Up-to-date: /mnt/Storage/Documents/MIT/Books/Robotics-2_Lab/Mini_Project/install/conveyorbelt_msgs/share/conveyorbelt_msgs/cmake/rosidl_cmake_export_typesupport_libraries-extras.cmake
[2.127s] -- Up-to-date: /mnt/Storage/Documents/MIT/Books/Robotics-2_Lab/Mini_Project/install/conveyorbelt_msgs/share/conveyorbelt_msgs/cmake/conveyorbelt_msgsConfig.cmake
[2.127s] -- Up-to-date: /mnt/Storage/Documents/MIT/Books/Robotics-2_Lab/Mini_Project/install/conveyorbelt_msgs/share/conveyorbelt_msgs/cmake/conveyorbelt_msgsConfig-version.cmake
[2.127s] -- Up-to-date: /mnt/Storage/Documents/MIT/Books/Robotics-2_Lab/Mini_Project/install/conveyorbelt_msgs/share/conveyorbelt_msgs/package.xml
[2.129s] Invoked command in '/mnt/Storage/Documents/MIT/Books/Robotics-2_Lab/Mini_Project/build/conveyorbelt_msgs' returned '0': CMAKE_PREFIX_PATH=${CMAKE_PREFIX_PATH}:/mnt/Storage/Documents/MIT/Books/Robotics-2_Lab/Mini_Project/install/ur5:/home/srikar/ws_moveit2/install/moveit_configs_utils:/home/srikar/ws_moveit2/install/launch_param_builder:/opt/ros/humble /usr/bin/cmake --install /mnt/Storage/Documents/MIT/Books/Robotics-2_Lab/Mini_Project/build/conveyorbelt_msgs
