[0.124s] Invoking command in '/mnt/Storage/Documents/MIT/Books/Mini_Project/build/conveyorbelt_msgs': CMAKE_PREFIX_PATH=${CMAKE_PREFIX_PATH}:/home/srikar/ws_moveit2/install/moveit_configs_utils:/home/srikar/ws_moveit2/install/launch_param_builder:/opt/ros/humble /usr/bin/cmake --build /mnt/Storage/Documents/MIT/Books/Mini_Project/build/conveyorbelt_msgs -- -j8 -l8
[1.481s] [0mCMake Error: The current CMakeCache.txt directory /mnt/Storage/Documents/MIT/Books/Mini_Project/build/conveyorbelt_msgs/CMakeCache.txt is different than the directory /mnt/Storage/Documents/MIT/Books/Robotics-2_Lab/Mini_Project/build/conveyorbelt_msgs where CMakeCache.txt was created. This may result in binaries being created in the wrong place. If you are not sure, reedit the CMakeCache.txt[0m
[5.763s] -- Found ament_cmake: 1.3.11 (/opt/ros/humble/share/ament_cmake/cmake)
[8.409s] -- Found ament_lint_auto: 0.12.11 (/opt/ros/humble/share/ament_lint_auto/cmake)
[8.514s] -- Found rosidl_default_generators: 1.2.0 (/opt/ros/humble/share/rosidl_default_generators/cmake)
[9.954s] -- Using all available rosidl_typesupport_c: rosidl_typesupport_fastrtps_c;rosidl_typesupport_introspection_c
[9.959s] -- Found rosidl_adapter: 3.1.6 (/opt/ros/humble/share/rosidl_adapter/cmake)
[10.000s] -- Using all available rosidl_typesupport_cpp: rosidl_typesupport_fastrtps_cpp;rosidl_typesupport_introspection_cpp
[12.649s] -- Found ament_cmake_ros: 0.10.0 (/opt/ros/humble/share/ament_cmake_ros/cmake)
[12.808s] -- Using all available rosidl_typesupport_c: rosidl_typesupport_fastrtps_c;rosidl_typesupport_introspection_c
[12.980s] -- Using all available rosidl_typesupport_cpp: rosidl_typesupport_fastrtps_cpp;rosidl_typesupport_introspection_cpp
[13.008s] -- Found python_cmake_module: 0.10.0 (/opt/ros/humble/share/python_cmake_module/cmake)
[13.037s] -- Using PYTHON_EXECUTABLE: /usr/bin/python3
[13.037s] -- Using PYTHON_INCLUDE_DIRS: /usr/include/python3.10
[13.037s] -- Using PYTHON_LIBRARIES: /usr/lib/x86_64-linux-gnu/libpython3.10.so
[13.123s] -- Added test 'copyright' to check source files copyright and LICENSE
[13.152s] -- Added test 'lint_cmake' to check CMake code style
[13.153s] -- Added test 'xmllint' to check XML markup files
[13.183s] -- Configuring done
[13.683s] -- Generating done
[13.693s] -- Build files have been written to: /mnt/Storage/Documents/MIT/Books/Robotics-2_Lab/Mini_Project/build/conveyorbelt_msgs
[13.719s] [  2%] [34m[1mGenerating C code for ROS interfaces[0m
[13.728s] [  5%] [34m[1mGenerating C++ code for ROS interfaces[0m
[14.159s] [  5%] Built target conveyorbelt_msgs__cpp
[14.166s] [  5%] [34m[1mGenerating C code for ROS interfaces[0m
[14.172s] [  7%] [34m[1mGenerating C++ type support dispatch for ROS interfaces[0m
[14.172s] [ 10%] [34m[1mGenerating C++ introspection for ROS interfaces[0m
[14.261s] [ 12%] [32mBuilding CXX object CMakeFiles/conveyorbelt_msgs__rosidl_typesupport_fastrtps_cpp.dir/rosidl_typesupport_fastrtps_cpp/conveyorbelt_msgs/msg/detail/dds_fastrtps/conveyor_belt_state__type_support.cpp.o[0m
[14.261s] [ 15%] [32mBuilding CXX object CMakeFiles/conveyorbelt_msgs__rosidl_typesupport_fastrtps_cpp.dir/rosidl_typesupport_fastrtps_cpp/conveyorbelt_msgs/srv/detail/dds_fastrtps/conveyor_belt_control__type_support.cpp.o[0m
[14.345s] [ 15%] Built target ament_cmake_python_copy_conveyorbelt_msgs
[14.733s] [ 15%] [34m[1mGenerating C++ type support dispatch for ROS interfaces[0m
[14.772s] [ 15%] [34m[1mGenerating C++ introspection for ROS interfaces[0m
[14.782s] [ 17%] [32mBuilding C object CMakeFiles/conveyorbelt_msgs__rosidl_generator_c.dir/rosidl_generator_c/conveyorbelt_msgs/msg/detail/conveyor_belt_state__functions.c.o[0m
[14.792s] [ 20%] [32mBuilding C object CMakeFiles/conveyorbelt_msgs__rosidl_generator_c.dir/rosidl_generator_c/conveyorbelt_msgs/srv/detail/conveyor_belt_control__functions.c.o[0m
[15.135s] running egg_info
[15.136s] writing conveyorbelt_msgs.egg-info/PKG-INFO
[16.801s] [ 33%] [32mBuilding CXX object CMakeFiles/conveyorbelt_msgs__rosidl_typesupport_cpp.dir/rosidl_typesupport_cpp/conveyorbelt_msgs/srv/conveyor_belt_control__type_support.cpp.o[0m
[16.802s] [ 28%] [32m[1mLinking CXX shared library libconveyorbelt_msgs__rosidl_typesupport_fastrtps_cpp.so[0m
[16.803s] [ 33%] [32mBuilding CXX object CMakeFiles/conveyorbelt_msgs__rosidl_typesupport_cpp.dir/rosidl_typesupport_cpp/conveyorbelt_msgs/msg/conveyor_belt_state__type_support.cpp.o[0m
[16.803s] [ 33%] [32mBuilding CXX object CMakeFiles/conveyorbelt_msgs__rosidl_typesupport_introspection_cpp.dir/rosidl_typesupport_introspection_cpp/conveyorbelt_msgs/msg/detail/conveyor_belt_state__type_support.cpp.o[0m
[16.805s] [ 33%] [32mBuilding CXX object CMakeFiles/conveyorbelt_msgs__rosidl_typesupport_introspection_cpp.dir/rosidl_typesupport_introspection_cpp/conveyorbelt_msgs/srv/detail/conveyor_belt_control__type_support.cpp.o[0m
[16.998s] [ 38%] [32m[1mLinking C shared library libconveyorbelt_msgs__rosidl_generator_c.so[0m
[17.061s] [ 38%] Built target conveyorbelt_msgs__rosidl_typesupport_fastrtps_cpp
[17.166s] [ 38%] Built target conveyorbelt_msgs__rosidl_generator_c
[17.193s] [ 41%] [34m[1mGenerating C introspection for ROS interfaces[0m
[17.195s] [ 43%] [34m[1mGenerating C type support dispatch for ROS interfaces[0m
[19.242s] writing dependency_links to conveyorbelt_msgs.egg-info/dependency_links.txt
[21.520s] writing top-level names to conveyorbelt_msgs.egg-info/top_level.txt
[21.560s] [ 46%] [32m[1mLinking CXX shared library libconveyorbelt_msgs__rosidl_typesupport_cpp.so[0m
[21.577s] [ 48%] [32m[1mLinking CXX shared library libconveyorbelt_msgs__rosidl_typesupport_introspection_cpp.so[0m
[21.714s] reading manifest file 'conveyorbelt_msgs.egg-info/SOURCES.txt'
[22.168s] [ 48%] Built target conveyorbelt_msgs__rosidl_typesupport_cpp
[22.169s] [ 48%] Built target conveyorbelt_msgs__rosidl_typesupport_introspection_cpp
[22.192s] [ 48%] [34m[1mGenerating C type support dispatch for ROS interfaces[0m
[22.197s] [ 51%] [32mBuilding CXX object CMakeFiles/conveyorbelt_msgs__rosidl_typesupport_fastrtps_c.dir/rosidl_typesupport_fastrtps_c/conveyorbelt_msgs/msg/detail/conveyor_belt_state__type_support_c.cpp.o[0m
[22.197s] [ 53%] [32mBuilding CXX object CMakeFiles/conveyorbelt_msgs__rosidl_typesupport_fastrtps_c.dir/rosidl_typesupport_fastrtps_c/conveyorbelt_msgs/srv/detail/conveyor_belt_control__type_support_c.cpp.o[0m
[22.204s] writing manifest file 'conveyorbelt_msgs.egg-info/SOURCES.txt'
[22.478s] [ 58%] [32mBuilding CXX object CMakeFiles/conveyorbelt_msgs__rosidl_typesupport_c.dir/rosidl_typesupport_c/conveyorbelt_msgs/srv/conveyor_belt_control__type_support.cpp.o[0m
[22.478s] [ 58%] [32mBuilding CXX object CMakeFiles/conveyorbelt_msgs__rosidl_typesupport_c.dir/rosidl_typesupport_c/conveyorbelt_msgs/msg/conveyor_belt_state__type_support.cpp.o[0m
[24.016s] [ 58%] [34m[1mGenerating C introspection for ROS interfaces[0m
[24.048s] [ 58%] Built target ament_cmake_python_build_conveyorbelt_msgs_egg
[24.135s] [ 61%] [32m[1mLinking CXX shared library libconveyorbelt_msgs__rosidl_typesupport_c.so[0m
[24.179s] [ 61%] Built target conveyorbelt_msgs__rosidl_typesupport_c
[24.512s] [ 66%] [32mBuilding C object CMakeFiles/conveyorbelt_msgs__rosidl_typesupport_introspection_c.dir/rosidl_typesupport_introspection_c/conveyorbelt_msgs/msg/detail/conveyor_belt_state__type_support.c.o[0m
[24.512s] [ 66%] [32mBuilding C object CMakeFiles/conveyorbelt_msgs__rosidl_typesupport_introspection_c.dir/rosidl_typesupport_introspection_c/conveyorbelt_msgs/srv/detail/conveyor_belt_control__type_support.c.o[0m
[24.533s] [ 69%] [32m[1mLinking CXX shared library libconveyorbelt_msgs__rosidl_typesupport_fastrtps_c.so[0m
[24.565s] [ 71%] [32m[1mLinking C shared library libconveyorbelt_msgs__rosidl_typesupport_introspection_c.so[0m
[24.600s] [ 71%] Built target conveyorbelt_msgs__rosidl_typesupport_introspection_c
[24.640s] [ 74%] Built target conveyorbelt_msgs__rosidl_typesupport_fastrtps_c
[24.657s] [ 74%] Built target conveyorbelt_msgs
[24.739s] [ 76%] Built target conveyorbelt_msgs__py
[24.788s] [ 79%] [32mBuilding C object CMakeFiles/conveyorbelt_msgs__rosidl_generator_py.dir/rosidl_generator_py/conveyorbelt_msgs/msg/_conveyor_belt_state_s.c.o[0m
[24.789s] [ 82%] [32mBuilding C object CMakeFiles/conveyorbelt_msgs__rosidl_generator_py.dir/rosidl_generator_py/conveyorbelt_msgs/srv/_conveyor_belt_control_s.c.o[0m
[24.954s] [ 84%] [32m[1mLinking C shared library rosidl_generator_py/conveyorbelt_msgs/libconveyorbelt_msgs__rosidl_generator_py.so[0m
[24.990s] [ 84%] Built target conveyorbelt_msgs__rosidl_generator_py
[25.007s] [ 87%] [32mBuilding C object CMakeFiles/conveyorbelt_msgs__rosidl_typesupport_c__pyext.dir/rosidl_generator_py/conveyorbelt_msgs/_conveyorbelt_msgs_s.ep.rosidl_typesupport_c.c.o[0m
[25.008s] [ 89%] [32mBuilding C object CMakeFiles/conveyorbelt_msgs__rosidl_typesupport_fastrtps_c__pyext.dir/rosidl_generator_py/conveyorbelt_msgs/_conveyorbelt_msgs_s.ep.rosidl_typesupport_fastrtps_c.c.o[0m
[25.009s] [ 92%] [32mBuilding C object CMakeFiles/conveyorbelt_msgs__rosidl_typesupport_introspection_c__pyext.dir/rosidl_generator_py/conveyorbelt_msgs/_conveyorbelt_msgs_s.ep.rosidl_typesupport_introspection_c.c.o[0m
[25.116s] [ 94%] [32m[1mLinking C shared library rosidl_generator_py/conveyorbelt_msgs/conveyorbelt_msgs_s__rosidl_typesupport_introspection_c.cpython-310-x86_64-linux-gnu.so[0m
[25.119s] [ 97%] [32m[1mLinking C shared library rosidl_generator_py/conveyorbelt_msgs/conveyorbelt_msgs_s__rosidl_typesupport_fastrtps_c.cpython-310-x86_64-linux-gnu.so[0m
[25.135s] [100%] [32m[1mLinking C shared library rosidl_generator_py/conveyorbelt_msgs/conveyorbelt_msgs_s__rosidl_typesupport_c.cpython-310-x86_64-linux-gnu.so[0m
[25.151s] [100%] Built target conveyorbelt_msgs__rosidl_typesupport_introspection_c__pyext
[25.152s] [100%] Built target conveyorbelt_msgs__rosidl_typesupport_fastrtps_c__pyext
[25.172s] [100%] Built target conveyorbelt_msgs__rosidl_typesupport_c__pyext
[25.178s] Invoked command in '/mnt/Storage/Documents/MIT/Books/Mini_Project/build/conveyorbelt_msgs' returned '0': CMAKE_PREFIX_PATH=${CMAKE_PREFIX_PATH}:/home/srikar/ws_moveit2/install/moveit_configs_utils:/home/srikar/ws_moveit2/install/launch_param_builder:/opt/ros/humble /usr/bin/cmake --build /mnt/Storage/Documents/MIT/Books/Mini_Project/build/conveyorbelt_msgs -- -j8 -l8
[25.318s] Invoking command in '/mnt/Storage/Documents/MIT/Books/Mini_Project/build/conveyorbelt_msgs': CMAKE_PREFIX_PATH=${CMAKE_PREFIX_PATH}:/home/srikar/ws_moveit2/install/moveit_configs_utils:/home/srikar/ws_moveit2/install/launch_param_builder:/opt/ros/humble /usr/bin/cmake --install /mnt/Storage/Documents/MIT/Books/Mini_Project/build/conveyorbelt_msgs
[25.322s] -- Install configuration: ""
[25.322s] -- Up-to-date: /mnt/Storage/Documents/MIT/Books/Robotics-2_Lab/Mini_Project/install/conveyorbelt_msgs/share/conveyorbelt_msgs/msg
[25.322s] -- Up-to-date: /mnt/Storage/Documents/MIT/Books/Robotics-2_Lab/Mini_Project/install/conveyorbelt_msgs/share/conveyorbelt_msgs/msg/ConveyorBeltState.msg
[25.322s] -- Up-to-date: /mnt/Storage/Documents/MIT/Books/Robotics-2_Lab/Mini_Project/install/conveyorbelt_msgs/share/conveyorbelt_msgs/srv
[25.322s] -- Up-to-date: /mnt/Storage/Documents/MIT/Books/Robotics-2_Lab/Mini_Project/install/conveyorbelt_msgs/share/conveyorbelt_msgs/srv/ConveyorBeltControl.srv
[25.322s] -- Up-to-date: /mnt/Storage/Documents/MIT/Books/Robotics-2_Lab/Mini_Project/install/conveyorbelt_msgs/share/ament_index/resource_index/rosidl_interfaces/conveyorbelt_msgs
[25.323s] -- Up-to-date: /mnt/Storage/Documents/MIT/Books/Robotics-2_Lab/Mini_Project/install/conveyorbelt_msgs/include/conveyorbelt_msgs/conveyorbelt_msgs
[25.337s] -- Up-to-date: /mnt/Storage/Documents/MIT/Books/Robotics-2_Lab/Mini_Project/install/conveyorbelt_msgs/include/conveyorbelt_msgs/conveyorbelt_msgs/srv
[25.338s] -- Up-to-date: /mnt/Storage/Documents/MIT/Books/Robotics-2_Lab/Mini_Project/install/conveyorbelt_msgs/include/conveyorbelt_msgs/conveyorbelt_msgs/srv/conveyor_belt_control.h
[25.338s] -- Up-to-date: /mnt/Storage/Documents/MIT/Books/Robotics-2_Lab/Mini_Project/install/conveyorbelt_msgs/include/conveyorbelt_msgs/conveyorbelt_msgs/srv/detail
[25.338s] -- Up-to-date: /mnt/Storage/Documents/MIT/Books/Robotics-2_Lab/Mini_Project/install/conveyorbelt_msgs/include/conveyorbelt_msgs/conveyorbelt_msgs/srv/detail/conveyor_belt_control__struct.h
[25.338s] -- Up-to-date: /mnt/Storage/Documents/MIT/Books/Robotics-2_Lab/Mini_Project/install/conveyorbelt_msgs/include/conveyorbelt_msgs/conveyorbelt_msgs/srv/detail/conveyor_belt_control__type_support.h
[25.338s] -- Up-to-date: /mnt/Storage/Documents/MIT/Books/Robotics-2_Lab/Mini_Project/install/conveyorbelt_msgs/include/conveyorbelt_msgs/conveyorbelt_msgs/srv/detail/conveyor_belt_control__functions.h
[25.338s] -- Up-to-date: /mnt/Storage/Documents/MIT/Books/Robotics-2_Lab/Mini_Project/install/conveyorbelt_msgs/include/conveyorbelt_msgs/conveyorbelt_msgs/srv/detail/conveyor_belt_control__functions.c
[25.338s] -- Up-to-date: /mnt/Storage/Documents/MIT/Books/Robotics-2_Lab/Mini_Project/install/conveyorbelt_msgs/include/conveyorbelt_msgs/conveyorbelt_msgs/msg
[25.339s] -- Up-to-date: /mnt/Storage/Documents/MIT/Books/Robotics-2_Lab/Mini_Project/install/conveyorbelt_msgs/include/conveyorbelt_msgs/conveyorbelt_msgs/msg/conveyor_belt_state.h
[25.339s] -- Up-to-date: /mnt/Storage/Documents/MIT/Books/Robotics-2_Lab/Mini_Project/install/conveyorbelt_msgs/include/conveyorbelt_msgs/conveyorbelt_msgs/msg/detail
[25.339s] -- Up-to-date: /mnt/Storage/Documents/MIT/Books/Robotics-2_Lab/Mini_Project/install/conveyorbelt_msgs/include/conveyorbelt_msgs/conveyorbelt_msgs/msg/detail/conveyor_belt_state__type_support.h
[25.339s] -- Up-to-date: /mnt/Storage/Documents/MIT/Books/Robotics-2_Lab/Mini_Project/install/conveyorbelt_msgs/include/conveyorbelt_msgs/conveyorbelt_msgs/msg/detail/conveyor_belt_state__functions.c
[25.339s] -- Up-to-date: /mnt/Storage/Documents/MIT/Books/Robotics-2_Lab/Mini_Project/install/conveyorbelt_msgs/include/conveyorbelt_msgs/conveyorbelt_msgs/msg/detail/conveyor_belt_state__functions.h
[25.339s] -- Up-to-date: /mnt/Storage/Documents/MIT/Books/Robotics-2_Lab/Mini_Project/install/conveyorbelt_msgs/include/conveyorbelt_msgs/conveyorbelt_msgs/msg/detail/conveyor_belt_state__struct.h
[25.339s] -- Up-to-date: /mnt/Storage/Documents/MIT/Books/Robotics-2_Lab/Mini_Project/install/conveyorbelt_msgs/include/conveyorbelt_msgs/conveyorbelt_msgs/msg/rosidl_generator_c__visibility_control.h
[25.339s] -- Up-to-date: /mnt/Storage/Documents/MIT/Books/Robotics-2_Lab/Mini_Project/install/conveyorbelt_msgs/share/conveyorbelt_msgs/environment/library_path.sh
[25.340s] -- Installing: /mnt/Storage/Documents/MIT/Books/Robotics-2_Lab/Mini_Project/install/conveyorbelt_msgs/share/conveyorbelt_msgs/environment/library_path.dsv
[25.371s] -- Up-to-date: /mnt/Storage/Documents/MIT/Books/Robotics-2_Lab/Mini_Project/install/conveyorbelt_msgs/lib/libconveyorbelt_msgs__rosidl_generator_c.so
[25.371s] -- Up-to-date: /mnt/Storage/Documents/MIT/Books/Robotics-2_Lab/Mini_Project/install/conveyorbelt_msgs/include/conveyorbelt_msgs/conveyorbelt_msgs
[25.372s] -- Up-to-date: /mnt/Storage/Documents/MIT/Books/Robotics-2_Lab/Mini_Project/install/conveyorbelt_msgs/include/conveyorbelt_msgs/conveyorbelt_msgs/srv
[25.372s] -- Up-to-date: /mnt/Storage/Documents/MIT/Books/Robotics-2_Lab/Mini_Project/install/conveyorbelt_msgs/include/conveyorbelt_msgs/conveyorbelt_msgs/srv/detail
[25.373s] -- Up-to-date: /mnt/Storage/Documents/MIT/Books/Robotics-2_Lab/Mini_Project/install/conveyorbelt_msgs/include/conveyorbelt_msgs/conveyorbelt_msgs/srv/detail/conveyor_belt_control__rosidl_typesupport_fastrtps_c.h
[25.373s] -- Up-to-date: /mnt/Storage/Documents/MIT/Books/Robotics-2_Lab/Mini_Project/install/conveyorbelt_msgs/include/conveyorbelt_msgs/conveyorbelt_msgs/msg
[25.374s] -- Up-to-date: /mnt/Storage/Documents/MIT/Books/Robotics-2_Lab/Mini_Project/install/conveyorbelt_msgs/include/conveyorbelt_msgs/conveyorbelt_msgs/msg/rosidl_typesupport_fastrtps_c__visibility_control.h
[25.375s] -- Up-to-date: /mnt/Storage/Documents/MIT/Books/Robotics-2_Lab/Mini_Project/install/conveyorbelt_msgs/include/conveyorbelt_msgs/conveyorbelt_msgs/msg/detail
[25.375s] -- Up-to-date: /mnt/Storage/Documents/MIT/Books/Robotics-2_Lab/Mini_Project/install/conveyorbelt_msgs/include/conveyorbelt_msgs/conveyorbelt_msgs/msg/detail/conveyor_belt_state__rosidl_typesupport_fastrtps_c.h
[25.375s] -- Up-to-date: /mnt/Storage/Documents/MIT/Books/Robotics-2_Lab/Mini_Project/install/conveyorbelt_msgs/lib/libconveyorbelt_msgs__rosidl_typesupport_fastrtps_c.so
[25.375s] -- Up-to-date: /mnt/Storage/Documents/MIT/Books/Robotics-2_Lab/Mini_Project/install/conveyorbelt_msgs/include/conveyorbelt_msgs/conveyorbelt_msgs
[25.376s] -- Up-to-date: /mnt/Storage/Documents/MIT/Books/Robotics-2_Lab/Mini_Project/install/conveyorbelt_msgs/include/conveyorbelt_msgs/conveyorbelt_msgs/srv
[25.376s] -- Up-to-date: /mnt/Storage/Documents/MIT/Books/Robotics-2_Lab/Mini_Project/install/conveyorbelt_msgs/include/conveyorbelt_msgs/conveyorbelt_msgs/srv/detail
[25.376s] -- Up-to-date: /mnt/Storage/Documents/MIT/Books/Robotics-2_Lab/Mini_Project/install/conveyorbelt_msgs/include/conveyorbelt_msgs/conveyorbelt_msgs/srv/detail/conveyor_belt_control__rosidl_typesupport_introspection_c.h
[25.376s] -- Up-to-date: /mnt/Storage/Documents/MIT/Books/Robotics-2_Lab/Mini_Project/install/conveyorbelt_msgs/include/conveyorbelt_msgs/conveyorbelt_msgs/srv/detail/conveyor_belt_control__type_support.c
[25.376s] -- Up-to-date: /mnt/Storage/Documents/MIT/Books/Robotics-2_Lab/Mini_Project/install/conveyorbelt_msgs/include/conveyorbelt_msgs/conveyorbelt_msgs/msg
[25.376s] -- Up-to-date: /mnt/Storage/Documents/MIT/Books/Robotics-2_Lab/Mini_Project/install/conveyorbelt_msgs/include/conveyorbelt_msgs/conveyorbelt_msgs/msg/rosidl_typesupport_introspection_c__visibility_control.h
[25.376s] -- Up-to-date: /mnt/Storage/Documents/MIT/Books/Robotics-2_Lab/Mini_Project/install/conveyorbelt_msgs/include/conveyorbelt_msgs/conveyorbelt_msgs/msg/detail
[25.376s] -- Up-to-date: /mnt/Storage/Documents/MIT/Books/Robotics-2_Lab/Mini_Project/install/conveyorbelt_msgs/include/conveyorbelt_msgs/conveyorbelt_msgs/msg/detail/conveyor_belt_state__rosidl_typesupport_introspection_c.h
[25.377s] -- Up-to-date: /mnt/Storage/Documents/MIT/Books/Robotics-2_Lab/Mini_Project/install/conveyorbelt_msgs/include/conveyorbelt_msgs/conveyorbelt_msgs/msg/detail/conveyor_belt_state__type_support.c
[25.377s] -- Up-to-date: /mnt/Storage/Documents/MIT/Books/Robotics-2_Lab/Mini_Project/install/conveyorbelt_msgs/lib/libconveyorbelt_msgs__rosidl_typesupport_introspection_c.so
[25.377s] -- Up-to-date: /mnt/Storage/Documents/MIT/Books/Robotics-2_Lab/Mini_Project/install/conveyorbelt_msgs/lib/libconveyorbelt_msgs__rosidl_typesupport_c.so
[25.377s] -- Up-to-date: /mnt/Storage/Documents/MIT/Books/Robotics-2_Lab/Mini_Project/install/conveyorbelt_msgs/include/conveyorbelt_msgs/conveyorbelt_msgs
[25.388s] -- Up-to-date: /mnt/Storage/Documents/MIT/Books/Robotics-2_Lab/Mini_Project/install/conveyorbelt_msgs/include/conveyorbelt_msgs/conveyorbelt_msgs/srv
[25.392s] -- Up-to-date: /mnt/Storage/Documents/MIT/Books/Robotics-2_Lab/Mini_Project/install/conveyorbelt_msgs/include/conveyorbelt_msgs/conveyorbelt_msgs/srv/detail
[25.396s] -- Installing: /mnt/Storage/Documents/MIT/Books/Robotics-2_Lab/Mini_Project/install/conveyorbelt_msgs/include/conveyorbelt_msgs/conveyorbelt_msgs/srv/detail/conveyor_belt_control__type_support.hpp
[25.396s] -- Up-to-date: /mnt/Storage/Documents/MIT/Books/Robotics-2_Lab/Mini_Project/install/conveyorbelt_msgs/include/conveyorbelt_msgs/conveyorbelt_msgs/srv/detail/conveyor_belt_control__builder.hpp
[25.396s] -- Up-to-date: /mnt/Storage/Documents/MIT/Books/Robotics-2_Lab/Mini_Project/install/conveyorbelt_msgs/include/conveyorbelt_msgs/conveyorbelt_msgs/srv/detail/conveyor_belt_control__traits.hpp
[25.397s] -- Up-to-date: /mnt/Storage/Documents/MIT/Books/Robotics-2_Lab/Mini_Project/install/conveyorbelt_msgs/include/conveyorbelt_msgs/conveyorbelt_msgs/srv/detail/conveyor_belt_control__struct.hpp
[25.397s] -- Installing: /mnt/Storage/Documents/MIT/Books/Robotics-2_Lab/Mini_Project/install/conveyorbelt_msgs/include/conveyorbelt_msgs/conveyorbelt_msgs/srv/conveyor_belt_control.hpp
[25.398s] -- Up-to-date: /mnt/Storage/Documents/MIT/Books/Robotics-2_Lab/Mini_Project/install/conveyorbelt_msgs/include/conveyorbelt_msgs/conveyorbelt_msgs/msg
[25.405s] -- Installing: /mnt/Storage/Documents/MIT/Books/Robotics-2_Lab/Mini_Project/install/conveyorbelt_msgs/include/conveyorbelt_msgs/conveyorbelt_msgs/msg/rosidl_generator_cpp__visibility_control.hpp
[25.405s] -- Up-to-date: /mnt/Storage/Documents/MIT/Books/Robotics-2_Lab/Mini_Project/install/conveyorbelt_msgs/include/conveyorbelt_msgs/conveyorbelt_msgs/msg/detail
[25.405s] -- Installing: /mnt/Storage/Documents/MIT/Books/Robotics-2_Lab/Mini_Project/install/conveyorbelt_msgs/include/conveyorbelt_msgs/conveyorbelt_msgs/msg/detail/conveyor_belt_state__type_support.hpp
[25.405s] -- Up-to-date: /mnt/Storage/Documents/MIT/Books/Robotics-2_Lab/Mini_Project/install/conveyorbelt_msgs/include/conveyorbelt_msgs/conveyorbelt_msgs/msg/detail/conveyor_belt_state__struct.hpp
[25.406s] -- Up-to-date: /mnt/Storage/Documents/MIT/Books/Robotics-2_Lab/Mini_Project/install/conveyorbelt_msgs/include/conveyorbelt_msgs/conveyorbelt_msgs/msg/detail/conveyor_belt_state__traits.hpp
[25.406s] -- Up-to-date: /mnt/Storage/Documents/MIT/Books/Robotics-2_Lab/Mini_Project/install/conveyorbelt_msgs/include/conveyorbelt_msgs/conveyorbelt_msgs/msg/detail/conveyor_belt_state__builder.hpp
[25.406s] -- Installing: /mnt/Storage/Documents/MIT/Books/Robotics-2_Lab/Mini_Project/install/conveyorbelt_msgs/include/conveyorbelt_msgs/conveyorbelt_msgs/msg/conveyor_belt_state.hpp
[25.406s] -- Up-to-date: /mnt/Storage/Documents/MIT/Books/Robotics-2_Lab/Mini_Project/install/conveyorbelt_msgs/include/conveyorbelt_msgs/conveyorbelt_msgs
[25.408s] -- Up-to-date: /mnt/Storage/Documents/MIT/Books/Robotics-2_Lab/Mini_Project/install/conveyorbelt_msgs/include/conveyorbelt_msgs/conveyorbelt_msgs/srv
[26.080s] -- Up-to-date: /mnt/Storage/Documents/MIT/Books/Robotics-2_Lab/Mini_Project/install/conveyorbelt_msgs/include/conveyorbelt_msgs/conveyorbelt_msgs/srv/detail
[26.081s] -- Up-to-date: /mnt/Storage/Documents/MIT/Books/Robotics-2_Lab/Mini_Project/install/conveyorbelt_msgs/include/conveyorbelt_msgs/conveyorbelt_msgs/srv/detail/conveyor_belt_control__rosidl_typesupport_fastrtps_cpp.hpp
[26.081s] -- Up-to-date: /mnt/Storage/Documents/MIT/Books/Robotics-2_Lab/Mini_Project/install/conveyorbelt_msgs/include/conveyorbelt_msgs/conveyorbelt_msgs/srv/detail/dds_fastrtps
[26.082s] -- Up-to-date: /mnt/Storage/Documents/MIT/Books/Robotics-2_Lab/Mini_Project/install/conveyorbelt_msgs/include/conveyorbelt_msgs/conveyorbelt_msgs/msg
[26.082s] -- Up-to-date: /mnt/Storage/Documents/MIT/Books/Robotics-2_Lab/Mini_Project/install/conveyorbelt_msgs/include/conveyorbelt_msgs/conveyorbelt_msgs/msg/detail
[26.082s] -- Up-to-date: /mnt/Storage/Documents/MIT/Books/Robotics-2_Lab/Mini_Project/install/conveyorbelt_msgs/include/conveyorbelt_msgs/conveyorbelt_msgs/msg/detail/conveyor_belt_state__rosidl_typesupport_fastrtps_cpp.hpp
[26.083s] -- Up-to-date: /mnt/Storage/Documents/MIT/Books/Robotics-2_Lab/Mini_Project/install/conveyorbelt_msgs/include/conveyorbelt_msgs/conveyorbelt_msgs/msg/detail/dds_fastrtps
[26.084s] -- Up-to-date: /mnt/Storage/Documents/MIT/Books/Robotics-2_Lab/Mini_Project/install/conveyorbelt_msgs/include/conveyorbelt_msgs/conveyorbelt_msgs/msg/rosidl_typesupport_fastrtps_cpp__visibility_control.h
[26.101s] -- Up-to-date: /mnt/Storage/Documents/MIT/Books/Robotics-2_Lab/Mini_Project/install/conveyorbelt_msgs/lib/libconveyorbelt_msgs__rosidl_typesupport_fastrtps_cpp.so
[26.102s] -- Up-to-date: /mnt/Storage/Documents/MIT/Books/Robotics-2_Lab/Mini_Project/install/conveyorbelt_msgs/include/conveyorbelt_msgs/conveyorbelt_msgs
[26.122s] -- Up-to-date: /mnt/Storage/Documents/MIT/Books/Robotics-2_Lab/Mini_Project/install/conveyorbelt_msgs/include/conveyorbelt_msgs/conveyorbelt_msgs/srv
[26.724s] -- Up-to-date: /mnt/Storage/Documents/MIT/Books/Robotics-2_Lab/Mini_Project/install/conveyorbelt_msgs/include/conveyorbelt_msgs/conveyorbelt_msgs/srv/detail
[26.738s] -- Up-to-date: /mnt/Storage/Documents/MIT/Books/Robotics-2_Lab/Mini_Project/install/conveyorbelt_msgs/include/conveyorbelt_msgs/conveyorbelt_msgs/srv/detail/conveyor_belt_control__rosidl_typesupport_introspection_cpp.hpp
[26.738s] -- Up-to-date: /mnt/Storage/Documents/MIT/Books/Robotics-2_Lab/Mini_Project/install/conveyorbelt_msgs/include/conveyorbelt_msgs/conveyorbelt_msgs/srv/detail/conveyor_belt_control__type_support.cpp
[26.738s] -- Up-to-date: /mnt/Storage/Documents/MIT/Books/Robotics-2_Lab/Mini_Project/install/conveyorbelt_msgs/include/conveyorbelt_msgs/conveyorbelt_msgs/msg
[27.778s] -- Up-to-date: /mnt/Storage/Documents/MIT/Books/Robotics-2_Lab/Mini_Project/install/conveyorbelt_msgs/include/conveyorbelt_msgs/conveyorbelt_msgs/msg/detail
[27.778s] -- Up-to-date: /mnt/Storage/Documents/MIT/Books/Robotics-2_Lab/Mini_Project/install/conveyorbelt_msgs/include/conveyorbelt_msgs/conveyorbelt_msgs/msg/detail/conveyor_belt_state__type_support.cpp
[27.779s] -- Up-to-date: /mnt/Storage/Documents/MIT/Books/Robotics-2_Lab/Mini_Project/install/conveyorbelt_msgs/include/conveyorbelt_msgs/conveyorbelt_msgs/msg/detail/conveyor_belt_state__rosidl_typesupport_introspection_cpp.hpp
[32.023s] -- Up-to-date: /mnt/Storage/Documents/MIT/Books/Robotics-2_Lab/Mini_Project/install/conveyorbelt_msgs/lib/libconveyorbelt_msgs__rosidl_typesupport_introspection_cpp.so
[32.028s] -- Up-to-date: /mnt/Storage/Documents/MIT/Books/Robotics-2_Lab/Mini_Project/install/conveyorbelt_msgs/lib/libconveyorbelt_msgs__rosidl_typesupport_cpp.so
[32.029s] -- Up-to-date: /mnt/Storage/Documents/MIT/Books/Robotics-2_Lab/Mini_Project/install/conveyorbelt_msgs/share/conveyorbelt_msgs/environment/pythonpath.sh
[32.030s] -- Installing: /mnt/Storage/Documents/MIT/Books/Robotics-2_Lab/Mini_Project/install/conveyorbelt_msgs/share/conveyorbelt_msgs/environment/pythonpath.dsv
[32.031s] -- Up-to-date: /mnt/Storage/Documents/MIT/Books/Robotics-2_Lab/Mini_Project/install/conveyorbelt_msgs/local/lib/python3.10/dist-packages/conveyorbelt_msgs-0.0.0-py3.10.egg-info
[32.031s] -- Installing: /mnt/Storage/Documents/MIT/Books/Robotics-2_Lab/Mini_Project/install/conveyorbelt_msgs/local/lib/python3.10/dist-packages/conveyorbelt_msgs-0.0.0-py3.10.egg-info/top_level.txt
[32.369s] -- Installing: /mnt/Storage/Documents/MIT/Books/Robotics-2_Lab/Mini_Project/install/conveyorbelt_msgs/local/lib/python3.10/dist-packages/conveyorbelt_msgs-0.0.0-py3.10.egg-info/SOURCES.txt
[32.370s] -- Installing: /mnt/Storage/Documents/MIT/Books/Robotics-2_Lab/Mini_Project/install/conveyorbelt_msgs/local/lib/python3.10/dist-packages/conveyorbelt_msgs-0.0.0-py3.10.egg-info/PKG-INFO
[32.371s] -- Installing: /mnt/Storage/Documents/MIT/Books/Robotics-2_Lab/Mini_Project/install/conveyorbelt_msgs/local/lib/python3.10/dist-packages/conveyorbelt_msgs-0.0.0-py3.10.egg-info/dependency_links.txt
[32.372s] -- Up-to-date: /mnt/Storage/Documents/MIT/Books/Robotics-2_Lab/Mini_Project/install/conveyorbelt_msgs/local/lib/python3.10/dist-packages/conveyorbelt_msgs
[32.372s] -- Up-to-date: /mnt/Storage/Documents/MIT/Books/Robotics-2_Lab/Mini_Project/install/conveyorbelt_msgs/local/lib/python3.10/dist-packages/conveyorbelt_msgs/libconveyorbelt_msgs__rosidl_generator_py.so
[32.373s] -- Up-to-date: /mnt/Storage/Documents/MIT/Books/Robotics-2_Lab/Mini_Project/install/conveyorbelt_msgs/local/lib/python3.10/dist-packages/conveyorbelt_msgs/_conveyorbelt_msgs_s.ep.rosidl_typesupport_introspection_c.c
[32.373s] -- Up-to-date: /mnt/Storage/Documents/MIT/Books/Robotics-2_Lab/Mini_Project/install/conveyorbelt_msgs/local/lib/python3.10/dist-packages/conveyorbelt_msgs/_conveyorbelt_msgs_s.ep.rosidl_typesupport_c.c
[32.374s] -- Up-to-date: /mnt/Storage/Documents/MIT/Books/Robotics-2_Lab/Mini_Project/install/conveyorbelt_msgs/local/lib/python3.10/dist-packages/conveyorbelt_msgs/conveyorbelt_msgs_s__rosidl_typesupport_fastrtps_c.cpython-310-x86_64-linux-gnu.so
[32.375s] -- Up-to-date: /mnt/Storage/Documents/MIT/Books/Robotics-2_Lab/Mini_Project/install/conveyorbelt_msgs/local/lib/python3.10/dist-packages/conveyorbelt_msgs/conveyorbelt_msgs_s__rosidl_typesupport_c.cpython-310-x86_64-linux-gnu.so
[32.375s] -- Up-to-date: /mnt/Storage/Documents/MIT/Books/Robotics-2_Lab/Mini_Project/install/conveyorbelt_msgs/local/lib/python3.10/dist-packages/conveyorbelt_msgs/conveyorbelt_msgs_s__rosidl_typesupport_introspection_c.cpython-310-x86_64-linux-gnu.so
[32.376s] -- Up-to-date: /mnt/Storage/Documents/MIT/Books/Robotics-2_Lab/Mini_Project/install/conveyorbelt_msgs/local/lib/python3.10/dist-packages/conveyorbelt_msgs/srv
[32.376s] -- Up-to-date: /mnt/Storage/Documents/MIT/Books/Robotics-2_Lab/Mini_Project/install/conveyorbelt_msgs/local/lib/python3.10/dist-packages/conveyorbelt_msgs/srv/_conveyor_belt_control_s.c
[32.377s] -- Up-to-date: /mnt/Storage/Documents/MIT/Books/Robotics-2_Lab/Mini_Project/install/conveyorbelt_msgs/local/lib/python3.10/dist-packages/conveyorbelt_msgs/srv/_conveyor_belt_control.py
[32.377s] -- Up-to-date: /mnt/Storage/Documents/MIT/Books/Robotics-2_Lab/Mini_Project/install/conveyorbelt_msgs/local/lib/python3.10/dist-packages/conveyorbelt_msgs/srv/__init__.py
[32.378s] -- Installing: /mnt/Storage/Documents/MIT/Books/Robotics-2_Lab/Mini_Project/install/conveyorbelt_msgs/local/lib/python3.10/dist-packages/conveyorbelt_msgs/__init__.py
[32.945s] -- Up-to-date: /mnt/Storage/Documents/MIT/Books/Robotics-2_Lab/Mini_Project/install/conveyorbelt_msgs/local/lib/python3.10/dist-packages/conveyorbelt_msgs/msg
[32.945s] -- Up-to-date: /mnt/Storage/Documents/MIT/Books/Robotics-2_Lab/Mini_Project/install/conveyorbelt_msgs/local/lib/python3.10/dist-packages/conveyorbelt_msgs/msg/_conveyor_belt_state.py
[32.946s] -- Up-to-date: /mnt/Storage/Documents/MIT/Books/Robotics-2_Lab/Mini_Project/install/conveyorbelt_msgs/local/lib/python3.10/dist-packages/conveyorbelt_msgs/msg/_conveyor_belt_state_s.c
[32.946s] -- Up-to-date: /mnt/Storage/Documents/MIT/Books/Robotics-2_Lab/Mini_Project/install/conveyorbelt_msgs/local/lib/python3.10/dist-packages/conveyorbelt_msgs/msg/__init__.py
[32.946s] -- Up-to-date: /mnt/Storage/Documents/MIT/Books/Robotics-2_Lab/Mini_Project/install/conveyorbelt_msgs/local/lib/python3.10/dist-packages/conveyorbelt_msgs/_conveyorbelt_msgs_s.ep.rosidl_typesupport_fastrtps_c.c
[34.291s] Listing '/mnt/Storage/Documents/MIT/Books/Robotics-2_Lab/Mini_Project/install/conveyorbelt_msgs/local/lib/python3.10/dist-packages/conveyorbelt_msgs'...
[34.292s] Compiling '/mnt/Storage/Documents/MIT/Books/Robotics-2_Lab/Mini_Project/install/conveyorbelt_msgs/local/lib/python3.10/dist-packages/conveyorbelt_msgs/__init__.py'...
[34.292s] Listing '/mnt/Storage/Documents/MIT/Books/Robotics-2_Lab/Mini_Project/install/conveyorbelt_msgs/local/lib/python3.10/dist-packages/conveyorbelt_msgs/msg'...
[34.292s] Listing '/mnt/Storage/Documents/MIT/Books/Robotics-2_Lab/Mini_Project/install/conveyorbelt_msgs/local/lib/python3.10/dist-packages/conveyorbelt_msgs/srv'...
[34.306s] -- Up-to-date: /mnt/Storage/Documents/MIT/Books/Robotics-2_Lab/Mini_Project/install/conveyorbelt_msgs/local/lib/python3.10/dist-packages/conveyorbelt_msgs/conveyorbelt_msgs_s__rosidl_typesupport_fastrtps_c.cpython-310-x86_64-linux-gnu.so
[34.308s] -- Up-to-date: /mnt/Storage/Documents/MIT/Books/Robotics-2_Lab/Mini_Project/install/conveyorbelt_msgs/local/lib/python3.10/dist-packages/conveyorbelt_msgs/conveyorbelt_msgs_s__rosidl_typesupport_introspection_c.cpython-310-x86_64-linux-gnu.so
[34.312s] -- Up-to-date: /mnt/Storage/Documents/MIT/Books/Robotics-2_Lab/Mini_Project/install/conveyorbelt_msgs/local/lib/python3.10/dist-packages/conveyorbelt_msgs/conveyorbelt_msgs_s__rosidl_typesupport_c.cpython-310-x86_64-linux-gnu.so
[34.313s] -- Up-to-date: /mnt/Storage/Documents/MIT/Books/Robotics-2_Lab/Mini_Project/install/conveyorbelt_msgs/lib/libconveyorbelt_msgs__rosidl_generator_py.so
[34.313s] -- Up-to-date: /mnt/Storage/Documents/MIT/Books/Robotics-2_Lab/Mini_Project/install/conveyorbelt_msgs/share/conveyorbelt_msgs/msg/ConveyorBeltState.idl
[34.313s] -- Up-to-date: /mnt/Storage/Documents/MIT/Books/Robotics-2_Lab/Mini_Project/install/conveyorbelt_msgs/share/conveyorbelt_msgs/srv/ConveyorBeltControl.idl
[34.313s] -- Up-to-date: /mnt/Storage/Documents/MIT/Books/Robotics-2_Lab/Mini_Project/install/conveyorbelt_msgs/share/conveyorbelt_msgs/msg/ConveyorBeltState.msg
[34.314s] -- Up-to-date: /mnt/Storage/Documents/MIT/Books/Robotics-2_Lab/Mini_Project/install/conveyorbelt_msgs/share/conveyorbelt_msgs/srv/ConveyorBeltControl.srv
[34.314s] -- Up-to-date: /mnt/Storage/Documents/MIT/Books/Robotics-2_Lab/Mini_Project/install/conveyorbelt_msgs/share/conveyorbelt_msgs/srv/ConveyorBeltControl_Request.msg
[34.314s] -- Up-to-date: /mnt/Storage/Documents/MIT/Books/Robotics-2_Lab/Mini_Project/install/conveyorbelt_msgs/share/conveyorbelt_msgs/srv/ConveyorBeltControl_Response.msg
[34.314s] -- Up-to-date: /mnt/Storage/Documents/MIT/Books/Robotics-2_Lab/Mini_Project/install/conveyorbelt_msgs/share/ament_index/resource_index/package_run_dependencies/conveyorbelt_msgs
[34.314s] -- Installing: /mnt/Storage/Documents/MIT/Books/Robotics-2_Lab/Mini_Project/install/conveyorbelt_msgs/share/ament_index/resource_index/parent_prefix_path/conveyorbelt_msgs
[34.315s] -- Up-to-date: /mnt/Storage/Documents/MIT/Books/Robotics-2_Lab/Mini_Project/install/conveyorbelt_msgs/share/conveyorbelt_msgs/environment/ament_prefix_path.sh
[34.316s] -- Installing: /mnt/Storage/Documents/MIT/Books/Robotics-2_Lab/Mini_Project/install/conveyorbelt_msgs/share/conveyorbelt_msgs/environment/ament_prefix_path.dsv
[34.316s] -- Up-to-date: /mnt/Storage/Documents/MIT/Books/Robotics-2_Lab/Mini_Project/install/conveyorbelt_msgs/share/conveyorbelt_msgs/environment/path.sh
[34.316s] -- Installing: /mnt/Storage/Documents/MIT/Books/Robotics-2_Lab/Mini_Project/install/conveyorbelt_msgs/share/conveyorbelt_msgs/environment/path.dsv
[34.316s] -- Up-to-date: /mnt/Storage/Documents/MIT/Books/Robotics-2_Lab/Mini_Project/install/conveyorbelt_msgs/share/conveyorbelt_msgs/local_setup.bash
[34.316s] -- Up-to-date: /mnt/Storage/Documents/MIT/Books/Robotics-2_Lab/Mini_Project/install/conveyorbelt_msgs/share/conveyorbelt_msgs/local_setup.sh
[34.316s] -- Up-to-date: /mnt/Storage/Documents/MIT/Books/Robotics-2_Lab/Mini_Project/install/conveyorbelt_msgs/share/conveyorbelt_msgs/local_setup.zsh
[34.316s] -- Installing: /mnt/Storage/Documents/MIT/Books/Robotics-2_Lab/Mini_Project/install/conveyorbelt_msgs/share/conveyorbelt_msgs/local_setup.dsv
[34.413s] -- Installing: /mnt/Storage/Documents/MIT/Books/Robotics-2_Lab/Mini_Project/install/conveyorbelt_msgs/share/conveyorbelt_msgs/package.dsv
[34.413s] -- Up-to-date: /mnt/Storage/Documents/MIT/Books/Robotics-2_Lab/Mini_Project/install/conveyorbelt_msgs/share/ament_index/resource_index/packages/conveyorbelt_msgs
[34.413s] -- Up-to-date: /mnt/Storage/Documents/MIT/Books/Robotics-2_Lab/Mini_Project/install/conveyorbelt_msgs/share/conveyorbelt_msgs/cmake/export_conveyorbelt_msgs__rosidl_generator_cExport.cmake
[34.413s] -- Up-to-date: /mnt/Storage/Documents/MIT/Books/Robotics-2_Lab/Mini_Project/install/conveyorbelt_msgs/share/conveyorbelt_msgs/cmake/export_conveyorbelt_msgs__rosidl_generator_cExport-noconfig.cmake
[34.413s] -- Up-to-date: /mnt/Storage/Documents/MIT/Books/Robotics-2_Lab/Mini_Project/install/conveyorbelt_msgs/share/conveyorbelt_msgs/cmake/export_conveyorbelt_msgs__rosidl_typesupport_fastrtps_cExport.cmake
[34.413s] -- Up-to-date: /mnt/Storage/Documents/MIT/Books/Robotics-2_Lab/Mini_Project/install/conveyorbelt_msgs/share/conveyorbelt_msgs/cmake/export_conveyorbelt_msgs__rosidl_typesupport_fastrtps_cExport-noconfig.cmake
[34.413s] -- Up-to-date: /mnt/Storage/Documents/MIT/Books/Robotics-2_Lab/Mini_Project/install/conveyorbelt_msgs/share/conveyorbelt_msgs/cmake/conveyorbelt_msgs__rosidl_typesupport_introspection_cExport.cmake
[34.413s] -- Up-to-date: /mnt/Storage/Documents/MIT/Books/Robotics-2_Lab/Mini_Project/install/conveyorbelt_msgs/share/conveyorbelt_msgs/cmake/conveyorbelt_msgs__rosidl_typesupport_introspection_cExport-noconfig.cmake
[34.414s] -- Up-to-date: /mnt/Storage/Documents/MIT/Books/Robotics-2_Lab/Mini_Project/install/conveyorbelt_msgs/share/conveyorbelt_msgs/cmake/conveyorbelt_msgs__rosidl_typesupport_cExport.cmake
[34.414s] -- Up-to-date: /mnt/Storage/Documents/MIT/Books/Robotics-2_Lab/Mini_Project/install/conveyorbelt_msgs/share/conveyorbelt_msgs/cmake/conveyorbelt_msgs__rosidl_typesupport_cExport-noconfig.cmake
[34.414s] -- Up-to-date: /mnt/Storage/Documents/MIT/Books/Robotics-2_Lab/Mini_Project/install/conveyorbelt_msgs/share/conveyorbelt_msgs/cmake/export_conveyorbelt_msgs__rosidl_generator_cppExport.cmake
[34.414s] -- Up-to-date: /mnt/Storage/Documents/MIT/Books/Robotics-2_Lab/Mini_Project/install/conveyorbelt_msgs/share/conveyorbelt_msgs/cmake/export_conveyorbelt_msgs__rosidl_typesupport_fastrtps_cppExport.cmake
[34.414s] -- Up-to-date: /mnt/Storage/Documents/MIT/Books/Robotics-2_Lab/Mini_Project/install/conveyorbelt_msgs/share/conveyorbelt_msgs/cmake/export_conveyorbelt_msgs__rosidl_typesupport_fastrtps_cppExport-noconfig.cmake
[34.414s] -- Up-to-date: /mnt/Storage/Documents/MIT/Books/Robotics-2_Lab/Mini_Project/install/conveyorbelt_msgs/share/conveyorbelt_msgs/cmake/conveyorbelt_msgs__rosidl_typesupport_introspection_cppExport.cmake
[34.414s] -- Up-to-date: /mnt/Storage/Documents/MIT/Books/Robotics-2_Lab/Mini_Project/install/conveyorbelt_msgs/share/conveyorbelt_msgs/cmake/conveyorbelt_msgs__rosidl_typesupport_introspection_cppExport-noconfig.cmake
[34.414s] -- Up-to-date: /mnt/Storage/Documents/MIT/Books/Robotics-2_Lab/Mini_Project/install/conveyorbelt_msgs/share/conveyorbelt_msgs/cmake/conveyorbelt_msgs__rosidl_typesupport_cppExport.cmake
[34.414s] -- Up-to-date: /mnt/Storage/Documents/MIT/Books/Robotics-2_Lab/Mini_Project/install/conveyorbelt_msgs/share/conveyorbelt_msgs/cmake/conveyorbelt_msgs__rosidl_typesupport_cppExport-noconfig.cmake
[34.415s] -- Up-to-date: /mnt/Storage/Documents/MIT/Books/Robotics-2_Lab/Mini_Project/install/conveyorbelt_msgs/share/conveyorbelt_msgs/cmake/export_conveyorbelt_msgs__rosidl_generator_pyExport.cmake
[34.415s] -- Up-to-date: /mnt/Storage/Documents/MIT/Books/Robotics-2_Lab/Mini_Project/install/conveyorbelt_msgs/share/conveyorbelt_msgs/cmake/export_conveyorbelt_msgs__rosidl_generator_pyExport-noconfig.cmake
[34.415s] -- Up-to-date: /mnt/Storage/Documents/MIT/Books/Robotics-2_Lab/Mini_Project/install/conveyorbelt_msgs/share/conveyorbelt_msgs/cmake/rosidl_cmake-extras.cmake
[34.415s] -- Up-to-date: /mnt/Storage/Documents/MIT/Books/Robotics-2_Lab/Mini_Project/install/conveyorbelt_msgs/share/conveyorbelt_msgs/cmake/ament_cmake_export_include_directories-extras.cmake
[34.415s] -- Up-to-date: /mnt/Storage/Documents/MIT/Books/Robotics-2_Lab/Mini_Project/install/conveyorbelt_msgs/share/conveyorbelt_msgs/cmake/ament_cmake_export_libraries-extras.cmake
[34.415s] -- Up-to-date: /mnt/Storage/Documents/MIT/Books/Robotics-2_Lab/Mini_Project/install/conveyorbelt_msgs/share/conveyorbelt_msgs/cmake/ament_cmake_export_targets-extras.cmake
[34.415s] -- Up-to-date: /mnt/Storage/Documents/MIT/Books/Robotics-2_Lab/Mini_Project/install/conveyorbelt_msgs/share/conveyorbelt_msgs/cmake/rosidl_cmake_export_typesupport_targets-extras.cmake
[34.415s] -- Up-to-date: /mnt/Storage/Documents/MIT/Books/Robotics-2_Lab/Mini_Project/install/conveyorbelt_msgs/share/conveyorbelt_msgs/cmake/ament_cmake_export_dependencies-extras.cmake
[34.415s] -- Up-to-date: /mnt/Storage/Documents/MIT/Books/Robotics-2_Lab/Mini_Project/install/conveyorbelt_msgs/share/conveyorbelt_msgs/cmake/rosidl_cmake_export_typesupport_libraries-extras.cmake
[34.415s] -- Up-to-date: /mnt/Storage/Documents/MIT/Books/Robotics-2_Lab/Mini_Project/install/conveyorbelt_msgs/share/conveyorbelt_msgs/cmake/conveyorbelt_msgsConfig.cmake
[34.416s] -- Up-to-date: /mnt/Storage/Documents/MIT/Books/Robotics-2_Lab/Mini_Project/install/conveyorbelt_msgs/share/conveyorbelt_msgs/cmake/conveyorbelt_msgsConfig-version.cmake
[34.416s] -- Up-to-date: /mnt/Storage/Documents/MIT/Books/Robotics-2_Lab/Mini_Project/install/conveyorbelt_msgs/share/conveyorbelt_msgs/package.xml
